[1.092s] DEBUG:colcon:Command line arguments: ['/usr/bin/colcon', 'build', '--packages-select', 'cpp_srvcli']
[1.092s] DEBUG:colcon:Parsed command line arguments: Namespace(log_base=None, log_level=None, verb_name='build', build_base='build', install_base='install', merge_install=False, symlink_install=False, test_result_base=None, continue_on_error=False, executor='parallel', parallel_workers=12, event_handlers=None, ignore_user_meta=False, metas=['./colcon.meta'], base_paths=['.'], packages_ignore=None, packages_ignore_regex=None, paths=None, packages_up_to=None, packages_up_to_regex=None, packages_above=None, packages_above_and_dependencies=None, packages_above_depth=None, packages_select_by_dep=None, packages_skip_by_dep=None, packages_skip_up_to=None, packages_select_build_failed=False, packages_skip_build_finished=False, packages_select_test_failures=False, packages_skip_test_passed=False, packages_select=['cpp_srvcli'], packages_skip=None, packages_select_regex=None, packages_skip_regex=None, packages_start=None, packages_end=None, allow_overriding=[], cmake_args=None, cmake_target=None, cmake_target_skip_unavailable=False, cmake_clean_cache=False, cmake_clean_first=False, cmake_force_configure=False, ament_cmake_args=None, catkin_cmake_args=None, catkin_skip_building_tests=False, verb_parser=<colcon_defaults.argument_parser.defaults.DefaultArgumentsDecorator object at 0x7f34a5366c80>, verb_extension=<colcon_core.verb.build.BuildVerb object at 0x7f34a57d3100>, main=<bound method BuildVerb.main of <colcon_core.verb.build.BuildVerb object at 0x7f34a57d3100>>)
[1.148s] Level 1:colcon.colcon_core.package_discovery:discover_packages(colcon_meta) check parameters
[1.149s] Level 1:colcon.colcon_core.package_discovery:discover_packages(recursive) check parameters
[1.149s] Level 1:colcon.colcon_core.package_discovery:discover_packages(ignore) check parameters
[1.149s] Level 1:colcon.colcon_core.package_discovery:discover_packages(path) check parameters
[1.149s] Level 1:colcon.colcon_core.package_discovery:discover_packages(colcon_meta) discover
[1.149s] Level 1:colcon.colcon_core.package_discovery:discover_packages(recursive) discover
[1.149s] INFO:colcon.colcon_core.package_discovery:Crawling recursively for packages in '/home/maxim/git/ROS2/ros2_ws'
[1.149s] Level 1:colcon.colcon_core.package_identification:_identify(.) by extensions ['ignore', 'ignore_ament_install']
[1.149s] Level 1:colcon.colcon_core.package_identification:_identify(.) by extension 'ignore'
[1.149s] Level 1:colcon.colcon_core.package_identification:_identify(.) by extension 'ignore_ament_install'
[1.149s] Level 1:colcon.colcon_core.package_identification:_identify(.) by extensions ['colcon_pkg']
[1.149s] Level 1:colcon.colcon_core.package_identification:_identify(.) by extension 'colcon_pkg'
[1.149s] Level 1:colcon.colcon_core.package_identification:_identify(.) by extensions ['colcon_meta']
[1.149s] Level 1:colcon.colcon_core.package_identification:_identify(.) by extension 'colcon_meta'
[1.149s] Level 1:colcon.colcon_core.package_identification:_identify(.) by extensions ['ros']
[1.149s] Level 1:colcon.colcon_core.package_identification:_identify(.) by extension 'ros'
[1.161s] Level 1:colcon.colcon_core.package_identification:_identify(.) by extensions ['cmake', 'python']
[1.161s] Level 1:colcon.colcon_core.package_identification:_identify(.) by extension 'cmake'
[1.161s] Level 1:colcon.colcon_core.package_identification:_identify(.) by extension 'python'
[1.161s] Level 1:colcon.colcon_core.package_identification:_identify(.) by extensions ['python_setup_py']
[1.161s] Level 1:colcon.colcon_core.package_identification:_identify(.) by extension 'python_setup_py'
[1.161s] Level 1:colcon.colcon_core.package_identification:_identify(build) by extensions ['ignore', 'ignore_ament_install']
[1.162s] Level 1:colcon.colcon_core.package_identification:_identify(build) by extension 'ignore'
[1.162s] Level 1:colcon.colcon_core.package_identification:_identify(build) ignored
[1.162s] Level 1:colcon.colcon_core.package_identification:_identify(install) by extensions ['ignore', 'ignore_ament_install']
[1.162s] Level 1:colcon.colcon_core.package_identification:_identify(install) by extension 'ignore'
[1.162s] Level 1:colcon.colcon_core.package_identification:_identify(install) ignored
[1.162s] Level 1:colcon.colcon_core.package_identification:_identify(log) by extensions ['ignore', 'ignore_ament_install']
[1.162s] Level 1:colcon.colcon_core.package_identification:_identify(log) by extension 'ignore'
[1.162s] Level 1:colcon.colcon_core.package_identification:_identify(log) ignored
[1.162s] Level 1:colcon.colcon_core.package_identification:_identify(src) by extensions ['ignore', 'ignore_ament_install']
[1.162s] Level 1:colcon.colcon_core.package_identification:_identify(src) by extension 'ignore'
[1.162s] Level 1:colcon.colcon_core.package_identification:_identify(src) by extension 'ignore_ament_install'
[1.162s] Level 1:colcon.colcon_core.package_identification:_identify(src) by extensions ['colcon_pkg']
[1.162s] Level 1:colcon.colcon_core.package_identification:_identify(src) by extension 'colcon_pkg'
[1.163s] Level 1:colcon.colcon_core.package_identification:_identify(src) by extensions ['colcon_meta']
[1.163s] Level 1:colcon.colcon_core.package_identification:_identify(src) by extension 'colcon_meta'
[1.163s] Level 1:colcon.colcon_core.package_identification:_identify(src) by extensions ['ros']
[1.163s] Level 1:colcon.colcon_core.package_identification:_identify(src) by extension 'ros'
[1.163s] Level 1:colcon.colcon_core.package_identification:_identify(src) by extensions ['cmake', 'python']
[1.163s] Level 1:colcon.colcon_core.package_identification:_identify(src) by extension 'cmake'
[1.163s] Level 1:colcon.colcon_core.package_identification:_identify(src) by extension 'python'
[1.163s] Level 1:colcon.colcon_core.package_identification:_identify(src) by extensions ['python_setup_py']
[1.163s] Level 1:colcon.colcon_core.package_identification:_identify(src) by extension 'python_setup_py'
[1.163s] Level 1:colcon.colcon_core.package_identification:_identify(src/action_tutorials_cpp) by extensions ['ignore', 'ignore_ament_install']
[1.163s] Level 1:colcon.colcon_core.package_identification:_identify(src/action_tutorials_cpp) by extension 'ignore'
[1.163s] Level 1:colcon.colcon_core.package_identification:_identify(src/action_tutorials_cpp) by extension 'ignore_ament_install'
[1.163s] Level 1:colcon.colcon_core.package_identification:_identify(src/action_tutorials_cpp) by extensions ['colcon_pkg']
[1.163s] Level 1:colcon.colcon_core.package_identification:_identify(src/action_tutorials_cpp) by extension 'colcon_pkg'
[1.163s] Level 1:colcon.colcon_core.package_identification:_identify(src/action_tutorials_cpp) by extensions ['colcon_meta']
[1.163s] Level 1:colcon.colcon_core.package_identification:_identify(src/action_tutorials_cpp) by extension 'colcon_meta'
[1.163s] Level 1:colcon.colcon_core.package_identification:_identify(src/action_tutorials_cpp) by extensions ['ros']
[1.163s] Level 1:colcon.colcon_core.package_identification:_identify(src/action_tutorials_cpp) by extension 'ros'
[1.166s] DEBUG:colcon.colcon_core.package_identification:Package 'src/action_tutorials_cpp' with type 'ros.ament_cmake' and name 'action_tutorials_cpp'
[1.166s] Level 1:colcon.colcon_core.package_identification:_identify(src/action_tutorials_interfaces) by extensions ['ignore', 'ignore_ament_install']
[1.166s] Level 1:colcon.colcon_core.package_identification:_identify(src/action_tutorials_interfaces) by extension 'ignore'
[1.166s] Level 1:colcon.colcon_core.package_identification:_identify(src/action_tutorials_interfaces) by extension 'ignore_ament_install'
[1.166s] Level 1:colcon.colcon_core.package_identification:_identify(src/action_tutorials_interfaces) by extensions ['colcon_pkg']
[1.166s] Level 1:colcon.colcon_core.package_identification:_identify(src/action_tutorials_interfaces) by extension 'colcon_pkg'
[1.166s] Level 1:colcon.colcon_core.package_identification:_identify(src/action_tutorials_interfaces) by extensions ['colcon_meta']
[1.166s] Level 1:colcon.colcon_core.package_identification:_identify(src/action_tutorials_interfaces) by extension 'colcon_meta'
[1.166s] Level 1:colcon.colcon_core.package_identification:_identify(src/action_tutorials_interfaces) by extensions ['ros']
[1.166s] Level 1:colcon.colcon_core.package_identification:_identify(src/action_tutorials_interfaces) by extension 'ros'
[1.167s] DEBUG:colcon.colcon_core.package_identification:Package 'src/action_tutorials_interfaces' with type 'ros.ament_cmake' and name 'action_tutorials_interfaces'
[1.167s] Level 1:colcon.colcon_core.package_identification:_identify(src/cpp_parameter_event_handler) by extensions ['ignore', 'ignore_ament_install']
[1.167s] Level 1:colcon.colcon_core.package_identification:_identify(src/cpp_parameter_event_handler) by extension 'ignore'
[1.167s] Level 1:colcon.colcon_core.package_identification:_identify(src/cpp_parameter_event_handler) by extension 'ignore_ament_install'
[1.167s] Level 1:colcon.colcon_core.package_identification:_identify(src/cpp_parameter_event_handler) by extensions ['colcon_pkg']
[1.167s] Level 1:colcon.colcon_core.package_identification:_identify(src/cpp_parameter_event_handler) by extension 'colcon_pkg'
[1.167s] Level 1:colcon.colcon_core.package_identification:_identify(src/cpp_parameter_event_handler) by extensions ['colcon_meta']
[1.167s] Level 1:colcon.colcon_core.package_identification:_identify(src/cpp_parameter_event_handler) by extension 'colcon_meta'
[1.167s] Level 1:colcon.colcon_core.package_identification:_identify(src/cpp_parameter_event_handler) by extensions ['ros']
[1.167s] Level 1:colcon.colcon_core.package_identification:_identify(src/cpp_parameter_event_handler) by extension 'ros'
[1.168s] DEBUG:colcon.colcon_core.package_identification:Package 'src/cpp_parameter_event_handler' with type 'ros.ament_cmake' and name 'cpp_parameter_event_handler'
[1.168s] Level 1:colcon.colcon_core.package_identification:_identify(src/cpp_parameters) by extensions ['ignore', 'ignore_ament_install']
[1.168s] Level 1:colcon.colcon_core.package_identification:_identify(src/cpp_parameters) by extension 'ignore'
[1.168s] Level 1:colcon.colcon_core.package_identification:_identify(src/cpp_parameters) by extension 'ignore_ament_install'
[1.168s] Level 1:colcon.colcon_core.package_identification:_identify(src/cpp_parameters) by extensions ['colcon_pkg']
[1.168s] Level 1:colcon.colcon_core.package_identification:_identify(src/cpp_parameters) by extension 'colcon_pkg'
[1.168s] Level 1:colcon.colcon_core.package_identification:_identify(src/cpp_parameters) by extensions ['colcon_meta']
[1.168s] Level 1:colcon.colcon_core.package_identification:_identify(src/cpp_parameters) by extension 'colcon_meta'
[1.168s] Level 1:colcon.colcon_core.package_identification:_identify(src/cpp_parameters) by extensions ['ros']
[1.168s] Level 1:colcon.colcon_core.package_identification:_identify(src/cpp_parameters) by extension 'ros'
[1.169s] DEBUG:colcon.colcon_core.package_identification:Package 'src/cpp_parameters' with type 'ros.ament_cmake' and name 'cpp_parameters'
[1.169s] Level 1:colcon.colcon_core.package_identification:_identify(src/cpp_pubsub) by extensions ['ignore', 'ignore_ament_install']
[1.169s] Level 1:colcon.colcon_core.package_identification:_identify(src/cpp_pubsub) by extension 'ignore'
[1.169s] Level 1:colcon.colcon_core.package_identification:_identify(src/cpp_pubsub) by extension 'ignore_ament_install'
[1.169s] Level 1:colcon.colcon_core.package_identification:_identify(src/cpp_pubsub) by extensions ['colcon_pkg']
[1.169s] Level 1:colcon.colcon_core.package_identification:_identify(src/cpp_pubsub) by extension 'colcon_pkg'
[1.169s] Level 1:colcon.colcon_core.package_identification:_identify(src/cpp_pubsub) by extensions ['colcon_meta']
[1.169s] Level 1:colcon.colcon_core.package_identification:_identify(src/cpp_pubsub) by extension 'colcon_meta'
[1.169s] Level 1:colcon.colcon_core.package_identification:_identify(src/cpp_pubsub) by extensions ['ros']
[1.169s] Level 1:colcon.colcon_core.package_identification:_identify(src/cpp_pubsub) by extension 'ros'
[1.170s] DEBUG:colcon.colcon_core.package_identification:Package 'src/cpp_pubsub' with type 'ros.ament_cmake' and name 'cpp_pubsub'
[1.170s] Level 1:colcon.colcon_core.package_identification:_identify(src/cpp_srvcli) by extensions ['ignore', 'ignore_ament_install']
[1.170s] Level 1:colcon.colcon_core.package_identification:_identify(src/cpp_srvcli) by extension 'ignore'
[1.170s] Level 1:colcon.colcon_core.package_identification:_identify(src/cpp_srvcli) by extension 'ignore_ament_install'
[1.170s] Level 1:colcon.colcon_core.package_identification:_identify(src/cpp_srvcli) by extensions ['colcon_pkg']
[1.170s] Level 1:colcon.colcon_core.package_identification:_identify(src/cpp_srvcli) by extension 'colcon_pkg'
[1.170s] Level 1:colcon.colcon_core.package_identification:_identify(src/cpp_srvcli) by extensions ['colcon_meta']
[1.170s] Level 1:colcon.colcon_core.package_identification:_identify(src/cpp_srvcli) by extension 'colcon_meta'
[1.170s] Level 1:colcon.colcon_core.package_identification:_identify(src/cpp_srvcli) by extensions ['ros']
[1.170s] Level 1:colcon.colcon_core.package_identification:_identify(src/cpp_srvcli) by extension 'ros'
[1.171s] DEBUG:colcon.colcon_core.package_identification:Package 'src/cpp_srvcli' with type 'ros.ament_cmake' and name 'cpp_srvcli'
[1.172s] Level 1:colcon.colcon_core.package_identification:_identify(src/more_interfaces) by extensions ['ignore', 'ignore_ament_install']
[1.172s] Level 1:colcon.colcon_core.package_identification:_identify(src/more_interfaces) by extension 'ignore'
[1.172s] Level 1:colcon.colcon_core.package_identification:_identify(src/more_interfaces) by extension 'ignore_ament_install'
[1.172s] Level 1:colcon.colcon_core.package_identification:_identify(src/more_interfaces) by extensions ['colcon_pkg']
[1.172s] Level 1:colcon.colcon_core.package_identification:_identify(src/more_interfaces) by extension 'colcon_pkg'
[1.172s] Level 1:colcon.colcon_core.package_identification:_identify(src/more_interfaces) by extensions ['colcon_meta']
[1.172s] Level 1:colcon.colcon_core.package_identification:_identify(src/more_interfaces) by extension 'colcon_meta'
[1.172s] Level 1:colcon.colcon_core.package_identification:_identify(src/more_interfaces) by extensions ['ros']
[1.172s] Level 1:colcon.colcon_core.package_identification:_identify(src/more_interfaces) by extension 'ros'
[1.172s] DEBUG:colcon.colcon_core.package_identification:Package 'src/more_interfaces' with type 'ros.ament_cmake' and name 'more_interfaces'
[1.173s] Level 1:colcon.colcon_core.package_identification:_identify(src/my_package) by extensions ['ignore', 'ignore_ament_install']
[1.173s] Level 1:colcon.colcon_core.package_identification:_identify(src/my_package) by extension 'ignore'
[1.173s] Level 1:colcon.colcon_core.package_identification:_identify(src/my_package) by extension 'ignore_ament_install'
[1.173s] Level 1:colcon.colcon_core.package_identification:_identify(src/my_package) by extensions ['colcon_pkg']
[1.173s] Level 1:colcon.colcon_core.package_identification:_identify(src/my_package) by extension 'colcon_pkg'
[1.173s] Level 1:colcon.colcon_core.package_identification:_identify(src/my_package) by extensions ['colcon_meta']
[1.173s] Level 1:colcon.colcon_core.package_identification:_identify(src/my_package) by extension 'colcon_meta'
[1.173s] Level 1:colcon.colcon_core.package_identification:_identify(src/my_package) by extensions ['ros']
[1.173s] Level 1:colcon.colcon_core.package_identification:_identify(src/my_package) by extension 'ros'
[1.173s] DEBUG:colcon.colcon_core.package_identification:Package 'src/my_package' with type 'ros.ament_cmake' and name 'my_package'
[1.173s] Level 1:colcon.colcon_core.package_identification:_identify(src/polygon_base) by extensions ['ignore', 'ignore_ament_install']
[1.174s] Level 1:colcon.colcon_core.package_identification:_identify(src/polygon_base) by extension 'ignore'
[1.174s] Level 1:colcon.colcon_core.package_identification:_identify(src/polygon_base) by extension 'ignore_ament_install'
[1.174s] Level 1:colcon.colcon_core.package_identification:_identify(src/polygon_base) by extensions ['colcon_pkg']
[1.174s] Level 1:colcon.colcon_core.package_identification:_identify(src/polygon_base) by extension 'colcon_pkg'
[1.174s] Level 1:colcon.colcon_core.package_identification:_identify(src/polygon_base) by extensions ['colcon_meta']
[1.174s] Level 1:colcon.colcon_core.package_identification:_identify(src/polygon_base) by extension 'colcon_meta'
[1.174s] Level 1:colcon.colcon_core.package_identification:_identify(src/polygon_base) by extensions ['ros']
[1.174s] Level 1:colcon.colcon_core.package_identification:_identify(src/polygon_base) by extension 'ros'
[1.174s] DEBUG:colcon.colcon_core.package_identification:Package 'src/polygon_base' with type 'ros.ament_cmake' and name 'polygon_base'
[1.174s] Level 1:colcon.colcon_core.package_identification:_identify(src/polygon_plugins) by extensions ['ignore', 'ignore_ament_install']
[1.174s] Level 1:colcon.colcon_core.package_identification:_identify(src/polygon_plugins) by extension 'ignore'
[1.175s] Level 1:colcon.colcon_core.package_identification:_identify(src/polygon_plugins) by extension 'ignore_ament_install'
[1.175s] Level 1:colcon.colcon_core.package_identification:_identify(src/polygon_plugins) by extensions ['colcon_pkg']
[1.175s] Level 1:colcon.colcon_core.package_identification:_identify(src/polygon_plugins) by extension 'colcon_pkg'
[1.175s] Level 1:colcon.colcon_core.package_identification:_identify(src/polygon_plugins) by extensions ['colcon_meta']
[1.175s] Level 1:colcon.colcon_core.package_identification:_identify(src/polygon_plugins) by extension 'colcon_meta'
[1.175s] Level 1:colcon.colcon_core.package_identification:_identify(src/polygon_plugins) by extensions ['ros']
[1.175s] Level 1:colcon.colcon_core.package_identification:_identify(src/polygon_plugins) by extension 'ros'
[1.175s] DEBUG:colcon.colcon_core.package_identification:Package 'src/polygon_plugins' with type 'ros.ament_cmake' and name 'polygon_plugins'
[1.175s] Level 1:colcon.colcon_core.package_identification:_identify(src/tutorial_interfaces) by extensions ['ignore', 'ignore_ament_install']
[1.175s] Level 1:colcon.colcon_core.package_identification:_identify(src/tutorial_interfaces) by extension 'ignore'
[1.175s] Level 1:colcon.colcon_core.package_identification:_identify(src/tutorial_interfaces) by extension 'ignore_ament_install'
[1.176s] Level 1:colcon.colcon_core.package_identification:_identify(src/tutorial_interfaces) by extensions ['colcon_pkg']
[1.176s] Level 1:colcon.colcon_core.package_identification:_identify(src/tutorial_interfaces) by extension 'colcon_pkg'
[1.176s] Level 1:colcon.colcon_core.package_identification:_identify(src/tutorial_interfaces) by extensions ['colcon_meta']
[1.176s] Level 1:colcon.colcon_core.package_identification:_identify(src/tutorial_interfaces) by extension 'colcon_meta'
[1.176s] Level 1:colcon.colcon_core.package_identification:_identify(src/tutorial_interfaces) by extensions ['ros']
[1.176s] Level 1:colcon.colcon_core.package_identification:_identify(src/tutorial_interfaces) by extension 'ros'
[1.176s] DEBUG:colcon.colcon_core.package_identification:Package 'src/tutorial_interfaces' with type 'ros.ament_cmake' and name 'tutorial_interfaces'
[1.176s] Level 1:colcon.colcon_core.package_discovery:discover_packages(recursive) using defaults
[1.176s] Level 1:colcon.colcon_core.package_discovery:discover_packages(ignore) discover
[1.176s] Level 1:colcon.colcon_core.package_discovery:discover_packages(ignore) using defaults
[1.176s] Level 1:colcon.colcon_core.package_discovery:discover_packages(path) discover
[1.176s] Level 1:colcon.colcon_core.package_discovery:discover_packages(path) using defaults
[1.240s] INFO:colcon.colcon_core.package_selection:Skipping not selected package 'action_tutorials_interfaces' in 'src/action_tutorials_interfaces'
[1.241s] INFO:colcon.colcon_core.package_selection:Skipping not selected package 'cpp_parameter_event_handler' in 'src/cpp_parameter_event_handler'
[1.241s] INFO:colcon.colcon_core.package_selection:Skipping not selected package 'cpp_parameters' in 'src/cpp_parameters'
[1.241s] INFO:colcon.colcon_core.package_selection:Skipping not selected package 'more_interfaces' in 'src/more_interfaces'
[1.241s] INFO:colcon.colcon_core.package_selection:Skipping not selected package 'my_package' in 'src/my_package'
[1.241s] INFO:colcon.colcon_core.package_selection:Skipping not selected package 'polygon_base' in 'src/polygon_base'
[1.241s] INFO:colcon.colcon_core.package_selection:Skipping not selected package 'tutorial_interfaces' in 'src/tutorial_interfaces'
[1.241s] INFO:colcon.colcon_core.package_selection:Skipping not selected package 'action_tutorials_cpp' in 'src/action_tutorials_cpp'
[1.241s] INFO:colcon.colcon_core.package_selection:Skipping not selected package 'cpp_pubsub' in 'src/cpp_pubsub'
[1.241s] INFO:colcon.colcon_core.package_selection:Skipping not selected package 'polygon_plugins' in 'src/polygon_plugins'
[1.266s] Level 1:colcon.colcon_core.package_discovery:discover_packages(prefix_path) check parameters
[1.266s] Level 1:colcon.colcon_core.package_discovery:discover_packages(prefix_path) discover
[1.295s] DEBUG:colcon.colcon_installed_package_information.package_discovery:Found 11 installed packages in /home/maxim/git/ROS2/ros2_ws/install
[1.310s] DEBUG:colcon.colcon_installed_package_information.package_discovery:Found 393 installed packages in /opt/ros/humble
[1.323s] Level 1:colcon.colcon_core.package_discovery:discover_packages(prefix_path) using defaults
[1.455s] Level 5:colcon.colcon_core.verb:set package 'cpp_srvcli' build argument 'cmake_args' from command line to 'None'
[1.455s] Level 5:colcon.colcon_core.verb:set package 'cpp_srvcli' build argument 'cmake_target' from command line to 'None'
[1.455s] Level 5:colcon.colcon_core.verb:set package 'cpp_srvcli' build argument 'cmake_target_skip_unavailable' from command line to 'False'
[1.455s] Level 5:colcon.colcon_core.verb:set package 'cpp_srvcli' build argument 'cmake_clean_cache' from command line to 'False'
[1.455s] Level 5:colcon.colcon_core.verb:set package 'cpp_srvcli' build argument 'cmake_clean_first' from command line to 'False'
[1.455s] Level 5:colcon.colcon_core.verb:set package 'cpp_srvcli' build argument 'cmake_force_configure' from command line to 'False'
[1.455s] Level 5:colcon.colcon_core.verb:set package 'cpp_srvcli' build argument 'ament_cmake_args' from command line to 'None'
[1.455s] Level 5:colcon.colcon_core.verb:set package 'cpp_srvcli' build argument 'catkin_cmake_args' from command line to 'None'
[1.455s] Level 5:colcon.colcon_core.verb:set package 'cpp_srvcli' build argument 'catkin_skip_building_tests' from command line to 'False'
[1.455s] DEBUG:colcon.colcon_core.verb:Building package 'cpp_srvcli' with the following arguments: {'ament_cmake_args': None, 'build_base': '/home/maxim/git/ROS2/ros2_ws/build/cpp_srvcli', 'catkin_cmake_args': None, 'catkin_skip_building_tests': False, 'cmake_args': None, 'cmake_clean_cache': False, 'cmake_clean_first': False, 'cmake_force_configure': False, 'cmake_target': None, 'cmake_target_skip_unavailable': False, 'install_base': '/home/maxim/git/ROS2/ros2_ws/install/cpp_srvcli', 'merge_install': False, 'path': '/home/maxim/git/ROS2/ros2_ws/src/cpp_srvcli', 'symlink_install': False, 'test_result_base': None}
[1.468s] INFO:colcon.colcon_core.executor:Executing jobs using 'parallel' executor
[1.481s] DEBUG:colcon.colcon_parallel_executor.executor.parallel:run_until_complete
[1.481s] INFO:colcon.colcon_ros.task.ament_cmake.build:Building ROS package in '/home/maxim/git/ROS2/ros2_ws/src/cpp_srvcli' with build type 'ament_cmake'
[1.481s] INFO:colcon.colcon_cmake.task.cmake.build:Building CMake package in '/home/maxim/git/ROS2/ros2_ws/src/cpp_srvcli'
[1.498s] INFO:colcon.colcon_core.plugin_system:Skipping extension 'colcon_core.shell.bat': Not used on non-Windows systems
[1.498s] INFO:colcon.colcon_core.shell:Skip shell extension 'powershell' for command environment: Not usable outside of PowerShell
[1.498s] DEBUG:colcon.colcon_core.shell:Skip shell extension 'dsv' for command environment
[1.557s] DEBUG:colcon.colcon_core.event_handler.log_command:Invoking command in '/home/maxim/git/ROS2/ros2_ws/build/cpp_srvcli': CMAKE_PREFIX_PATH=/home/maxim/git/ROS2/ros2_ws/install/tutorial_interfaces:/home/maxim/git/ROS2/ros2_ws/install/cpp_srvcli:/home/maxim/git/ROS2/ros2_ws/install/cpp_pubsub:/home/maxim/git/ROS2/ros2_ws/install/polygon_plugins:/home/maxim/git/ROS2/ros2_ws/install/polygon_base:/home/maxim/git/ROS2/ros2_ws/install/my_package:/home/maxim/git/ROS2/ros2_ws/install/more_interfaces:/home/maxim/git/ROS2/ros2_ws/install/cpp_parameters:/home/maxim/git/ROS2/ros2_ws/install/cpp_parameter_event_handler:/home/maxim/git/ROS2/ros2_ws/install/action_tutorials_cpp:/home/maxim/git/ROS2/ros2_ws/install/action_tutorials_interfaces:/opt/ros/humble LD_LIBRARY_PATH=/home/maxim/git/ROS2/ros2_ws/install/tutorial_interfaces/lib:/home/maxim/git/ROS2/ros2_ws/install/cpp_pubsub/lib:/home/maxim/git/ROS2/ros2_ws/install/polygon_plugins/lib:/home/maxim/git/ROS2/ros2_ws/install/more_interfaces/lib:/home/maxim/git/ROS2/ros2_ws/install/action_tutorials_cpp/lib:/home/maxim/git/ROS2/ros2_ws/install/action_tutorials_interfaces/lib:/usr/lib/x86_64-linux-gnu/gazebo-11/plugins:/opt/ros/humble/opt/rviz_ogre_vendor/lib:/opt/ros/humble/lib/x86_64-linux-gnu:/opt/ros/humble/lib:/usr/share/gazebo/../../lib/x86_64-linux-gnu/gazebo-11/plugins /usr/bin/cmake --build /home/maxim/git/ROS2/ros2_ws/build/cpp_srvcli -- -j12 -l12
[5.180s] DEBUG:colcon.colcon_core.event_handler.log_command:Invoked command in '/home/maxim/git/ROS2/ros2_ws/build/cpp_srvcli' returned '0': CMAKE_PREFIX_PATH=/home/maxim/git/ROS2/ros2_ws/install/tutorial_interfaces:/home/maxim/git/ROS2/ros2_ws/install/cpp_srvcli:/home/maxim/git/ROS2/ros2_ws/install/cpp_pubsub:/home/maxim/git/ROS2/ros2_ws/install/polygon_plugins:/home/maxim/git/ROS2/ros2_ws/install/polygon_base:/home/maxim/git/ROS2/ros2_ws/install/my_package:/home/maxim/git/ROS2/ros2_ws/install/more_interfaces:/home/maxim/git/ROS2/ros2_ws/install/cpp_parameters:/home/maxim/git/ROS2/ros2_ws/install/cpp_parameter_event_handler:/home/maxim/git/ROS2/ros2_ws/install/action_tutorials_cpp:/home/maxim/git/ROS2/ros2_ws/install/action_tutorials_interfaces:/opt/ros/humble LD_LIBRARY_PATH=/home/maxim/git/ROS2/ros2_ws/install/tutorial_interfaces/lib:/home/maxim/git/ROS2/ros2_ws/install/cpp_pubsub/lib:/home/maxim/git/ROS2/ros2_ws/install/polygon_plugins/lib:/home/maxim/git/ROS2/ros2_ws/install/more_interfaces/lib:/home/maxim/git/ROS2/ros2_ws/install/action_tutorials_cpp/lib:/home/maxim/git/ROS2/ros2_ws/install/action_tutorials_interfaces/lib:/usr/lib/x86_64-linux-gnu/gazebo-11/plugins:/opt/ros/humble/opt/rviz_ogre_vendor/lib:/opt/ros/humble/lib/x86_64-linux-gnu:/opt/ros/humble/lib:/usr/share/gazebo/../../lib/x86_64-linux-gnu/gazebo-11/plugins /usr/bin/cmake --build /home/maxim/git/ROS2/ros2_ws/build/cpp_srvcli -- -j12 -l12
[5.277s] DEBUG:colcon.colcon_core.event_handler.log_command:Invoking command in '/home/maxim/git/ROS2/ros2_ws/build/cpp_srvcli': CMAKE_PREFIX_PATH=/home/maxim/git/ROS2/ros2_ws/install/tutorial_interfaces:/home/maxim/git/ROS2/ros2_ws/install/cpp_srvcli:/home/maxim/git/ROS2/ros2_ws/install/cpp_pubsub:/home/maxim/git/ROS2/ros2_ws/install/polygon_plugins:/home/maxim/git/ROS2/ros2_ws/install/polygon_base:/home/maxim/git/ROS2/ros2_ws/install/my_package:/home/maxim/git/ROS2/ros2_ws/install/more_interfaces:/home/maxim/git/ROS2/ros2_ws/install/cpp_parameters:/home/maxim/git/ROS2/ros2_ws/install/cpp_parameter_event_handler:/home/maxim/git/ROS2/ros2_ws/install/action_tutorials_cpp:/home/maxim/git/ROS2/ros2_ws/install/action_tutorials_interfaces:/opt/ros/humble LD_LIBRARY_PATH=/home/maxim/git/ROS2/ros2_ws/install/tutorial_interfaces/lib:/home/maxim/git/ROS2/ros2_ws/install/cpp_pubsub/lib:/home/maxim/git/ROS2/ros2_ws/install/polygon_plugins/lib:/home/maxim/git/ROS2/ros2_ws/install/more_interfaces/lib:/home/maxim/git/ROS2/ros2_ws/install/action_tutorials_cpp/lib:/home/maxim/git/ROS2/ros2_ws/install/action_tutorials_interfaces/lib:/usr/lib/x86_64-linux-gnu/gazebo-11/plugins:/opt/ros/humble/opt/rviz_ogre_vendor/lib:/opt/ros/humble/lib/x86_64-linux-gnu:/opt/ros/humble/lib:/usr/share/gazebo/../../lib/x86_64-linux-gnu/gazebo-11/plugins /usr/bin/cmake --install /home/maxim/git/ROS2/ros2_ws/build/cpp_srvcli
[5.302s] Level 1:colcon.colcon_core.environment:create_environment_scripts_only(cpp_srvcli)
[5.302s] DEBUG:colcon.colcon_core.event_handler.log_command:Invoked command in '/home/maxim/git/ROS2/ros2_ws/build/cpp_srvcli' returned '0': CMAKE_PREFIX_PATH=/home/maxim/git/ROS2/ros2_ws/install/tutorial_interfaces:/home/maxim/git/ROS2/ros2_ws/install/cpp_srvcli:/home/maxim/git/ROS2/ros2_ws/install/cpp_pubsub:/home/maxim/git/ROS2/ros2_ws/install/polygon_plugins:/home/maxim/git/ROS2/ros2_ws/install/polygon_base:/home/maxim/git/ROS2/ros2_ws/install/my_package:/home/maxim/git/ROS2/ros2_ws/install/more_interfaces:/home/maxim/git/ROS2/ros2_ws/install/cpp_parameters:/home/maxim/git/ROS2/ros2_ws/install/cpp_parameter_event_handler:/home/maxim/git/ROS2/ros2_ws/install/action_tutorials_cpp:/home/maxim/git/ROS2/ros2_ws/install/action_tutorials_interfaces:/opt/ros/humble LD_LIBRARY_PATH=/home/maxim/git/ROS2/ros2_ws/install/tutorial_interfaces/lib:/home/maxim/git/ROS2/ros2_ws/install/cpp_pubsub/lib:/home/maxim/git/ROS2/ros2_ws/install/polygon_plugins/lib:/home/maxim/git/ROS2/ros2_ws/install/more_interfaces/lib:/home/maxim/git/ROS2/ros2_ws/install/action_tutorials_cpp/lib:/home/maxim/git/ROS2/ros2_ws/install/action_tutorials_interfaces/lib:/usr/lib/x86_64-linux-gnu/gazebo-11/plugins:/opt/ros/humble/opt/rviz_ogre_vendor/lib:/opt/ros/humble/lib/x86_64-linux-gnu:/opt/ros/humble/lib:/usr/share/gazebo/../../lib/x86_64-linux-gnu/gazebo-11/plugins /usr/bin/cmake --install /home/maxim/git/ROS2/ros2_ws/build/cpp_srvcli
[5.319s] Level 1:colcon.colcon_core.environment:checking '/home/maxim/git/ROS2/ros2_ws/install/cpp_srvcli' for CMake module files
[5.320s] Level 1:colcon.colcon_core.environment:checking '/home/maxim/git/ROS2/ros2_ws/install/cpp_srvcli' for CMake config files
[5.320s] Level 1:colcon.colcon_core.shell:create_environment_hook('cpp_srvcli', 'cmake_prefix_path')
[5.333s] INFO:colcon.colcon_core.shell:Creating environment hook '/home/maxim/git/ROS2/ros2_ws/install/cpp_srvcli/share/cpp_srvcli/hook/cmake_prefix_path.ps1'
[5.334s] INFO:colcon.colcon_core.shell:Creating environment descriptor '/home/maxim/git/ROS2/ros2_ws/install/cpp_srvcli/share/cpp_srvcli/hook/cmake_prefix_path.dsv'
[5.335s] INFO:colcon.colcon_core.shell:Creating environment hook '/home/maxim/git/ROS2/ros2_ws/install/cpp_srvcli/share/cpp_srvcli/hook/cmake_prefix_path.sh'
[5.335s] Level 1:colcon.colcon_core.environment:checking '/home/maxim/git/ROS2/ros2_ws/install/cpp_srvcli/lib'
[5.335s] Level 1:colcon.colcon_core.shell:create_environment_hook('cpp_srvcli', 'ld_library_path_lib')
[5.348s] INFO:colcon.colcon_core.shell:Creating environment hook '/home/maxim/git/ROS2/ros2_ws/install/cpp_srvcli/share/cpp_srvcli/hook/ld_library_path_lib.ps1'
[5.349s] INFO:colcon.colcon_core.shell:Creating environment descriptor '/home/maxim/git/ROS2/ros2_ws/install/cpp_srvcli/share/cpp_srvcli/hook/ld_library_path_lib.dsv'
[5.349s] INFO:colcon.colcon_core.shell:Creating environment hook '/home/maxim/git/ROS2/ros2_ws/install/cpp_srvcli/share/cpp_srvcli/hook/ld_library_path_lib.sh'
[5.349s] Level 1:colcon.colcon_core.environment:checking '/home/maxim/git/ROS2/ros2_ws/install/cpp_srvcli/bin'
[5.349s] Level 1:colcon.colcon_core.environment:checking '/home/maxim/git/ROS2/ros2_ws/install/cpp_srvcli/lib/pkgconfig/cpp_srvcli.pc'
[5.349s] Level 1:colcon.colcon_core.environment:checking '/home/maxim/git/ROS2/ros2_ws/install/cpp_srvcli/lib/python3.10/site-packages'
[5.349s] Level 1:colcon.colcon_core.environment:checking '/home/maxim/git/ROS2/ros2_ws/install/cpp_srvcli/bin'
[5.362s] INFO:colcon.colcon_core.shell:Creating package script '/home/maxim/git/ROS2/ros2_ws/install/cpp_srvcli/share/cpp_srvcli/package.ps1'
[5.363s] INFO:colcon.colcon_core.shell:Creating package descriptor '/home/maxim/git/ROS2/ros2_ws/install/cpp_srvcli/share/cpp_srvcli/package.dsv'
[5.363s] INFO:colcon.colcon_core.shell:Creating package script '/home/maxim/git/ROS2/ros2_ws/install/cpp_srvcli/share/cpp_srvcli/package.sh'
[5.364s] INFO:colcon.colcon_core.shell:Creating package script '/home/maxim/git/ROS2/ros2_ws/install/cpp_srvcli/share/cpp_srvcli/package.bash'
[5.365s] INFO:colcon.colcon_core.shell:Creating package script '/home/maxim/git/ROS2/ros2_ws/install/cpp_srvcli/share/cpp_srvcli/package.zsh'
[5.365s] Level 1:colcon.colcon_core.environment:create_file_with_runtime_dependencies(/home/maxim/git/ROS2/ros2_ws/install/cpp_srvcli/share/colcon-core/packages/cpp_srvcli)
[5.436s] Level 1:colcon.colcon_core.environment:create_environment_scripts_only(cpp_srvcli)
[5.449s] Level 1:colcon.colcon_core.environment:checking '/home/maxim/git/ROS2/ros2_ws/install/cpp_srvcli' for CMake module files
[5.449s] Level 1:colcon.colcon_core.environment:checking '/home/maxim/git/ROS2/ros2_ws/install/cpp_srvcli' for CMake config files
[5.449s] Level 1:colcon.colcon_core.shell:create_environment_hook('cpp_srvcli', 'cmake_prefix_path')
[5.462s] INFO:colcon.colcon_core.shell:Creating environment hook '/home/maxim/git/ROS2/ros2_ws/install/cpp_srvcli/share/cpp_srvcli/hook/cmake_prefix_path.ps1'
[5.463s] INFO:colcon.colcon_core.shell:Creating environment descriptor '/home/maxim/git/ROS2/ros2_ws/install/cpp_srvcli/share/cpp_srvcli/hook/cmake_prefix_path.dsv'
[5.463s] INFO:colcon.colcon_core.shell:Creating environment hook '/home/maxim/git/ROS2/ros2_ws/install/cpp_srvcli/share/cpp_srvcli/hook/cmake_prefix_path.sh'
[5.463s] Level 1:colcon.colcon_core.environment:checking '/home/maxim/git/ROS2/ros2_ws/install/cpp_srvcli/lib'
[5.464s] Level 1:colcon.colcon_core.shell:create_environment_hook('cpp_srvcli', 'ld_library_path_lib')
[5.477s] INFO:colcon.colcon_core.shell:Creating environment hook '/home/maxim/git/ROS2/ros2_ws/install/cpp_srvcli/share/cpp_srvcli/hook/ld_library_path_lib.ps1'
[5.477s] INFO:colcon.colcon_core.shell:Creating environment descriptor '/home/maxim/git/ROS2/ros2_ws/install/cpp_srvcli/share/cpp_srvcli/hook/ld_library_path_lib.dsv'
[5.477s] INFO:colcon.colcon_core.shell:Creating environment hook '/home/maxim/git/ROS2/ros2_ws/install/cpp_srvcli/share/cpp_srvcli/hook/ld_library_path_lib.sh'
[5.478s] Level 1:colcon.colcon_core.environment:checking '/home/maxim/git/ROS2/ros2_ws/install/cpp_srvcli/bin'
[5.478s] Level 1:colcon.colcon_core.environment:checking '/home/maxim/git/ROS2/ros2_ws/install/cpp_srvcli/lib/pkgconfig/cpp_srvcli.pc'
[5.478s] Level 1:colcon.colcon_core.environment:checking '/home/maxim/git/ROS2/ros2_ws/install/cpp_srvcli/lib/python3.10/site-packages'
[5.478s] Level 1:colcon.colcon_core.environment:checking '/home/maxim/git/ROS2/ros2_ws/install/cpp_srvcli/bin'
[5.491s] INFO:colcon.colcon_core.shell:Creating package script '/home/maxim/git/ROS2/ros2_ws/install/cpp_srvcli/share/cpp_srvcli/package.ps1'
[5.492s] INFO:colcon.colcon_core.shell:Creating package descriptor '/home/maxim/git/ROS2/ros2_ws/install/cpp_srvcli/share/cpp_srvcli/package.dsv'
[5.492s] INFO:colcon.colcon_core.shell:Creating package script '/home/maxim/git/ROS2/ros2_ws/install/cpp_srvcli/share/cpp_srvcli/package.sh'
[5.492s] INFO:colcon.colcon_core.shell:Creating package script '/home/maxim/git/ROS2/ros2_ws/install/cpp_srvcli/share/cpp_srvcli/package.bash'
[5.493s] INFO:colcon.colcon_core.shell:Creating package script '/home/maxim/git/ROS2/ros2_ws/install/cpp_srvcli/share/cpp_srvcli/package.zsh'
[5.493s] Level 1:colcon.colcon_core.environment:create_file_with_runtime_dependencies(/home/maxim/git/ROS2/ros2_ws/install/cpp_srvcli/share/colcon-core/packages/cpp_srvcli)
[5.493s] DEBUG:colcon.colcon_parallel_executor.executor.parallel:closing loop
[5.493s] DEBUG:colcon.colcon_parallel_executor.executor.parallel:loop closed
[5.493s] DEBUG:colcon.colcon_parallel_executor.executor.parallel:run_until_complete finished with '0'
[5.493s] DEBUG:colcon.colcon_core.event_reactor:joining thread
[5.537s] INFO:colcon.colcon_core.plugin_system:Skipping extension 'colcon_notification.desktop_notification.terminal_notifier': Not used on non-Darwin systems
[5.537s] INFO:colcon.colcon_core.plugin_system:Skipping extension 'colcon_notification.desktop_notification.win32': Not used on non-Windows systems
[5.537s] INFO:colcon.colcon_notification.desktop_notification:Sending desktop notification using 'notify2'
[5.555s] DEBUG:colcon.colcon_core.event_reactor:joined thread
[5.569s] INFO:colcon.colcon_core.shell:Creating prefix script '/home/maxim/git/ROS2/ros2_ws/install/local_setup.ps1'
[5.570s] INFO:colcon.colcon_core.shell:Creating prefix util module '/home/maxim/git/ROS2/ros2_ws/install/_local_setup_util_ps1.py'
[5.571s] INFO:colcon.colcon_core.shell:Creating prefix chain script '/home/maxim/git/ROS2/ros2_ws/install/setup.ps1'
[5.585s] INFO:colcon.colcon_core.shell:Creating prefix script '/home/maxim/git/ROS2/ros2_ws/install/local_setup.sh'
[5.585s] INFO:colcon.colcon_core.shell:Creating prefix util module '/home/maxim/git/ROS2/ros2_ws/install/_local_setup_util_sh.py'
[5.586s] INFO:colcon.colcon_core.shell:Creating prefix chain script '/home/maxim/git/ROS2/ros2_ws/install/setup.sh'
[5.600s] INFO:colcon.colcon_core.shell:Creating prefix script '/home/maxim/git/ROS2/ros2_ws/install/local_setup.bash'
[5.601s] INFO:colcon.colcon_core.shell:Creating prefix chain script '/home/maxim/git/ROS2/ros2_ws/install/setup.bash'
[5.615s] INFO:colcon.colcon_core.shell:Creating prefix script '/home/maxim/git/ROS2/ros2_ws/install/local_setup.zsh'
[5.615s] INFO:colcon.colcon_core.shell:Creating prefix chain script '/home/maxim/git/ROS2/ros2_ws/install/setup.zsh'
