[0.091s] Invoking command in '/home/maxim/git/ROS2/ros2_ws/build/matrix_interface': CMAKE_PREFIX_PATH=${CMAKE_PREFIX_PATH}:/opt/ros/humble /usr/bin/cmake /home/maxim/git/ROS2/ros2_ws/src/matrix_interface -DCMAKE_INSTALL_PREFIX=/home/maxim/git/ROS2/ros2_ws/install/matrix_interface
[0.259s] -- The C compiler identification is GNU 11.4.0
[0.351s] -- The CXX compiler identification is GNU 11.4.0
[0.365s] -- Detecting C compiler ABI info
[0.478s] -- Detecting C compiler ABI info - done
[0.489s] -- Check for working C compiler: /usr/bin/cc - skipped
[0.489s] -- Detecting C compile features
[0.490s] -- Detecting C compile features - done
[0.495s] -- Detecting CXX compiler ABI info
[0.638s] -- Detecting CXX compiler ABI info - done
[0.657s] -- Check for working CXX compiler: /usr/bin/c++ - skipped
[0.657s] -- Detecting CXX compile features
[0.658s] -- Detecting CXX compile features - done
[0.677s] -- Found ament_cmake: 1.3.5 (/opt/ros/humble/share/ament_cmake/cmake)
[1.011s] -- Found Python3: /usr/bin/python3.10 (found version "3.10.12") found components: Interpreter 
[1.163s] -- Found rosidl_default_generators: 1.2.0 (/opt/ros/humble/share/rosidl_default_generators/cmake)
[1.175s] -- Using all available rosidl_typesupport_c: rosidl_typesupport_fastrtps_c;rosidl_typesupport_introspection_c
[1.187s] -- Found rosidl_adapter: 3.1.5 (/opt/ros/humble/share/rosidl_adapter/cmake)
[1.260s] -- Using all available rosidl_typesupport_cpp: rosidl_typesupport_fastrtps_cpp;rosidl_typesupport_introspection_cpp
[1.701s] -- Found ament_cmake_ros: 0.10.0 (/opt/ros/humble/share/ament_cmake_ros/cmake)
[2.020s] -- Using all available rosidl_typesupport_c: rosidl_typesupport_fastrtps_c;rosidl_typesupport_introspection_c
[2.410s] -- Using all available rosidl_typesupport_cpp: rosidl_typesupport_fastrtps_cpp;rosidl_typesupport_introspection_cpp
[2.455s] -- Found PythonInterp: /usr/bin/python3 (found suitable version "3.10.12", minimum required is "3.6") 
[2.459s] -- Found python_cmake_module: 0.10.0 (/opt/ros/humble/share/python_cmake_module/cmake)
[2.515s] -- Found PythonLibs: /usr/lib/x86_64-linux-gnu/libpython3.10.so (found suitable version "3.10.12", minimum required is "3.5") 
[2.515s] -- Using PYTHON_EXECUTABLE: /usr/bin/python3
[2.515s] -- Using PYTHON_INCLUDE_DIRS: /usr/include/python3.10
[2.515s] -- Using PYTHON_LIBRARIES: /usr/lib/x86_64-linux-gnu/libpython3.10.so
[2.557s] -- Found PythonExtra: .so  
[2.617s] -- Found ament_lint_auto: 0.12.8 (/opt/ros/humble/share/ament_lint_auto/cmake)
[2.650s] -- Added test 'lint_cmake' to check CMake code style
[2.652s] -- Added test 'xmllint' to check XML markup files
[2.656s] -- Configuring done
[2.691s] -- Generating done
[2.694s] -- Build files have been written to: /home/maxim/git/ROS2/ros2_ws/build/matrix_interface
[2.701s] Invoked command in '/home/maxim/git/ROS2/ros2_ws/build/matrix_interface' returned '0': CMAKE_PREFIX_PATH=${CMAKE_PREFIX_PATH}:/opt/ros/humble /usr/bin/cmake /home/maxim/git/ROS2/ros2_ws/src/matrix_interface -DCMAKE_INSTALL_PREFIX=/home/maxim/git/ROS2/ros2_ws/install/matrix_interface
[2.704s] Invoking command in '/home/maxim/git/ROS2/ros2_ws/build/matrix_interface': CMAKE_PREFIX_PATH=${CMAKE_PREFIX_PATH}:/opt/ros/humble /usr/bin/cmake --build /home/maxim/git/ROS2/ros2_ws/build/matrix_interface -- -j12 -l12
[2.773s] [  2%] [34m[1mGenerating C code for ROS interfaces[0m
[2.787s] [  5%] [34m[1mGenerating C++ code for ROS interfaces[0m
[2.791s] [  5%] Built target ament_cmake_python_copy_matrix_interface
[3.114s] running egg_info
[3.114s] creating matrix_interface.egg-info
[3.115s] writing matrix_interface.egg-info/PKG-INFO
[3.115s] writing dependency_links to matrix_interface.egg-info/dependency_links.txt
[3.115s] writing top-level names to matrix_interface.egg-info/top_level.txt
[3.115s] writing manifest file 'matrix_interface.egg-info/SOURCES.txt'
[3.118s] reading manifest file 'matrix_interface.egg-info/SOURCES.txt'
[3.118s] writing manifest file 'matrix_interface.egg-info/SOURCES.txt'
[3.160s] [  5%] Built target ament_cmake_python_build_matrix_interface_egg
[3.205s] [  5%] Built target matrix_interface__cpp
[3.218s] [ 12%] [34m[1mGenerating C++ introspection for ROS interfaces[0m
[3.218s] [ 12%] [34m[1mGenerating C++ type support dispatch for ROS interfaces[0m
[3.218s] [ 12%] [34m[1mGenerating C++ type support for eProsima Fast-RTPS[0m
[3.243s] [ 17%] [32mBuilding C object CMakeFiles/matrix_interface__rosidl_generator_c.dir/rosidl_generator_c/matrix_interface/srv/detail/matrix3x3__functions.c.o[0m
[3.243s] [ 17%] [32mBuilding C object CMakeFiles/matrix_interface__rosidl_generator_c.dir/rosidl_generator_c/matrix_interface/msg/detail/message__functions.c.o[0m
[3.321s] [ 20%] [32m[1mLinking C shared library libmatrix_interface__rosidl_generator_c.so[0m
[3.368s] [ 20%] Built target matrix_interface__rosidl_generator_c
[3.380s] [ 25%] [34m[1mGenerating C type support for eProsima Fast-RTPS[0m
[3.381s] [ 25%] [34m[1mGenerating C introspection for ROS interfaces[0m
[3.381s] [ 28%] [34m[1mGenerating C type support dispatch for ROS interfaces[0m
[3.563s] [ 33%] [32mBuilding CXX object CMakeFiles/matrix_interface__rosidl_typesupport_cpp.dir/rosidl_typesupport_cpp/matrix_interface/msg/message__type_support.cpp.o[0m
[3.563s] [ 33%] [32mBuilding CXX object CMakeFiles/matrix_interface__rosidl_typesupport_cpp.dir/rosidl_typesupport_cpp/matrix_interface/srv/matrix3x3__type_support.cpp.o[0m
[3.608s] [ 35%] [32mBuilding CXX object CMakeFiles/matrix_interface__rosidl_typesupport_introspection_cpp.dir/rosidl_typesupport_introspection_cpp/matrix_interface/srv/detail/matrix3x3__type_support.cpp.o[0m
[3.612s] [ 38%] [32mBuilding CXX object CMakeFiles/matrix_interface__rosidl_typesupport_introspection_cpp.dir/rosidl_typesupport_introspection_cpp/matrix_interface/msg/detail/message__type_support.cpp.o[0m
[3.639s] [ 43%] [32mBuilding CXX object CMakeFiles/matrix_interface__rosidl_typesupport_fastrtps_cpp.dir/rosidl_typesupport_fastrtps_cpp/matrix_interface/srv/detail/dds_fastrtps/matrix3x3__type_support.cpp.o[0m
[3.639s] [ 43%] [32mBuilding CXX object CMakeFiles/matrix_interface__rosidl_typesupport_fastrtps_cpp.dir/rosidl_typesupport_fastrtps_cpp/matrix_interface/msg/detail/dds_fastrtps/message__type_support.cpp.o[0m
[3.821s] [ 46%] [32mBuilding CXX object CMakeFiles/matrix_interface__rosidl_typesupport_fastrtps_c.dir/rosidl_typesupport_fastrtps_c/matrix_interface/msg/detail/message__type_support_c.cpp.o[0m
[3.821s] [ 48%] [32mBuilding CXX object CMakeFiles/matrix_interface__rosidl_typesupport_fastrtps_c.dir/rosidl_typesupport_fastrtps_c/matrix_interface/srv/detail/matrix3x3__type_support_c.cpp.o[0m
[3.827s] [ 51%] [32mBuilding CXX object CMakeFiles/matrix_interface__rosidl_typesupport_c.dir/rosidl_typesupport_c/matrix_interface/srv/matrix3x3__type_support.cpp.o[0m
[3.828s] [ 53%] [32mBuilding CXX object CMakeFiles/matrix_interface__rosidl_typesupport_c.dir/rosidl_typesupport_c/matrix_interface/msg/message__type_support.cpp.o[0m
[3.887s] [ 56%] [32m[1mLinking CXX shared library libmatrix_interface__rosidl_typesupport_c.so[0m
[3.916s] [ 61%] [32mBuilding C object CMakeFiles/matrix_interface__rosidl_typesupport_introspection_c.dir/rosidl_typesupport_introspection_c/matrix_interface/msg/detail/message__type_support.c.o[0m
[3.916s] [ 61%] [32mBuilding C object CMakeFiles/matrix_interface__rosidl_typesupport_introspection_c.dir/rosidl_typesupport_introspection_c/matrix_interface/srv/detail/matrix3x3__type_support.c.o[0m
[3.966s] [ 61%] Built target matrix_interface__rosidl_typesupport_c
[3.986s] [ 64%] [32m[1mLinking C shared library libmatrix_interface__rosidl_typesupport_introspection_c.so[0m
[4.034s] [ 64%] Built target matrix_interface__rosidl_typesupport_introspection_c
[4.037s] [ 66%] [32m[1mLinking CXX shared library libmatrix_interface__rosidl_typesupport_cpp.so[0m
[4.090s] [ 66%] Built target matrix_interface__rosidl_typesupport_cpp
[4.178s] [ 69%] [32m[1mLinking CXX shared library libmatrix_interface__rosidl_typesupport_introspection_cpp.so[0m
[4.272s] [ 69%] Built target matrix_interface__rosidl_typesupport_introspection_cpp
[4.274s] [ 71%] [32m[1mLinking CXX shared library libmatrix_interface__rosidl_typesupport_fastrtps_cpp.so[0m
[4.373s] [ 74%] [32m[1mLinking CXX shared library libmatrix_interface__rosidl_typesupport_fastrtps_c.so[0m
[4.376s] [ 74%] Built target matrix_interface__rosidl_typesupport_fastrtps_cpp
[4.484s] [ 74%] Built target matrix_interface__rosidl_typesupport_fastrtps_c
[4.513s] [ 74%] Built target matrix_interface
[4.544s] [ 76%] [34m[1mGenerating Python code for ROS interfaces[0m
[5.156s] [ 76%] Built target matrix_interface__py
[5.182s] [ 79%] [32mBuilding C object CMakeFiles/matrix_interface__rosidl_generator_py.dir/rosidl_generator_py/matrix_interface/msg/_message_s.c.o[0m
[5.183s] [ 82%] [32mBuilding C object CMakeFiles/matrix_interface__rosidl_generator_py.dir/rosidl_generator_py/matrix_interface/srv/_matrix3x3_s.c.o[0m
[5.342s] [ 84%] [32m[1mLinking C shared library rosidl_generator_py/matrix_interface/libmatrix_interface__rosidl_generator_py.so[0m
[5.397s] [ 84%] Built target matrix_interface__rosidl_generator_py
[5.421s] [ 87%] [32mBuilding C object CMakeFiles/matrix_interface__rosidl_typesupport_fastrtps_c__pyext.dir/rosidl_generator_py/matrix_interface/_matrix_interface_s.ep.rosidl_typesupport_fastrtps_c.c.o[0m
[5.421s] [ 89%] [32mBuilding C object CMakeFiles/matrix_interface__rosidl_typesupport_c__pyext.dir/rosidl_generator_py/matrix_interface/_matrix_interface_s.ep.rosidl_typesupport_c.c.o[0m
[5.433s] [ 92%] [32mBuilding C object CMakeFiles/matrix_interface__rosidl_typesupport_introspection_c__pyext.dir/rosidl_generator_py/matrix_interface/_matrix_interface_s.ep.rosidl_typesupport_introspection_c.c.o[0m
[5.548s] [ 94%] [32m[1mLinking C shared library rosidl_generator_py/matrix_interface/matrix_interface_s__rosidl_typesupport_fastrtps_c.cpython-310-x86_64-linux-gnu.so[0m
[5.550s] [ 97%] [32m[1mLinking C shared library rosidl_generator_py/matrix_interface/matrix_interface_s__rosidl_typesupport_c.cpython-310-x86_64-linux-gnu.so[0m
[5.571s] [100%] [32m[1mLinking C shared library rosidl_generator_py/matrix_interface/matrix_interface_s__rosidl_typesupport_introspection_c.cpython-310-x86_64-linux-gnu.so[0m
[5.595s] [100%] Built target matrix_interface__rosidl_typesupport_fastrtps_c__pyext
[5.604s] [100%] Built target matrix_interface__rosidl_typesupport_c__pyext
[5.614s] [100%] Built target matrix_interface__rosidl_typesupport_introspection_c__pyext
[5.630s] Invoked command in '/home/maxim/git/ROS2/ros2_ws/build/matrix_interface' returned '0': CMAKE_PREFIX_PATH=${CMAKE_PREFIX_PATH}:/opt/ros/humble /usr/bin/cmake --build /home/maxim/git/ROS2/ros2_ws/build/matrix_interface -- -j12 -l12
[5.767s] Invoking command in '/home/maxim/git/ROS2/ros2_ws/build/matrix_interface': CMAKE_PREFIX_PATH=${CMAKE_PREFIX_PATH}:/opt/ros/humble /usr/bin/cmake --install /home/maxim/git/ROS2/ros2_ws/build/matrix_interface
[5.783s] -- Install configuration: ""
[5.783s] -- Installing: /home/maxim/git/ROS2/ros2_ws/install/matrix_interface/share/ament_index/resource_index/rosidl_interfaces/matrix_interface
[5.783s] -- Installing: /home/maxim/git/ROS2/ros2_ws/install/matrix_interface/include/matrix_interface/matrix_interface
[5.784s] -- Installing: /home/maxim/git/ROS2/ros2_ws/install/matrix_interface/include/matrix_interface/matrix_interface/srv
[5.784s] -- Installing: /home/maxim/git/ROS2/ros2_ws/install/matrix_interface/include/matrix_interface/matrix_interface/srv/matrix3x3.h
[5.784s] -- Installing: /home/maxim/git/ROS2/ros2_ws/install/matrix_interface/include/matrix_interface/matrix_interface/srv/detail
[5.784s] -- Installing: /home/maxim/git/ROS2/ros2_ws/install/matrix_interface/include/matrix_interface/matrix_interface/srv/detail/matrix3x3__functions.c
[5.784s] -- Installing: /home/maxim/git/ROS2/ros2_ws/install/matrix_interface/include/matrix_interface/matrix_interface/srv/detail/matrix3x3__functions.h
[5.784s] -- Installing: /home/maxim/git/ROS2/ros2_ws/install/matrix_interface/include/matrix_interface/matrix_interface/srv/detail/matrix3x3__type_support.h
[5.784s] -- Installing: /home/maxim/git/ROS2/ros2_ws/install/matrix_interface/include/matrix_interface/matrix_interface/srv/detail/matrix3x3__struct.h
[5.785s] -- Installing: /home/maxim/git/ROS2/ros2_ws/install/matrix_interface/include/matrix_interface/matrix_interface/msg
[5.785s] -- Installing: /home/maxim/git/ROS2/ros2_ws/install/matrix_interface/include/matrix_interface/matrix_interface/msg/message.h
[5.785s] -- Installing: /home/maxim/git/ROS2/ros2_ws/install/matrix_interface/include/matrix_interface/matrix_interface/msg/rosidl_generator_c__visibility_control.h
[5.785s] -- Installing: /home/maxim/git/ROS2/ros2_ws/install/matrix_interface/include/matrix_interface/matrix_interface/msg/detail
[5.785s] -- Installing: /home/maxim/git/ROS2/ros2_ws/install/matrix_interface/include/matrix_interface/matrix_interface/msg/detail/message__type_support.h
[5.785s] -- Installing: /home/maxim/git/ROS2/ros2_ws/install/matrix_interface/include/matrix_interface/matrix_interface/msg/detail/message__functions.h
[5.786s] -- Installing: /home/maxim/git/ROS2/ros2_ws/install/matrix_interface/include/matrix_interface/matrix_interface/msg/detail/message__functions.c
[5.786s] -- Installing: /home/maxim/git/ROS2/ros2_ws/install/matrix_interface/include/matrix_interface/matrix_interface/msg/detail/message__struct.h
[5.786s] -- Installing: /home/maxim/git/ROS2/ros2_ws/install/matrix_interface/share/matrix_interface/environment/library_path.sh
[5.786s] -- Installing: /home/maxim/git/ROS2/ros2_ws/install/matrix_interface/share/matrix_interface/environment/library_path.dsv
[5.786s] -- Installing: /home/maxim/git/ROS2/ros2_ws/install/matrix_interface/lib/libmatrix_interface__rosidl_generator_c.so
[5.786s] -- Set runtime path of "/home/maxim/git/ROS2/ros2_ws/install/matrix_interface/lib/libmatrix_interface__rosidl_generator_c.so" to ""
[5.786s] -- Up-to-date: /home/maxim/git/ROS2/ros2_ws/install/matrix_interface/include/matrix_interface/matrix_interface
[5.787s] -- Up-to-date: /home/maxim/git/ROS2/ros2_ws/install/matrix_interface/include/matrix_interface/matrix_interface/srv
[5.787s] -- Up-to-date: /home/maxim/git/ROS2/ros2_ws/install/matrix_interface/include/matrix_interface/matrix_interface/srv/detail
[5.787s] -- Installing: /home/maxim/git/ROS2/ros2_ws/install/matrix_interface/include/matrix_interface/matrix_interface/srv/detail/matrix3x3__rosidl_typesupport_fastrtps_c.h
[5.787s] -- Up-to-date: /home/maxim/git/ROS2/ros2_ws/install/matrix_interface/include/matrix_interface/matrix_interface/msg
[5.787s] -- Installing: /home/maxim/git/ROS2/ros2_ws/install/matrix_interface/include/matrix_interface/matrix_interface/msg/rosidl_typesupport_fastrtps_c__visibility_control.h
[5.787s] -- Up-to-date: /home/maxim/git/ROS2/ros2_ws/install/matrix_interface/include/matrix_interface/matrix_interface/msg/detail
[5.788s] -- Installing: /home/maxim/git/ROS2/ros2_ws/install/matrix_interface/include/matrix_interface/matrix_interface/msg/detail/message__rosidl_typesupport_fastrtps_c.h
[5.788s] -- Installing: /home/maxim/git/ROS2/ros2_ws/install/matrix_interface/lib/libmatrix_interface__rosidl_typesupport_fastrtps_c.so
[5.788s] -- Set runtime path of "/home/maxim/git/ROS2/ros2_ws/install/matrix_interface/lib/libmatrix_interface__rosidl_typesupport_fastrtps_c.so" to ""
[5.788s] -- Up-to-date: /home/maxim/git/ROS2/ros2_ws/install/matrix_interface/include/matrix_interface/matrix_interface
[5.788s] -- Up-to-date: /home/maxim/git/ROS2/ros2_ws/install/matrix_interface/include/matrix_interface/matrix_interface/srv
[5.788s] -- Up-to-date: /home/maxim/git/ROS2/ros2_ws/install/matrix_interface/include/matrix_interface/matrix_interface/srv/detail
[5.789s] -- Installing: /home/maxim/git/ROS2/ros2_ws/install/matrix_interface/include/matrix_interface/matrix_interface/srv/detail/matrix3x3__rosidl_typesupport_introspection_c.h
[5.789s] -- Installing: /home/maxim/git/ROS2/ros2_ws/install/matrix_interface/include/matrix_interface/matrix_interface/srv/detail/matrix3x3__type_support.c
[5.789s] -- Up-to-date: /home/maxim/git/ROS2/ros2_ws/install/matrix_interface/include/matrix_interface/matrix_interface/msg
[5.789s] -- Up-to-date: /home/maxim/git/ROS2/ros2_ws/install/matrix_interface/include/matrix_interface/matrix_interface/msg/detail
[5.789s] -- Installing: /home/maxim/git/ROS2/ros2_ws/install/matrix_interface/include/matrix_interface/matrix_interface/msg/detail/message__type_support.c
[5.789s] -- Installing: /home/maxim/git/ROS2/ros2_ws/install/matrix_interface/include/matrix_interface/matrix_interface/msg/detail/message__rosidl_typesupport_introspection_c.h
[5.790s] -- Installing: /home/maxim/git/ROS2/ros2_ws/install/matrix_interface/include/matrix_interface/matrix_interface/msg/rosidl_typesupport_introspection_c__visibility_control.h
[5.790s] -- Installing: /home/maxim/git/ROS2/ros2_ws/install/matrix_interface/lib/libmatrix_interface__rosidl_typesupport_introspection_c.so
[5.790s] -- Set runtime path of "/home/maxim/git/ROS2/ros2_ws/install/matrix_interface/lib/libmatrix_interface__rosidl_typesupport_introspection_c.so" to ""
[5.790s] -- Installing: /home/maxim/git/ROS2/ros2_ws/install/matrix_interface/lib/libmatrix_interface__rosidl_typesupport_c.so
[5.790s] -- Set runtime path of "/home/maxim/git/ROS2/ros2_ws/install/matrix_interface/lib/libmatrix_interface__rosidl_typesupport_c.so" to ""
[5.790s] -- Up-to-date: /home/maxim/git/ROS2/ros2_ws/install/matrix_interface/include/matrix_interface/matrix_interface
[5.791s] -- Up-to-date: /home/maxim/git/ROS2/ros2_ws/install/matrix_interface/include/matrix_interface/matrix_interface/srv
[5.791s] -- Up-to-date: /home/maxim/git/ROS2/ros2_ws/install/matrix_interface/include/matrix_interface/matrix_interface/srv/detail
[5.791s] -- Installing: /home/maxim/git/ROS2/ros2_ws/install/matrix_interface/include/matrix_interface/matrix_interface/srv/detail/matrix3x3__struct.hpp
[5.791s] -- Installing: /home/maxim/git/ROS2/ros2_ws/install/matrix_interface/include/matrix_interface/matrix_interface/srv/detail/matrix3x3__traits.hpp
[5.791s] -- Installing: /home/maxim/git/ROS2/ros2_ws/install/matrix_interface/include/matrix_interface/matrix_interface/srv/detail/matrix3x3__builder.hpp
[5.791s] -- Installing: /home/maxim/git/ROS2/ros2_ws/install/matrix_interface/include/matrix_interface/matrix_interface/srv/matrix3x3.hpp
[5.792s] -- Up-to-date: /home/maxim/git/ROS2/ros2_ws/install/matrix_interface/include/matrix_interface/matrix_interface/msg
[5.792s] -- Installing: /home/maxim/git/ROS2/ros2_ws/install/matrix_interface/include/matrix_interface/matrix_interface/msg/message.hpp
[5.792s] -- Up-to-date: /home/maxim/git/ROS2/ros2_ws/install/matrix_interface/include/matrix_interface/matrix_interface/msg/detail
[5.792s] -- Installing: /home/maxim/git/ROS2/ros2_ws/install/matrix_interface/include/matrix_interface/matrix_interface/msg/detail/message__traits.hpp
[5.792s] -- Installing: /home/maxim/git/ROS2/ros2_ws/install/matrix_interface/include/matrix_interface/matrix_interface/msg/detail/message__builder.hpp
[5.792s] -- Installing: /home/maxim/git/ROS2/ros2_ws/install/matrix_interface/include/matrix_interface/matrix_interface/msg/detail/message__struct.hpp
[5.792s] -- Up-to-date: /home/maxim/git/ROS2/ros2_ws/install/matrix_interface/include/matrix_interface/matrix_interface
[5.793s] -- Up-to-date: /home/maxim/git/ROS2/ros2_ws/install/matrix_interface/include/matrix_interface/matrix_interface/srv
[5.793s] -- Up-to-date: /home/maxim/git/ROS2/ros2_ws/install/matrix_interface/include/matrix_interface/matrix_interface/srv/detail
[5.793s] -- Installing: /home/maxim/git/ROS2/ros2_ws/install/matrix_interface/include/matrix_interface/matrix_interface/srv/detail/matrix3x3__rosidl_typesupport_fastrtps_cpp.hpp
[5.793s] -- Installing: /home/maxim/git/ROS2/ros2_ws/install/matrix_interface/include/matrix_interface/matrix_interface/srv/detail/dds_fastrtps
[5.793s] -- Up-to-date: /home/maxim/git/ROS2/ros2_ws/install/matrix_interface/include/matrix_interface/matrix_interface/msg
[5.793s] -- Up-to-date: /home/maxim/git/ROS2/ros2_ws/install/matrix_interface/include/matrix_interface/matrix_interface/msg/detail
[5.793s] -- Installing: /home/maxim/git/ROS2/ros2_ws/install/matrix_interface/include/matrix_interface/matrix_interface/msg/detail/message__rosidl_typesupport_fastrtps_cpp.hpp
[5.794s] -- Installing: /home/maxim/git/ROS2/ros2_ws/install/matrix_interface/include/matrix_interface/matrix_interface/msg/detail/dds_fastrtps
[5.794s] -- Installing: /home/maxim/git/ROS2/ros2_ws/install/matrix_interface/include/matrix_interface/matrix_interface/msg/rosidl_typesupport_fastrtps_cpp__visibility_control.h
[5.794s] -- Installing: /home/maxim/git/ROS2/ros2_ws/install/matrix_interface/lib/libmatrix_interface__rosidl_typesupport_fastrtps_cpp.so
[5.794s] -- Set runtime path of "/home/maxim/git/ROS2/ros2_ws/install/matrix_interface/lib/libmatrix_interface__rosidl_typesupport_fastrtps_cpp.so" to ""
[5.794s] -- Up-to-date: /home/maxim/git/ROS2/ros2_ws/install/matrix_interface/include/matrix_interface/matrix_interface
[5.794s] -- Up-to-date: /home/maxim/git/ROS2/ros2_ws/install/matrix_interface/include/matrix_interface/matrix_interface/srv
[5.795s] -- Up-to-date: /home/maxim/git/ROS2/ros2_ws/install/matrix_interface/include/matrix_interface/matrix_interface/srv/detail
[5.795s] -- Installing: /home/maxim/git/ROS2/ros2_ws/install/matrix_interface/include/matrix_interface/matrix_interface/srv/detail/matrix3x3__rosidl_typesupport_introspection_cpp.hpp
[5.795s] -- Installing: /home/maxim/git/ROS2/ros2_ws/install/matrix_interface/include/matrix_interface/matrix_interface/srv/detail/matrix3x3__type_support.cpp
[5.795s] -- Up-to-date: /home/maxim/git/ROS2/ros2_ws/install/matrix_interface/include/matrix_interface/matrix_interface/msg
[5.795s] -- Up-to-date: /home/maxim/git/ROS2/ros2_ws/install/matrix_interface/include/matrix_interface/matrix_interface/msg/detail
[5.795s] -- Installing: /home/maxim/git/ROS2/ros2_ws/install/matrix_interface/include/matrix_interface/matrix_interface/msg/detail/message__rosidl_typesupport_introspection_cpp.hpp
[5.796s] -- Installing: /home/maxim/git/ROS2/ros2_ws/install/matrix_interface/include/matrix_interface/matrix_interface/msg/detail/message__type_support.cpp
[5.796s] -- Installing: /home/maxim/git/ROS2/ros2_ws/install/matrix_interface/lib/libmatrix_interface__rosidl_typesupport_introspection_cpp.so
[5.796s] -- Set runtime path of "/home/maxim/git/ROS2/ros2_ws/install/matrix_interface/lib/libmatrix_interface__rosidl_typesupport_introspection_cpp.so" to ""
[5.796s] -- Installing: /home/maxim/git/ROS2/ros2_ws/install/matrix_interface/lib/libmatrix_interface__rosidl_typesupport_cpp.so
[5.796s] -- Set runtime path of "/home/maxim/git/ROS2/ros2_ws/install/matrix_interface/lib/libmatrix_interface__rosidl_typesupport_cpp.so" to ""
[5.796s] -- Installing: /home/maxim/git/ROS2/ros2_ws/install/matrix_interface/share/matrix_interface/environment/pythonpath.sh
[5.796s] -- Installing: /home/maxim/git/ROS2/ros2_ws/install/matrix_interface/share/matrix_interface/environment/pythonpath.dsv
[5.796s] -- Installing: /home/maxim/git/ROS2/ros2_ws/install/matrix_interface/local/lib/python3.10/dist-packages/matrix_interface-0.0.0-py3.10.egg-info
[5.797s] -- Installing: /home/maxim/git/ROS2/ros2_ws/install/matrix_interface/local/lib/python3.10/dist-packages/matrix_interface-0.0.0-py3.10.egg-info/top_level.txt
[5.797s] -- Installing: /home/maxim/git/ROS2/ros2_ws/install/matrix_interface/local/lib/python3.10/dist-packages/matrix_interface-0.0.0-py3.10.egg-info/SOURCES.txt
[5.797s] -- Installing: /home/maxim/git/ROS2/ros2_ws/install/matrix_interface/local/lib/python3.10/dist-packages/matrix_interface-0.0.0-py3.10.egg-info/PKG-INFO
[5.797s] -- Installing: /home/maxim/git/ROS2/ros2_ws/install/matrix_interface/local/lib/python3.10/dist-packages/matrix_interface-0.0.0-py3.10.egg-info/dependency_links.txt
[5.797s] -- Installing: /home/maxim/git/ROS2/ros2_ws/install/matrix_interface/local/lib/python3.10/dist-packages/matrix_interface
[5.797s] -- Installing: /home/maxim/git/ROS2/ros2_ws/install/matrix_interface/local/lib/python3.10/dist-packages/matrix_interface/_matrix_interface_s.ep.rosidl_typesupport_fastrtps_c.c
[5.797s] -- Installing: /home/maxim/git/ROS2/ros2_ws/install/matrix_interface/local/lib/python3.10/dist-packages/matrix_interface/libmatrix_interface__rosidl_generator_py.so
[5.797s] -- Installing: /home/maxim/git/ROS2/ros2_ws/install/matrix_interface/local/lib/python3.10/dist-packages/matrix_interface/srv
[5.798s] -- Installing: /home/maxim/git/ROS2/ros2_ws/install/matrix_interface/local/lib/python3.10/dist-packages/matrix_interface/srv/_matrix3x3.py
[5.798s] -- Installing: /home/maxim/git/ROS2/ros2_ws/install/matrix_interface/local/lib/python3.10/dist-packages/matrix_interface/srv/_matrix3x3_s.c
[5.798s] -- Installing: /home/maxim/git/ROS2/ros2_ws/install/matrix_interface/local/lib/python3.10/dist-packages/matrix_interface/srv/__init__.py
[5.798s] -- Installing: /home/maxim/git/ROS2/ros2_ws/install/matrix_interface/local/lib/python3.10/dist-packages/matrix_interface/_matrix_interface_s.ep.rosidl_typesupport_c.c
[5.798s] -- Installing: /home/maxim/git/ROS2/ros2_ws/install/matrix_interface/local/lib/python3.10/dist-packages/matrix_interface/_matrix_interface_s.ep.rosidl_typesupport_introspection_c.c
[5.798s] -- Installing: /home/maxim/git/ROS2/ros2_ws/install/matrix_interface/local/lib/python3.10/dist-packages/matrix_interface/matrix_interface_s__rosidl_typesupport_c.cpython-310-x86_64-linux-gnu.so
[5.798s] -- Installing: /home/maxim/git/ROS2/ros2_ws/install/matrix_interface/local/lib/python3.10/dist-packages/matrix_interface/__init__.py
[5.799s] -- Installing: /home/maxim/git/ROS2/ros2_ws/install/matrix_interface/local/lib/python3.10/dist-packages/matrix_interface/matrix_interface_s__rosidl_typesupport_introspection_c.cpython-310-x86_64-linux-gnu.so
[5.799s] -- Installing: /home/maxim/git/ROS2/ros2_ws/install/matrix_interface/local/lib/python3.10/dist-packages/matrix_interface/matrix_interface_s__rosidl_typesupport_fastrtps_c.cpython-310-x86_64-linux-gnu.so
[5.799s] -- Installing: /home/maxim/git/ROS2/ros2_ws/install/matrix_interface/local/lib/python3.10/dist-packages/matrix_interface/msg
[5.799s] -- Installing: /home/maxim/git/ROS2/ros2_ws/install/matrix_interface/local/lib/python3.10/dist-packages/matrix_interface/msg/_message.py
[5.799s] -- Installing: /home/maxim/git/ROS2/ros2_ws/install/matrix_interface/local/lib/python3.10/dist-packages/matrix_interface/msg/_message_s.c
[5.799s] -- Installing: /home/maxim/git/ROS2/ros2_ws/install/matrix_interface/local/lib/python3.10/dist-packages/matrix_interface/msg/__init__.py
[5.841s] Listing '/home/maxim/git/ROS2/ros2_ws/install/matrix_interface/local/lib/python3.10/dist-packages/matrix_interface'...
[5.842s] Compiling '/home/maxim/git/ROS2/ros2_ws/install/matrix_interface/local/lib/python3.10/dist-packages/matrix_interface/__init__.py'...
[5.842s] Listing '/home/maxim/git/ROS2/ros2_ws/install/matrix_interface/local/lib/python3.10/dist-packages/matrix_interface/msg'...
[5.842s] Compiling '/home/maxim/git/ROS2/ros2_ws/install/matrix_interface/local/lib/python3.10/dist-packages/matrix_interface/msg/__init__.py'...
[5.842s] Compiling '/home/maxim/git/ROS2/ros2_ws/install/matrix_interface/local/lib/python3.10/dist-packages/matrix_interface/msg/_message.py'...
[5.842s] Listing '/home/maxim/git/ROS2/ros2_ws/install/matrix_interface/local/lib/python3.10/dist-packages/matrix_interface/srv'...
[5.842s] Compiling '/home/maxim/git/ROS2/ros2_ws/install/matrix_interface/local/lib/python3.10/dist-packages/matrix_interface/srv/__init__.py'...
[5.842s] Compiling '/home/maxim/git/ROS2/ros2_ws/install/matrix_interface/local/lib/python3.10/dist-packages/matrix_interface/srv/_matrix3x3.py'...
[5.848s] -- Installing: /home/maxim/git/ROS2/ros2_ws/install/matrix_interface/local/lib/python3.10/dist-packages/matrix_interface/matrix_interface_s__rosidl_typesupport_fastrtps_c.cpython-310-x86_64-linux-gnu.so
[5.849s] -- Set runtime path of "/home/maxim/git/ROS2/ros2_ws/install/matrix_interface/local/lib/python3.10/dist-packages/matrix_interface/matrix_interface_s__rosidl_typesupport_fastrtps_c.cpython-310-x86_64-linux-gnu.so" to ""
[5.849s] -- Installing: /home/maxim/git/ROS2/ros2_ws/install/matrix_interface/local/lib/python3.10/dist-packages/matrix_interface/matrix_interface_s__rosidl_typesupport_introspection_c.cpython-310-x86_64-linux-gnu.so
[5.849s] -- Set runtime path of "/home/maxim/git/ROS2/ros2_ws/install/matrix_interface/local/lib/python3.10/dist-packages/matrix_interface/matrix_interface_s__rosidl_typesupport_introspection_c.cpython-310-x86_64-linux-gnu.so" to ""
[5.850s] -- Installing: /home/maxim/git/ROS2/ros2_ws/install/matrix_interface/local/lib/python3.10/dist-packages/matrix_interface/matrix_interface_s__rosidl_typesupport_c.cpython-310-x86_64-linux-gnu.so
[5.850s] -- Set runtime path of "/home/maxim/git/ROS2/ros2_ws/install/matrix_interface/local/lib/python3.10/dist-packages/matrix_interface/matrix_interface_s__rosidl_typesupport_c.cpython-310-x86_64-linux-gnu.so" to ""
[5.850s] -- Installing: /home/maxim/git/ROS2/ros2_ws/install/matrix_interface/lib/libmatrix_interface__rosidl_generator_py.so
[5.850s] -- Set runtime path of "/home/maxim/git/ROS2/ros2_ws/install/matrix_interface/lib/libmatrix_interface__rosidl_generator_py.so" to ""
[5.850s] -- Installing: /home/maxim/git/ROS2/ros2_ws/install/matrix_interface/share/matrix_interface/msg/Message.idl
[5.851s] -- Installing: /home/maxim/git/ROS2/ros2_ws/install/matrix_interface/share/matrix_interface/srv/Matrix3x3.idl
[5.851s] -- Installing: /home/maxim/git/ROS2/ros2_ws/install/matrix_interface/share/matrix_interface/msg/Message.msg
[5.851s] -- Installing: /home/maxim/git/ROS2/ros2_ws/install/matrix_interface/share/matrix_interface/srv/Matrix3x3.srv
[5.851s] -- Installing: /home/maxim/git/ROS2/ros2_ws/install/matrix_interface/share/matrix_interface/srv/Matrix3x3_Request.msg
[5.851s] -- Installing: /home/maxim/git/ROS2/ros2_ws/install/matrix_interface/share/matrix_interface/srv/Matrix3x3_Response.msg
[5.851s] -- Installing: /home/maxim/git/ROS2/ros2_ws/install/matrix_interface/share/ament_index/resource_index/package_run_dependencies/matrix_interface
[5.852s] -- Installing: /home/maxim/git/ROS2/ros2_ws/install/matrix_interface/share/ament_index/resource_index/parent_prefix_path/matrix_interface
[5.852s] -- Installing: /home/maxim/git/ROS2/ros2_ws/install/matrix_interface/share/matrix_interface/environment/ament_prefix_path.sh
[5.852s] -- Installing: /home/maxim/git/ROS2/ros2_ws/install/matrix_interface/share/matrix_interface/environment/ament_prefix_path.dsv
[5.852s] -- Installing: /home/maxim/git/ROS2/ros2_ws/install/matrix_interface/share/matrix_interface/environment/path.sh
[5.852s] -- Installing: /home/maxim/git/ROS2/ros2_ws/install/matrix_interface/share/matrix_interface/environment/path.dsv
[5.852s] -- Installing: /home/maxim/git/ROS2/ros2_ws/install/matrix_interface/share/matrix_interface/local_setup.bash
[5.853s] -- Installing: /home/maxim/git/ROS2/ros2_ws/install/matrix_interface/share/matrix_interface/local_setup.sh
[5.853s] -- Installing: /home/maxim/git/ROS2/ros2_ws/install/matrix_interface/share/matrix_interface/local_setup.zsh
[5.853s] -- Installing: /home/maxim/git/ROS2/ros2_ws/install/matrix_interface/share/matrix_interface/local_setup.dsv
[5.853s] -- Installing: /home/maxim/git/ROS2/ros2_ws/install/matrix_interface/share/matrix_interface/package.dsv
[5.853s] -- Installing: /home/maxim/git/ROS2/ros2_ws/install/matrix_interface/share/ament_index/resource_index/packages/matrix_interface
[5.854s] -- Installing: /home/maxim/git/ROS2/ros2_ws/install/matrix_interface/share/matrix_interface/cmake/export_matrix_interface__rosidl_generator_cExport.cmake
[5.854s] -- Installing: /home/maxim/git/ROS2/ros2_ws/install/matrix_interface/share/matrix_interface/cmake/export_matrix_interface__rosidl_generator_cExport-noconfig.cmake
[5.854s] -- Installing: /home/maxim/git/ROS2/ros2_ws/install/matrix_interface/share/matrix_interface/cmake/export_matrix_interface__rosidl_typesupport_fastrtps_cExport.cmake
[5.854s] -- Installing: /home/maxim/git/ROS2/ros2_ws/install/matrix_interface/share/matrix_interface/cmake/export_matrix_interface__rosidl_typesupport_fastrtps_cExport-noconfig.cmake
[5.855s] -- Installing: /home/maxim/git/ROS2/ros2_ws/install/matrix_interface/share/matrix_interface/cmake/matrix_interface__rosidl_typesupport_introspection_cExport.cmake
[5.855s] -- Installing: /home/maxim/git/ROS2/ros2_ws/install/matrix_interface/share/matrix_interface/cmake/matrix_interface__rosidl_typesupport_introspection_cExport-noconfig.cmake
[5.855s] -- Installing: /home/maxim/git/ROS2/ros2_ws/install/matrix_interface/share/matrix_interface/cmake/matrix_interface__rosidl_typesupport_cExport.cmake
[5.855s] -- Installing: /home/maxim/git/ROS2/ros2_ws/install/matrix_interface/share/matrix_interface/cmake/matrix_interface__rosidl_typesupport_cExport-noconfig.cmake
[5.855s] -- Installing: /home/maxim/git/ROS2/ros2_ws/install/matrix_interface/share/matrix_interface/cmake/export_matrix_interface__rosidl_generator_cppExport.cmake
[5.855s] -- Installing: /home/maxim/git/ROS2/ros2_ws/install/matrix_interface/share/matrix_interface/cmake/export_matrix_interface__rosidl_typesupport_fastrtps_cppExport.cmake
[5.856s] -- Installing: /home/maxim/git/ROS2/ros2_ws/install/matrix_interface/share/matrix_interface/cmake/export_matrix_interface__rosidl_typesupport_fastrtps_cppExport-noconfig.cmake
[5.856s] -- Installing: /home/maxim/git/ROS2/ros2_ws/install/matrix_interface/share/matrix_interface/cmake/matrix_interface__rosidl_typesupport_introspection_cppExport.cmake
[5.856s] -- Installing: /home/maxim/git/ROS2/ros2_ws/install/matrix_interface/share/matrix_interface/cmake/matrix_interface__rosidl_typesupport_introspection_cppExport-noconfig.cmake
[5.856s] -- Installing: /home/maxim/git/ROS2/ros2_ws/install/matrix_interface/share/matrix_interface/cmake/matrix_interface__rosidl_typesupport_cppExport.cmake
[5.856s] -- Installing: /home/maxim/git/ROS2/ros2_ws/install/matrix_interface/share/matrix_interface/cmake/matrix_interface__rosidl_typesupport_cppExport-noconfig.cmake
[5.856s] -- Installing: /home/maxim/git/ROS2/ros2_ws/install/matrix_interface/share/matrix_interface/cmake/export_matrix_interface__rosidl_generator_pyExport.cmake
[5.856s] -- Installing: /home/maxim/git/ROS2/ros2_ws/install/matrix_interface/share/matrix_interface/cmake/export_matrix_interface__rosidl_generator_pyExport-noconfig.cmake
[5.857s] -- Installing: /home/maxim/git/ROS2/ros2_ws/install/matrix_interface/share/matrix_interface/cmake/rosidl_cmake-extras.cmake
[5.857s] -- Installing: /home/maxim/git/ROS2/ros2_ws/install/matrix_interface/share/matrix_interface/cmake/ament_cmake_export_include_directories-extras.cmake
[5.857s] -- Installing: /home/maxim/git/ROS2/ros2_ws/install/matrix_interface/share/matrix_interface/cmake/ament_cmake_export_libraries-extras.cmake
[5.857s] -- Installing: /home/maxim/git/ROS2/ros2_ws/install/matrix_interface/share/matrix_interface/cmake/ament_cmake_export_targets-extras.cmake
[5.857s] -- Installing: /home/maxim/git/ROS2/ros2_ws/install/matrix_interface/share/matrix_interface/cmake/rosidl_cmake_export_typesupport_targets-extras.cmake
[5.857s] -- Installing: /home/maxim/git/ROS2/ros2_ws/install/matrix_interface/share/matrix_interface/cmake/ament_cmake_export_dependencies-extras.cmake
[5.857s] -- Installing: /home/maxim/git/ROS2/ros2_ws/install/matrix_interface/share/matrix_interface/cmake/rosidl_cmake_export_typesupport_libraries-extras.cmake
[5.858s] -- Installing: /home/maxim/git/ROS2/ros2_ws/install/matrix_interface/share/matrix_interface/cmake/matrix_interfaceConfig.cmake
[5.858s] -- Installing: /home/maxim/git/ROS2/ros2_ws/install/matrix_interface/share/matrix_interface/cmake/matrix_interfaceConfig-version.cmake
[5.858s] -- Installing: /home/maxim/git/ROS2/ros2_ws/install/matrix_interface/share/matrix_interface/package.xml
[5.860s] Invoked command in '/home/maxim/git/ROS2/ros2_ws/build/matrix_interface' returned '0': CMAKE_PREFIX_PATH=${CMAKE_PREFIX_PATH}:/opt/ros/humble /usr/bin/cmake --install /home/maxim/git/ROS2/ros2_ws/build/matrix_interface
