[35m[1mConsolidate compiler generated dependencies of target parameter_event_handler[0m
[ 50%] [32mBuilding CXX object CMakeFiles/parameter_event_handler.dir/src/parameter_event_handler.cpp.o[0m
[100%] [32m[1mLinking CXX executable parameter_event_handler[0m
[100%] Built target parameter_event_handler
-- Install configuration: ""
-- Installing: /home/maxim/git/ROS2/ros2_ws/install/cpp_parameter_event_handler/lib/cpp_parameter_event_handler/parameter_event_handler
-- Set runtime path of "/home/maxim/git/ROS2/ros2_ws/install/cpp_parameter_event_handler/lib/cpp_parameter_event_handler/parameter_event_handler" to ""
-- Installing: /home/maxim/git/ROS2/ros2_ws/install/cpp_parameter_event_handler/share/ament_index/resource_index/package_run_dependencies/cpp_parameter_event_handler
-- Installing: /home/maxim/git/ROS2/ros2_ws/install/cpp_parameter_event_handler/share/ament_index/resource_index/parent_prefix_path/cpp_parameter_event_handler
-- Installing: /home/maxim/git/ROS2/ros2_ws/install/cpp_parameter_event_handler/share/cpp_parameter_event_handler/environment/ament_prefix_path.sh
-- Installing: /home/maxim/git/ROS2/ros2_ws/install/cpp_parameter_event_handler/share/cpp_parameter_event_handler/environment/ament_prefix_path.dsv
-- Installing: /home/maxim/git/ROS2/ros2_ws/install/cpp_parameter_event_handler/share/cpp_parameter_event_handler/environment/path.sh
-- Installing: /home/maxim/git/ROS2/ros2_ws/install/cpp_parameter_event_handler/share/cpp_parameter_event_handler/environment/path.dsv
-- Installing: /home/maxim/git/ROS2/ros2_ws/install/cpp_parameter_event_handler/share/cpp_parameter_event_handler/local_setup.bash
-- Installing: /home/maxim/git/ROS2/ros2_ws/install/cpp_parameter_event_handler/share/cpp_parameter_event_handler/local_setup.sh
-- Installing: /home/maxim/git/ROS2/ros2_ws/install/cpp_parameter_event_handler/share/cpp_parameter_event_handler/local_setup.zsh
-- Installing: /home/maxim/git/ROS2/ros2_ws/install/cpp_parameter_event_handler/share/cpp_parameter_event_handler/local_setup.dsv
-- Installing: /home/maxim/git/ROS2/ros2_ws/install/cpp_parameter_event_handler/share/cpp_parameter_event_handler/package.dsv
-- Installing: /home/maxim/git/ROS2/ros2_ws/install/cpp_parameter_event_handler/share/ament_index/resource_index/packages/cpp_parameter_event_handler
-- Installing: /home/maxim/git/ROS2/ros2_ws/install/cpp_parameter_event_handler/share/cpp_parameter_event_handler/cmake/cpp_parameter_event_handlerConfig.cmake
-- Installing: /home/maxim/git/ROS2/ros2_ws/install/cpp_parameter_event_handler/share/cpp_parameter_event_handler/cmake/cpp_parameter_event_handlerConfig-version.cmake
-- Installing: /home/maxim/git/ROS2/ros2_ws/install/cpp_parameter_event_handler/share/cpp_parameter_event_handler/package.xml
