[0.117s] Invoking command in '/home/maxim/git/ROS2/ros2_ws/build/cpp_srvcli': CMAKE_PREFIX_PATH=${CMAKE_PREFIX_PATH}:/opt/ros/humble LD_LIBRARY_PATH=/home/maxim/git/ROS2/ros2_ws/install/tutorial_interfaces/lib:/usr/lib/x86_64-linux-gnu/gazebo-11/plugins:/opt/ros/humble/opt/rviz_ogre_vendor/lib:/opt/ros/humble/lib/x86_64-linux-gnu:/opt/ros/humble/lib:/usr/share/gazebo/../../lib/x86_64-linux-gnu/gazebo-11/plugins:/usr/share/gazebo/../../lib/x86_64-linux-gnu/gazebo-11/plugins:/usr/share/gazebo/../../lib/x86_64-linux-gnu/gazebo-11/plugins /usr/bin/cmake --build /home/maxim/git/ROS2/ros2_ws/build/cpp_srvcli -- -j12 -l12
[0.221s] -- Found ament_cmake: 1.3.8 (/opt/ros/humble/share/ament_cmake/cmake)
[0.453s] -- Found rclcpp: 16.0.8 (/opt/ros/humble/share/rclcpp/cmake)
[0.512s] -- Found rosidl_generator_c: 3.1.5 (/opt/ros/humble/share/rosidl_generator_c/cmake)
[0.517s] -- Found rosidl_adapter: 3.1.5 (/opt/ros/humble/share/rosidl_adapter/cmake)
[0.528s] -- Found rosidl_generator_cpp: 3.1.5 (/opt/ros/humble/share/rosidl_generator_cpp/cmake)
[0.547s] -- Using all available rosidl_typesupport_c: rosidl_typesupport_fastrtps_c;rosidl_typesupport_introspection_c
[0.574s] -- Using all available rosidl_typesupport_cpp: rosidl_typesupport_fastrtps_cpp;rosidl_typesupport_introspection_cpp
[0.672s] -- Found rmw_implementation_cmake: 6.1.1 (/opt/ros/humble/share/rmw_implementation_cmake/cmake)
[0.675s] -- Found rmw_fastrtps_cpp: 6.2.6 (/opt/ros/humble/share/rmw_fastrtps_cpp/cmake)
[0.909s] -- Using RMW implementation 'rmw_fastrtps_cpp' as default
[1.159s] -- Found tutorial_interfaces: 0.0.0 (/home/maxim/git/ROS2/ros2_ws/install/tutorial_interfaces/share/tutorial_interfaces/cmake)
[1.446s] -- Configuring done
[1.470s] -- Generating done
[1.473s] -- Build files have been written to: /home/maxim/git/ROS2/ros2_ws/build/cpp_srvcli
[1.516s] [35m[1mConsolidate compiler generated dependencies of target client[0m
[1.522s] [35m[1mConsolidate compiler generated dependencies of target server[0m
[1.565s] [ 25%] [32mBuilding CXX object CMakeFiles/client.dir/src/add_two_ints_client.cpp.o[0m
[1.566s] [ 50%] [32mBuilding CXX object CMakeFiles/server.dir/src/add_two_ints_server.cpp.o[0m
[4.773s] [01m[K/home/maxim/git/ROS2/ros2_ws/src/cpp_srvcli/src/add_two_ints_server.cpp:9:53:[m[K [01;31m[Kerror: [m[K‘[01m[KAddTheeInts[m[K’ is not a member of ‘[01m[Ktutorial_interfaces::srv[m[K’; did you mean ‘[01m[KAddThreeInts[m[K’?
[4.776s]     9 |           std::shared_ptr<tutorial_interfaces::srv::[01;31m[KAddTheeInts[m[K::Response> response)
[4.776s]       |                                                     [01;31m[K^~~~~~~~~~~[m[K
[4.776s]       |                                                     [32m[KAddThreeInts[m[K
[4.776s] [01m[K/home/maxim/git/ROS2/ros2_ws/src/cpp_srvcli/src/add_two_ints_server.cpp:9:74:[m[K [01;31m[Kerror: [m[Ktemplate argument 1 is invalid
[4.776s]     9 |           std::shared_ptr<tutorial_interfaces::srv::AddTheeInts::Response[01;31m[K>[m[K response)
[4.776s]       |                                                                          [01;31m[K^[m[K
[4.776s] [01m[K/home/maxim/git/ROS2/ros2_ws/src/cpp_srvcli/src/add_two_ints_server.cpp:9:53:[m[K [01;31m[Kerror: [m[K‘[01m[KAddTheeInts[m[K’ is not a member of ‘[01m[Ktutorial_interfaces::srv[m[K’; did you mean ‘[01m[KAddThreeInts[m[K’?
[4.777s]     9 |           std::shared_ptr<tutorial_interfaces::srv::[01;31m[KAddTheeInts[m[K::Response> response)
[4.777s]       |                                                     [01;31m[K^~~~~~~~~~~[m[K
[4.777s]       |                                                     [32m[KAddThreeInts[m[K
[4.777s] [01m[K/home/maxim/git/ROS2/ros2_ws/src/cpp_srvcli/src/add_two_ints_server.cpp:9:74:[m[K [01;31m[Kerror: [m[Ktemplate argument 1 is invalid
[4.777s]     9 |           std::shared_ptr<tutorial_interfaces::srv::AddTheeInts::Response[01;31m[K>[m[K response)
[4.777s]       |                                                                          [01;31m[K^[m[K
[4.777s] [01m[K/home/maxim/git/ROS2/ros2_ws/src/cpp_srvcli/src/add_two_ints_server.cpp:9:53:[m[K [01;31m[Kerror: [m[K‘[01m[KAddTheeInts[m[K’ is not a member of ‘[01m[Ktutorial_interfaces::srv[m[K’; did you mean ‘[01m[KAddThreeInts[m[K’?
[4.777s]     9 |           std::shared_ptr<tutorial_interfaces::srv::[01;31m[KAddTheeInts[m[K::Response> response)
[4.777s]       |                                                     [01;31m[K^~~~~~~~~~~[m[K
[4.777s]       |                                                     [32m[KAddThreeInts[m[K
[4.778s] [01m[K/home/maxim/git/ROS2/ros2_ws/src/cpp_srvcli/src/add_two_ints_server.cpp:9:74:[m[K [01;31m[Kerror: [m[Ktemplate argument 1 is invalid
[4.778s]     9 |           std::shared_ptr<tutorial_interfaces::srv::AddTheeInts::Response[01;31m[K>[m[K response)
[4.778s]       |                                                                          [01;31m[K^[m[K
[4.778s] [01m[K/home/maxim/git/ROS2/ros2_ws/src/cpp_srvcli/src/add_two_ints_server.cpp:9:11:[m[K [01;31m[Kerror: [m[Kinvalid template-id
[4.778s]     9 |           [01;31m[Kstd[m[K::shared_ptr<tutorial_interfaces::srv::AddTheeInts::Response> response)
[4.778s]       |           [01;31m[K^~~[m[K
[4.778s] [01m[K/home/maxim/git/ROS2/ros2_ws/src/cpp_srvcli/src/add_two_ints_server.cpp:9:53:[m[K [01;31m[Kerror: [m[K‘[01m[Ktutorial_interfaces::srv::AddTheeInts[m[K’ has not been declared
[4.778s]     9 |           std::shared_ptr<tutorial_interfaces::srv::[01;31m[KAddTheeInts[m[K::Response> response)
[4.778s]       |                                                     [01;31m[K^~~~~~~~~~~[m[K
[4.778s] [01m[K/home/maxim/git/ROS2/ros2_ws/src/cpp_srvcli/src/add_two_ints_server.cpp:9:11:[m[K [01;31m[Kerror: [m[Kclass template placeholder ‘[01m[Kstd::shared_ptr[m[K’ not permitted in this context
[4.779s]     9 |           [01;31m[Kstd[m[K::shared_ptr<tutorial_interfaces::srv::AddTheeInts::Response> response)
[4.779s]       |           [01;31m[K^~~[m[K
[4.784s] [01m[K/home/maxim/git/ROS2/ros2_ws/src/cpp_srvcli/src/add_two_ints_server.cpp:[m[K In function ‘[01m[Kvoid add(...)[m[K’:
[4.785s] [01m[K/home/maxim/git/ROS2/ros2_ws/src/cpp_srvcli/src/add_two_ints_server.cpp:11:5:[m[K [01;31m[Kerror: [m[K‘[01m[Kresponse[m[K’ was not declared in this scope
[4.785s]    11 |     [01;31m[Kresponse[m[K->sum = request->a + request->b + request->c;
[4.785s]       |     [01;31m[K^~~~~~~~[m[K
[5.225s] In file included from [01m[K/opt/ros/humble/include/rclcpp/rclcpp/client.hpp:39[m[K,
[5.225s]                  from [01m[K/opt/ros/humble/include/rclcpp/rclcpp/callback_group.hpp:24[m[K,
[5.225s]                  from [01m[K/opt/ros/humble/include/rclcpp/rclcpp/any_executable.hpp:20[m[K,
[5.225s]                  from [01m[K/opt/ros/humble/include/rclcpp/rclcpp/memory_strategy.hpp:25[m[K,
[5.225s]                  from [01m[K/opt/ros/humble/include/rclcpp/rclcpp/memory_strategies.hpp:18[m[K,
[5.225s]                  from [01m[K/opt/ros/humble/include/rclcpp/rclcpp/executor_options.hpp:20[m[K,
[5.226s]                  from [01m[K/opt/ros/humble/include/rclcpp/rclcpp/executor.hpp:37[m[K,
[5.226s]                  from [01m[K/opt/ros/humble/include/rclcpp/rclcpp/executors/multi_threaded_executor.hpp:25[m[K,
[5.226s]                  from [01m[K/opt/ros/humble/include/rclcpp/rclcpp/executors.hpp:21[m[K,
[5.226s]                  from [01m[K/opt/ros/humble/include/rclcpp/rclcpp/rclcpp.hpp:155[m[K,
[5.226s]                  from [01m[K/home/maxim/git/ROS2/ros2_ws/src/cpp_srvcli/src/add_two_ints_server.cpp:3[m[K:
[5.226s] /opt/ros/humble/include/rclcpp/rclcpp/function_traits.hpp: In instantiation of ‘[01m[Kstruct rclcpp::function_traits::function_traits<void (*)(...)>[m[K’:
[5.226s] [01m[K/opt/ros/humble/include/rclcpp/rclcpp/function_traits.hpp:165:8:[m[K   required from ‘[01m[Kstruct rclcpp::function_traits::same_arguments<void (*)(...), std::function<void(std::shared_ptr<tutorial_interfaces::srv::AddThreeInts_Request_<std::allocator<void> > >, std::shared_ptr<tutorial_interfaces::srv::AddThreeInts_Response_<std::allocator<void> > >)> >[m[K’
[5.227s] [01m[K/opt/ros/humble/include/rclcpp/rclcpp/any_service_callback.hpp:121:10:[m[K   required from ‘[01m[Kvoid rclcpp::AnyServiceCallback<ServiceT>::set(CallbackT&&) [with CallbackT = void (*)(...); typename std::enable_if<rclcpp::detail::can_be_nullptr<CallbackT>::value, int>::type <anonymous> = 0; ServiceT = tutorial_interfaces::srv::AddThreeInts][m[K’
[5.227s] [01m[K/opt/ros/humble/include/rclcpp/rclcpp/create_service.hpp:43:27:[m[K   required from ‘[01m[Ktypename rclcpp::Service<ServiceT>::SharedPtr rclcpp::create_service(std::shared_ptr<rclcpp::node_interfaces::NodeBaseInterface>, std::shared_ptr<rclcpp::node_interfaces::NodeServicesInterface>, const string&, CallbackT&&, const rmw_qos_profile_t&, rclcpp::CallbackGroup::SharedPtr) [with ServiceT = tutorial_interfaces::srv::AddThreeInts; CallbackT = void (*)(...); typename rclcpp::Service<ServiceT>::SharedPtr = std::shared_ptr<rclcpp::Service<tutorial_interfaces::srv::AddThreeInts> >; std::string = std::__cxx11::basic_string<char>; rmw_qos_profile_t = rmw_qos_profile_s; rclcpp::CallbackGroup::SharedPtr = std::shared_ptr<rclcpp::CallbackGroup>][m[K’
[5.227s] [01m[K/opt/ros/humble/include/rclcpp/rclcpp/node_impl.hpp:147:53:[m[K   required from ‘[01m[Ktypename rclcpp::Service<ServiceT>::SharedPtr rclcpp::Node::create_service(const string&, CallbackT&&, const rmw_qos_profile_t&, rclcpp::CallbackGroup::SharedPtr) [with ServiceT = tutorial_interfaces::srv::AddThreeInts; CallbackT = void (*)(...); typename rclcpp::Service<ServiceT>::SharedPtr = std::shared_ptr<rclcpp::Service<tutorial_interfaces::srv::AddThreeInts> >; std::string = std::__cxx11::basic_string<char>; rmw_qos_profile_t = rmw_qos_profile_s; rclcpp::CallbackGroup::SharedPtr = std::shared_ptr<rclcpp::CallbackGroup>][m[K’
[5.228s] [01m[K/home/maxim/git/ROS2/ros2_ws/src/cpp_srvcli/src/add_two_ints_server.cpp:25:69:[m[K   required from here
[5.228s] [01m[K/opt/ros/humble/include/rclcpp/rclcpp/function_traits.hpp:52:40:[m[K [01;31m[Kerror: [m[K‘[01m[Koperator()[m[K’ is not a member of ‘[01m[Kvoid (*)(...)[m[K’
[5.228s]    52 |     typename function_traits<decltype( [01;31m[K&FunctionT::operator()[m[K)>::arguments>::type;
[5.228s]       |                                        [01;31m[K^~~~~~~~~~~~~~~~~~~~~~[m[K
[5.228s] [01m[K/opt/ros/humble/include/rclcpp/rclcpp/function_traits.hpp:52:40:[m[K [01;31m[Kerror: [m[K‘[01m[Koperator()[m[K’ is not a member of ‘[01m[Kvoid (*)(...)[m[K’
[5.228s] [01m[K/opt/ros/humble/include/rclcpp/rclcpp/function_traits.hpp:52:40:[m[K [01;31m[Kerror: [m[K‘[01m[Koperator()[m[K’ is not a member of ‘[01m[Kvoid (*)(...)[m[K’
[5.228s] In file included from [01m[K/opt/ros/humble/include/rclcpp/rclcpp/service.hpp:36[m[K,
[5.229s]                  from [01m[K/opt/ros/humble/include/rclcpp/rclcpp/callback_group.hpp:28[m[K,
[5.229s]                  from [01m[K/opt/ros/humble/include/rclcpp/rclcpp/any_executable.hpp:20[m[K,
[5.229s]                  from [01m[K/opt/ros/humble/include/rclcpp/rclcpp/memory_strategy.hpp:25[m[K,
[5.229s]                  from [01m[K/opt/ros/humble/include/rclcpp/rclcpp/memory_strategies.hpp:18[m[K,
[5.229s]                  from [01m[K/opt/ros/humble/include/rclcpp/rclcpp/executor_options.hpp:20[m[K,
[5.229s]                  from [01m[K/opt/ros/humble/include/rclcpp/rclcpp/executor.hpp:37[m[K,
[5.230s]                  from [01m[K/opt/ros/humble/include/rclcpp/rclcpp/executors/multi_threaded_executor.hpp:25[m[K,
[5.230s]                  from [01m[K/opt/ros/humble/include/rclcpp/rclcpp/executors.hpp:21[m[K,
[5.230s]                  from [01m[K/opt/ros/humble/include/rclcpp/rclcpp/rclcpp.hpp:155[m[K,
[5.230s]                  from [01m[K/home/maxim/git/ROS2/ros2_ws/src/cpp_srvcli/src/add_two_ints_server.cpp:3[m[K:
[5.230s] /opt/ros/humble/include/rclcpp/rclcpp/any_service_callback.hpp: In instantiation of ‘[01m[Kvoid rclcpp::AnyServiceCallback<ServiceT>::set(CallbackT&&) [with CallbackT = void (*)(...); typename std::enable_if<rclcpp::detail::can_be_nullptr<CallbackT>::value, int>::type <anonymous> = 0; ServiceT = tutorial_interfaces::srv::AddThreeInts][m[K’:
[5.231s] [01m[K/opt/ros/humble/include/rclcpp/rclcpp/create_service.hpp:43:27:[m[K   required from ‘[01m[Ktypename rclcpp::Service<ServiceT>::SharedPtr rclcpp::create_service(std::shared_ptr<rclcpp::node_interfaces::NodeBaseInterface>, std::shared_ptr<rclcpp::node_interfaces::NodeServicesInterface>, const string&, CallbackT&&, const rmw_qos_profile_t&, rclcpp::CallbackGroup::SharedPtr) [with ServiceT = tutorial_interfaces::srv::AddThreeInts; CallbackT = void (*)(...); typename rclcpp::Service<ServiceT>::SharedPtr = std::shared_ptr<rclcpp::Service<tutorial_interfaces::srv::AddThreeInts> >; std::string = std::__cxx11::basic_string<char>; rmw_qos_profile_t = rmw_qos_profile_s; rclcpp::CallbackGroup::SharedPtr = std::shared_ptr<rclcpp::CallbackGroup>][m[K’
[5.231s] [01m[K/opt/ros/humble/include/rclcpp/rclcpp/node_impl.hpp:147:53:[m[K   required from ‘[01m[Ktypename rclcpp::Service<ServiceT>::SharedPtr rclcpp::Node::create_service(const string&, CallbackT&&, const rmw_qos_profile_t&, rclcpp::CallbackGroup::SharedPtr) [with ServiceT = tutorial_interfaces::srv::AddThreeInts; CallbackT = void (*)(...); typename rclcpp::Service<ServiceT>::SharedPtr = std::shared_ptr<rclcpp::Service<tutorial_interfaces::srv::AddThreeInts> >; std::string = std::__cxx11::basic_string<char>; rmw_qos_profile_t = rmw_qos_profile_s; rclcpp::CallbackGroup::SharedPtr = std::shared_ptr<rclcpp::CallbackGroup>][m[K’
[5.231s] [01m[K/home/maxim/git/ROS2/ros2_ws/src/cpp_srvcli/src/add_two_ints_server.cpp:25:69:[m[K   required from here
[5.231s] [01m[K/opt/ros/humble/include/rclcpp/rclcpp/any_service_callback.hpp:121:10:[m[K [01;31m[Kerror: [m[K‘[01m[Kvalue[m[K’ is not a member of ‘[01m[Krclcpp::function_traits::same_arguments<void (*)(...), std::function<void(std::shared_ptr<tutorial_interfaces::srv::AddThreeInts_Request_<std::allocator<void> > >, std::shared_ptr<tutorial_interfaces::srv::AddThreeInts_Response_<std::allocator<void> > >)> >[m[K’
[5.231s]   121 |       >::[01;31m[Kvalue[m[K)
[5.232s]       |          [01;31m[K^~~~~[m[K
[5.232s] [01m[K/opt/ros/humble/include/rclcpp/rclcpp/any_service_callback.hpp:128:10:[m[K [01;31m[Kerror: [m[K‘[01m[Kvalue[m[K’ is not a member of ‘[01m[Krclcpp::function_traits::same_arguments<void (*)(...), std::function<void(std::shared_ptr<rmw_request_id_s>, std::shared_ptr<tutorial_interfaces::srv::AddThreeInts_Request_<std::allocator<void> > >, std::shared_ptr<tutorial_interfaces::srv::AddThreeInts_Response_<std::allocator<void> > >)> >[m[K’
[5.232s]   128 |       >::[01;31m[Kvalue[m[K)
[5.233s]       |          [01;31m[K^~~~~[m[K
[5.233s] [01m[K/opt/ros/humble/include/rclcpp/rclcpp/any_service_callback.hpp:135:10:[m[K [01;31m[Kerror: [m[K‘[01m[Kvalue[m[K’ is not a member of ‘[01m[Krclcpp::function_traits::same_arguments<void (*)(...), std::function<void(std::shared_ptr<rmw_request_id_s>, std::shared_ptr<tutorial_interfaces::srv::AddThreeInts_Request_<std::allocator<void> > >)> >[m[K’
[5.233s]   135 |       >::[01;31m[Kvalue[m[K)
[5.233s]       |          [01;31m[K^~~~~[m[K
[5.233s] [01m[K/opt/ros/humble/include/rclcpp/rclcpp/any_service_callback.hpp:142:10:[m[K [01;31m[Kerror: [m[K‘[01m[Kvalue[m[K’ is not a member of ‘[01m[Krclcpp::function_traits::same_arguments<void (*)(...), std::function<void(std::shared_ptr<rclcpp::Service<tutorial_interfaces::srv::AddThreeInts> >, std::shared_ptr<rmw_request_id_s>, std::shared_ptr<tutorial_interfaces::srv::AddThreeInts_Request_<std::allocator<void> > >)> >[m[K’
[5.233s]   142 |       >::[01;31m[Kvalue[m[K)
[5.234s]       |          [01;31m[K^~~~~[m[K
[5.238s] [01m[K/opt/ros/humble/include/rclcpp/rclcpp/any_service_callback.hpp:148:17:[m[K [01;31m[Kerror: [m[Kno match for ‘[01m[Koperator=[m[K’ (operand types are ‘[01m[Kstd::variant<std::monostate, std::function<void(std::shared_ptr<tutorial_interfaces::srv::AddThreeInts_Request_<std::allocator<void> > >, std::shared_ptr<tutorial_interfaces::srv::AddThreeInts_Response_<std::allocator<void> > >)>, std::function<void(std::shared_ptr<rmw_request_id_s>, std::shared_ptr<tutorial_interfaces::srv::AddThreeInts_Request_<std::allocator<void> > >, std::shared_ptr<tutorial_interfaces::srv::AddThreeInts_Response_<std::allocator<void> > >)>, std::function<void(std::shared_ptr<rmw_request_id_s>, std::shared_ptr<tutorial_interfaces::srv::AddThreeInts_Request_<std::allocator<void> > >)>, std::function<void(std::shared_ptr<rclcpp::Service<tutorial_interfaces::srv::AddThreeInts> >, std::shared_ptr<rmw_request_id_s>, std::shared_ptr<tutorial_interfaces::srv::AddThreeInts_Request_<std::allocator<void> > >)> >[m[K’ and ‘[01m[Kvoid (*)(...)[m[K’)
[5.239s]   148 |       [01;31m[Kcallback_ = std::forward<CallbackT>(callback)[m[K;
[5.239s]       |       [01;31m[K~~~~~~~~~~^~~~~~~~~~~~~~~~~~~~~~~~~~~~~~~~~~~[m[K
[5.239s] In file included from [01m[K/opt/ros/humble/include/rclcpp/rclcpp/client.hpp:28[m[K,
[5.239s]                  from [01m[K/opt/ros/humble/include/rclcpp/rclcpp/callback_group.hpp:24[m[K,
[5.239s]                  from [01m[K/opt/ros/humble/include/rclcpp/rclcpp/any_executable.hpp:20[m[K,
[5.240s]                  from [01m[K/opt/ros/humble/include/rclcpp/rclcpp/memory_strategy.hpp:25[m[K,
[5.240s]                  from [01m[K/opt/ros/humble/include/rclcpp/rclcpp/memory_strategies.hpp:18[m[K,
[5.241s]                  from [01m[K/opt/ros/humble/include/rclcpp/rclcpp/executor_options.hpp:20[m[K,
[5.241s]                  from [01m[K/opt/ros/humble/include/rclcpp/rclcpp/executor.hpp:37[m[K,
[5.241s]                  from [01m[K/opt/ros/humble/include/rclcpp/rclcpp/executors/multi_threaded_executor.hpp:25[m[K,
[5.241s]                  from [01m[K/opt/ros/humble/include/rclcpp/rclcpp/executors.hpp:21[m[K,
[5.241s]                  from [01m[K/opt/ros/humble/include/rclcpp/rclcpp/rclcpp.hpp:155[m[K,
[5.242s]                  from [01m[K/home/maxim/git/ROS2/ros2_ws/src/cpp_srvcli/src/add_two_ints_server.cpp:3[m[K:
[5.242s] [01m[K/usr/include/c++/11/variant:1461:9:[m[K [01;36m[Knote: [m[Kcandidate: ‘[01m[Ktemplate<class _Tp> std::enable_if_t<((__exactly_once<std::variant<_Types>::__accepted_type<_Tp&&, typename std::enable_if<__not_self<_Tp&&>, void>::type> > && is_constructible_v<std::variant<_Types>::__accepted_type<_Tp&&, typename std::enable_if<__not_self<_Tp&&>, void>::type>, _Tp>) && is_assignable_v<std::variant<_Types>::__accepted_type<_Tp&&, typename std::enable_if<__not_self<_Tp&&>, void>::type>&, _Tp>), std::variant<_Types>&> std::variant<_Types>::operator=(_Tp&&) [with _Tp = _Tp; _Types = {std::monostate, std::function<void(std::shared_ptr<tutorial_interfaces::srv::AddThreeInts_Request_<std::allocator<void> > >, std::shared_ptr<tutorial_interfaces::srv::AddThreeInts_Response_<std::allocator<void> > >)>, std::function<void(std::shared_ptr<rmw_request_id_s>, std::shared_ptr<tutorial_interfaces::srv::AddThreeInts_Request_<std::allocator<void> > >, std::shared_ptr<tutorial_interfaces::srv::AddThreeInts_Response_<std::allocator<void> > >)>, std::function<void(std::shared_ptr<rmw_request_id_s>, std::shared_ptr<tutorial_interfaces::srv::AddThreeInts_Request_<std::allocator<void> > >)>, std::function<void(std::shared_ptr<rclcpp::Service<tutorial_interfaces::srv::AddThreeInts> >, std::shared_ptr<rmw_request_id_s>, std::shared_ptr<tutorial_interfaces::srv::AddThreeInts_Request_<std::allocator<void> > >)>}][m[K’
[5.242s]  1461 |         [01;36m[Koperator[m[K=(_Tp&& __rhs)
[5.242s]       |         [01;36m[K^~~~~~~~[m[K
[5.242s] [01m[K/usr/include/c++/11/variant:1461:9:[m[K [01;36m[Knote: [m[K  template argument deduction/substitution failed:
[5.243s] /usr/include/c++/11/variant: In substitution of ‘[01m[Ktemplate<class ... _Types> template<class _Tp, class> using __accepted_type = std::variant<_Types>::__to_type<__accepted_index<_Tp> > [with _Tp = void (*&&)(...); <template-parameter-2-2> = void; _Types = {std::monostate, std::function<void(std::shared_ptr<tutorial_interfaces::srv::AddThreeInts_Request_<std::allocator<void> > >, std::shared_ptr<tutorial_interfaces::srv::AddThreeInts_Response_<std::allocator<void> > >)>, std::function<void(std::shared_ptr<rmw_request_id_s>, std::shared_ptr<tutorial_interfaces::srv::AddThreeInts_Request_<std::allocator<void> > >, std::shared_ptr<tutorial_interfaces::srv::AddThreeInts_Response_<std::allocator<void> > >)>, std::function<void(std::shared_ptr<rmw_request_id_s>, std::shared_ptr<tutorial_interfaces::srv::AddThreeInts_Request_<std::allocator<void> > >)>, std::function<void(std::shared_ptr<rclcpp::Service<tutorial_interfaces::srv::AddThreeInts> >, std::shared_ptr<rmw_request_id_s>, std::shared_ptr<tutorial_interfaces::srv::AddThreeInts_Request_<std::allocator<void> > >)>}][m[K’:
[5.243s] [01m[K/usr/include/c++/11/variant:1457:14:[m[K   required by substitution of ‘[01m[Ktemplate<class _Tp> std::enable_if_t<((__exactly_once<std::variant<std::monostate, std::function<void(std::shared_ptr<tutorial_interfaces::srv::AddThreeInts_Request_<std::allocator<void> > >, std::shared_ptr<tutorial_interfaces::srv::AddThreeInts_Response_<std::allocator<void> > >)>, std::function<void(std::shared_ptr<rmw_request_id_s>, std::shared_ptr<tutorial_interfaces::srv::AddThreeInts_Request_<std::allocator<void> > >, std::shared_ptr<tutorial_interfaces::srv::AddThreeInts_Response_<std::allocator<void> > >)>, std::function<void(std::shared_ptr<rmw_request_id_s>, std::shared_ptr<tutorial_interfaces::srv::AddThreeInts_Request_<std::allocator<void> > >)>, std::function<void(std::shared_ptr<rclcpp::Service<tutorial_interfaces::srv::AddThreeInts> >, std::shared_ptr<rmw_request_id_s>, std::shared_ptr<tutorial_interfaces::srv::AddThreeInts_Request_<std::allocator<void> > >)> >::__accepted_type<_Tp&&, typename std::enable_if<__not_self<_Tp&&>, void>::type> > && is_constructible_v<std::variant<std::monostate, std::function<void(std::shared_ptr<tutorial_interfaces::srv::AddThreeInts_Request_<std::allocator<void> > >, std::shared_ptr<tutorial_interfaces::srv::AddThreeInts_Response_<std::allocator<void> > >)>, std::function<void(std::shared_ptr<rmw_request_id_s>, std::shared_ptr<tutorial_interfaces::srv::AddThreeInts_Request_<std::allocator<void> > >, std::shared_ptr<tutorial_interfaces::srv::AddThreeInts_Response_<std::allocator<void> > >)>, std::function<void(std::shared_ptr<rmw_request_id_s>, std::shared_ptr<tutorial_interfaces::srv::AddThreeInts_Request_<std::allocator<void> > >)>, std::function<void(std::shared_ptr<rclcpp::Service<tutorial_interfaces::srv::AddThreeInts> >, std::shared_ptr<rmw_request_id_s>, std::shared_ptr<tutorial_interfaces::srv::AddThreeInts_Request_<std::allocator<void> > >)> >::__accepted_type<_Tp&&, typename std::enable_if<__not_self<_Tp&&>, void>::type>, _Tp>) && is_assignable_v<std::variant<std::monostate, std::function<void(std::shared_ptr<tutorial_interfaces::srv::AddThreeInts_Request_<std::allocator<void> > >, std::shared_ptr<tutorial_interfaces::srv::AddThreeInts_Response_<std::allocator<void> > >)>, std::function<void(std::shared_ptr<rmw_request_id_s>, std::shared_ptr<tutorial_interfaces::srv::AddThreeInts_Request_<std::allocator<void> > >, std::shared_ptr<tutorial_interfaces::srv::AddThreeInts_Response_<std::allocator<void> > >)>, std::function<void(std::shared_ptr<rmw_request_id_s>, std::shared_ptr<tutorial_interfaces::srv::AddThreeInts_Request_<std::allocator<void> > >)>, std::function<void(std::shared_ptr<rclcpp::Service<tutorial_interfaces::srv::AddThreeInts> >, std::shared_ptr<rmw_request_id_s>, std::shared_ptr<tutorial_interfaces::srv::AddThreeInts_Request_<std::allocator<void> > >)> >::__accepted_type<_Tp&&, typename std::enable_if<__not_self<_Tp&&>, void>::type>&, _Tp>), std::variant<std::monostate, std::function<void(std::shared_ptr<tutorial_interfaces::srv::AddThreeInts_Request_<std::allocator<void> > >, std::shared_ptr<tutorial_interfaces::srv::AddThreeInts_Response_<std::allocator<void> > >)>, std::function<void(std::shared_ptr<rmw_request_id_s>, std::shared_ptr<tutorial_interfaces::srv::AddThreeInts_Request_<std::allocator<void> > >, std::shared_ptr<tutorial_interfaces::srv::AddThreeInts_Response_<std::allocator<void> > >)>, std::function<void(std::shared_ptr<rmw_request_id_s>, std::shared_ptr<tutorial_interfaces::srv::AddThreeInts_Request_<std::allocator<void> > >)>, std::function<void(std::shared_ptr<rclcpp::Service<tutorial_interfaces::srv::AddThreeInts> >, std::shared_ptr<rmw_request_id_s>, std::shared_ptr<tutorial_interfaces::srv::AddThreeInts_Request_<std::allocator<void> > >)> >&> std::variant<std::monostate, std::function<void(std::shared_ptr<tutorial_interfaces::srv::AddThreeInts_Request_<std::allocator<void> > >, std::shared_ptr<tutorial_interfaces::srv::AddThreeInts_Response_<std::allocator<void> > >)>, std::function<void(std::shared_ptr<rmw_request_id_s>, std::shared_ptr<tutorial_interfaces::srv::AddThreeInts_Request_<std::allocator<void> > >, std::shared_ptr<tutorial_interfaces::srv::AddThreeInts_Response_<std::allocator<void> > >)>, std::function<void(std::shared_ptr<rmw_request_id_s>, std::shared_ptr<tutorial_interfaces::srv::AddThreeInts_Request_<std::allocator<void> > >)>, std::function<void(std::shared_ptr<rclcpp::Service<tutorial_interfaces::srv::AddThreeInts> >, std::shared_ptr<rmw_request_id_s>, std::shared_ptr<tutorial_interfaces::srv::AddThreeInts_Request_<std::allocator<void> > >)> >::operator=<_Tp>(_Tp&&) [with _Tp = void (*)(...)][m[K’
[5.243s] [01m[K/opt/ros/humble/include/rclcpp/rclcpp/any_service_callback.hpp:148:17:[m[K   required from ‘[01m[Kvoid rclcpp::AnyServiceCallback<ServiceT>::set(CallbackT&&) [with CallbackT = void (*)(...); typename std::enable_if<rclcpp::detail::can_be_nullptr<CallbackT>::value, int>::type <anonymous> = 0; ServiceT = tutorial_interfaces::srv::AddThreeInts][m[K’
[5.243s] [01m[K/opt/ros/humble/include/rclcpp/rclcpp/create_service.hpp:43:27:[m[K   required from ‘[01m[Ktypename rclcpp::Service<ServiceT>::SharedPtr rclcpp::create_service(std::shared_ptr<rclcpp::node_interfaces::NodeBaseInterface>, std::shared_ptr<rclcpp::node_interfaces::NodeServicesInterface>, const string&, CallbackT&&, const rmw_qos_profile_t&, rclcpp::CallbackGroup::SharedPtr) [with ServiceT = tutorial_interfaces::srv::AddThreeInts; CallbackT = void (*)(...); typename rclcpp::Service<ServiceT>::SharedPtr = std::shared_ptr<rclcpp::Service<tutorial_interfaces::srv::AddThreeInts> >; std::string = std::__cxx11::basic_string<char>; rmw_qos_profile_t = rmw_qos_profile_s; rclcpp::CallbackGroup::SharedPtr = std::shared_ptr<rclcpp::CallbackGroup>][m[K’
[5.244s] [01m[K/opt/ros/humble/include/rclcpp/rclcpp/node_impl.hpp:147:53:[m[K   required from ‘[01m[Ktypename rclcpp::Service<ServiceT>::SharedPtr rclcpp::Node::create_service(const string&, CallbackT&&, const rmw_qos_profile_t&, rclcpp::CallbackGroup::SharedPtr) [with ServiceT = tutorial_interfaces::srv::AddThreeInts; CallbackT = void (*)(...); typename rclcpp::Service<ServiceT>::SharedPtr = std::shared_ptr<rclcpp::Service<tutorial_interfaces::srv::AddThreeInts> >; std::string = std::__cxx11::basic_string<char>; rmw_qos_profile_t = rmw_qos_profile_s; rclcpp::CallbackGroup::SharedPtr = std::shared_ptr<rclcpp::CallbackGroup>][m[K’
[5.244s] [01m[K/home/maxim/git/ROS2/ros2_ws/src/cpp_srvcli/src/add_two_ints_server.cpp:25:69:[m[K   required from here
[5.244s] [01m[K/usr/include/c++/11/variant:1375:15:[m[K [01;31m[Kerror: [m[Kno type named ‘[01m[Ktype[m[K’ in ‘[01m[Kstruct std::enable_if<false, void>[m[K’
[5.244s]  1375 |         using [01;31m[K__accepted_type[m[K = __to_type<__accepted_index<_Tp>>;
[5.244s]       |               [01;31m[K^~~~~~~~~~~~~~~[m[K
[5.244s] /opt/ros/humble/include/rclcpp/rclcpp/any_service_callback.hpp: In instantiation of ‘[01m[Kvoid rclcpp::AnyServiceCallback<ServiceT>::set(CallbackT&&) [with CallbackT = void (*)(...); typename std::enable_if<rclcpp::detail::can_be_nullptr<CallbackT>::value, int>::type <anonymous> = 0; ServiceT = tutorial_interfaces::srv::AddThreeInts][m[K’:
[5.245s] [01m[K/opt/ros/humble/include/rclcpp/rclcpp/create_service.hpp:43:27:[m[K   required from ‘[01m[Ktypename rclcpp::Service<ServiceT>::SharedPtr rclcpp::create_service(std::shared_ptr<rclcpp::node_interfaces::NodeBaseInterface>, std::shared_ptr<rclcpp::node_interfaces::NodeServicesInterface>, const string&, CallbackT&&, const rmw_qos_profile_t&, rclcpp::CallbackGroup::SharedPtr) [with ServiceT = tutorial_interfaces::srv::AddThreeInts; CallbackT = void (*)(...); typename rclcpp::Service<ServiceT>::SharedPtr = std::shared_ptr<rclcpp::Service<tutorial_interfaces::srv::AddThreeInts> >; std::string = std::__cxx11::basic_string<char>; rmw_qos_profile_t = rmw_qos_profile_s; rclcpp::CallbackGroup::SharedPtr = std::shared_ptr<rclcpp::CallbackGroup>][m[K’
[5.245s] [01m[K/opt/ros/humble/include/rclcpp/rclcpp/node_impl.hpp:147:53:[m[K   required from ‘[01m[Ktypename rclcpp::Service<ServiceT>::SharedPtr rclcpp::Node::create_service(const string&, CallbackT&&, const rmw_qos_profile_t&, rclcpp::CallbackGroup::SharedPtr) [with ServiceT = tutorial_interfaces::srv::AddThreeInts; CallbackT = void (*)(...); typename rclcpp::Service<ServiceT>::SharedPtr = std::shared_ptr<rclcpp::Service<tutorial_interfaces::srv::AddThreeInts> >; std::string = std::__cxx11::basic_string<char>; rmw_qos_profile_t = rmw_qos_profile_s; rclcpp::CallbackGroup::SharedPtr = std::shared_ptr<rclcpp::CallbackGroup>][m[K’
[5.245s] [01m[K/home/maxim/git/ROS2/ros2_ws/src/cpp_srvcli/src/add_two_ints_server.cpp:25:69:[m[K   required from here
[5.245s] [01m[K/usr/include/c++/11/variant:1398:16:[m[K [01;36m[Knote: [m[Kcandidate: ‘[01m[Kstd::variant<_Types>& std::variant<_Types>::operator=(const std::variant<_Types>&) [with _Types = {std::monostate, std::function<void(std::shared_ptr<tutorial_interfaces::srv::AddThreeInts_Request_<std::allocator<void> > >, std::shared_ptr<tutorial_interfaces::srv::AddThreeInts_Response_<std::allocator<void> > >)>, std::function<void(std::shared_ptr<rmw_request_id_s>, std::shared_ptr<tutorial_interfaces::srv::AddThreeInts_Request_<std::allocator<void> > >, std::shared_ptr<tutorial_interfaces::srv::AddThreeInts_Response_<std::allocator<void> > >)>, std::function<void(std::shared_ptr<rmw_request_id_s>, std::shared_ptr<tutorial_interfaces::srv::AddThreeInts_Request_<std::allocator<void> > >)>, std::function<void(std::shared_ptr<rclcpp::Service<tutorial_interfaces::srv::AddThreeInts> >, std::shared_ptr<rmw_request_id_s>, std::shared_ptr<tutorial_interfaces::srv::AddThreeInts_Request_<std::allocator<void> > >)>}][m[K’
[5.245s]  1398 |       variant& [01;36m[Koperator[m[K=(const variant&) = default;
[5.246s]       |                [01;36m[K^~~~~~~~[m[K
[5.246s] [01m[K/usr/include/c++/11/variant:1398:26:[m[K [01;36m[Knote: [m[K  no known conversion for argument 1 from ‘[01m[Kvoid (*)(...)[m[K’ to ‘[01m[Kconst std::variant<std::monostate, std::function<void(std::shared_ptr<tutorial_interfaces::srv::AddThreeInts_Request_<std::allocator<void> > >, std::shared_ptr<tutorial_interfaces::srv::AddThreeInts_Response_<std::allocator<void> > >)>, std::function<void(std::shared_ptr<rmw_request_id_s>, std::shared_ptr<tutorial_interfaces::srv::AddThreeInts_Request_<std::allocator<void> > >, std::shared_ptr<tutorial_interfaces::srv::AddThreeInts_Response_<std::allocator<void> > >)>, std::function<void(std::shared_ptr<rmw_request_id_s>, std::shared_ptr<tutorial_interfaces::srv::AddThreeInts_Request_<std::allocator<void> > >)>, std::function<void(std::shared_ptr<rclcpp::Service<tutorial_interfaces::srv::AddThreeInts> >, std::shared_ptr<rmw_request_id_s>, std::shared_ptr<tutorial_interfaces::srv::AddThreeInts_Request_<std::allocator<void> > >)> >&[m[K’
[5.246s]  1398 |       variant& operator=([01;36m[Kconst variant&[m[K) = default;
[5.246s]       |                          [01;36m[K^~~~~~~~~~~~~~[m[K
[5.246s] [01m[K/usr/include/c++/11/variant:1399:16:[m[K [01;36m[Knote: [m[Kcandidate: ‘[01m[Kstd::variant<_Types>& std::variant<_Types>::operator=(std::variant<_Types>&&) [with _Types = {std::monostate, std::function<void(std::shared_ptr<tutorial_interfaces::srv::AddThreeInts_Request_<std::allocator<void> > >, std::shared_ptr<tutorial_interfaces::srv::AddThreeInts_Response_<std::allocator<void> > >)>, std::function<void(std::shared_ptr<rmw_request_id_s>, std::shared_ptr<tutorial_interfaces::srv::AddThreeInts_Request_<std::allocator<void> > >, std::shared_ptr<tutorial_interfaces::srv::AddThreeInts_Response_<std::allocator<void> > >)>, std::function<void(std::shared_ptr<rmw_request_id_s>, std::shared_ptr<tutorial_interfaces::srv::AddThreeInts_Request_<std::allocator<void> > >)>, std::function<void(std::shared_ptr<rclcpp::Service<tutorial_interfaces::srv::AddThreeInts> >, std::shared_ptr<rmw_request_id_s>, std::shared_ptr<tutorial_interfaces::srv::AddThreeInts_Request_<std::allocator<void> > >)>}][m[K’
[5.247s]  1399 |       variant& [01;36m[Koperator[m[K=(variant&&) = default;
[5.247s]       |                [01;36m[K^~~~~~~~[m[K
[5.249s] [01m[K/usr/include/c++/11/variant:1399:26:[m[K [01;36m[Knote: [m[K  no known conversion for argument 1 from ‘[01m[Kvoid (*)(...)[m[K’ to ‘[01m[Kstd::variant<std::monostate, std::function<void(std::shared_ptr<tutorial_interfaces::srv::AddThreeInts_Request_<std::allocator<void> > >, std::shared_ptr<tutorial_interfaces::srv::AddThreeInts_Response_<std::allocator<void> > >)>, std::function<void(std::shared_ptr<rmw_request_id_s>, std::shared_ptr<tutorial_interfaces::srv::AddThreeInts_Request_<std::allocator<void> > >, std::shared_ptr<tutorial_interfaces::srv::AddThreeInts_Response_<std::allocator<void> > >)>, std::function<void(std::shared_ptr<rmw_request_id_s>, std::shared_ptr<tutorial_interfaces::srv::AddThreeInts_Request_<std::allocator<void> > >)>, std::function<void(std::shared_ptr<rclcpp::Service<tutorial_interfaces::srv::AddThreeInts> >, std::shared_ptr<rmw_request_id_s>, std::shared_ptr<tutorial_interfaces::srv::AddThreeInts_Request_<std::allocator<void> > >)> >&&[m[K’
[5.250s]  1399 |       variant& operator=([01;36m[Kvariant&&[m[K) = default;
[5.250s]       |                          [01;36m[K^~~~~~~~~[m[K
[5.681s] gmake[2]: *** [CMakeFiles/server.dir/build.make:76: CMakeFiles/server.dir/src/add_two_ints_server.cpp.o] Error 1
[5.682s] gmake[1]: *** [CMakeFiles/Makefile2:139: CMakeFiles/server.dir/all] Error 2
[5.682s] gmake[1]: *** Waiting for unfinished jobs....
[6.511s] [ 75%] [32m[1mLinking CXX executable client[0m
[6.791s] [ 75%] Built target client
[6.795s] gmake: *** [Makefile:146: all] Error 2
[6.806s] Invoked command in '/home/maxim/git/ROS2/ros2_ws/build/cpp_srvcli' returned '2': CMAKE_PREFIX_PATH=${CMAKE_PREFIX_PATH}:/opt/ros/humble LD_LIBRARY_PATH=/home/maxim/git/ROS2/ros2_ws/install/tutorial_interfaces/lib:/usr/lib/x86_64-linux-gnu/gazebo-11/plugins:/opt/ros/humble/opt/rviz_ogre_vendor/lib:/opt/ros/humble/lib/x86_64-linux-gnu:/opt/ros/humble/lib:/usr/share/gazebo/../../lib/x86_64-linux-gnu/gazebo-11/plugins:/usr/share/gazebo/../../lib/x86_64-linux-gnu/gazebo-11/plugins:/usr/share/gazebo/../../lib/x86_64-linux-gnu/gazebo-11/plugins /usr/bin/cmake --build /home/maxim/git/ROS2/ros2_ws/build/cpp_srvcli -- -j12 -l12
