[35m[1mConsolidate compiler generated dependencies of target more_interfaces__rosidl_generator_c[0m
[  3%] Built target more_interfaces__cpp
[ 12%] Built target more_interfaces__rosidl_generator_c
[35m[1mConsolidate compiler generated dependencies of target more_interfaces__rosidl_typesupport_fastrtps_cpp[0m
[35m[1mConsolidate compiler generated dependencies of target more_interfaces__rosidl_typesupport_introspection_cpp[0m
[ 12%] Built target ament_cmake_python_copy_more_interfaces
[35m[1mConsolidate compiler generated dependencies of target more_interfaces__rosidl_typesupport_fastrtps_c[0m
[35m[1mConsolidate compiler generated dependencies of target more_interfaces__rosidl_typesupport_cpp[0m
[35m[1mConsolidate compiler generated dependencies of target more_interfaces__rosidl_typesupport_introspection_c[0m
[35m[1mConsolidate compiler generated dependencies of target more_interfaces__rosidl_typesupport_c[0m
[ 21%] Built target more_interfaces__rosidl_typesupport_introspection_cpp
[ 30%] Built target more_interfaces__rosidl_typesupport_c
[ 39%] Built target more_interfaces__rosidl_typesupport_fastrtps_c
[ 48%] Built target more_interfaces__rosidl_typesupport_cpp
[ 63%] Built target more_interfaces__rosidl_typesupport_fastrtps_cpp
[ 66%] Built target more_interfaces__rosidl_typesupport_introspection_c
[35m[1mConsolidate compiler generated dependencies of target publish_address_book[0m
[ 66%] Built target more_interfaces
[ 69%] [32mBuilding CXX object CMakeFiles/publish_address_book.dir/src/publish_address_book.cpp.o[0m
[ 72%] Built target more_interfaces__py
[35m[1mConsolidate compiler generated dependencies of target more_interfaces__rosidl_generator_py[0m
[ 78%] Built target more_interfaces__rosidl_generator_py
[35m[1mConsolidate compiler generated dependencies of target more_interfaces__rosidl_typesupport_introspection_c__pyext[0m
[35m[1mConsolidate compiler generated dependencies of target more_interfaces__rosidl_typesupport_fastrtps_c__pyext[0m
[35m[1mConsolidate compiler generated dependencies of target more_interfaces__rosidl_typesupport_c__pyext[0m
[ 90%] Built target more_interfaces__rosidl_typesupport_fastrtps_c__pyext
[ 90%] Built target more_interfaces__rosidl_typesupport_introspection_c__pyext
[ 96%] Built target more_interfaces__rosidl_typesupport_c__pyext
running egg_info
writing more_interfaces.egg-info/PKG-INFO
writing dependency_links to more_interfaces.egg-info/dependency_links.txt
writing top-level names to more_interfaces.egg-info/top_level.txt
reading manifest file 'more_interfaces.egg-info/SOURCES.txt'
writing manifest file 'more_interfaces.egg-info/SOURCES.txt'
[ 96%] Built target ament_cmake_python_build_more_interfaces_egg
