[0.064s] Invoking command in '/home/maxim/git/ROS2/ros2_ws/build/cpp_pubsub': CMAKE_PREFIX_PATH=${CMAKE_PREFIX_PATH}:/opt/ros/humble /usr/bin/cmake --build /home/maxim/git/ROS2/ros2_ws/build/cpp_pubsub -- -j12 -l12
[0.148s] [35m[1mConsolidate compiler generated dependencies of target listener[0m
[0.148s] [35m[1mConsolidate compiler generated dependencies of target talker[0m
[0.176s] [ 50%] [32mBuilding CXX object CMakeFiles/listener.dir/src/subscriber_member_function.cpp.o[0m
[0.176s] [ 50%] [32mBuilding CXX object CMakeFiles/talker.dir/src/publisher_member_function.cpp.o[0m
[4.184s] [ 75%] [32m[1mLinking CXX executable talker[0m
[4.488s] [ 75%] Built target talker
[7.317s] [100%] [32m[1mLinking CXX executable listener[0m
[7.741s] [100%] Built target listener
[7.770s] Invoked command in '/home/maxim/git/ROS2/ros2_ws/build/cpp_pubsub' returned '0': CMAKE_PREFIX_PATH=${CMAKE_PREFIX_PATH}:/opt/ros/humble /usr/bin/cmake --build /home/maxim/git/ROS2/ros2_ws/build/cpp_pubsub -- -j12 -l12
[7.859s] Invoking command in '/home/maxim/git/ROS2/ros2_ws/build/cpp_pubsub': CMAKE_PREFIX_PATH=${CMAKE_PREFIX_PATH}:/opt/ros/humble /usr/bin/cmake --install /home/maxim/git/ROS2/ros2_ws/build/cpp_pubsub
[7.868s] -- Install configuration: ""
[7.868s] -- Installing: /home/maxim/git/ROS2/ros2_ws/install/cpp_pubsub/lib/cpp_pubsub/talker
[7.870s] -- Set runtime path of "/home/maxim/git/ROS2/ros2_ws/install/cpp_pubsub/lib/cpp_pubsub/talker" to ""
[7.870s] -- Installing: /home/maxim/git/ROS2/ros2_ws/install/cpp_pubsub/lib/cpp_pubsub/listener
[7.875s] -- Set runtime path of "/home/maxim/git/ROS2/ros2_ws/install/cpp_pubsub/lib/cpp_pubsub/listener" to ""
[7.875s] -- Installing: /home/maxim/git/ROS2/ros2_ws/install/cpp_pubsub/share/ament_index/resource_index/package_run_dependencies/cpp_pubsub
[7.875s] -- Installing: /home/maxim/git/ROS2/ros2_ws/install/cpp_pubsub/share/ament_index/resource_index/parent_prefix_path/cpp_pubsub
[7.876s] -- Installing: /home/maxim/git/ROS2/ros2_ws/install/cpp_pubsub/share/cpp_pubsub/environment/ament_prefix_path.sh
[7.877s] -- Installing: /home/maxim/git/ROS2/ros2_ws/install/cpp_pubsub/share/cpp_pubsub/environment/ament_prefix_path.dsv
[7.878s] -- Installing: /home/maxim/git/ROS2/ros2_ws/install/cpp_pubsub/share/cpp_pubsub/environment/path.sh
[7.878s] -- Installing: /home/maxim/git/ROS2/ros2_ws/install/cpp_pubsub/share/cpp_pubsub/environment/path.dsv
[7.878s] -- Installing: /home/maxim/git/ROS2/ros2_ws/install/cpp_pubsub/share/cpp_pubsub/local_setup.bash
[7.879s] -- Installing: /home/maxim/git/ROS2/ros2_ws/install/cpp_pubsub/share/cpp_pubsub/local_setup.sh
[7.879s] -- Installing: /home/maxim/git/ROS2/ros2_ws/install/cpp_pubsub/share/cpp_pubsub/local_setup.zsh
[7.879s] -- Installing: /home/maxim/git/ROS2/ros2_ws/install/cpp_pubsub/share/cpp_pubsub/local_setup.dsv
[7.880s] -- Installing: /home/maxim/git/ROS2/ros2_ws/install/cpp_pubsub/share/cpp_pubsub/package.dsv
[7.880s] -- Installing: /home/maxim/git/ROS2/ros2_ws/install/cpp_pubsub/share/ament_index/resource_index/packages/cpp_pubsub
[7.880s] -- Installing: /home/maxim/git/ROS2/ros2_ws/install/cpp_pubsub/share/cpp_pubsub/cmake/cpp_pubsubConfig.cmake
[7.880s] -- Installing: /home/maxim/git/ROS2/ros2_ws/install/cpp_pubsub/share/cpp_pubsub/cmake/cpp_pubsubConfig-version.cmake
[7.881s] -- Installing: /home/maxim/git/ROS2/ros2_ws/install/cpp_pubsub/share/cpp_pubsub/package.xml
[7.885s] Invoked command in '/home/maxim/git/ROS2/ros2_ws/build/cpp_pubsub' returned '0': CMAKE_PREFIX_PATH=${CMAKE_PREFIX_PATH}:/opt/ros/humble /usr/bin/cmake --install /home/maxim/git/ROS2/ros2_ws/build/cpp_pubsub
