In file included from [01m[K/opt/ros/humble/include/rclcpp/rclcpp/logging.hpp:24[m[K,
                 from [01m[K/opt/ros/humble/include/rclcpp/rclcpp/client.hpp:40[m[K,
                 from [01m[K/opt/ros/humble/include/rclcpp/rclcpp/callback_group.hpp:24[m[K,
                 from [01m[K/opt/ros/humble/include/rclcpp/rclcpp/any_executable.hpp:20[m[K,
                 from [01m[K/opt/ros/humble/include/rclcpp/rclcpp/memory_strategy.hpp:25[m[K,
                 from [01m[K/opt/ros/humble/include/rclcpp/rclcpp/memory_strategies.hpp:18[m[K,
                 from [01m[K/opt/ros/humble/include/rclcpp/rclcpp/executor_options.hpp:20[m[K,
                 from [01m[K/opt/ros/humble/include/rclcpp/rclcpp/executor.hpp:37[m[K,
                 from [01m[K/opt/ros/humble/include/rclcpp/rclcpp/executors/multi_threaded_executor.hpp:25[m[K,
                 from [01m[K/opt/ros/humble/include/rclcpp/rclcpp/executors.hpp:21[m[K,
                 from [01m[K/opt/ros/humble/include/rclcpp/rclcpp/rclcpp.hpp:155[m[K,
                 from [01m[K/home/maxim/git/ROS2/ros2_ws/src/cpp_pubsub/src/publisher_member_function.cpp:7[m[K:
[01m[K/home/maxim/git/ROS2/ros2_ws/src/cpp_pubsub/src/publisher_member_function.cpp:[m[K In member function ‘[01m[Kvoid MinimalPublisher::timer_callback()[m[K’:
[01m[K/home/maxim/git/ROS2/ros2_ws/src/cpp_pubsub/src/publisher_member_function.cpp:42:57:[m[K [01;31m[Kerror: [m[Kinvalid operands of types ‘[01m[Kconst char [14][m[K’ and ‘[01m[Ktutorial_interfaces::msg::Num_<std::allocator<void> >::_num_type[m[K’ {aka ‘[01m[Klong int[m[K’} to binary ‘[01m[Koperator<<[m[K’
   42 |         RCLCPP_INFO(this->get_logger(), [32m[K"Publishing: '"[m[K [01;31m[K<<[m[K [34m[Kmessage.num[m[K << "'"); // print every published message in console
      |                                         [32m[K~~~~~~~~~~~~~~~[m[K [01;31m[K^~[m[K [34m[K~~~~~~~~~~~[m[K
      |                                         [32m[K|[m[K                          [34m[K|[m[K
      |                                         [32m[Kconst char [14][m[K            [34m[Ktutorial_interfaces::msg::Num_<std::allocator<void> >::_num_type {aka long int}[m[K
In file included from [01m[K/opt/ros/humble/include/rclcpp/rclcpp/logging.hpp:24[m[K,
                 from [01m[K/opt/ros/humble/include/rclcpp/rclcpp/client.hpp:40[m[K,
                 from [01m[K/opt/ros/humble/include/rclcpp/rclcpp/callback_group.hpp:24[m[K,
                 from [01m[K/opt/ros/humble/include/rclcpp/rclcpp/any_executable.hpp:20[m[K,
                 from [01m[K/opt/ros/humble/include/rclcpp/rclcpp/memory_strategy.hpp:25[m[K,
                 from [01m[K/opt/ros/humble/include/rclcpp/rclcpp/memory_strategies.hpp:18[m[K,
                 from [01m[K/opt/ros/humble/include/rclcpp/rclcpp/executor_options.hpp:20[m[K,
                 from [01m[K/opt/ros/humble/include/rclcpp/rclcpp/executor.hpp:37[m[K,
                 from [01m[K/opt/ros/humble/include/rclcpp/rclcpp/executors/multi_threaded_executor.hpp:25[m[K,
                 from [01m[K/opt/ros/humble/include/rclcpp/rclcpp/executors.hpp:21[m[K,
                 from [01m[K/opt/ros/humble/include/rclcpp/rclcpp/rclcpp.hpp:155[m[K,
                 from [01m[K/home/maxim/git/ROS2/ros2_ws/src/cpp_pubsub/src/subscriber_member_function.cpp:3[m[K:
[01m[K/home/maxim/git/ROS2/ros2_ws/src/cpp_pubsub/src/subscriber_member_function.cpp:[m[K In member function ‘[01m[Kvoid MinimalSubscriber::topic_callback(const Num&) const[m[K’:
[01m[K/home/maxim/git/ROS2/ros2_ws/src/cpp_pubsub/src/subscriber_member_function.cpp:21:54:[m[K [01;31m[Kerror: [m[Kinvalid operands of types ‘[01m[Kconst char [11][m[K’ and ‘[01m[Kconst _num_type[m[K’ {aka ‘[01m[Kconst long int[m[K’} to binary ‘[01m[Koperator<<[m[K’
   21 |         RCLCPP_INFO(this->get_logger(), [32m[K"I Heard: '"[m[K [01;31m[K<<[m[K [34m[Kmessage.num[m[K << "'");
      |                                         [32m[K~~~~~~~~~~~~[m[K [01;31m[K^~[m[K [34m[K~~~~~~~~~~~[m[K
      |                                         [32m[K|[m[K                       [34m[K|[m[K
      |                                         [32m[Kconst char [11][m[K         [34m[Kconst _num_type {aka const long int}[m[K
gmake[2]: *** [CMakeFiles/talker.dir/build.make:76: CMakeFiles/talker.dir/src/publisher_member_function.cpp.o] Error 1
gmake[1]: *** [CMakeFiles/Makefile2:139: CMakeFiles/talker.dir/all] Error 2
gmake[1]: *** Waiting for unfinished jobs....
gmake[2]: *** [CMakeFiles/listener.dir/build.make:76: CMakeFiles/listener.dir/src/subscriber_member_function.cpp.o] Error 1
gmake[1]: *** [CMakeFiles/Makefile2:165: CMakeFiles/listener.dir/all] Error 2
gmake: *** [Makefile:146: all] Error 2
