[0.096s] Invoking command in '/home/maxim/git/ROS2/ros2_ws/build/cpp_srvcli': CMAKE_PREFIX_PATH=${CMAKE_PREFIX_PATH}:/opt/ros/humble /usr/bin/cmake /home/maxim/git/ROS2/ros2_ws/src/cpp_srvcli -DCMAKE_INSTALL_PREFIX=/home/maxim/git/ROS2/ros2_ws/install/cpp_srvcli
[0.280s] -- The C compiler identification is GNU 11.4.0
[0.429s] -- The CXX compiler identification is GNU 11.4.0
[0.445s] -- Detecting C compiler ABI info
[0.569s] -- Detecting C compiler ABI info - done
[0.579s] -- Check for working C compiler: /usr/bin/cc - skipped
[0.580s] -- Detecting C compile features
[0.581s] -- Detecting C compile features - done
[0.586s] -- Detecting CXX compiler ABI info
[0.729s] -- Detecting CXX compiler ABI info - done
[0.741s] -- Check for working CXX compiler: /usr/bin/c++ - skipped
[0.741s] -- Detecting CXX compile features
[0.742s] -- Detecting CXX compile features - done
[0.750s] -- Found ament_cmake: 1.3.8 (/opt/ros/humble/share/ament_cmake/cmake)
[1.018s] -- Found Python3: /usr/bin/python3 (found version "3.10.12") found components: Interpreter 
[1.170s] -- Found rclcpp: 16.0.8 (/opt/ros/humble/share/rclcpp/cmake)
[1.254s] -- Found rosidl_generator_c: 3.1.5 (/opt/ros/humble/share/rosidl_generator_c/cmake)
[1.264s] -- Found rosidl_adapter: 3.1.5 (/opt/ros/humble/share/rosidl_adapter/cmake)
[1.281s] -- Found rosidl_generator_cpp: 3.1.5 (/opt/ros/humble/share/rosidl_generator_cpp/cmake)
[1.306s] -- Using all available rosidl_typesupport_c: rosidl_typesupport_fastrtps_c;rosidl_typesupport_introspection_c
[1.341s] -- Using all available rosidl_typesupport_cpp: rosidl_typesupport_fastrtps_cpp;rosidl_typesupport_introspection_cpp
[1.465s] -- Found rmw_implementation_cmake: 6.1.1 (/opt/ros/humble/share/rmw_implementation_cmake/cmake)
[1.470s] -- Found rmw_fastrtps_cpp: 6.2.6 (/opt/ros/humble/share/rmw_fastrtps_cpp/cmake)
[1.684s] -- Found OpenSSL: /usr/lib/x86_64-linux-gnu/libcrypto.so (found version "3.0.2")  
[1.737s] -- Found FastRTPS: /opt/ros/humble/include  
[1.823s] -- Using RMW implementation 'rmw_fastrtps_cpp' as default
[1.843s] -- Looking for pthread.h
[1.967s] -- Looking for pthread.h - found
[1.967s] -- Performing Test CMAKE_HAVE_LIBC_PTHREAD
[2.116s] -- Performing Test CMAKE_HAVE_LIBC_PTHREAD - Success
[2.120s] -- Found Threads: TRUE  
[2.410s] -- Found example_interfaces: 0.9.3 (/opt/ros/humble/share/example_interfaces/cmake)
[2.755s] -- Configuring done
[2.775s] -- Generating done
[2.778s] -- Build files have been written to: /home/maxim/git/ROS2/ros2_ws/build/cpp_srvcli
[2.791s] Invoked command in '/home/maxim/git/ROS2/ros2_ws/build/cpp_srvcli' returned '0': CMAKE_PREFIX_PATH=${CMAKE_PREFIX_PATH}:/opt/ros/humble /usr/bin/cmake /home/maxim/git/ROS2/ros2_ws/src/cpp_srvcli -DCMAKE_INSTALL_PREFIX=/home/maxim/git/ROS2/ros2_ws/install/cpp_srvcli
[2.795s] Invoking command in '/home/maxim/git/ROS2/ros2_ws/build/cpp_srvcli': CMAKE_PREFIX_PATH=${CMAKE_PREFIX_PATH}:/opt/ros/humble /usr/bin/cmake --build /home/maxim/git/ROS2/ros2_ws/build/cpp_srvcli -- -j12 -l12
[2.883s] [ 25%] [32mBuilding CXX object CMakeFiles/client.dir/src/add_two_ints_client.cpp.o[0m
[2.895s] [ 50%] [32mBuilding CXX object CMakeFiles/server.dir/src/add_two_ints_server.cpp.o[0m
[6.056s] [01m[K/home/maxim/git/ROS2/ros2_ws/src/cpp_srvcli/src/add_two_ints_client.cpp:[m[K In function ‘[01m[Kint main(int, char**)[m[K’:
[6.056s] [01m[K/home/maxim/git/ROS2/ros2_ws/src/cpp_srvcli/src/add_two_ints_client.cpp:31:38:[m[K [01;31m[Kerror: [m[Kunable to find numeric literal operator ‘[01m[Koperator""s[m[K’
[6.056s]    31 |     while (!client->wait_for_service([01;31m[K1s[m[K))
[6.057s]       |                                      [01;31m[K^~[m[K
[6.057s] [01m[K/home/maxim/git/ROS2/ros2_ws/src/cpp_srvcli/src/add_two_ints_client.cpp:42:45:[m[K [01;31m[Kerror: [m[Kno matching function for call to ‘[01m[Krclcpp::Client<example_interfaces::srv::AddTwoInts>::async_send_request()[m[K’
[6.057s]    42 |     auto result = [01;31m[Kclient->async_send_request()[m[K;
[6.057s]       |                   [01;31m[K~~~~~~~~~~~~~~~~~~~~~~~~~~^~[m[K
[6.058s] In file included from [01m[K/opt/ros/humble/include/rclcpp/rclcpp/callback_group.hpp:24[m[K,
[6.058s]                  from [01m[K/opt/ros/humble/include/rclcpp/rclcpp/any_executable.hpp:20[m[K,
[6.058s]                  from [01m[K/opt/ros/humble/include/rclcpp/rclcpp/memory_strategy.hpp:25[m[K,
[6.058s]                  from [01m[K/opt/ros/humble/include/rclcpp/rclcpp/memory_strategies.hpp:18[m[K,
[6.059s]                  from [01m[K/opt/ros/humble/include/rclcpp/rclcpp/executor_options.hpp:20[m[K,
[6.059s]                  from [01m[K/opt/ros/humble/include/rclcpp/rclcpp/executor.hpp:37[m[K,
[6.059s]                  from [01m[K/opt/ros/humble/include/rclcpp/rclcpp/executors/multi_threaded_executor.hpp:25[m[K,
[6.059s]                  from [01m[K/opt/ros/humble/include/rclcpp/rclcpp/executors.hpp:21[m[K,
[6.059s]                  from [01m[K/opt/ros/humble/include/rclcpp/rclcpp/rclcpp.hpp:155[m[K,
[6.059s]                  from [01m[K/home/maxim/git/ROS2/ros2_ws/src/cpp_srvcli/src/add_two_ints_client.cpp:1[m[K:
[6.059s] [01m[K/opt/ros/humble/include/rclcpp/rclcpp/client.hpp:643:3:[m[K [01;36m[Knote: [m[Kcandidate: ‘[01m[Ktemplate<class CallbackT, typename std::enable_if<rclcpp::function_traits::same_arguments<CallbackT, std::function<void(std::shared_future<std::shared_ptr<example_interfaces::srv::AddTwoInts_Response_<std::allocator<void> > > >)> >::value, void>::type* <anonymous> > rclcpp::Client<ServiceT>::SharedFutureAndRequestId rclcpp::Client<ServiceT>::async_send_request(rclcpp::Client<ServiceT>::SharedRequest, CallbackT&&) [with CallbackT = CallbackT; typename std::enable_if<rclcpp::function_traits::same_arguments<CallbackT, std::function<void(std::shared_future<typename ServiceT::Response::SharedPtr>)> >::value>::type* <anonymous> = <anonymous>; ServiceT = example_interfaces::srv::AddTwoInts][m[K’
[6.060s]   643 |   [01;36m[Kasync_send_request[m[K(SharedRequest request, CallbackT && cb)
[6.060s]       |   [01;36m[K^~~~~~~~~~~~~~~~~~[m[K
[6.060s] [01m[K/opt/ros/humble/include/rclcpp/rclcpp/client.hpp:643:3:[m[K [01;36m[Knote: [m[K  template argument deduction/substitution failed:
[6.060s] [01m[K/home/maxim/git/ROS2/ros2_ws/src/cpp_srvcli/src/add_two_ints_client.cpp:42:45:[m[K [01;36m[Knote: [m[K  candidate expects 2 arguments, 0 provided
[6.060s]    42 |     auto result = [01;36m[Kclient->async_send_request()[m[K;
[6.060s]       |                   [01;36m[K~~~~~~~~~~~~~~~~~~~~~~~~~~^~[m[K
[6.060s] In file included from [01m[K/opt/ros/humble/include/rclcpp/rclcpp/callback_group.hpp:24[m[K,
[6.061s]                  from [01m[K/opt/ros/humble/include/rclcpp/rclcpp/any_executable.hpp:20[m[K,
[6.061s]                  from [01m[K/opt/ros/humble/include/rclcpp/rclcpp/memory_strategy.hpp:25[m[K,
[6.061s]                  from [01m[K/opt/ros/humble/include/rclcpp/rclcpp/memory_strategies.hpp:18[m[K,
[6.061s]                  from [01m[K/opt/ros/humble/include/rclcpp/rclcpp/executor_options.hpp:20[m[K,
[6.061s]                  from [01m[K/opt/ros/humble/include/rclcpp/rclcpp/executor.hpp:37[m[K,
[6.061s]                  from [01m[K/opt/ros/humble/include/rclcpp/rclcpp/executors/multi_threaded_executor.hpp:25[m[K,
[6.061s]                  from [01m[K/opt/ros/humble/include/rclcpp/rclcpp/executors.hpp:21[m[K,
[6.062s]                  from [01m[K/opt/ros/humble/include/rclcpp/rclcpp/rclcpp.hpp:155[m[K,
[6.062s]                  from [01m[K/home/maxim/git/ROS2/ros2_ws/src/cpp_srvcli/src/add_two_ints_client.cpp:1[m[K:
[6.062s] [01m[K/opt/ros/humble/include/rclcpp/rclcpp/client.hpp:674:3:[m[K [01;36m[Knote: [m[Kcandidate: ‘[01m[Ktemplate<class CallbackT, typename std::enable_if<rclcpp::function_traits::same_arguments<CallbackT, std::function<void(std::shared_future<std::pair<std::shared_ptr<example_interfaces::srv::AddTwoInts_Request_<std::allocator<void> > >, std::shared_ptr<example_interfaces::srv::AddTwoInts_Response_<std::allocator<void> > > > >)> >::value, void>::type* <anonymous> > rclcpp::Client<ServiceT>::SharedFutureWithRequestAndRequestId rclcpp::Client<ServiceT>::async_send_request(rclcpp::Client<ServiceT>::SharedRequest, CallbackT&&) [with CallbackT = CallbackT; typename std::enable_if<rclcpp::function_traits::same_arguments<CallbackT, std::function<void(std::shared_future<std::pair<typename ServiceT::Request::SharedPtr, typename ServiceT::Response::SharedPtr> >)> >::value>::type* <anonymous> = <anonymous>; ServiceT = example_interfaces::srv::AddTwoInts][m[K’
[6.062s]   674 |   [01;36m[Kasync_send_request[m[K(SharedRequest request, CallbackT && cb)
[6.062s]       |   [01;36m[K^~~~~~~~~~~~~~~~~~[m[K
[6.062s] [01m[K/opt/ros/humble/include/rclcpp/rclcpp/client.hpp:674:3:[m[K [01;36m[Knote: [m[K  template argument deduction/substitution failed:
[6.063s] [01m[K/home/maxim/git/ROS2/ros2_ws/src/cpp_srvcli/src/add_two_ints_client.cpp:42:45:[m[K [01;36m[Knote: [m[K  candidate expects 2 arguments, 0 provided
[6.063s]    42 |     auto result = [01;36m[Kclient->async_send_request()[m[K;
[6.063s]       |                   [01;36m[K~~~~~~~~~~~~~~~~~~~~~~~~~~^~[m[K
[6.063s] In file included from [01m[K/opt/ros/humble/include/rclcpp/rclcpp/callback_group.hpp:24[m[K,
[6.063s]                  from [01m[K/opt/ros/humble/include/rclcpp/rclcpp/any_executable.hpp:20[m[K,
[6.064s]                  from [01m[K/opt/ros/humble/include/rclcpp/rclcpp/memory_strategy.hpp:25[m[K,
[6.064s]                  from [01m[K/opt/ros/humble/include/rclcpp/rclcpp/memory_strategies.hpp:18[m[K,
[6.064s]                  from [01m[K/opt/ros/humble/include/rclcpp/rclcpp/executor_options.hpp:20[m[K,
[6.064s]                  from [01m[K/opt/ros/humble/include/rclcpp/rclcpp/executor.hpp:37[m[K,
[6.064s]                  from [01m[K/opt/ros/humble/include/rclcpp/rclcpp/executors/multi_threaded_executor.hpp:25[m[K,
[6.064s]                  from [01m[K/opt/ros/humble/include/rclcpp/rclcpp/executors.hpp:21[m[K,
[6.064s]                  from [01m[K/opt/ros/humble/include/rclcpp/rclcpp/rclcpp.hpp:155[m[K,
[6.065s]                  from [01m[K/home/maxim/git/ROS2/ros2_ws/src/cpp_srvcli/src/add_two_ints_client.cpp:1[m[K:
[6.065s] [01m[K/opt/ros/humble/include/rclcpp/rclcpp/client.hpp:608:3:[m[K [01;36m[Knote: [m[Kcandidate: ‘[01m[Krclcpp::Client<ServiceT>::FutureAndRequestId rclcpp::Client<ServiceT>::async_send_request(rclcpp::Client<ServiceT>::SharedRequest) [with ServiceT = example_interfaces::srv::AddTwoInts; rclcpp::Client<ServiceT>::SharedRequest = std::shared_ptr<example_interfaces::srv::AddTwoInts_Request_<std::allocator<void> > >][m[K’
[6.065s]   608 |   [01;36m[Kasync_send_request[m[K(SharedRequest request)
[6.065s]       |   [01;36m[K^~~~~~~~~~~~~~~~~~[m[K
[6.065s] [01m[K/opt/ros/humble/include/rclcpp/rclcpp/client.hpp:608:3:[m[K [01;36m[Knote: [m[K  candidate expects 1 argument, 0 provided
[6.741s] gmake[2]: *** [CMakeFiles/client.dir/build.make:76: CMakeFiles/client.dir/src/add_two_ints_client.cpp.o] Error 1
[6.741s] gmake[1]: *** [CMakeFiles/Makefile2:165: CMakeFiles/client.dir/all] Error 2
[6.741s] gmake[1]: *** Waiting for unfinished jobs....
[7.188s] [ 75%] [32m[1mLinking CXX executable server[0m
[7.439s] [ 75%] Built target server
[7.441s] gmake: *** [Makefile:146: all] Error 2
[7.445s] Invoked command in '/home/maxim/git/ROS2/ros2_ws/build/cpp_srvcli' returned '2': CMAKE_PREFIX_PATH=${CMAKE_PREFIX_PATH}:/opt/ros/humble /usr/bin/cmake --build /home/maxim/git/ROS2/ros2_ws/build/cpp_srvcli -- -j12 -l12
