[0.071s] Invoking command in '/home/maxim/git/ROS2/ros2_ws/build/cpp_pubsub': CMAKE_PREFIX_PATH=/home/maxim/git/ROS2/ros2_ws/install/tutorial_interfaces:/home/maxim/git/ROS2/ros2_ws/install/cpp_srvcli:/home/maxim/git/ROS2/ros2_ws/install/cpp_pubsub:/home/maxim/git/ROS2/ros2_ws/install/polygon_plugins:/home/maxim/git/ROS2/ros2_ws/install/polygon_base:/home/maxim/git/ROS2/ros2_ws/install/my_package:/home/maxim/git/ROS2/ros2_ws/install/more_interfaces:/home/maxim/git/ROS2/ros2_ws/install/cpp_parameters:/home/maxim/git/ROS2/ros2_ws/install/action_tutorials_cpp:/home/maxim/git/ROS2/ros2_ws/install/action_tutorials_interfaces:/opt/ros/humble LD_LIBRARY_PATH=/home/maxim/git/ROS2/ros2_ws/install/tutorial_interfaces/lib:/home/maxim/git/ROS2/ros2_ws/install/polygon_plugins/lib:/home/maxim/git/ROS2/ros2_ws/install/more_interfaces/lib:/home/maxim/git/ROS2/ros2_ws/install/action_tutorials_cpp/lib:/home/maxim/git/ROS2/ros2_ws/install/action_tutorials_interfaces/lib:/usr/lib/x86_64-linux-gnu/gazebo-11/plugins:/opt/ros/humble/opt/rviz_ogre_vendor/lib:/opt/ros/humble/lib/x86_64-linux-gnu:/opt/ros/humble/lib:/usr/share/gazebo/../../lib/x86_64-linux-gnu/gazebo-11/plugins /usr/bin/cmake --build /home/maxim/git/ROS2/ros2_ws/build/cpp_pubsub -- -j12 -l12
[0.118s] -- Found ament_cmake: 1.3.8 (/opt/ros/humble/share/ament_cmake/cmake)
[0.288s] -- Found rclcpp: 16.0.8 (/opt/ros/humble/share/rclcpp/cmake)
[0.336s] -- Found rosidl_generator_c: 3.1.5 (/opt/ros/humble/share/rosidl_generator_c/cmake)
[0.339s] -- Found rosidl_adapter: 3.1.5 (/opt/ros/humble/share/rosidl_adapter/cmake)
[0.347s] -- Found rosidl_generator_cpp: 3.1.5 (/opt/ros/humble/share/rosidl_generator_cpp/cmake)
[0.362s] -- Using all available rosidl_typesupport_c: rosidl_typesupport_fastrtps_c;rosidl_typesupport_introspection_c
[0.380s] -- Using all available rosidl_typesupport_cpp: rosidl_typesupport_fastrtps_cpp;rosidl_typesupport_introspection_cpp
[0.447s] -- Found rmw_implementation_cmake: 6.1.1 (/opt/ros/humble/share/rmw_implementation_cmake/cmake)
[0.449s] -- Found rmw_cyclonedds_cpp: 1.3.4 (/opt/ros/humble/share/rmw_cyclonedds_cpp/cmake)
[0.485s] -- Using RMW implementation 'rmw_cyclonedds_cpp' as default
[0.643s] -- Found rclcpp_components: 16.0.8 (/opt/ros/humble/share/rclcpp_components/cmake)
[0.700s] -- Found tutorial_interfaces: 0.0.0 (/home/maxim/git/ROS2/ros2_ws/install/tutorial_interfaces/share/tutorial_interfaces/cmake)
[0.911s] -- Configuring done
[0.937s] -- Generating done
[0.939s] -- Build files have been written to: /home/maxim/git/ROS2/ros2_ws/build/cpp_pubsub
[0.986s] [35m[1mConsolidate compiler generated dependencies of target listener[0m
[0.987s] [35m[1mConsolidate compiler generated dependencies of target talker[0m
[0.991s] [35m[1mConsolidate compiler generated dependencies of target talker_component[0m
[0.991s] [35m[1mConsolidate compiler generated dependencies of target listener_component[0m
[1.016s] [ 37%] [32mBuilding CXX object CMakeFiles/talker.dir/rclcpp_components/node_main_talker.cpp.o[0m
[1.016s] [ 37%] [32mBuilding CXX object CMakeFiles/listener_component.dir/src/subscriber_member_function.cpp.o[0m
[1.016s] [ 37%] [32mBuilding CXX object CMakeFiles/listener.dir/rclcpp_components/node_main_listener.cpp.o[0m
[1.017s] [ 50%] [32mBuilding CXX object CMakeFiles/talker_component.dir/src/publisher_member_function.cpp.o[0m
[3.959s] [ 62%] [32m[1mLinking CXX executable listener[0m
[3.977s] [ 75%] [32m[1mLinking CXX executable talker[0m
[4.181s] [ 75%] Built target listener
[4.189s] [ 75%] Built target talker
[5.126s] [ 87%] [32m[1mLinking CXX shared library libtalker_component.so[0m
[5.385s] [ 87%] Built target talker_component
[8.149s] [100%] [32m[1mLinking CXX shared library liblistener_component.so[0m
[8.627s] [100%] Built target listener_component
[8.643s] Invoked command in '/home/maxim/git/ROS2/ros2_ws/build/cpp_pubsub' returned '0': CMAKE_PREFIX_PATH=/home/maxim/git/ROS2/ros2_ws/install/tutorial_interfaces:/home/maxim/git/ROS2/ros2_ws/install/cpp_srvcli:/home/maxim/git/ROS2/ros2_ws/install/cpp_pubsub:/home/maxim/git/ROS2/ros2_ws/install/polygon_plugins:/home/maxim/git/ROS2/ros2_ws/install/polygon_base:/home/maxim/git/ROS2/ros2_ws/install/my_package:/home/maxim/git/ROS2/ros2_ws/install/more_interfaces:/home/maxim/git/ROS2/ros2_ws/install/cpp_parameters:/home/maxim/git/ROS2/ros2_ws/install/action_tutorials_cpp:/home/maxim/git/ROS2/ros2_ws/install/action_tutorials_interfaces:/opt/ros/humble LD_LIBRARY_PATH=/home/maxim/git/ROS2/ros2_ws/install/tutorial_interfaces/lib:/home/maxim/git/ROS2/ros2_ws/install/polygon_plugins/lib:/home/maxim/git/ROS2/ros2_ws/install/more_interfaces/lib:/home/maxim/git/ROS2/ros2_ws/install/action_tutorials_cpp/lib:/home/maxim/git/ROS2/ros2_ws/install/action_tutorials_interfaces/lib:/usr/lib/x86_64-linux-gnu/gazebo-11/plugins:/opt/ros/humble/opt/rviz_ogre_vendor/lib:/opt/ros/humble/lib/x86_64-linux-gnu:/opt/ros/humble/lib:/usr/share/gazebo/../../lib/x86_64-linux-gnu/gazebo-11/plugins /usr/bin/cmake --build /home/maxim/git/ROS2/ros2_ws/build/cpp_pubsub -- -j12 -l12
[8.709s] Invoking command in '/home/maxim/git/ROS2/ros2_ws/build/cpp_pubsub': CMAKE_PREFIX_PATH=/home/maxim/git/ROS2/ros2_ws/install/tutorial_interfaces:/home/maxim/git/ROS2/ros2_ws/install/cpp_srvcli:/home/maxim/git/ROS2/ros2_ws/install/cpp_pubsub:/home/maxim/git/ROS2/ros2_ws/install/polygon_plugins:/home/maxim/git/ROS2/ros2_ws/install/polygon_base:/home/maxim/git/ROS2/ros2_ws/install/my_package:/home/maxim/git/ROS2/ros2_ws/install/more_interfaces:/home/maxim/git/ROS2/ros2_ws/install/cpp_parameters:/home/maxim/git/ROS2/ros2_ws/install/action_tutorials_cpp:/home/maxim/git/ROS2/ros2_ws/install/action_tutorials_interfaces:/opt/ros/humble LD_LIBRARY_PATH=/home/maxim/git/ROS2/ros2_ws/install/tutorial_interfaces/lib:/home/maxim/git/ROS2/ros2_ws/install/polygon_plugins/lib:/home/maxim/git/ROS2/ros2_ws/install/more_interfaces/lib:/home/maxim/git/ROS2/ros2_ws/install/action_tutorials_cpp/lib:/home/maxim/git/ROS2/ros2_ws/install/action_tutorials_interfaces/lib:/usr/lib/x86_64-linux-gnu/gazebo-11/plugins:/opt/ros/humble/opt/rviz_ogre_vendor/lib:/opt/ros/humble/lib/x86_64-linux-gnu:/opt/ros/humble/lib:/usr/share/gazebo/../../lib/x86_64-linux-gnu/gazebo-11/plugins /usr/bin/cmake --install /home/maxim/git/ROS2/ros2_ws/build/cpp_pubsub
[8.717s] -- Install configuration: ""
[8.717s] -- Installing: /home/maxim/git/ROS2/ros2_ws/install/cpp_pubsub/lib/cpp_pubsub/talker
[8.718s] -- Set runtime path of "/home/maxim/git/ROS2/ros2_ws/install/cpp_pubsub/lib/cpp_pubsub/talker" to ""
[8.719s] -- Installing: /home/maxim/git/ROS2/ros2_ws/install/cpp_pubsub/lib/cpp_pubsub/listener
[8.719s] -- Set runtime path of "/home/maxim/git/ROS2/ros2_ws/install/cpp_pubsub/lib/cpp_pubsub/listener" to ""
[8.720s] -- Installing: /home/maxim/git/ROS2/ros2_ws/install/cpp_pubsub/lib/libtalker_component.so
[8.722s] -- Set runtime path of "/home/maxim/git/ROS2/ros2_ws/install/cpp_pubsub/lib/libtalker_component.so" to ""
[8.722s] -- Installing: /home/maxim/git/ROS2/ros2_ws/install/cpp_pubsub/lib/liblistener_component.so
[8.730s] -- Set runtime path of "/home/maxim/git/ROS2/ros2_ws/install/cpp_pubsub/lib/liblistener_component.so" to ""
[8.730s] -- Up-to-date: /home/maxim/git/ROS2/ros2_ws/install/cpp_pubsub/share/ament_index/resource_index/package_run_dependencies/cpp_pubsub
[8.731s] -- Up-to-date: /home/maxim/git/ROS2/ros2_ws/install/cpp_pubsub/share/ament_index/resource_index/parent_prefix_path/cpp_pubsub
[8.731s] -- Up-to-date: /home/maxim/git/ROS2/ros2_ws/install/cpp_pubsub/share/cpp_pubsub/environment/ament_prefix_path.sh
[8.731s] -- Installing: /home/maxim/git/ROS2/ros2_ws/install/cpp_pubsub/share/cpp_pubsub/environment/ament_prefix_path.dsv
[8.732s] -- Up-to-date: /home/maxim/git/ROS2/ros2_ws/install/cpp_pubsub/share/cpp_pubsub/environment/path.sh
[8.732s] -- Installing: /home/maxim/git/ROS2/ros2_ws/install/cpp_pubsub/share/cpp_pubsub/environment/path.dsv
[8.732s] -- Up-to-date: /home/maxim/git/ROS2/ros2_ws/install/cpp_pubsub/share/cpp_pubsub/local_setup.bash
[8.733s] -- Up-to-date: /home/maxim/git/ROS2/ros2_ws/install/cpp_pubsub/share/cpp_pubsub/local_setup.sh
[8.733s] -- Up-to-date: /home/maxim/git/ROS2/ros2_ws/install/cpp_pubsub/share/cpp_pubsub/local_setup.zsh
[8.733s] -- Installing: /home/maxim/git/ROS2/ros2_ws/install/cpp_pubsub/share/cpp_pubsub/local_setup.dsv
[8.733s] -- Installing: /home/maxim/git/ROS2/ros2_ws/install/cpp_pubsub/share/cpp_pubsub/package.dsv
[8.733s] -- Up-to-date: /home/maxim/git/ROS2/ros2_ws/install/cpp_pubsub/share/ament_index/resource_index/packages/cpp_pubsub
[8.733s] -- Installing: /home/maxim/git/ROS2/ros2_ws/install/cpp_pubsub/share/ament_index/resource_index/rclcpp_components/cpp_pubsub
[8.734s] -- Old export file "/home/maxim/git/ROS2/ros2_ws/install/cpp_pubsub/share/cpp_pubsub/cmake/export_talker_componentExport.cmake" will be replaced.  Removing files [/home/maxim/git/ROS2/ros2_ws/install/cpp_pubsub/share/cpp_pubsub/cmake/export_talker_componentExport-noconfig.cmake].
[8.734s] -- Installing: /home/maxim/git/ROS2/ros2_ws/install/cpp_pubsub/share/cpp_pubsub/cmake/export_talker_componentExport.cmake
[8.734s] -- Installing: /home/maxim/git/ROS2/ros2_ws/install/cpp_pubsub/share/cpp_pubsub/cmake/export_talker_componentExport-noconfig.cmake
[8.734s] -- Old export file "/home/maxim/git/ROS2/ros2_ws/install/cpp_pubsub/share/cpp_pubsub/cmake/export_listener_componentExport.cmake" will be replaced.  Removing files [/home/maxim/git/ROS2/ros2_ws/install/cpp_pubsub/share/cpp_pubsub/cmake/export_listener_componentExport-noconfig.cmake].
[8.734s] -- Installing: /home/maxim/git/ROS2/ros2_ws/install/cpp_pubsub/share/cpp_pubsub/cmake/export_listener_componentExport.cmake
[8.735s] -- Installing: /home/maxim/git/ROS2/ros2_ws/install/cpp_pubsub/share/cpp_pubsub/cmake/export_listener_componentExport-noconfig.cmake
[8.735s] -- Up-to-date: /home/maxim/git/ROS2/ros2_ws/install/cpp_pubsub/share/cpp_pubsub/cmake/ament_cmake_export_targets-extras.cmake
[8.735s] -- Up-to-date: /home/maxim/git/ROS2/ros2_ws/install/cpp_pubsub/share/cpp_pubsub/cmake/cpp_pubsubConfig.cmake
[8.735s] -- Up-to-date: /home/maxim/git/ROS2/ros2_ws/install/cpp_pubsub/share/cpp_pubsub/cmake/cpp_pubsubConfig-version.cmake
[8.735s] -- Up-to-date: /home/maxim/git/ROS2/ros2_ws/install/cpp_pubsub/share/cpp_pubsub/package.xml
[8.738s] Invoked command in '/home/maxim/git/ROS2/ros2_ws/build/cpp_pubsub' returned '0': CMAKE_PREFIX_PATH=/home/maxim/git/ROS2/ros2_ws/install/tutorial_interfaces:/home/maxim/git/ROS2/ros2_ws/install/cpp_srvcli:/home/maxim/git/ROS2/ros2_ws/install/cpp_pubsub:/home/maxim/git/ROS2/ros2_ws/install/polygon_plugins:/home/maxim/git/ROS2/ros2_ws/install/polygon_base:/home/maxim/git/ROS2/ros2_ws/install/my_package:/home/maxim/git/ROS2/ros2_ws/install/more_interfaces:/home/maxim/git/ROS2/ros2_ws/install/cpp_parameters:/home/maxim/git/ROS2/ros2_ws/install/action_tutorials_cpp:/home/maxim/git/ROS2/ros2_ws/install/action_tutorials_interfaces:/opt/ros/humble LD_LIBRARY_PATH=/home/maxim/git/ROS2/ros2_ws/install/tutorial_interfaces/lib:/home/maxim/git/ROS2/ros2_ws/install/polygon_plugins/lib:/home/maxim/git/ROS2/ros2_ws/install/more_interfaces/lib:/home/maxim/git/ROS2/ros2_ws/install/action_tutorials_cpp/lib:/home/maxim/git/ROS2/ros2_ws/install/action_tutorials_interfaces/lib:/usr/lib/x86_64-linux-gnu/gazebo-11/plugins:/opt/ros/humble/opt/rviz_ogre_vendor/lib:/opt/ros/humble/lib/x86_64-linux-gnu:/opt/ros/humble/lib:/usr/share/gazebo/../../lib/x86_64-linux-gnu/gazebo-11/plugins /usr/bin/cmake --install /home/maxim/git/ROS2/ros2_ws/build/cpp_pubsub
