[1.106s] DEBUG:colcon:Command line arguments: ['/usr/bin/colcon', 'build', '--packages-select', 'cpp_pubsub']
[1.106s] DEBUG:colcon:Parsed command line arguments: Namespace(log_base=None, log_level=None, verb_name='build', build_base='build', install_base='install', merge_install=False, symlink_install=False, test_result_base=None, continue_on_error=False, executor='parallel', parallel_workers=12, event_handlers=None, ignore_user_meta=False, metas=['./colcon.meta'], base_paths=['.'], packages_ignore=None, packages_ignore_regex=None, paths=None, packages_up_to=None, packages_up_to_regex=None, packages_above=None, packages_above_and_dependencies=None, packages_above_depth=None, packages_select_by_dep=None, packages_skip_by_dep=None, packages_skip_up_to=None, packages_select_build_failed=False, packages_skip_build_finished=False, packages_select_test_failures=False, packages_skip_test_passed=False, packages_select=['cpp_pubsub'], packages_skip=None, packages_select_regex=None, packages_skip_regex=None, packages_start=None, packages_end=None, allow_overriding=[], cmake_args=None, cmake_target=None, cmake_target_skip_unavailable=False, cmake_clean_cache=False, cmake_clean_first=False, cmake_force_configure=False, ament_cmake_args=None, catkin_cmake_args=None, catkin_skip_building_tests=False, verb_parser=<colcon_defaults.argument_parser.defaults.DefaultArgumentsDecorator object at 0x7f4b2fb77760>, verb_extension=<colcon_core.verb.build.BuildVerb object at 0x7f4b2ffd79d0>, main=<bound method BuildVerb.main of <colcon_core.verb.build.BuildVerb object at 0x7f4b2ffd79d0>>)
[1.166s] Level 1:colcon.colcon_core.package_discovery:discover_packages(colcon_meta) check parameters
[1.166s] Level 1:colcon.colcon_core.package_discovery:discover_packages(recursive) check parameters
[1.166s] Level 1:colcon.colcon_core.package_discovery:discover_packages(ignore) check parameters
[1.166s] Level 1:colcon.colcon_core.package_discovery:discover_packages(path) check parameters
[1.166s] Level 1:colcon.colcon_core.package_discovery:discover_packages(colcon_meta) discover
[1.167s] Level 1:colcon.colcon_core.package_discovery:discover_packages(recursive) discover
[1.167s] INFO:colcon.colcon_core.package_discovery:Crawling recursively for packages in '/home/maxim/git/ROS2/ros2_ws'
[1.167s] Level 1:colcon.colcon_core.package_identification:_identify(.) by extensions ['ignore', 'ignore_ament_install']
[1.167s] Level 1:colcon.colcon_core.package_identification:_identify(.) by extension 'ignore'
[1.167s] Level 1:colcon.colcon_core.package_identification:_identify(.) by extension 'ignore_ament_install'
[1.167s] Level 1:colcon.colcon_core.package_identification:_identify(.) by extensions ['colcon_pkg']
[1.167s] Level 1:colcon.colcon_core.package_identification:_identify(.) by extension 'colcon_pkg'
[1.167s] Level 1:colcon.colcon_core.package_identification:_identify(.) by extensions ['colcon_meta']
[1.167s] Level 1:colcon.colcon_core.package_identification:_identify(.) by extension 'colcon_meta'
[1.167s] Level 1:colcon.colcon_core.package_identification:_identify(.) by extensions ['ros']
[1.167s] Level 1:colcon.colcon_core.package_identification:_identify(.) by extension 'ros'
[1.179s] Level 1:colcon.colcon_core.package_identification:_identify(.) by extensions ['cmake', 'python']
[1.179s] Level 1:colcon.colcon_core.package_identification:_identify(.) by extension 'cmake'
[1.179s] Level 1:colcon.colcon_core.package_identification:_identify(.) by extension 'python'
[1.179s] Level 1:colcon.colcon_core.package_identification:_identify(.) by extensions ['python_setup_py']
[1.179s] Level 1:colcon.colcon_core.package_identification:_identify(.) by extension 'python_setup_py'
[1.179s] Level 1:colcon.colcon_core.package_identification:_identify(build) by extensions ['ignore', 'ignore_ament_install']
[1.180s] Level 1:colcon.colcon_core.package_identification:_identify(build) by extension 'ignore'
[1.180s] Level 1:colcon.colcon_core.package_identification:_identify(build) ignored
[1.180s] Level 1:colcon.colcon_core.package_identification:_identify(install) by extensions ['ignore', 'ignore_ament_install']
[1.180s] Level 1:colcon.colcon_core.package_identification:_identify(install) by extension 'ignore'
[1.180s] Level 1:colcon.colcon_core.package_identification:_identify(install) ignored
[1.180s] Level 1:colcon.colcon_core.package_identification:_identify(log) by extensions ['ignore', 'ignore_ament_install']
[1.180s] Level 1:colcon.colcon_core.package_identification:_identify(log) by extension 'ignore'
[1.180s] Level 1:colcon.colcon_core.package_identification:_identify(log) ignored
[1.180s] Level 1:colcon.colcon_core.package_identification:_identify(src) by extensions ['ignore', 'ignore_ament_install']
[1.180s] Level 1:colcon.colcon_core.package_identification:_identify(src) by extension 'ignore'
[1.180s] Level 1:colcon.colcon_core.package_identification:_identify(src) by extension 'ignore_ament_install'
[1.180s] Level 1:colcon.colcon_core.package_identification:_identify(src) by extensions ['colcon_pkg']
[1.180s] Level 1:colcon.colcon_core.package_identification:_identify(src) by extension 'colcon_pkg'
[1.180s] Level 1:colcon.colcon_core.package_identification:_identify(src) by extensions ['colcon_meta']
[1.180s] Level 1:colcon.colcon_core.package_identification:_identify(src) by extension 'colcon_meta'
[1.180s] Level 1:colcon.colcon_core.package_identification:_identify(src) by extensions ['ros']
[1.180s] Level 1:colcon.colcon_core.package_identification:_identify(src) by extension 'ros'
[1.180s] Level 1:colcon.colcon_core.package_identification:_identify(src) by extensions ['cmake', 'python']
[1.180s] Level 1:colcon.colcon_core.package_identification:_identify(src) by extension 'cmake'
[1.181s] Level 1:colcon.colcon_core.package_identification:_identify(src) by extension 'python'
[1.181s] Level 1:colcon.colcon_core.package_identification:_identify(src) by extensions ['python_setup_py']
[1.181s] Level 1:colcon.colcon_core.package_identification:_identify(src) by extension 'python_setup_py'
[1.181s] Level 1:colcon.colcon_core.package_identification:_identify(src/cpp_pubsub) by extensions ['ignore', 'ignore_ament_install']
[1.181s] Level 1:colcon.colcon_core.package_identification:_identify(src/cpp_pubsub) by extension 'ignore'
[1.181s] Level 1:colcon.colcon_core.package_identification:_identify(src/cpp_pubsub) by extension 'ignore_ament_install'
[1.181s] Level 1:colcon.colcon_core.package_identification:_identify(src/cpp_pubsub) by extensions ['colcon_pkg']
[1.181s] Level 1:colcon.colcon_core.package_identification:_identify(src/cpp_pubsub) by extension 'colcon_pkg'
[1.181s] Level 1:colcon.colcon_core.package_identification:_identify(src/cpp_pubsub) by extensions ['colcon_meta']
[1.181s] Level 1:colcon.colcon_core.package_identification:_identify(src/cpp_pubsub) by extension 'colcon_meta'
[1.181s] Level 1:colcon.colcon_core.package_identification:_identify(src/cpp_pubsub) by extensions ['ros']
[1.181s] Level 1:colcon.colcon_core.package_identification:_identify(src/cpp_pubsub) by extension 'ros'
[1.184s] DEBUG:colcon.colcon_core.package_identification:Package 'src/cpp_pubsub' with type 'ros.ament_cmake' and name 'cpp_pubsub'
[1.185s] Level 1:colcon.colcon_core.package_identification:_identify(src/my_package) by extensions ['ignore', 'ignore_ament_install']
[1.185s] Level 1:colcon.colcon_core.package_identification:_identify(src/my_package) by extension 'ignore'
[1.185s] Level 1:colcon.colcon_core.package_identification:_identify(src/my_package) by extension 'ignore_ament_install'
[1.185s] Level 1:colcon.colcon_core.package_identification:_identify(src/my_package) by extensions ['colcon_pkg']
[1.185s] Level 1:colcon.colcon_core.package_identification:_identify(src/my_package) by extension 'colcon_pkg'
[1.185s] Level 1:colcon.colcon_core.package_identification:_identify(src/my_package) by extensions ['colcon_meta']
[1.185s] Level 1:colcon.colcon_core.package_identification:_identify(src/my_package) by extension 'colcon_meta'
[1.185s] Level 1:colcon.colcon_core.package_identification:_identify(src/my_package) by extensions ['ros']
[1.185s] Level 1:colcon.colcon_core.package_identification:_identify(src/my_package) by extension 'ros'
[1.186s] DEBUG:colcon.colcon_core.package_identification:Package 'src/my_package' with type 'ros.ament_cmake' and name 'my_package'
[1.186s] Level 1:colcon.colcon_core.package_discovery:discover_packages(recursive) using defaults
[1.186s] Level 1:colcon.colcon_core.package_discovery:discover_packages(ignore) discover
[1.186s] Level 1:colcon.colcon_core.package_discovery:discover_packages(ignore) using defaults
[1.186s] Level 1:colcon.colcon_core.package_discovery:discover_packages(path) discover
[1.186s] Level 1:colcon.colcon_core.package_discovery:discover_packages(path) using defaults
[1.251s] INFO:colcon.colcon_core.package_selection:Skipping not selected package 'my_package' in 'src/my_package'
[1.276s] Level 1:colcon.colcon_core.package_discovery:discover_packages(prefix_path) check parameters
[1.276s] Level 1:colcon.colcon_core.package_discovery:discover_packages(prefix_path) discover
[1.303s] DEBUG:colcon.colcon_installed_package_information.package_discovery:Found 2 installed packages in /home/maxim/git/ROS2/ros2_ws/install
[1.317s] DEBUG:colcon.colcon_installed_package_information.package_discovery:Found 270 installed packages in /opt/ros/humble
[1.318s] Level 1:colcon.colcon_core.package_discovery:discover_packages(prefix_path) using defaults
[1.423s] Level 5:colcon.colcon_core.verb:set package 'cpp_pubsub' build argument 'cmake_args' from command line to 'None'
[1.423s] Level 5:colcon.colcon_core.verb:set package 'cpp_pubsub' build argument 'cmake_target' from command line to 'None'
[1.423s] Level 5:colcon.colcon_core.verb:set package 'cpp_pubsub' build argument 'cmake_target_skip_unavailable' from command line to 'False'
[1.423s] Level 5:colcon.colcon_core.verb:set package 'cpp_pubsub' build argument 'cmake_clean_cache' from command line to 'False'
[1.423s] Level 5:colcon.colcon_core.verb:set package 'cpp_pubsub' build argument 'cmake_clean_first' from command line to 'False'
[1.423s] Level 5:colcon.colcon_core.verb:set package 'cpp_pubsub' build argument 'cmake_force_configure' from command line to 'False'
[1.423s] Level 5:colcon.colcon_core.verb:set package 'cpp_pubsub' build argument 'ament_cmake_args' from command line to 'None'
[1.423s] Level 5:colcon.colcon_core.verb:set package 'cpp_pubsub' build argument 'catkin_cmake_args' from command line to 'None'
[1.423s] Level 5:colcon.colcon_core.verb:set package 'cpp_pubsub' build argument 'catkin_skip_building_tests' from command line to 'False'
[1.423s] DEBUG:colcon.colcon_core.verb:Building package 'cpp_pubsub' with the following arguments: {'ament_cmake_args': None, 'build_base': '/home/maxim/git/ROS2/ros2_ws/build/cpp_pubsub', 'catkin_cmake_args': None, 'catkin_skip_building_tests': False, 'cmake_args': None, 'cmake_clean_cache': False, 'cmake_clean_first': False, 'cmake_force_configure': False, 'cmake_target': None, 'cmake_target_skip_unavailable': False, 'install_base': '/home/maxim/git/ROS2/ros2_ws/install/cpp_pubsub', 'merge_install': False, 'path': '/home/maxim/git/ROS2/ros2_ws/src/cpp_pubsub', 'symlink_install': False, 'test_result_base': None}
[1.435s] INFO:colcon.colcon_core.executor:Executing jobs using 'parallel' executor
[1.448s] DEBUG:colcon.colcon_parallel_executor.executor.parallel:run_until_complete
[1.448s] INFO:colcon.colcon_ros.task.ament_cmake.build:Building ROS package in '/home/maxim/git/ROS2/ros2_ws/src/cpp_pubsub' with build type 'ament_cmake'
[1.448s] INFO:colcon.colcon_cmake.task.cmake.build:Building CMake package in '/home/maxim/git/ROS2/ros2_ws/src/cpp_pubsub'
[1.464s] INFO:colcon.colcon_core.plugin_system:Skipping extension 'colcon_core.shell.bat': Not used on non-Windows systems
[1.464s] INFO:colcon.colcon_core.shell:Skip shell extension 'powershell' for command environment: Not usable outside of PowerShell
[1.464s] DEBUG:colcon.colcon_core.shell:Skip shell extension 'dsv' for command environment
[1.513s] DEBUG:colcon.colcon_core.event_handler.log_command:Invoking command in '/home/maxim/git/ROS2/ros2_ws/build/cpp_pubsub': CMAKE_PREFIX_PATH=${CMAKE_PREFIX_PATH}:/opt/ros/humble /usr/bin/cmake --build /home/maxim/git/ROS2/ros2_ws/build/cpp_pubsub -- -j12 -l12
[9.219s] DEBUG:colcon.colcon_core.event_handler.log_command:Invoked command in '/home/maxim/git/ROS2/ros2_ws/build/cpp_pubsub' returned '0': CMAKE_PREFIX_PATH=${CMAKE_PREFIX_PATH}:/opt/ros/humble /usr/bin/cmake --build /home/maxim/git/ROS2/ros2_ws/build/cpp_pubsub -- -j12 -l12
[9.307s] DEBUG:colcon.colcon_core.event_handler.log_command:Invoking command in '/home/maxim/git/ROS2/ros2_ws/build/cpp_pubsub': CMAKE_PREFIX_PATH=${CMAKE_PREFIX_PATH}:/opt/ros/humble /usr/bin/cmake --install /home/maxim/git/ROS2/ros2_ws/build/cpp_pubsub
[9.332s] Level 1:colcon.colcon_core.environment:create_environment_scripts_only(cpp_pubsub)
[9.333s] DEBUG:colcon.colcon_core.event_handler.log_command:Invoked command in '/home/maxim/git/ROS2/ros2_ws/build/cpp_pubsub' returned '0': CMAKE_PREFIX_PATH=${CMAKE_PREFIX_PATH}:/opt/ros/humble /usr/bin/cmake --install /home/maxim/git/ROS2/ros2_ws/build/cpp_pubsub
[9.376s] Level 1:colcon.colcon_core.environment:checking '/home/maxim/git/ROS2/ros2_ws/install/cpp_pubsub' for CMake module files
[9.377s] Level 1:colcon.colcon_core.environment:checking '/home/maxim/git/ROS2/ros2_ws/install/cpp_pubsub' for CMake config files
[9.377s] Level 1:colcon.colcon_core.shell:create_environment_hook('cpp_pubsub', 'cmake_prefix_path')
[9.390s] INFO:colcon.colcon_core.shell:Creating environment hook '/home/maxim/git/ROS2/ros2_ws/install/cpp_pubsub/share/cpp_pubsub/hook/cmake_prefix_path.ps1'
[9.392s] INFO:colcon.colcon_core.shell:Creating environment descriptor '/home/maxim/git/ROS2/ros2_ws/install/cpp_pubsub/share/cpp_pubsub/hook/cmake_prefix_path.dsv'
[9.393s] INFO:colcon.colcon_core.shell:Creating environment hook '/home/maxim/git/ROS2/ros2_ws/install/cpp_pubsub/share/cpp_pubsub/hook/cmake_prefix_path.sh'
[9.395s] Level 1:colcon.colcon_core.environment:checking '/home/maxim/git/ROS2/ros2_ws/install/cpp_pubsub/lib'
[9.395s] Level 1:colcon.colcon_core.environment:checking '/home/maxim/git/ROS2/ros2_ws/install/cpp_pubsub/bin'
[9.395s] Level 1:colcon.colcon_core.environment:checking '/home/maxim/git/ROS2/ros2_ws/install/cpp_pubsub/lib/pkgconfig/cpp_pubsub.pc'
[9.396s] Level 1:colcon.colcon_core.environment:checking '/home/maxim/git/ROS2/ros2_ws/install/cpp_pubsub/lib/python3.10/site-packages'
[9.396s] Level 1:colcon.colcon_core.environment:checking '/home/maxim/git/ROS2/ros2_ws/install/cpp_pubsub/bin'
[9.427s] INFO:colcon.colcon_core.shell:Creating package script '/home/maxim/git/ROS2/ros2_ws/install/cpp_pubsub/share/cpp_pubsub/package.ps1'
[9.429s] INFO:colcon.colcon_core.shell:Creating package descriptor '/home/maxim/git/ROS2/ros2_ws/install/cpp_pubsub/share/cpp_pubsub/package.dsv'
[9.430s] INFO:colcon.colcon_core.shell:Creating package script '/home/maxim/git/ROS2/ros2_ws/install/cpp_pubsub/share/cpp_pubsub/package.sh'
[9.432s] INFO:colcon.colcon_core.shell:Creating package script '/home/maxim/git/ROS2/ros2_ws/install/cpp_pubsub/share/cpp_pubsub/package.bash'
[9.434s] INFO:colcon.colcon_core.shell:Creating package script '/home/maxim/git/ROS2/ros2_ws/install/cpp_pubsub/share/cpp_pubsub/package.zsh'
[9.436s] Level 1:colcon.colcon_core.environment:create_file_with_runtime_dependencies(/home/maxim/git/ROS2/ros2_ws/install/cpp_pubsub/share/colcon-core/packages/cpp_pubsub)
[9.511s] Level 1:colcon.colcon_core.environment:create_environment_scripts_only(cpp_pubsub)
[9.524s] Level 1:colcon.colcon_core.environment:checking '/home/maxim/git/ROS2/ros2_ws/install/cpp_pubsub' for CMake module files
[9.524s] Level 1:colcon.colcon_core.environment:checking '/home/maxim/git/ROS2/ros2_ws/install/cpp_pubsub' for CMake config files
[9.524s] Level 1:colcon.colcon_core.shell:create_environment_hook('cpp_pubsub', 'cmake_prefix_path')
[9.536s] INFO:colcon.colcon_core.shell:Creating environment hook '/home/maxim/git/ROS2/ros2_ws/install/cpp_pubsub/share/cpp_pubsub/hook/cmake_prefix_path.ps1'
[9.537s] INFO:colcon.colcon_core.shell:Creating environment descriptor '/home/maxim/git/ROS2/ros2_ws/install/cpp_pubsub/share/cpp_pubsub/hook/cmake_prefix_path.dsv'
[9.537s] INFO:colcon.colcon_core.shell:Creating environment hook '/home/maxim/git/ROS2/ros2_ws/install/cpp_pubsub/share/cpp_pubsub/hook/cmake_prefix_path.sh'
[9.538s] Level 1:colcon.colcon_core.environment:checking '/home/maxim/git/ROS2/ros2_ws/install/cpp_pubsub/lib'
[9.538s] Level 1:colcon.colcon_core.environment:checking '/home/maxim/git/ROS2/ros2_ws/install/cpp_pubsub/bin'
[9.538s] Level 1:colcon.colcon_core.environment:checking '/home/maxim/git/ROS2/ros2_ws/install/cpp_pubsub/lib/pkgconfig/cpp_pubsub.pc'
[9.538s] Level 1:colcon.colcon_core.environment:checking '/home/maxim/git/ROS2/ros2_ws/install/cpp_pubsub/lib/python3.10/site-packages'
[9.538s] Level 1:colcon.colcon_core.environment:checking '/home/maxim/git/ROS2/ros2_ws/install/cpp_pubsub/bin'
[9.550s] INFO:colcon.colcon_core.shell:Creating package script '/home/maxim/git/ROS2/ros2_ws/install/cpp_pubsub/share/cpp_pubsub/package.ps1'
[9.550s] INFO:colcon.colcon_core.shell:Creating package descriptor '/home/maxim/git/ROS2/ros2_ws/install/cpp_pubsub/share/cpp_pubsub/package.dsv'
[9.551s] INFO:colcon.colcon_core.shell:Creating package script '/home/maxim/git/ROS2/ros2_ws/install/cpp_pubsub/share/cpp_pubsub/package.sh'
[9.551s] INFO:colcon.colcon_core.shell:Creating package script '/home/maxim/git/ROS2/ros2_ws/install/cpp_pubsub/share/cpp_pubsub/package.bash'
[9.551s] INFO:colcon.colcon_core.shell:Creating package script '/home/maxim/git/ROS2/ros2_ws/install/cpp_pubsub/share/cpp_pubsub/package.zsh'
[9.552s] Level 1:colcon.colcon_core.environment:create_file_with_runtime_dependencies(/home/maxim/git/ROS2/ros2_ws/install/cpp_pubsub/share/colcon-core/packages/cpp_pubsub)
[9.552s] DEBUG:colcon.colcon_parallel_executor.executor.parallel:closing loop
[9.552s] DEBUG:colcon.colcon_parallel_executor.executor.parallel:loop closed
[9.552s] DEBUG:colcon.colcon_parallel_executor.executor.parallel:run_until_complete finished with '0'
[9.552s] DEBUG:colcon.colcon_core.event_reactor:joining thread
[9.607s] INFO:colcon.colcon_core.plugin_system:Skipping extension 'colcon_notification.desktop_notification.terminal_notifier': Not used on non-Darwin systems
[9.607s] INFO:colcon.colcon_core.plugin_system:Skipping extension 'colcon_notification.desktop_notification.win32': Not used on non-Windows systems
[9.608s] INFO:colcon.colcon_notification.desktop_notification:Sending desktop notification using 'notify2'
[9.654s] DEBUG:colcon.colcon_core.event_reactor:joined thread
[9.668s] INFO:colcon.colcon_core.shell:Creating prefix script '/home/maxim/git/ROS2/ros2_ws/install/local_setup.ps1'
[9.669s] INFO:colcon.colcon_core.shell:Creating prefix util module '/home/maxim/git/ROS2/ros2_ws/install/_local_setup_util_ps1.py'
[9.671s] INFO:colcon.colcon_core.shell:Creating prefix chain script '/home/maxim/git/ROS2/ros2_ws/install/setup.ps1'
[9.686s] INFO:colcon.colcon_core.shell:Creating prefix script '/home/maxim/git/ROS2/ros2_ws/install/local_setup.sh'
[9.687s] INFO:colcon.colcon_core.shell:Creating prefix util module '/home/maxim/git/ROS2/ros2_ws/install/_local_setup_util_sh.py'
[9.687s] INFO:colcon.colcon_core.shell:Creating prefix chain script '/home/maxim/git/ROS2/ros2_ws/install/setup.sh'
[9.717s] INFO:colcon.colcon_core.shell:Creating prefix script '/home/maxim/git/ROS2/ros2_ws/install/local_setup.bash'
[9.717s] INFO:colcon.colcon_core.shell:Creating prefix chain script '/home/maxim/git/ROS2/ros2_ws/install/setup.bash'
[9.731s] INFO:colcon.colcon_core.shell:Creating prefix script '/home/maxim/git/ROS2/ros2_ws/install/local_setup.zsh'
[9.731s] INFO:colcon.colcon_core.shell:Creating prefix chain script '/home/maxim/git/ROS2/ros2_ws/install/setup.zsh'
