[0.108s] Invoking command in '/home/maxim/git/ROS2/ros2_ws/build/cpp_parameters': CMAKE_PREFIX_PATH=${CMAKE_PREFIX_PATH}:/opt/ros/humble /usr/bin/cmake --build /home/maxim/git/ROS2/ros2_ws/build/cpp_parameters -- -j12 -l12
[0.233s] [100%] Built target minimal_param_node
[0.256s] Invoked command in '/home/maxim/git/ROS2/ros2_ws/build/cpp_parameters' returned '0': CMAKE_PREFIX_PATH=${CMAKE_PREFIX_PATH}:/opt/ros/humble /usr/bin/cmake --build /home/maxim/git/ROS2/ros2_ws/build/cpp_parameters -- -j12 -l12
[0.323s] Invoking command in '/home/maxim/git/ROS2/ros2_ws/build/cpp_parameters': CMAKE_PREFIX_PATH=${CMAKE_PREFIX_PATH}:/opt/ros/humble /usr/bin/cmake --install /home/maxim/git/ROS2/ros2_ws/build/cpp_parameters
[0.344s] -- Install configuration: ""
[0.344s] -- Up-to-date: /home/maxim/git/ROS2/ros2_ws/install/cpp_parameters/lib/cpp_parameters/minimal_param_node
[0.345s] -- Up-to-date: /home/maxim/git/ROS2/ros2_ws/install/cpp_parameters/share/cpp_parameters/launch
[0.345s] -- Installing: /home/maxim/git/ROS2/ros2_ws/install/cpp_parameters/share/cpp_parameters/launch/cpp_parameters_launch.py
[0.345s] -- Up-to-date: /home/maxim/git/ROS2/ros2_ws/install/cpp_parameters/share/ament_index/resource_index/package_run_dependencies/cpp_parameters
[0.346s] -- Up-to-date: /home/maxim/git/ROS2/ros2_ws/install/cpp_parameters/share/ament_index/resource_index/parent_prefix_path/cpp_parameters
[0.346s] -- Up-to-date: /home/maxim/git/ROS2/ros2_ws/install/cpp_parameters/share/cpp_parameters/environment/ament_prefix_path.sh
[0.346s] -- Up-to-date: /home/maxim/git/ROS2/ros2_ws/install/cpp_parameters/share/cpp_parameters/environment/ament_prefix_path.dsv
[0.346s] -- Up-to-date: /home/maxim/git/ROS2/ros2_ws/install/cpp_parameters/share/cpp_parameters/environment/path.sh
[0.347s] -- Up-to-date: /home/maxim/git/ROS2/ros2_ws/install/cpp_parameters/share/cpp_parameters/environment/path.dsv
[0.347s] -- Up-to-date: /home/maxim/git/ROS2/ros2_ws/install/cpp_parameters/share/cpp_parameters/local_setup.bash
[0.347s] -- Up-to-date: /home/maxim/git/ROS2/ros2_ws/install/cpp_parameters/share/cpp_parameters/local_setup.sh
[0.347s] -- Up-to-date: /home/maxim/git/ROS2/ros2_ws/install/cpp_parameters/share/cpp_parameters/local_setup.zsh
[0.347s] -- Up-to-date: /home/maxim/git/ROS2/ros2_ws/install/cpp_parameters/share/cpp_parameters/local_setup.dsv
[0.347s] -- Up-to-date: /home/maxim/git/ROS2/ros2_ws/install/cpp_parameters/share/cpp_parameters/package.dsv
[0.348s] -- Up-to-date: /home/maxim/git/ROS2/ros2_ws/install/cpp_parameters/share/ament_index/resource_index/packages/cpp_parameters
[0.348s] -- Up-to-date: /home/maxim/git/ROS2/ros2_ws/install/cpp_parameters/share/cpp_parameters/cmake/cpp_parametersConfig.cmake
[0.348s] -- Up-to-date: /home/maxim/git/ROS2/ros2_ws/install/cpp_parameters/share/cpp_parameters/cmake/cpp_parametersConfig-version.cmake
[0.348s] -- Up-to-date: /home/maxim/git/ROS2/ros2_ws/install/cpp_parameters/share/cpp_parameters/package.xml
[0.352s] Invoked command in '/home/maxim/git/ROS2/ros2_ws/build/cpp_parameters' returned '0': CMAKE_PREFIX_PATH=${CMAKE_PREFIX_PATH}:/opt/ros/humble /usr/bin/cmake --install /home/maxim/git/ROS2/ros2_ws/build/cpp_parameters
