[0.067s] Invoking command in '/home/maxim/git/ROS2/ros2_ws/build/more_interfaces': CMAKE_PREFIX_PATH=${CMAKE_PREFIX_PATH}:/opt/ros/humble /usr/bin/cmake /home/maxim/git/ROS2/ros2_ws/src/more_interfaces -DCMAKE_INSTALL_PREFIX=/home/maxim/git/ROS2/ros2_ws/install/more_interfaces
[0.080s] -- Found ament_cmake: 1.3.8 (/opt/ros/humble/share/ament_cmake/cmake)
[0.258s] -- Found rclcpp: 16.0.8 (/opt/ros/humble/share/rclcpp/cmake)
[0.326s] -- Found rosidl_generator_c: 3.1.5 (/opt/ros/humble/share/rosidl_generator_c/cmake)
[0.329s] -- Found rosidl_adapter: 3.1.5 (/opt/ros/humble/share/rosidl_adapter/cmake)
[0.335s] -- Found rosidl_generator_cpp: 3.1.5 (/opt/ros/humble/share/rosidl_generator_cpp/cmake)
[0.345s] -- Using all available rosidl_typesupport_c: rosidl_typesupport_fastrtps_c;rosidl_typesupport_introspection_c
[0.359s] -- Using all available rosidl_typesupport_cpp: rosidl_typesupport_fastrtps_cpp;rosidl_typesupport_introspection_cpp
[0.411s] -- Found rmw_implementation_cmake: 6.1.1 (/opt/ros/humble/share/rmw_implementation_cmake/cmake)
[0.411s] -- Found rmw_fastrtps_cpp: 6.2.6 (/opt/ros/humble/share/rmw_fastrtps_cpp/cmake)
[0.557s] -- Using RMW implementation 'rmw_fastrtps_cpp' as default
[0.702s] -- Found rosidl_default_generators: 1.2.0 (/opt/ros/humble/share/rosidl_default_generators/cmake)
[1.088s] -- Found ament_cmake_ros: 0.10.0 (/opt/ros/humble/share/ament_cmake_ros/cmake)
[1.496s] -- Using all available rosidl_typesupport_c: rosidl_typesupport_fastrtps_c;rosidl_typesupport_introspection_c
[1.709s] -- Using all available rosidl_typesupport_cpp: rosidl_typesupport_fastrtps_cpp;rosidl_typesupport_introspection_cpp
[1.745s] -- Found PythonInterp: /usr/bin/python3 (found suitable version "3.10.12", minimum required is "3.6") 
[1.749s] -- Found python_cmake_module: 0.10.0 (/opt/ros/humble/share/python_cmake_module/cmake)
[1.783s] -- Found PythonLibs: /usr/lib/x86_64-linux-gnu/libpython3.10.so (found suitable version "3.10.12", minimum required is "3.5") 
[1.783s] -- Using PYTHON_EXECUTABLE: /usr/bin/python3
[1.784s] -- Using PYTHON_INCLUDE_DIRS: /usr/include/python3.10
[1.784s] -- Using PYTHON_LIBRARIES: /usr/lib/x86_64-linux-gnu/libpython3.10.so
[1.804s] -- Found PythonExtra: .so  
[1.877s] -- Configuring done
[1.911s] -- Generating done
[1.914s] -- Build files have been written to: /home/maxim/git/ROS2/ros2_ws/build/more_interfaces
[1.925s] Invoked command in '/home/maxim/git/ROS2/ros2_ws/build/more_interfaces' returned '0': CMAKE_PREFIX_PATH=${CMAKE_PREFIX_PATH}:/opt/ros/humble /usr/bin/cmake /home/maxim/git/ROS2/ros2_ws/src/more_interfaces -DCMAKE_INSTALL_PREFIX=/home/maxim/git/ROS2/ros2_ws/install/more_interfaces
[1.927s] Invoking command in '/home/maxim/git/ROS2/ros2_ws/build/more_interfaces': CMAKE_PREFIX_PATH=${CMAKE_PREFIX_PATH}:/opt/ros/humble /usr/bin/cmake --build /home/maxim/git/ROS2/ros2_ws/build/more_interfaces -- -j12 -l12
[1.996s] [  3%] [34m[1mGenerating C code for ROS interfaces[0m
[2.015s] [  6%] [34m[1mGenerating C++ code for ROS interfaces[0m
[2.039s] [  6%] Built target ament_cmake_python_copy_more_interfaces
[2.258s] [  9%] [32mBuilding C object CMakeFiles/more_interfaces__rosidl_generator_c.dir/rosidl_generator_c/more_interfaces/msg/detail/address_book__functions.c.o[0m
[2.273s] [  9%] Built target more_interfaces__cpp
[2.287s] [ 15%] [34m[1mGenerating C++ type support dispatch for ROS interfaces[0m
[2.287s] [ 15%] [34m[1mGenerating C++ type support for eProsima Fast-RTPS[0m
[2.292s] [ 18%] [34m[1mGenerating C++ introspection for ROS interfaces[0m
[2.293s] running egg_info
[2.293s] creating more_interfaces.egg-info
[2.294s] writing more_interfaces.egg-info/PKG-INFO
[2.294s] writing dependency_links to more_interfaces.egg-info/dependency_links.txt
[2.294s] writing top-level names to more_interfaces.egg-info/top_level.txt
[2.294s] writing manifest file 'more_interfaces.egg-info/SOURCES.txt'
[2.297s] reading manifest file 'more_interfaces.egg-info/SOURCES.txt'
[2.298s] writing manifest file 'more_interfaces.egg-info/SOURCES.txt'
[2.323s] [ 21%] [32m[1mLinking C shared library libmore_interfaces__rosidl_generator_c.so[0m
[2.338s] [ 21%] Built target ament_cmake_python_build_more_interfaces_egg
[2.370s] [ 21%] Built target more_interfaces__rosidl_generator_c
[2.383s] [ 27%] [34m[1mGenerating C introspection for ROS interfaces[0m
[2.383s] [ 27%] [34m[1mGenerating C type support for eProsima Fast-RTPS[0m
[2.383s] [ 30%] [34m[1mGenerating C type support dispatch for ROS interfaces[0m
[2.537s] [ 33%] [32mBuilding CXX object CMakeFiles/more_interfaces__rosidl_typesupport_cpp.dir/rosidl_typesupport_cpp/more_interfaces/msg/address_book__type_support.cpp.o[0m
[2.539s] [ 36%] [32mBuilding CXX object CMakeFiles/more_interfaces__rosidl_typesupport_introspection_cpp.dir/rosidl_typesupport_introspection_cpp/more_interfaces/msg/detail/address_book__type_support.cpp.o[0m
[2.540s] [ 39%] [32mBuilding CXX object CMakeFiles/more_interfaces__rosidl_typesupport_fastrtps_cpp.dir/rosidl_typesupport_fastrtps_cpp/more_interfaces/msg/detail/dds_fastrtps/address_book__type_support.cpp.o[0m
[2.617s] [ 42%] [32mBuilding CXX object CMakeFiles/more_interfaces__rosidl_typesupport_c.dir/rosidl_typesupport_c/more_interfaces/msg/address_book__type_support.cpp.o[0m
[2.632s] [ 45%] [32mBuilding CXX object CMakeFiles/more_interfaces__rosidl_typesupport_fastrtps_c.dir/rosidl_typesupport_fastrtps_c/more_interfaces/msg/detail/address_book__type_support_c.cpp.o[0m
[2.641s] [ 48%] [32mBuilding C object CMakeFiles/more_interfaces__rosidl_typesupport_introspection_c.dir/rosidl_typesupport_introspection_c/more_interfaces/msg/detail/address_book__type_support.c.o[0m
[2.654s] [ 51%] [32m[1mLinking CXX shared library libmore_interfaces__rosidl_typesupport_c.so[0m
[2.679s] [ 54%] [32m[1mLinking C shared library libmore_interfaces__rosidl_typesupport_introspection_c.so[0m
[2.701s] [ 54%] Built target more_interfaces__rosidl_typesupport_c
[2.716s] [ 54%] Built target more_interfaces__rosidl_typesupport_introspection_c
[2.818s] [ 57%] [32m[1mLinking CXX shared library libmore_interfaces__rosidl_typesupport_cpp.so[0m
[2.870s] [ 57%] Built target more_interfaces__rosidl_typesupport_cpp
[2.895s] [ 60%] [32mBuilding CXX object CMakeFiles/publish_address_book.dir/src/publish_address_book.cpp.o[0m
[2.927s] [ 63%] [32m[1mLinking CXX shared library libmore_interfaces__rosidl_typesupport_introspection_cpp.so[0m
[2.928s] [ 66%] [32m[1mLinking CXX shared library libmore_interfaces__rosidl_typesupport_fastrtps_cpp.so[0m
[2.955s] [ 69%] [32m[1mLinking CXX shared library libmore_interfaces__rosidl_typesupport_fastrtps_c.so[0m
[3.019s] [ 69%] Built target more_interfaces__rosidl_typesupport_introspection_cpp
[3.036s] [ 69%] Built target more_interfaces__rosidl_typesupport_fastrtps_cpp
[3.058s] [ 69%] Built target more_interfaces__rosidl_typesupport_fastrtps_c
[3.085s] [ 69%] Built target more_interfaces
[3.122s] [ 72%] [34m[1mGenerating Python code for ROS interfaces[0m
[3.430s] [ 72%] Built target more_interfaces__py
[3.458s] [ 75%] [32mBuilding C object CMakeFiles/more_interfaces__rosidl_generator_py.dir/rosidl_generator_py/more_interfaces/msg/_address_book_s.c.o[0m
[3.574s] [ 78%] [32m[1mLinking C shared library rosidl_generator_py/more_interfaces/libmore_interfaces__rosidl_generator_py.so[0m
[3.621s] [ 78%] Built target more_interfaces__rosidl_generator_py
[3.648s] [ 84%] [32mBuilding C object CMakeFiles/more_interfaces__rosidl_typesupport_fastrtps_c__pyext.dir/rosidl_generator_py/more_interfaces/_more_interfaces_s.ep.rosidl_typesupport_fastrtps_c.c.o[0m
[3.648s] [ 84%] [32mBuilding C object CMakeFiles/more_interfaces__rosidl_typesupport_c__pyext.dir/rosidl_generator_py/more_interfaces/_more_interfaces_s.ep.rosidl_typesupport_c.c.o[0m
[3.660s] [ 87%] [32mBuilding C object CMakeFiles/more_interfaces__rosidl_typesupport_introspection_c__pyext.dir/rosidl_generator_py/more_interfaces/_more_interfaces_s.ep.rosidl_typesupport_introspection_c.c.o[0m
[3.748s] [ 90%] [32m[1mLinking C shared library rosidl_generator_py/more_interfaces/more_interfaces_s__rosidl_typesupport_fastrtps_c.cpython-310-x86_64-linux-gnu.so[0m
[3.752s] [ 93%] [32m[1mLinking C shared library rosidl_generator_py/more_interfaces/more_interfaces_s__rosidl_typesupport_introspection_c.cpython-310-x86_64-linux-gnu.so[0m
[3.762s] [ 96%] [32m[1mLinking C shared library rosidl_generator_py/more_interfaces/more_interfaces_s__rosidl_typesupport_c.cpython-310-x86_64-linux-gnu.so[0m
[3.790s] [ 96%] Built target more_interfaces__rosidl_typesupport_introspection_c__pyext
[3.800s] [ 96%] Built target more_interfaces__rosidl_typesupport_fastrtps_c__pyext
[3.801s] [ 96%] Built target more_interfaces__rosidl_typesupport_c__pyext
[4.964s] [01m[K/home/maxim/git/ROS2/ros2_ws/src/more_interfaces/src/publish_address_book.cpp:[m[K In lambda function:
[4.965s] [01m[K/home/maxim/git/ROS2/ros2_ws/src/more_interfaces/src/publish_address_book.cpp:34:19:[m[K [01;31m[Kerror: [m[K‘[01m[Kclass AddressBookPublisher[m[K’ has no member named ‘[01m[Kaddress_book_publisher_[m[K’; did you mean ‘[01m[Kaddres_book_publisher_[m[K’?
[4.965s]    34 |             this->[01;31m[Kaddress_book_publisher_[m[K->publish(message);
[4.965s]       |                   [01;31m[K^~~~~~~~~~~~~~~~~~~~~~~[m[K
[4.965s]       |                   [32m[Kaddres_book_publisher_[m[K
[5.561s] gmake[2]: *** [CMakeFiles/publish_address_book.dir/build.make:76: CMakeFiles/publish_address_book.dir/src/publish_address_book.cpp.o] Error 1
[5.562s] gmake[1]: *** [CMakeFiles/Makefile2:183: CMakeFiles/publish_address_book.dir/all] Error 2
[5.562s] gmake: *** [Makefile:146: all] Error 2
[5.570s] Invoked command in '/home/maxim/git/ROS2/ros2_ws/build/more_interfaces' returned '2': CMAKE_PREFIX_PATH=${CMAKE_PREFIX_PATH}:/opt/ros/humble /usr/bin/cmake --build /home/maxim/git/ROS2/ros2_ws/build/more_interfaces -- -j12 -l12
