[0.135s] Invoking command in '/home/maxim/git/ROS2/ros2_ws/build/action_tutorials_cpp': CMAKE_PREFIX_PATH=/home/maxim/git/ROS2/ros2_ws/install/action_tutorials_interfaces:/home/maxim/git/ROS2/ros2_ws/install/cpp_srvcli:/home/maxim/git/ROS2/ros2_ws/install/cpp_pubsub:/home/maxim/git/ROS2/ros2_ws/install/tutorial_interfaces:/home/maxim/git/ROS2/ros2_ws/install/polygon_plugins:/home/maxim/git/ROS2/ros2_ws/install/polygon_base:/home/maxim/git/ROS2/ros2_ws/install/my_package:/home/maxim/git/ROS2/ros2_ws/install/more_interfaces:/home/maxim/git/ROS2/ros2_ws/install/cpp_parameters:/home/maxim/git/ROS2/ros2_ws/install/action_tutorials_cpp:/opt/ros/humble LD_LIBRARY_PATH=/home/maxim/git/ROS2/ros2_ws/install/action_tutorials_interfaces/lib:/home/maxim/git/ROS2/ros2_ws/install/tutorial_interfaces/lib:/home/maxim/git/ROS2/ros2_ws/install/polygon_plugins/lib:/home/maxim/git/ROS2/ros2_ws/install/more_interfaces/lib:/home/maxim/git/ROS2/ros2_ws/install/action_tutorials_cpp/lib:/usr/lib/x86_64-linux-gnu/gazebo-11/plugins:/opt/ros/humble/opt/rviz_ogre_vendor/lib:/opt/ros/humble/lib/x86_64-linux-gnu:/opt/ros/humble/lib:/usr/share/gazebo/../../lib/x86_64-linux-gnu/gazebo-11/plugins /usr/bin/cmake --build /home/maxim/git/ROS2/ros2_ws/build/action_tutorials_cpp -- -j12 -l12
[0.251s] [35m[1mConsolidate compiler generated dependencies of target action_client[0m
[0.260s] [35m[1mConsolidate compiler generated dependencies of target fibonacci_action_client[0m
[0.286s] [ 37%] Built target action_server
[0.286s] [ 50%] Built target fibonacci_action_server
[0.294s] [ 62%] [32mBuilding CXX object CMakeFiles/action_client.dir/src/fibonacci_action_client.cpp.o[0m
[0.305s] [ 87%] Built target fibonacci_action_client
[3.564s] [01m[K/home/maxim/git/ROS2/ros2_ws/src/action_tutorials_cpp/src/fibonacci_action_client.cpp:76:39:[m[K [01;31m[Kerror: [m[K‘[01m[KGoalHandleFibonacci[m[K’ does not name a type; did you mean ‘[01m[KGoalHandlerFibonacci[m[K’?
[3.564s]    76 |     void goal_response_callback(const [01;31m[KGoalHandleFibonacci[m[K::SharedPtr &goal_handle)
[3.564s]       |                                       [01;31m[K^~~~~~~~~~~~~~~~~~~[m[K
[3.564s]       |                                       [32m[KGoalHandlerFibonacci[m[K
[3.564s] [01m[K/home/maxim/git/ROS2/ros2_ws/src/action_tutorials_cpp/src/fibonacci_action_client.cpp:76:70:[m[K [01;31m[Kerror: [m[Kexpected unqualified-id before ‘[01m[K&[m[K’ token
[3.565s]    76 |     void goal_response_callback(const GoalHandleFibonacci::SharedPtr [01;31m[K&[m[Kgoal_handle)
[3.565s]       |                                                                      [01;31m[K^[m[K
[3.565s] [01m[K/home/maxim/git/ROS2/ros2_ws/src/action_tutorials_cpp/src/fibonacci_action_client.cpp:76:69:[m[K [01;31m[Kerror: [m[Kexpected ‘[01m[K)[m[K’ before ‘[01m[K&[m[K’ token
[3.565s]    76 |     void goal_response_callback[34m[K([m[Kconst GoalHandleFibonacci::SharedPtr[01;31m[K [m[K[32m[K&[m[Kgoal_handle)
[3.565s]       |                                [34m[K~[m[K                                    [01;31m[K^[m[K[32m[K~[m[K
[3.565s]       |                                                                     [32m[K)[m[K
[3.565s] [01m[K/home/maxim/git/ROS2/ros2_ws/src/action_tutorials_cpp/src/fibonacci_action_client.cpp:76:70:[m[K [01;31m[Kerror: [m[Kexpected ‘[01m[K;[m[K’ at end of member declaration
[3.566s]    76 |     void goal_response_callback(const GoalHandleFibonacci::SharedPtr [01;31m[K&[m[Kgoal_handle)
[3.566s]       |                                                                      [01;31m[K^[m[K
[3.566s]       |                                                                       [32m[K;[m[K
[3.567s] [01m[K/home/maxim/git/ROS2/ros2_ws/src/action_tutorials_cpp/src/fibonacci_action_client.cpp:76:71:[m[K [01;31m[Kerror: [m[K‘[01m[Kgoal_handle[m[K’ does not name a type
[3.567s]    76 |     void goal_response_callback(const GoalHandleFibonacci::SharedPtr &[01;31m[Kgoal_handle[m[K)
[3.568s]       |                                                                       [01;31m[K^~~~~~~~~~~[m[K
[3.568s] [01m[K/home/maxim/git/ROS2/ros2_ws/src/action_tutorials_cpp/src/fibonacci_action_client.cpp:87:9:[m[K [01;31m[Kerror: [m[K‘[01m[KGoalHandleFibonacci[m[K’ has not been declared
[3.568s]    87 |         [01;31m[KGoalHandleFibonacci[m[K::Sharedptr,
[3.568s]       |         [01;31m[K^~~~~~~~~~~~~~~~~~~[m[K
[3.569s] [01m[K/home/maxim/git/ROS2/ros2_ws/src/action_tutorials_cpp/src/fibonacci_action_client.cpp:100:32:[m[K [01;31m[Kerror: [m[K‘[01m[KGoalHandleFibonacci[m[K’ does not name a type; did you mean ‘[01m[KGoalHandlerFibonacci[m[K’?
[3.569s]   100 |     void result_callback(const [01;31m[KGoalHandleFibonacci[m[K::WrappedResult &result)
[3.569s]       |                                [01;31m[K^~~~~~~~~~~~~~~~~~~[m[K
[3.569s]       |                                [32m[KGoalHandlerFibonacci[m[K
[3.569s] [01m[K/home/maxim/git/ROS2/ros2_ws/src/action_tutorials_cpp/src/fibonacci_action_client.cpp:100:67:[m[K [01;31m[Kerror: [m[Kexpected unqualified-id before ‘[01m[K&[m[K’ token
[3.570s]   100 |     void result_callback(const GoalHandleFibonacci::WrappedResult [01;31m[K&[m[Kresult)
[3.570s]       |                                                                   [01;31m[K^[m[K
[3.570s] [01m[K/home/maxim/git/ROS2/ros2_ws/src/action_tutorials_cpp/src/fibonacci_action_client.cpp:100:66:[m[K [01;31m[Kerror: [m[Kexpected ‘[01m[K)[m[K’ before ‘[01m[K&[m[K’ token
[3.570s]   100 |     void result_callback[34m[K([m[Kconst GoalHandleFibonacci::WrappedResult[01;31m[K [m[K[32m[K&[m[Kresult)
[3.570s]       |                         [34m[K~[m[K                                        [01;31m[K^[m[K[32m[K~[m[K
[3.570s]       |                                                                  [32m[K)[m[K
[3.570s] [01m[K/home/maxim/git/ROS2/ros2_ws/src/action_tutorials_cpp/src/fibonacci_action_client.cpp:100:67:[m[K [01;31m[Kerror: [m[Kexpected ‘[01m[K;[m[K’ at end of member declaration
[3.570s]   100 |     void result_callback(const GoalHandleFibonacci::WrappedResult [01;31m[K&[m[Kresult)
[3.570s]       |                                                                   [01;31m[K^[m[K
[3.570s]       |                                                                    [32m[K;[m[K
[3.571s] [01m[K/home/maxim/git/ROS2/ros2_ws/src/action_tutorials_cpp/src/fibonacci_action_client.cpp:100:68:[m[K [01;31m[Kerror: [m[K‘[01m[Kresult[m[K’ does not name a type
[3.571s]   100 |     void result_callback(const GoalHandleFibonacci::WrappedResult &[01;31m[Kresult[m[K)
[3.571s]       |                                                                    [01;31m[K^~~~~~[m[K
[3.571s] [01m[K/home/maxim/git/ROS2/ros2_ws/src/action_tutorials_cpp/src/fibonacci_action_client.cpp:[m[K In constructor ‘[01m[Kaction_tutorials_cpp::FibonacciActionClient::FibonacciActionClient(const rclcpp::NodeOptions&)[m[K’:
[3.571s] [01m[K/home/maxim/git/ROS2/ros2_ws/src/action_tutorials_cpp/src/fibonacci_action_client.cpp:34:15:[m[K [01;31m[Kerror: [m[K‘[01m[Kclass action_tutorials_cpp::FibonacciActionClient[m[K’ has no member named ‘[01m[Kclient[m[K’
[3.571s]    34 |         this->[01;31m[Kclient[m[K+ptr_ = rclcpp_action::create_client<Fibonacci>(
[3.571s]       |               [01;31m[K^~~~~~[m[K
[3.578s] [01m[K/home/maxim/git/ROS2/ros2_ws/src/action_tutorials_cpp/src/fibonacci_action_client.cpp:34:22:[m[K [01;31m[Kerror: [m[K‘[01m[Kptr_[m[K’ was not declared in this scope
[3.578s]    34 |         this->client+[01;31m[Kptr_[m[K = rclcpp_action::create_client<Fibonacci>(
[3.578s]       |                      [01;31m[K^~~~[m[K
[3.613s] [01m[K/home/maxim/git/ROS2/ros2_ws/src/action_tutorials_cpp/src/fibonacci_action_client.cpp:[m[K In member function ‘[01m[Kvoid action_tutorials_cpp::FibonacciActionClient::send_goal()[m[K’:
[3.613s] [01m[K/home/maxim/git/ROS2/ros2_ws/src/action_tutorials_cpp/src/fibonacci_action_client.cpp:68:78:[m[K [01;31m[Kerror: [m[Kno match for ‘[01m[Koperator=[m[K’ (operand types are ‘[01m[Krclcpp_action::Client<action_tutorials_interfaces::action::Fibonacci>::FeedbackCallback[m[K’ {aka ‘[01m[Kstd::function<void(std::shared_ptr<rclcpp_action::ClientGoalHandle<action_tutorials_interfaces::action::Fibonacci> >, std::shared_ptr<const action_tutorials_interfaces::action::Fibonacci_Feedback_<std::allocator<void> > >)>[m[K’} and ‘[01m[Kstd::_Bind_helper<false, void (action_tutorials_cpp::FibonacciActionClient::*)(int, std::shared_ptr<const action_tutorials_interfaces::action::Fibonacci_Feedback_<std::allocator<void> > >), action_tutorials_cpp::FibonacciActionClient*, const std::_Placeholder<1>&, const std::_Placeholder<2>&>::type[m[K’)
[3.614s]    68 |             std::bind(&FibonacciActionClient::feedback_callback, this, _1, _2[01;31m[K)[m[K;
[3.614s]       |                                                                              [01;31m[K^[m[K
[3.614s] In file included from [01m[K/usr/include/c++/11/functional:59[m[K,
[3.614s]                  from [01m[K/home/maxim/git/ROS2/ros2_ws/src/action_tutorials_cpp/src/fibonacci_action_client.cpp:1[m[K:
[3.615s] [01m[K/usr/include/c++/11/bits/std_function.h:530:9:[m[K [01;36m[Knote: [m[Kcandidate: ‘[01m[Ktemplate<class _Functor> std::function<_Res(_ArgTypes ...)>::_Requires<std::function<_Res(_ArgTypes ...)>::_Callable<_Functor>, std::function<_Res(_ArgTypes ...)>&> std::function<_Res(_ArgTypes ...)>::operator=(_Functor&&) [with _Functor = _Functor; _Res = void; _ArgTypes = {std::shared_ptr<rclcpp_action::ClientGoalHandle<action_tutorials_interfaces::action::Fibonacci> >, std::shared_ptr<const action_tutorials_interfaces::action::Fibonacci_Feedback_<std::allocator<void> > >}][m[K’
[3.615s]   530 |         [01;36m[Koperator[m[K=(_Functor&& __f)
[3.615s]       |         [01;36m[K^~~~~~~~[m[K
[3.615s] [01m[K/usr/include/c++/11/bits/std_function.h:530:9:[m[K [01;36m[Knote: [m[K  template argument deduction/substitution failed:
[3.615s] In file included from [01m[K/usr/include/c++/11/bits/move.h:57[m[K,
[3.616s]                  from [01m[K/usr/include/c++/11/bits/stl_function.h:60[m[K,
[3.616s]                  from [01m[K/usr/include/c++/11/functional:49[m[K,
[3.616s]                  from [01m[K/home/maxim/git/ROS2/ros2_ws/src/action_tutorials_cpp/src/fibonacci_action_client.cpp:1[m[K:
[3.616s] /usr/include/c++/11/type_traits: In substitution of ‘[01m[Ktemplate<bool _Cond, class _Tp> using __enable_if_t = typename std::enable_if::type [with bool _Cond = false; _Tp = std::function<void(std::shared_ptr<rclcpp_action::ClientGoalHandle<action_tutorials_interfaces::action::Fibonacci> >, std::shared_ptr<const action_tutorials_interfaces::action::Fibonacci_Feedback_<std::allocator<void> > >)>&][m[K’:
[3.617s] [01m[K/usr/include/c++/11/bits/std_function.h:353:8:[m[K   required by substitution of ‘[01m[Ktemplate<class _Res, class ... _ArgTypes> template<class _Cond, class _Tp> using _Requires = std::__enable_if_t<_Cond::value, _Tp> [with _Cond = std::function<void(std::shared_ptr<rclcpp_action::ClientGoalHandle<action_tutorials_interfaces::action::Fibonacci> >, std::shared_ptr<const action_tutorials_interfaces::action::Fibonacci_Feedback_<std::allocator<void> > >)>::_Callable<std::_Bind<void (action_tutorials_cpp::FibonacciActionClient::*(action_tutorials_cpp::FibonacciActionClient*, std::_Placeholder<1>, std::_Placeholder<2>))(int, std::shared_ptr<const action_tutorials_interfaces::action::Fibonacci_Feedback_<std::allocator<void> > >)>, std::_Bind<void (action_tutorials_cpp::FibonacciActionClient::*(action_tutorials_cpp::FibonacciActionClient*, std::_Placeholder<1>, std::_Placeholder<2>))(int, std::shared_ptr<const action_tutorials_interfaces::action::Fibonacci_Feedback_<std::allocator<void> > >)>, std::__invoke_result<std::_Bind<void (action_tutorials_cpp::FibonacciActionClient::*(action_tutorials_cpp::FibonacciActionClient*, std::_Placeholder<1>, std::_Placeholder<2>))(int, std::shared_ptr<const action_tutorials_interfaces::action::Fibonacci_Feedback_<std::allocator<void> > >)>&, std::shared_ptr<rclcpp_action::ClientGoalHandle<action_tutorials_interfaces::action::Fibonacci> >, std::shared_ptr<const action_tutorials_interfaces::action::Fibonacci_Feedback_<std::allocator<void> > > > >; _Tp = std::function<void(std::shared_ptr<rclcpp_action::ClientGoalHandle<action_tutorials_interfaces::action::Fibonacci> >, std::shared_ptr<const action_tutorials_interfaces::action::Fibonacci_Feedback_<std::allocator<void> > >)>&; _Res = void; _ArgTypes = {std::shared_ptr<rclcpp_action::ClientGoalHandle<action_tutorials_interfaces::action::Fibonacci> >, std::shared_ptr<const action_tutorials_interfaces::action::Fibonacci_Feedback_<std::allocator<void> > >}][m[K’
[3.617s] [01m[K/usr/include/c++/11/bits/std_function.h:530:2:[m[K   required by substitution of ‘[01m[Ktemplate<class _Functor> std::function<void(std::shared_ptr<rclcpp_action::ClientGoalHandle<action_tutorials_interfaces::action::Fibonacci> >, std::shared_ptr<const action_tutorials_interfaces::action::Fibonacci_Feedback_<std::allocator<void> > >)>::_Requires<std::function<void(std::shared_ptr<rclcpp_action::ClientGoalHandle<action_tutorials_interfaces::action::Fibonacci> >, std::shared_ptr<const action_tutorials_interfaces::action::Fibonacci_Feedback_<std::allocator<void> > >)>::_Callable<_Functor, typename std::enable_if<(! std::is_same<typename std::remove_cv<typename std::remove_reference<_Tp>::type>::type, std::function<void(std::shared_ptr<rclcpp_action::ClientGoalHandle<action_tutorials_interfaces::action::Fibonacci> >, std::shared_ptr<const action_tutorials_interfaces::action::Fibonacci_Feedback_<std::allocator<void> > >)> >::value), std::decay<_Tp> >::type::type, std::__invoke_result<typename std::enable_if<(! std::is_same<typename std::remove_cv<typename std::remove_reference<_Tp>::type>::type, std::function<void(std::shared_ptr<rclcpp_action::ClientGoalHandle<action_tutorials_interfaces::action::Fibonacci> >, std::shared_ptr<const action_tutorials_interfaces::action::Fibonacci_Feedback_<std::allocator<void> > >)> >::value), std::decay<_Tp> >::type::type&, std::shared_ptr<rclcpp_action::ClientGoalHandle<action_tutorials_interfaces::action::Fibonacci> >, std::shared_ptr<const action_tutorials_interfaces::action::Fibonacci_Feedback_<std::allocator<void> > > > >, std::function<void(std::shared_ptr<rclcpp_action::ClientGoalHandle<action_tutorials_interfaces::action::Fibonacci> >, std::shared_ptr<const action_tutorials_interfaces::action::Fibonacci_Feedback_<std::allocator<void> > >)>&> std::function<void(std::shared_ptr<rclcpp_action::ClientGoalHandle<action_tutorials_interfaces::action::Fibonacci> >, std::shared_ptr<const action_tutorials_interfaces::action::Fibonacci_Feedback_<std::allocator<void> > >)>::operator=<_Functor>(_Functor&&) [with _Functor = std::_Bind<void (action_tutorials_cpp::FibonacciActionClient::*(action_tutorials_cpp::FibonacciActionClient*, std::_Placeholder<1>, std::_Placeholder<2>))(int, std::shared_ptr<const action_tutorials_interfaces::action::Fibonacci_Feedback_<std::allocator<void> > >)>][m[K’
[3.617s] [01m[K/home/maxim/git/ROS2/ros2_ws/src/action_tutorials_cpp/src/fibonacci_action_client.cpp:68:78:[m[K   required from here
[3.618s] [01m[K/usr/include/c++/11/type_traits:2205:11:[m[K [01;31m[Kerror: [m[Kno type named ‘[01m[Ktype[m[K’ in ‘[01m[Kstruct std::enable_if<false, std::function<void(std::shared_ptr<rclcpp_action::ClientGoalHandle<action_tutorials_interfaces::action::Fibonacci> >, std::shared_ptr<const action_tutorials_interfaces::action::Fibonacci_Feedback_<std::allocator<void> > >)>&>[m[K’
[3.618s]  2205 |     using [01;31m[K__enable_if_t[m[K = typename enable_if<_Cond, _Tp>::type;
[3.618s]       |           [01;31m[K^~~~~~~~~~~~~[m[K
[3.618s] In file included from [01m[K/usr/include/c++/11/functional:59[m[K,
[3.619s]                  from [01m[K/home/maxim/git/ROS2/ros2_ws/src/action_tutorials_cpp/src/fibonacci_action_client.cpp:1[m[K:
[3.619s] [01m[K/usr/include/c++/11/bits/std_function.h:540:9:[m[K [01;36m[Knote: [m[Kcandidate: ‘[01m[Ktemplate<class _Functor> std::function<_Res(_ArgTypes ...)>& std::function<_Res(_ArgTypes ...)>::operator=(std::reference_wrapper<_Functor>) [with _Functor = _Functor; _Res = void; _ArgTypes = {std::shared_ptr<rclcpp_action::ClientGoalHandle<action_tutorials_interfaces::action::Fibonacci> >, std::shared_ptr<const action_tutorials_interfaces::action::Fibonacci_Feedback_<std::allocator<void> > >}][m[K’
[3.619s]   540 |         [01;36m[Koperator[m[K=(reference_wrapper<_Functor> __f) noexcept
[3.619s]       |         [01;36m[K^~~~~~~~[m[K
[3.619s] [01m[K/usr/include/c++/11/bits/std_function.h:540:9:[m[K [01;36m[Knote: [m[K  template argument deduction/substitution failed:
[3.620s] [01m[K/home/maxim/git/ROS2/ros2_ws/src/action_tutorials_cpp/src/fibonacci_action_client.cpp:68:78:[m[K [01;36m[Knote: [m[K  ‘[01m[Kstd::_Bind<void (action_tutorials_cpp::FibonacciActionClient::*(action_tutorials_cpp::FibonacciActionClient*, std::_Placeholder<1>, std::_Placeholder<2>))(int, std::shared_ptr<const action_tutorials_interfaces::action::Fibonacci_Feedback_<std::allocator<void> > >)>[m[K’ is not derived from ‘[01m[Kstd::reference_wrapper<_Tp>[m[K’
[3.620s]    68 |             std::bind(&FibonacciActionClient::feedback_callback, this, _1, _2[01;36m[K)[m[K;
[3.620s]       |                                                                              [01;36m[K^[m[K
[3.620s] In file included from [01m[K/usr/include/c++/11/functional:59[m[K,
[3.621s]                  from [01m[K/home/maxim/git/ROS2/ros2_ws/src/action_tutorials_cpp/src/fibonacci_action_client.cpp:1[m[K:
[3.621s] [01m[K/usr/include/c++/11/bits/std_function.h:469:7:[m[K [01;36m[Knote: [m[Kcandidate: ‘[01m[Kstd::function<_Res(_ArgTypes ...)>& std::function<_Res(_ArgTypes ...)>::operator=(const std::function<_Res(_ArgTypes ...)>&) [with _Res = void; _ArgTypes = {std::shared_ptr<rclcpp_action::ClientGoalHandle<action_tutorials_interfaces::action::Fibonacci> >, std::shared_ptr<const action_tutorials_interfaces::action::Fibonacci_Feedback_<std::allocator<void> > >}][m[K’
[3.621s]   469 |       [01;36m[Koperator[m[K=(const function& __x)
[3.621s]       |       [01;36m[K^~~~~~~~[m[K
[3.622s] [01m[K/usr/include/c++/11/bits/std_function.h:469:33:[m[K [01;36m[Knote: [m[K  no known conversion for argument 1 from ‘[01m[Kstd::_Bind_helper<false, void (action_tutorials_cpp::FibonacciActionClient::*)(int, std::shared_ptr<const action_tutorials_interfaces::action::Fibonacci_Feedback_<std::allocator<void> > >), action_tutorials_cpp::FibonacciActionClient*, const std::_Placeholder<1>&, const std::_Placeholder<2>&>::type[m[K’ to ‘[01m[Kconst std::function<void(std::shared_ptr<rclcpp_action::ClientGoalHandle<action_tutorials_interfaces::action::Fibonacci> >, std::shared_ptr<const action_tutorials_interfaces::action::Fibonacci_Feedback_<std::allocator<void> > >)>&[m[K’
[3.622s]   469 |       operator=([01;36m[Kconst function& __x[m[K)
[3.622s]       |                 [01;36m[K~~~~~~~~~~~~~~~~^~~[m[K
[3.622s] [01m[K/usr/include/c++/11/bits/std_function.h:487:7:[m[K [01;36m[Knote: [m[Kcandidate: ‘[01m[Kstd::function<_Res(_ArgTypes ...)>& std::function<_Res(_ArgTypes ...)>::operator=(std::function<_Res(_ArgTypes ...)>&&) [with _Res = void; _ArgTypes = {std::shared_ptr<rclcpp_action::ClientGoalHandle<action_tutorials_interfaces::action::Fibonacci> >, std::shared_ptr<const action_tutorials_interfaces::action::Fibonacci_Feedback_<std::allocator<void> > >}][m[K’
[3.622s]   487 |       [01;36m[Koperator[m[K=(function&& __x) noexcept
[3.623s]       |       [01;36m[K^~~~~~~~[m[K
[3.623s] [01m[K/usr/include/c++/11/bits/std_function.h:487:28:[m[K [01;36m[Knote: [m[K  no known conversion for argument 1 from ‘[01m[Kstd::_Bind_helper<false, void (action_tutorials_cpp::FibonacciActionClient::*)(int, std::shared_ptr<const action_tutorials_interfaces::action::Fibonacci_Feedback_<std::allocator<void> > >), action_tutorials_cpp::FibonacciActionClient*, const std::_Placeholder<1>&, const std::_Placeholder<2>&>::type[m[K’ to ‘[01m[Kstd::function<void(std::shared_ptr<rclcpp_action::ClientGoalHandle<action_tutorials_interfaces::action::Fibonacci> >, std::shared_ptr<const action_tutorials_interfaces::action::Fibonacci_Feedback_<std::allocator<void> > >)>&&[m[K’
[3.623s]   487 |       operator=([01;36m[Kfunction&& __x[m[K) noexcept
[3.623s]       |                 [01;36m[K~~~~~~~~~~~^~~[m[K
[3.624s] [01m[K/usr/include/c++/11/bits/std_function.h:501:7:[m[K [01;36m[Knote: [m[Kcandidate: ‘[01m[Kstd::function<_Res(_ArgTypes ...)>& std::function<_Res(_ArgTypes ...)>::operator=(std::nullptr_t) [with _Res = void; _ArgTypes = {std::shared_ptr<rclcpp_action::ClientGoalHandle<action_tutorials_interfaces::action::Fibonacci> >, std::shared_ptr<const action_tutorials_interfaces::action::Fibonacci_Feedback_<std::allocator<void> > >}; std::nullptr_t = std::nullptr_t][m[K’
[3.624s]   501 |       [01;36m[Koperator[m[K=(nullptr_t) noexcept
[3.624s]       |       [01;36m[K^~~~~~~~[m[K
[3.624s] [01m[K/usr/include/c++/11/bits/std_function.h:501:17:[m[K [01;36m[Knote: [m[K  no known conversion for argument 1 from ‘[01m[Kstd::_Bind_helper<false, void (action_tutorials_cpp::FibonacciActionClient::*)(int, std::shared_ptr<const action_tutorials_interfaces::action::Fibonacci_Feedback_<std::allocator<void> > >), action_tutorials_cpp::FibonacciActionClient*, const std::_Placeholder<1>&, const std::_Placeholder<2>&>::type[m[K’ to ‘[01m[Kstd::nullptr_t[m[K’
[3.625s]   501 |       operator=([01;36m[Knullptr_t[m[K) noexcept
[3.625s]       |                 [01;36m[K^~~~~~~~~[m[K
[3.625s] [01m[K/home/maxim/git/ROS2/ros2_ws/src/action_tutorials_cpp/src/fibonacci_action_client.cpp:[m[K In member function ‘[01m[Kvoid action_tutorials_cpp::FibonacciActionClient::feedback_callback(int, std::shared_ptr<const action_tutorials_interfaces::action::Fibonacci_Feedback_<std::allocator<void> > >)[m[K’:
[3.625s] [01m[K/home/maxim/git/ROS2/ros2_ws/src/action_tutorials_cpp/src/fibonacci_action_client.cpp:87:30:[m[K [01;35m[Kwarning: [m[Kunused parameter ‘[01m[KSharedptr[m[K’ [[01;35m[K]8;;https://gcc.gnu.org/onlinedocs/gcc/Warning-Options.html#index-Wunused-parameter-Wunused-parameter]8;;[m[K]
[3.625s]    87 |         [01;35m[KGoalHandleFibonacci::Sharedptr[m[K,
[3.626s]       |         [01;35m[K~~~~~~~~~~~~~~~~~~~~~^~~~~~~~~[m[K
[4.608s] gmake[2]: *** [CMakeFiles/action_client.dir/build.make:76: CMakeFiles/action_client.dir/src/fibonacci_action_client.cpp.o] Error 1
[4.609s] gmake[1]: *** [CMakeFiles/Makefile2:195: CMakeFiles/action_client.dir/all] Error 2
[4.609s] gmake: *** [Makefile:146: all] Error 2
[4.615s] Invoked command in '/home/maxim/git/ROS2/ros2_ws/build/action_tutorials_cpp' returned '2': CMAKE_PREFIX_PATH=/home/maxim/git/ROS2/ros2_ws/install/action_tutorials_interfaces:/home/maxim/git/ROS2/ros2_ws/install/cpp_srvcli:/home/maxim/git/ROS2/ros2_ws/install/cpp_pubsub:/home/maxim/git/ROS2/ros2_ws/install/tutorial_interfaces:/home/maxim/git/ROS2/ros2_ws/install/polygon_plugins:/home/maxim/git/ROS2/ros2_ws/install/polygon_base:/home/maxim/git/ROS2/ros2_ws/install/my_package:/home/maxim/git/ROS2/ros2_ws/install/more_interfaces:/home/maxim/git/ROS2/ros2_ws/install/cpp_parameters:/home/maxim/git/ROS2/ros2_ws/install/action_tutorials_cpp:/opt/ros/humble LD_LIBRARY_PATH=/home/maxim/git/ROS2/ros2_ws/install/action_tutorials_interfaces/lib:/home/maxim/git/ROS2/ros2_ws/install/tutorial_interfaces/lib:/home/maxim/git/ROS2/ros2_ws/install/polygon_plugins/lib:/home/maxim/git/ROS2/ros2_ws/install/more_interfaces/lib:/home/maxim/git/ROS2/ros2_ws/install/action_tutorials_cpp/lib:/usr/lib/x86_64-linux-gnu/gazebo-11/plugins:/opt/ros/humble/opt/rviz_ogre_vendor/lib:/opt/ros/humble/lib/x86_64-linux-gnu:/opt/ros/humble/lib:/usr/share/gazebo/../../lib/x86_64-linux-gnu/gazebo-11/plugins /usr/bin/cmake --build /home/maxim/git/ROS2/ros2_ws/build/action_tutorials_cpp -- -j12 -l12
