[0.116s] Invoking command in '/home/maxim/git/ROS2/ros2_ws/build/cpp_srvcli': CMAKE_PREFIX_PATH=${CMAKE_PREFIX_PATH}:/opt/ros/humble LD_LIBRARY_PATH=/home/maxim/git/ROS2/ros2_ws/install/tutorial_interfaces/lib:/usr/lib/x86_64-linux-gnu/gazebo-11/plugins:/opt/ros/humble/opt/rviz_ogre_vendor/lib:/opt/ros/humble/lib/x86_64-linux-gnu:/opt/ros/humble/lib:/usr/share/gazebo/../../lib/x86_64-linux-gnu/gazebo-11/plugins:/usr/share/gazebo/../../lib/x86_64-linux-gnu/gazebo-11/plugins:/usr/share/gazebo/../../lib/x86_64-linux-gnu/gazebo-11/plugins /usr/bin/cmake --build /home/maxim/git/ROS2/ros2_ws/build/cpp_srvcli -- -j12 -l12
[0.254s] [35m[1mConsolidate compiler generated dependencies of target client[0m
[0.254s] [35m[1mConsolidate compiler generated dependencies of target server[0m
[0.297s] [ 25%] [32mBuilding CXX object CMakeFiles/server.dir/src/add_two_ints_server.cpp.o[0m
[0.298s] [ 75%] Built target client
[4.538s] [100%] [32m[1mLinking CXX executable server[0m
[4.789s] [100%] Built target server
[4.819s] Invoked command in '/home/maxim/git/ROS2/ros2_ws/build/cpp_srvcli' returned '0': CMAKE_PREFIX_PATH=${CMAKE_PREFIX_PATH}:/opt/ros/humble LD_LIBRARY_PATH=/home/maxim/git/ROS2/ros2_ws/install/tutorial_interfaces/lib:/usr/lib/x86_64-linux-gnu/gazebo-11/plugins:/opt/ros/humble/opt/rviz_ogre_vendor/lib:/opt/ros/humble/lib/x86_64-linux-gnu:/opt/ros/humble/lib:/usr/share/gazebo/../../lib/x86_64-linux-gnu/gazebo-11/plugins:/usr/share/gazebo/../../lib/x86_64-linux-gnu/gazebo-11/plugins:/usr/share/gazebo/../../lib/x86_64-linux-gnu/gazebo-11/plugins /usr/bin/cmake --build /home/maxim/git/ROS2/ros2_ws/build/cpp_srvcli -- -j12 -l12
[4.932s] Invoking command in '/home/maxim/git/ROS2/ros2_ws/build/cpp_srvcli': CMAKE_PREFIX_PATH=${CMAKE_PREFIX_PATH}:/opt/ros/humble LD_LIBRARY_PATH=/home/maxim/git/ROS2/ros2_ws/install/tutorial_interfaces/lib:/usr/lib/x86_64-linux-gnu/gazebo-11/plugins:/opt/ros/humble/opt/rviz_ogre_vendor/lib:/opt/ros/humble/lib/x86_64-linux-gnu:/opt/ros/humble/lib:/usr/share/gazebo/../../lib/x86_64-linux-gnu/gazebo-11/plugins:/usr/share/gazebo/../../lib/x86_64-linux-gnu/gazebo-11/plugins:/usr/share/gazebo/../../lib/x86_64-linux-gnu/gazebo-11/plugins /usr/bin/cmake --install /home/maxim/git/ROS2/ros2_ws/build/cpp_srvcli
[4.951s] -- Install configuration: ""
[4.953s] -- Installing: /home/maxim/git/ROS2/ros2_ws/install/cpp_srvcli/lib/cpp_srvcli/server
[4.957s] -- Set runtime path of "/home/maxim/git/ROS2/ros2_ws/install/cpp_srvcli/lib/cpp_srvcli/server" to ""
[4.958s] -- Installing: /home/maxim/git/ROS2/ros2_ws/install/cpp_srvcli/lib/cpp_srvcli/client
[4.963s] -- Set runtime path of "/home/maxim/git/ROS2/ros2_ws/install/cpp_srvcli/lib/cpp_srvcli/client" to ""
[4.963s] -- Installing: /home/maxim/git/ROS2/ros2_ws/install/cpp_srvcli/share/ament_index/resource_index/package_run_dependencies/cpp_srvcli
[4.964s] -- Installing: /home/maxim/git/ROS2/ros2_ws/install/cpp_srvcli/share/ament_index/resource_index/parent_prefix_path/cpp_srvcli
[4.964s] -- Up-to-date: /home/maxim/git/ROS2/ros2_ws/install/cpp_srvcli/share/cpp_srvcli/environment/ament_prefix_path.sh
[4.964s] -- Installing: /home/maxim/git/ROS2/ros2_ws/install/cpp_srvcli/share/cpp_srvcli/environment/ament_prefix_path.dsv
[4.965s] -- Up-to-date: /home/maxim/git/ROS2/ros2_ws/install/cpp_srvcli/share/cpp_srvcli/environment/path.sh
[4.965s] -- Installing: /home/maxim/git/ROS2/ros2_ws/install/cpp_srvcli/share/cpp_srvcli/environment/path.dsv
[4.965s] -- Up-to-date: /home/maxim/git/ROS2/ros2_ws/install/cpp_srvcli/share/cpp_srvcli/local_setup.bash
[4.966s] -- Up-to-date: /home/maxim/git/ROS2/ros2_ws/install/cpp_srvcli/share/cpp_srvcli/local_setup.sh
[4.966s] -- Up-to-date: /home/maxim/git/ROS2/ros2_ws/install/cpp_srvcli/share/cpp_srvcli/local_setup.zsh
[4.966s] -- Installing: /home/maxim/git/ROS2/ros2_ws/install/cpp_srvcli/share/cpp_srvcli/local_setup.dsv
[4.966s] -- Installing: /home/maxim/git/ROS2/ros2_ws/install/cpp_srvcli/share/cpp_srvcli/package.dsv
[4.967s] -- Up-to-date: /home/maxim/git/ROS2/ros2_ws/install/cpp_srvcli/share/ament_index/resource_index/packages/cpp_srvcli
[4.967s] -- Up-to-date: /home/maxim/git/ROS2/ros2_ws/install/cpp_srvcli/share/cpp_srvcli/cmake/cpp_srvcliConfig.cmake
[4.967s] -- Up-to-date: /home/maxim/git/ROS2/ros2_ws/install/cpp_srvcli/share/cpp_srvcli/cmake/cpp_srvcliConfig-version.cmake
[4.967s] -- Installing: /home/maxim/git/ROS2/ros2_ws/install/cpp_srvcli/share/cpp_srvcli/package.xml
[4.972s] Invoked command in '/home/maxim/git/ROS2/ros2_ws/build/cpp_srvcli' returned '0': CMAKE_PREFIX_PATH=${CMAKE_PREFIX_PATH}:/opt/ros/humble LD_LIBRARY_PATH=/home/maxim/git/ROS2/ros2_ws/install/tutorial_interfaces/lib:/usr/lib/x86_64-linux-gnu/gazebo-11/plugins:/opt/ros/humble/opt/rviz_ogre_vendor/lib:/opt/ros/humble/lib/x86_64-linux-gnu:/opt/ros/humble/lib:/usr/share/gazebo/../../lib/x86_64-linux-gnu/gazebo-11/plugins:/usr/share/gazebo/../../lib/x86_64-linux-gnu/gazebo-11/plugins:/usr/share/gazebo/../../lib/x86_64-linux-gnu/gazebo-11/plugins /usr/bin/cmake --install /home/maxim/git/ROS2/ros2_ws/build/cpp_srvcli
