[35m[1mConsolidate compiler generated dependencies of target talker_component[0m
[ 50%] Built target listener
[ 87%] [32mBuilding CXX object CMakeFiles/talker_component.dir/src/publisher_member_function.cpp.o[0m
[ 87%] Built target listener_component
[ 87%] Built target talker
[100%] [32m[1mLinking CXX shared library libtalker_component.so[0m
[100%] Built target talker_component
-- Install configuration: ""
-- Up-to-date: /home/maxim/git/ROS2/ros2_ws/install/cpp_pubsub/lib/cpp_pubsub/talker
-- Up-to-date: /home/maxim/git/ROS2/ros2_ws/install/cpp_pubsub/lib/cpp_pubsub/listener
-- Installing: /home/maxim/git/ROS2/ros2_ws/install/cpp_pubsub/lib/libtalker_component.so
-- Set runtime path of "/home/maxim/git/ROS2/ros2_ws/install/cpp_pubsub/lib/libtalker_component.so" to ""
-- Up-to-date: /home/maxim/git/ROS2/ros2_ws/install/cpp_pubsub/lib/liblistener_component.so
-- Up-to-date: /home/maxim/git/ROS2/ros2_ws/install/cpp_pubsub/share/ament_index/resource_index/package_run_dependencies/cpp_pubsub
-- Up-to-date: /home/maxim/git/ROS2/ros2_ws/install/cpp_pubsub/share/ament_index/resource_index/parent_prefix_path/cpp_pubsub
-- Up-to-date: /home/maxim/git/ROS2/ros2_ws/install/cpp_pubsub/share/cpp_pubsub/environment/ament_prefix_path.sh
-- Up-to-date: /home/maxim/git/ROS2/ros2_ws/install/cpp_pubsub/share/cpp_pubsub/environment/ament_prefix_path.dsv
-- Up-to-date: /home/maxim/git/ROS2/ros2_ws/install/cpp_pubsub/share/cpp_pubsub/environment/path.sh
-- Up-to-date: /home/maxim/git/ROS2/ros2_ws/install/cpp_pubsub/share/cpp_pubsub/environment/path.dsv
-- Up-to-date: /home/maxim/git/ROS2/ros2_ws/install/cpp_pubsub/share/cpp_pubsub/local_setup.bash
-- Up-to-date: /home/maxim/git/ROS2/ros2_ws/install/cpp_pubsub/share/cpp_pubsub/local_setup.sh
-- Up-to-date: /home/maxim/git/ROS2/ros2_ws/install/cpp_pubsub/share/cpp_pubsub/local_setup.zsh
-- Up-to-date: /home/maxim/git/ROS2/ros2_ws/install/cpp_pubsub/share/cpp_pubsub/local_setup.dsv
-- Installing: /home/maxim/git/ROS2/ros2_ws/install/cpp_pubsub/share/cpp_pubsub/package.dsv
-- Up-to-date: /home/maxim/git/ROS2/ros2_ws/install/cpp_pubsub/share/ament_index/resource_index/packages/cpp_pubsub
-- Up-to-date: /home/maxim/git/ROS2/ros2_ws/install/cpp_pubsub/share/ament_index/resource_index/rclcpp_components/cpp_pubsub
-- Up-to-date: /home/maxim/git/ROS2/ros2_ws/install/cpp_pubsub/share/cpp_pubsub/cmake/export_talker_componentExport.cmake
-- Up-to-date: /home/maxim/git/ROS2/ros2_ws/install/cpp_pubsub/share/cpp_pubsub/cmake/export_talker_componentExport-noconfig.cmake
-- Up-to-date: /home/maxim/git/ROS2/ros2_ws/install/cpp_pubsub/share/cpp_pubsub/cmake/export_listener_componentExport.cmake
-- Up-to-date: /home/maxim/git/ROS2/ros2_ws/install/cpp_pubsub/share/cpp_pubsub/cmake/export_listener_componentExport-noconfig.cmake
-- Up-to-date: /home/maxim/git/ROS2/ros2_ws/install/cpp_pubsub/share/cpp_pubsub/cmake/ament_cmake_export_targets-extras.cmake
-- Up-to-date: /home/maxim/git/ROS2/ros2_ws/install/cpp_pubsub/share/cpp_pubsub/cmake/cpp_pubsubConfig.cmake
-- Up-to-date: /home/maxim/git/ROS2/ros2_ws/install/cpp_pubsub/share/cpp_pubsub/cmake/cpp_pubsubConfig-version.cmake
-- Up-to-date: /home/maxim/git/ROS2/ros2_ws/install/cpp_pubsub/share/cpp_pubsub/package.xml
