[0.871s] DEBUG:colcon:Command line arguments: ['/usr/bin/colcon', 'build', '--packages-up-to', 'more_interfaces']
[0.871s] DEBUG:colcon:Parsed command line arguments: Namespace(log_base=None, log_level=None, verb_name='build', build_base='build', install_base='install', merge_install=False, symlink_install=False, test_result_base=None, continue_on_error=False, executor='parallel', parallel_workers=12, event_handlers=None, ignore_user_meta=False, metas=['./colcon.meta'], base_paths=['.'], packages_ignore=None, packages_ignore_regex=None, paths=None, packages_up_to=['more_interfaces'], packages_up_to_regex=None, packages_above=None, packages_above_and_dependencies=None, packages_above_depth=None, packages_select_by_dep=None, packages_skip_by_dep=None, packages_skip_up_to=None, packages_select_build_failed=False, packages_skip_build_finished=False, packages_select_test_failures=False, packages_skip_test_passed=False, packages_select=None, packages_skip=None, packages_select_regex=None, packages_skip_regex=None, packages_start=None, packages_end=None, allow_overriding=[], cmake_args=None, cmake_target=None, cmake_target_skip_unavailable=False, cmake_clean_cache=False, cmake_clean_first=False, cmake_force_configure=False, ament_cmake_args=None, catkin_cmake_args=None, catkin_skip_building_tests=False, verb_parser=<colcon_defaults.argument_parser.defaults.DefaultArgumentsDecorator object at 0x7fcafaf97c40>, verb_extension=<colcon_core.verb.build.BuildVerb object at 0x7fcafb3d7cd0>, main=<bound method BuildVerb.main of <colcon_core.verb.build.BuildVerb object at 0x7fcafb3d7cd0>>)
[0.909s] Level 1:colcon.colcon_core.package_discovery:discover_packages(colcon_meta) check parameters
[0.910s] Level 1:colcon.colcon_core.package_discovery:discover_packages(recursive) check parameters
[0.910s] Level 1:colcon.colcon_core.package_discovery:discover_packages(ignore) check parameters
[0.910s] Level 1:colcon.colcon_core.package_discovery:discover_packages(path) check parameters
[0.910s] Level 1:colcon.colcon_core.package_discovery:discover_packages(colcon_meta) discover
[0.910s] Level 1:colcon.colcon_core.package_discovery:discover_packages(recursive) discover
[0.910s] INFO:colcon.colcon_core.package_discovery:Crawling recursively for packages in '/home/maxim/git/ROS2/ros2_ws'
[0.910s] Level 1:colcon.colcon_core.package_identification:_identify(.) by extensions ['ignore', 'ignore_ament_install']
[0.910s] Level 1:colcon.colcon_core.package_identification:_identify(.) by extension 'ignore'
[0.910s] Level 1:colcon.colcon_core.package_identification:_identify(.) by extension 'ignore_ament_install'
[0.910s] Level 1:colcon.colcon_core.package_identification:_identify(.) by extensions ['colcon_pkg']
[0.910s] Level 1:colcon.colcon_core.package_identification:_identify(.) by extension 'colcon_pkg'
[0.910s] Level 1:colcon.colcon_core.package_identification:_identify(.) by extensions ['colcon_meta']
[0.910s] Level 1:colcon.colcon_core.package_identification:_identify(.) by extension 'colcon_meta'
[0.910s] Level 1:colcon.colcon_core.package_identification:_identify(.) by extensions ['ros']
[0.910s] Level 1:colcon.colcon_core.package_identification:_identify(.) by extension 'ros'
[0.919s] Level 1:colcon.colcon_core.package_identification:_identify(.) by extensions ['cmake', 'python']
[0.919s] Level 1:colcon.colcon_core.package_identification:_identify(.) by extension 'cmake'
[0.919s] Level 1:colcon.colcon_core.package_identification:_identify(.) by extension 'python'
[0.919s] Level 1:colcon.colcon_core.package_identification:_identify(.) by extensions ['python_setup_py']
[0.919s] Level 1:colcon.colcon_core.package_identification:_identify(.) by extension 'python_setup_py'
[0.919s] Level 1:colcon.colcon_core.package_identification:_identify(build) by extensions ['ignore', 'ignore_ament_install']
[0.920s] Level 1:colcon.colcon_core.package_identification:_identify(build) by extension 'ignore'
[0.920s] Level 1:colcon.colcon_core.package_identification:_identify(build) ignored
[0.920s] Level 1:colcon.colcon_core.package_identification:_identify(install) by extensions ['ignore', 'ignore_ament_install']
[0.920s] Level 1:colcon.colcon_core.package_identification:_identify(install) by extension 'ignore'
[0.920s] Level 1:colcon.colcon_core.package_identification:_identify(install) ignored
[0.920s] Level 1:colcon.colcon_core.package_identification:_identify(log) by extensions ['ignore', 'ignore_ament_install']
[0.920s] Level 1:colcon.colcon_core.package_identification:_identify(log) by extension 'ignore'
[0.920s] Level 1:colcon.colcon_core.package_identification:_identify(log) ignored
[0.920s] Level 1:colcon.colcon_core.package_identification:_identify(src) by extensions ['ignore', 'ignore_ament_install']
[0.920s] Level 1:colcon.colcon_core.package_identification:_identify(src) by extension 'ignore'
[0.920s] Level 1:colcon.colcon_core.package_identification:_identify(src) by extension 'ignore_ament_install'
[0.920s] Level 1:colcon.colcon_core.package_identification:_identify(src) by extensions ['colcon_pkg']
[0.921s] Level 1:colcon.colcon_core.package_identification:_identify(src) by extension 'colcon_pkg'
[0.921s] Level 1:colcon.colcon_core.package_identification:_identify(src) by extensions ['colcon_meta']
[0.921s] Level 1:colcon.colcon_core.package_identification:_identify(src) by extension 'colcon_meta'
[0.921s] Level 1:colcon.colcon_core.package_identification:_identify(src) by extensions ['ros']
[0.921s] Level 1:colcon.colcon_core.package_identification:_identify(src) by extension 'ros'
[0.921s] Level 1:colcon.colcon_core.package_identification:_identify(src) by extensions ['cmake', 'python']
[0.921s] Level 1:colcon.colcon_core.package_identification:_identify(src) by extension 'cmake'
[0.921s] Level 1:colcon.colcon_core.package_identification:_identify(src) by extension 'python'
[0.921s] Level 1:colcon.colcon_core.package_identification:_identify(src) by extensions ['python_setup_py']
[0.921s] Level 1:colcon.colcon_core.package_identification:_identify(src) by extension 'python_setup_py'
[0.921s] Level 1:colcon.colcon_core.package_identification:_identify(src/cpp_pubsub) by extensions ['ignore', 'ignore_ament_install']
[0.921s] Level 1:colcon.colcon_core.package_identification:_identify(src/cpp_pubsub) by extension 'ignore'
[0.921s] Level 1:colcon.colcon_core.package_identification:_identify(src/cpp_pubsub) by extension 'ignore_ament_install'
[0.921s] Level 1:colcon.colcon_core.package_identification:_identify(src/cpp_pubsub) by extensions ['colcon_pkg']
[0.921s] Level 1:colcon.colcon_core.package_identification:_identify(src/cpp_pubsub) by extension 'colcon_pkg'
[0.921s] Level 1:colcon.colcon_core.package_identification:_identify(src/cpp_pubsub) by extensions ['colcon_meta']
[0.921s] Level 1:colcon.colcon_core.package_identification:_identify(src/cpp_pubsub) by extension 'colcon_meta'
[0.921s] Level 1:colcon.colcon_core.package_identification:_identify(src/cpp_pubsub) by extensions ['ros']
[0.921s] Level 1:colcon.colcon_core.package_identification:_identify(src/cpp_pubsub) by extension 'ros'
[0.924s] DEBUG:colcon.colcon_core.package_identification:Package 'src/cpp_pubsub' with type 'ros.ament_cmake' and name 'cpp_pubsub'
[0.924s] Level 1:colcon.colcon_core.package_identification:_identify(src/cpp_srvcli) by extensions ['ignore', 'ignore_ament_install']
[0.924s] Level 1:colcon.colcon_core.package_identification:_identify(src/cpp_srvcli) by extension 'ignore'
[0.924s] Level 1:colcon.colcon_core.package_identification:_identify(src/cpp_srvcli) by extension 'ignore_ament_install'
[0.924s] Level 1:colcon.colcon_core.package_identification:_identify(src/cpp_srvcli) by extensions ['colcon_pkg']
[0.924s] Level 1:colcon.colcon_core.package_identification:_identify(src/cpp_srvcli) by extension 'colcon_pkg'
[0.924s] Level 1:colcon.colcon_core.package_identification:_identify(src/cpp_srvcli) by extensions ['colcon_meta']
[0.924s] Level 1:colcon.colcon_core.package_identification:_identify(src/cpp_srvcli) by extension 'colcon_meta'
[0.924s] Level 1:colcon.colcon_core.package_identification:_identify(src/cpp_srvcli) by extensions ['ros']
[0.924s] Level 1:colcon.colcon_core.package_identification:_identify(src/cpp_srvcli) by extension 'ros'
[0.925s] DEBUG:colcon.colcon_core.package_identification:Package 'src/cpp_srvcli' with type 'ros.ament_cmake' and name 'cpp_srvcli'
[0.925s] Level 1:colcon.colcon_core.package_identification:_identify(src/more_interfaces) by extensions ['ignore', 'ignore_ament_install']
[0.925s] Level 1:colcon.colcon_core.package_identification:_identify(src/more_interfaces) by extension 'ignore'
[0.925s] Level 1:colcon.colcon_core.package_identification:_identify(src/more_interfaces) by extension 'ignore_ament_install'
[0.925s] Level 1:colcon.colcon_core.package_identification:_identify(src/more_interfaces) by extensions ['colcon_pkg']
[0.925s] Level 1:colcon.colcon_core.package_identification:_identify(src/more_interfaces) by extension 'colcon_pkg'
[0.925s] Level 1:colcon.colcon_core.package_identification:_identify(src/more_interfaces) by extensions ['colcon_meta']
[0.925s] Level 1:colcon.colcon_core.package_identification:_identify(src/more_interfaces) by extension 'colcon_meta'
[0.925s] Level 1:colcon.colcon_core.package_identification:_identify(src/more_interfaces) by extensions ['ros']
[0.925s] Level 1:colcon.colcon_core.package_identification:_identify(src/more_interfaces) by extension 'ros'
[0.926s] DEBUG:colcon.colcon_core.package_identification:Package 'src/more_interfaces' with type 'ros.ament_cmake' and name 'more_interfaces'
[0.926s] Level 1:colcon.colcon_core.package_identification:_identify(src/my_package) by extensions ['ignore', 'ignore_ament_install']
[0.926s] Level 1:colcon.colcon_core.package_identification:_identify(src/my_package) by extension 'ignore'
[0.926s] Level 1:colcon.colcon_core.package_identification:_identify(src/my_package) by extension 'ignore_ament_install'
[0.926s] Level 1:colcon.colcon_core.package_identification:_identify(src/my_package) by extensions ['colcon_pkg']
[0.926s] Level 1:colcon.colcon_core.package_identification:_identify(src/my_package) by extension 'colcon_pkg'
[0.926s] Level 1:colcon.colcon_core.package_identification:_identify(src/my_package) by extensions ['colcon_meta']
[0.926s] Level 1:colcon.colcon_core.package_identification:_identify(src/my_package) by extension 'colcon_meta'
[0.926s] Level 1:colcon.colcon_core.package_identification:_identify(src/my_package) by extensions ['ros']
[0.926s] Level 1:colcon.colcon_core.package_identification:_identify(src/my_package) by extension 'ros'
[0.926s] DEBUG:colcon.colcon_core.package_identification:Package 'src/my_package' with type 'ros.ament_cmake' and name 'my_package'
[0.927s] Level 1:colcon.colcon_core.package_identification:_identify(src/tutorial_interfaces) by extensions ['ignore', 'ignore_ament_install']
[0.927s] Level 1:colcon.colcon_core.package_identification:_identify(src/tutorial_interfaces) by extension 'ignore'
[0.927s] Level 1:colcon.colcon_core.package_identification:_identify(src/tutorial_interfaces) by extension 'ignore_ament_install'
[0.927s] Level 1:colcon.colcon_core.package_identification:_identify(src/tutorial_interfaces) by extensions ['colcon_pkg']
[0.927s] Level 1:colcon.colcon_core.package_identification:_identify(src/tutorial_interfaces) by extension 'colcon_pkg'
[0.927s] Level 1:colcon.colcon_core.package_identification:_identify(src/tutorial_interfaces) by extensions ['colcon_meta']
[0.927s] Level 1:colcon.colcon_core.package_identification:_identify(src/tutorial_interfaces) by extension 'colcon_meta'
[0.927s] Level 1:colcon.colcon_core.package_identification:_identify(src/tutorial_interfaces) by extensions ['ros']
[0.927s] Level 1:colcon.colcon_core.package_identification:_identify(src/tutorial_interfaces) by extension 'ros'
[0.927s] DEBUG:colcon.colcon_core.package_identification:Package 'src/tutorial_interfaces' with type 'ros.ament_cmake' and name 'tutorial_interfaces'
[0.927s] Level 1:colcon.colcon_core.package_discovery:discover_packages(recursive) using defaults
[0.928s] Level 1:colcon.colcon_core.package_discovery:discover_packages(ignore) discover
[0.928s] Level 1:colcon.colcon_core.package_discovery:discover_packages(ignore) using defaults
[0.928s] Level 1:colcon.colcon_core.package_discovery:discover_packages(path) discover
[0.928s] Level 1:colcon.colcon_core.package_discovery:discover_packages(path) using defaults
[0.982s] INFO:colcon.colcon_core.package_selection:Skipping package 'cpp_srvcli' in 'src/cpp_srvcli'
[0.982s] INFO:colcon.colcon_core.package_selection:Skipping package 'cpp_pubsub' in 'src/cpp_pubsub'
[0.982s] INFO:colcon.colcon_core.package_selection:Skipping package 'tutorial_interfaces' in 'src/tutorial_interfaces'
[0.982s] INFO:colcon.colcon_core.package_selection:Skipping package 'my_package' in 'src/my_package'
[1.006s] Level 1:colcon.colcon_core.package_discovery:discover_packages(prefix_path) check parameters
[1.006s] Level 1:colcon.colcon_core.package_discovery:discover_packages(prefix_path) discover
[1.032s] DEBUG:colcon.colcon_installed_package_information.package_discovery:Found 5 installed packages in /home/maxim/git/ROS2/ros2_ws/install
[1.046s] DEBUG:colcon.colcon_installed_package_information.package_discovery:Found 392 installed packages in /opt/ros/humble
[1.059s] Level 1:colcon.colcon_core.package_discovery:discover_packages(prefix_path) using defaults
[1.157s] Level 5:colcon.colcon_core.verb:set package 'more_interfaces' build argument 'cmake_args' from command line to 'None'
[1.157s] Level 5:colcon.colcon_core.verb:set package 'more_interfaces' build argument 'cmake_target' from command line to 'None'
[1.157s] Level 5:colcon.colcon_core.verb:set package 'more_interfaces' build argument 'cmake_target_skip_unavailable' from command line to 'False'
[1.157s] Level 5:colcon.colcon_core.verb:set package 'more_interfaces' build argument 'cmake_clean_cache' from command line to 'False'
[1.157s] Level 5:colcon.colcon_core.verb:set package 'more_interfaces' build argument 'cmake_clean_first' from command line to 'False'
[1.157s] Level 5:colcon.colcon_core.verb:set package 'more_interfaces' build argument 'cmake_force_configure' from command line to 'False'
[1.157s] Level 5:colcon.colcon_core.verb:set package 'more_interfaces' build argument 'ament_cmake_args' from command line to 'None'
[1.157s] Level 5:colcon.colcon_core.verb:set package 'more_interfaces' build argument 'catkin_cmake_args' from command line to 'None'
[1.157s] Level 5:colcon.colcon_core.verb:set package 'more_interfaces' build argument 'catkin_skip_building_tests' from command line to 'False'
[1.157s] DEBUG:colcon.colcon_core.verb:Building package 'more_interfaces' with the following arguments: {'ament_cmake_args': None, 'build_base': '/home/maxim/git/ROS2/ros2_ws/build/more_interfaces', 'catkin_cmake_args': None, 'catkin_skip_building_tests': False, 'cmake_args': None, 'cmake_clean_cache': False, 'cmake_clean_first': False, 'cmake_force_configure': False, 'cmake_target': None, 'cmake_target_skip_unavailable': False, 'install_base': '/home/maxim/git/ROS2/ros2_ws/install/more_interfaces', 'merge_install': False, 'path': '/home/maxim/git/ROS2/ros2_ws/src/more_interfaces', 'symlink_install': False, 'test_result_base': None}
[1.170s] INFO:colcon.colcon_core.executor:Executing jobs using 'parallel' executor
[1.185s] DEBUG:colcon.colcon_parallel_executor.executor.parallel:run_until_complete
[1.185s] INFO:colcon.colcon_ros.task.ament_cmake.build:Building ROS package in '/home/maxim/git/ROS2/ros2_ws/src/more_interfaces' with build type 'ament_cmake'
[1.185s] INFO:colcon.colcon_cmake.task.cmake.build:Building CMake package in '/home/maxim/git/ROS2/ros2_ws/src/more_interfaces'
[1.201s] INFO:colcon.colcon_core.plugin_system:Skipping extension 'colcon_core.shell.bat': Not used on non-Windows systems
[1.201s] INFO:colcon.colcon_core.shell:Skip shell extension 'powershell' for command environment: Not usable outside of PowerShell
[1.201s] DEBUG:colcon.colcon_core.shell:Skip shell extension 'dsv' for command environment
[1.258s] DEBUG:colcon.colcon_core.event_handler.log_command:Invoking command in '/home/maxim/git/ROS2/ros2_ws/build/more_interfaces': CMAKE_PREFIX_PATH=${CMAKE_PREFIX_PATH}:/opt/ros/humble /usr/bin/cmake --build /home/maxim/git/ROS2/ros2_ws/build/more_interfaces -- -j12 -l12
[5.300s] DEBUG:colcon.colcon_core.event_handler.log_command:Invoked command in '/home/maxim/git/ROS2/ros2_ws/build/more_interfaces' returned '0': CMAKE_PREFIX_PATH=${CMAKE_PREFIX_PATH}:/opt/ros/humble /usr/bin/cmake --build /home/maxim/git/ROS2/ros2_ws/build/more_interfaces -- -j12 -l12
[5.448s] DEBUG:colcon.colcon_core.event_handler.log_command:Invoking command in '/home/maxim/git/ROS2/ros2_ws/build/more_interfaces': CMAKE_PREFIX_PATH=${CMAKE_PREFIX_PATH}:/opt/ros/humble /usr/bin/cmake --install /home/maxim/git/ROS2/ros2_ws/build/more_interfaces
[5.582s] Level 1:colcon.colcon_core.environment:create_environment_scripts_only(more_interfaces)
[5.583s] DEBUG:colcon.colcon_core.event_handler.log_command:Invoked command in '/home/maxim/git/ROS2/ros2_ws/build/more_interfaces' returned '0': CMAKE_PREFIX_PATH=${CMAKE_PREFIX_PATH}:/opt/ros/humble /usr/bin/cmake --install /home/maxim/git/ROS2/ros2_ws/build/more_interfaces
[5.738s] Level 1:colcon.colcon_core.environment:checking '/home/maxim/git/ROS2/ros2_ws/install/more_interfaces' for CMake module files
[5.739s] Level 1:colcon.colcon_core.environment:checking '/home/maxim/git/ROS2/ros2_ws/install/more_interfaces' for CMake config files
[5.740s] Level 1:colcon.colcon_core.shell:create_environment_hook('more_interfaces', 'cmake_prefix_path')
[5.756s] INFO:colcon.colcon_core.shell:Creating environment hook '/home/maxim/git/ROS2/ros2_ws/install/more_interfaces/share/more_interfaces/hook/cmake_prefix_path.ps1'
[5.757s] INFO:colcon.colcon_core.shell:Creating environment descriptor '/home/maxim/git/ROS2/ros2_ws/install/more_interfaces/share/more_interfaces/hook/cmake_prefix_path.dsv'
[5.758s] INFO:colcon.colcon_core.shell:Creating environment hook '/home/maxim/git/ROS2/ros2_ws/install/more_interfaces/share/more_interfaces/hook/cmake_prefix_path.sh'
[5.759s] Level 1:colcon.colcon_core.environment:checking '/home/maxim/git/ROS2/ros2_ws/install/more_interfaces/lib'
[5.759s] Level 1:colcon.colcon_core.shell:create_environment_hook('more_interfaces', 'ld_library_path_lib')
[5.772s] INFO:colcon.colcon_core.shell:Creating environment hook '/home/maxim/git/ROS2/ros2_ws/install/more_interfaces/share/more_interfaces/hook/ld_library_path_lib.ps1'
[5.772s] INFO:colcon.colcon_core.shell:Creating environment descriptor '/home/maxim/git/ROS2/ros2_ws/install/more_interfaces/share/more_interfaces/hook/ld_library_path_lib.dsv'
[5.773s] INFO:colcon.colcon_core.shell:Creating environment hook '/home/maxim/git/ROS2/ros2_ws/install/more_interfaces/share/more_interfaces/hook/ld_library_path_lib.sh'
[5.773s] Level 1:colcon.colcon_core.environment:checking '/home/maxim/git/ROS2/ros2_ws/install/more_interfaces/bin'
[5.773s] Level 1:colcon.colcon_core.environment:checking '/home/maxim/git/ROS2/ros2_ws/install/more_interfaces/lib/pkgconfig/more_interfaces.pc'
[5.773s] Level 1:colcon.colcon_core.environment:checking '/home/maxim/git/ROS2/ros2_ws/install/more_interfaces/lib/python3.10/site-packages'
[5.774s] Level 1:colcon.colcon_core.environment:checking '/home/maxim/git/ROS2/ros2_ws/install/more_interfaces/bin'
[5.786s] INFO:colcon.colcon_core.shell:Creating package script '/home/maxim/git/ROS2/ros2_ws/install/more_interfaces/share/more_interfaces/package.ps1'
[5.787s] INFO:colcon.colcon_core.shell:Creating package descriptor '/home/maxim/git/ROS2/ros2_ws/install/more_interfaces/share/more_interfaces/package.dsv'
[5.788s] INFO:colcon.colcon_core.shell:Creating package script '/home/maxim/git/ROS2/ros2_ws/install/more_interfaces/share/more_interfaces/package.sh'
[5.789s] INFO:colcon.colcon_core.shell:Creating package script '/home/maxim/git/ROS2/ros2_ws/install/more_interfaces/share/more_interfaces/package.bash'
[5.790s] INFO:colcon.colcon_core.shell:Creating package script '/home/maxim/git/ROS2/ros2_ws/install/more_interfaces/share/more_interfaces/package.zsh'
[5.791s] Level 1:colcon.colcon_core.environment:create_file_with_runtime_dependencies(/home/maxim/git/ROS2/ros2_ws/install/more_interfaces/share/colcon-core/packages/more_interfaces)
[5.899s] Level 1:colcon.colcon_core.environment:create_environment_scripts_only(more_interfaces)
[5.912s] Level 1:colcon.colcon_core.environment:checking '/home/maxim/git/ROS2/ros2_ws/install/more_interfaces' for CMake module files
[5.913s] Level 1:colcon.colcon_core.environment:checking '/home/maxim/git/ROS2/ros2_ws/install/more_interfaces' for CMake config files
[5.913s] Level 1:colcon.colcon_core.shell:create_environment_hook('more_interfaces', 'cmake_prefix_path')
[5.926s] INFO:colcon.colcon_core.shell:Creating environment hook '/home/maxim/git/ROS2/ros2_ws/install/more_interfaces/share/more_interfaces/hook/cmake_prefix_path.ps1'
[5.927s] INFO:colcon.colcon_core.shell:Creating environment descriptor '/home/maxim/git/ROS2/ros2_ws/install/more_interfaces/share/more_interfaces/hook/cmake_prefix_path.dsv'
[5.927s] INFO:colcon.colcon_core.shell:Creating environment hook '/home/maxim/git/ROS2/ros2_ws/install/more_interfaces/share/more_interfaces/hook/cmake_prefix_path.sh'
[5.927s] Level 1:colcon.colcon_core.environment:checking '/home/maxim/git/ROS2/ros2_ws/install/more_interfaces/lib'
[5.927s] Level 1:colcon.colcon_core.shell:create_environment_hook('more_interfaces', 'ld_library_path_lib')
[5.940s] INFO:colcon.colcon_core.shell:Creating environment hook '/home/maxim/git/ROS2/ros2_ws/install/more_interfaces/share/more_interfaces/hook/ld_library_path_lib.ps1'
[5.941s] INFO:colcon.colcon_core.shell:Creating environment descriptor '/home/maxim/git/ROS2/ros2_ws/install/more_interfaces/share/more_interfaces/hook/ld_library_path_lib.dsv'
[5.941s] INFO:colcon.colcon_core.shell:Creating environment hook '/home/maxim/git/ROS2/ros2_ws/install/more_interfaces/share/more_interfaces/hook/ld_library_path_lib.sh'
[5.941s] Level 1:colcon.colcon_core.environment:checking '/home/maxim/git/ROS2/ros2_ws/install/more_interfaces/bin'
[5.941s] Level 1:colcon.colcon_core.environment:checking '/home/maxim/git/ROS2/ros2_ws/install/more_interfaces/lib/pkgconfig/more_interfaces.pc'
[5.941s] Level 1:colcon.colcon_core.environment:checking '/home/maxim/git/ROS2/ros2_ws/install/more_interfaces/lib/python3.10/site-packages'
[5.942s] Level 1:colcon.colcon_core.environment:checking '/home/maxim/git/ROS2/ros2_ws/install/more_interfaces/bin'
[5.954s] INFO:colcon.colcon_core.shell:Creating package script '/home/maxim/git/ROS2/ros2_ws/install/more_interfaces/share/more_interfaces/package.ps1'
[5.955s] INFO:colcon.colcon_core.shell:Creating package descriptor '/home/maxim/git/ROS2/ros2_ws/install/more_interfaces/share/more_interfaces/package.dsv'
[5.955s] INFO:colcon.colcon_core.shell:Creating package script '/home/maxim/git/ROS2/ros2_ws/install/more_interfaces/share/more_interfaces/package.sh'
[5.956s] INFO:colcon.colcon_core.shell:Creating package script '/home/maxim/git/ROS2/ros2_ws/install/more_interfaces/share/more_interfaces/package.bash'
[5.956s] INFO:colcon.colcon_core.shell:Creating package script '/home/maxim/git/ROS2/ros2_ws/install/more_interfaces/share/more_interfaces/package.zsh'
[5.956s] Level 1:colcon.colcon_core.environment:create_file_with_runtime_dependencies(/home/maxim/git/ROS2/ros2_ws/install/more_interfaces/share/colcon-core/packages/more_interfaces)
[5.957s] DEBUG:colcon.colcon_parallel_executor.executor.parallel:closing loop
[5.957s] DEBUG:colcon.colcon_parallel_executor.executor.parallel:loop closed
[5.957s] DEBUG:colcon.colcon_parallel_executor.executor.parallel:run_until_complete finished with '0'
[5.957s] DEBUG:colcon.colcon_core.event_reactor:joining thread
[5.978s] INFO:colcon.colcon_core.plugin_system:Skipping extension 'colcon_notification.desktop_notification.terminal_notifier': Not used on non-Darwin systems
[5.978s] INFO:colcon.colcon_core.plugin_system:Skipping extension 'colcon_notification.desktop_notification.win32': Not used on non-Windows systems
[5.978s] INFO:colcon.colcon_notification.desktop_notification:Sending desktop notification using 'notify2'
[5.991s] DEBUG:colcon.colcon_core.event_reactor:joined thread
[6.004s] INFO:colcon.colcon_core.shell:Creating prefix script '/home/maxim/git/ROS2/ros2_ws/install/local_setup.ps1'
[6.005s] INFO:colcon.colcon_core.shell:Creating prefix util module '/home/maxim/git/ROS2/ros2_ws/install/_local_setup_util_ps1.py'
[6.007s] INFO:colcon.colcon_core.shell:Creating prefix chain script '/home/maxim/git/ROS2/ros2_ws/install/setup.ps1'
[6.021s] INFO:colcon.colcon_core.shell:Creating prefix script '/home/maxim/git/ROS2/ros2_ws/install/local_setup.sh'
[6.022s] INFO:colcon.colcon_core.shell:Creating prefix util module '/home/maxim/git/ROS2/ros2_ws/install/_local_setup_util_sh.py'
[6.022s] INFO:colcon.colcon_core.shell:Creating prefix chain script '/home/maxim/git/ROS2/ros2_ws/install/setup.sh'
[6.036s] INFO:colcon.colcon_core.shell:Creating prefix script '/home/maxim/git/ROS2/ros2_ws/install/local_setup.bash'
[6.036s] INFO:colcon.colcon_core.shell:Creating prefix chain script '/home/maxim/git/ROS2/ros2_ws/install/setup.bash'
[6.050s] INFO:colcon.colcon_core.shell:Creating prefix script '/home/maxim/git/ROS2/ros2_ws/install/local_setup.zsh'
[6.051s] INFO:colcon.colcon_core.shell:Creating prefix chain script '/home/maxim/git/ROS2/ros2_ws/install/setup.zsh'
