[1.832s] DEBUG:colcon:Command line arguments: ['/usr/bin/colcon', 'build', '--packages-select', 'cpp_parameter_event_handler']
[1.832s] DEBUG:colcon:Parsed command line arguments: Namespace(log_base=None, log_level=None, verb_name='build', build_base='build', install_base='install', merge_install=False, symlink_install=False, test_result_base=None, continue_on_error=False, executor='parallel', parallel_workers=12, event_handlers=None, ignore_user_meta=False, metas=['./colcon.meta'], base_paths=['.'], packages_ignore=None, packages_ignore_regex=None, paths=None, packages_up_to=None, packages_up_to_regex=None, packages_above=None, packages_above_and_dependencies=None, packages_above_depth=None, packages_select_by_dep=None, packages_skip_by_dep=None, packages_skip_up_to=None, packages_select_build_failed=False, packages_skip_build_finished=False, packages_select_test_failures=False, packages_skip_test_passed=False, packages_select=['cpp_parameter_event_handler'], packages_skip=None, packages_select_regex=None, packages_skip_regex=None, packages_start=None, packages_end=None, allow_overriding=[], cmake_args=None, cmake_target=None, cmake_target_skip_unavailable=False, cmake_clean_cache=False, cmake_clean_first=False, cmake_force_configure=False, ament_cmake_args=None, catkin_cmake_args=None, catkin_skip_building_tests=False, verb_parser=<colcon_defaults.argument_parser.defaults.DefaultArgumentsDecorator object at 0x7f04fe4947c0>, verb_extension=<colcon_core.verb.build.BuildVerb object at 0x7f04fe8cf0d0>, main=<bound method BuildVerb.main of <colcon_core.verb.build.BuildVerb object at 0x7f04fe8cf0d0>>)
[1.921s] Level 1:colcon.colcon_core.package_discovery:discover_packages(colcon_meta) check parameters
[1.921s] Level 1:colcon.colcon_core.package_discovery:discover_packages(recursive) check parameters
[1.921s] Level 1:colcon.colcon_core.package_discovery:discover_packages(ignore) check parameters
[1.922s] Level 1:colcon.colcon_core.package_discovery:discover_packages(path) check parameters
[1.922s] Level 1:colcon.colcon_core.package_discovery:discover_packages(colcon_meta) discover
[1.922s] Level 1:colcon.colcon_core.package_discovery:discover_packages(recursive) discover
[1.922s] INFO:colcon.colcon_core.package_discovery:Crawling recursively for packages in '/home/maxim/git/ROS2/ros2_ws'
[1.922s] Level 1:colcon.colcon_core.package_identification:_identify(.) by extensions ['ignore', 'ignore_ament_install']
[1.922s] Level 1:colcon.colcon_core.package_identification:_identify(.) by extension 'ignore'
[1.922s] Level 1:colcon.colcon_core.package_identification:_identify(.) by extension 'ignore_ament_install'
[1.922s] Level 1:colcon.colcon_core.package_identification:_identify(.) by extensions ['colcon_pkg']
[1.922s] Level 1:colcon.colcon_core.package_identification:_identify(.) by extension 'colcon_pkg'
[1.922s] Level 1:colcon.colcon_core.package_identification:_identify(.) by extensions ['colcon_meta']
[1.922s] Level 1:colcon.colcon_core.package_identification:_identify(.) by extension 'colcon_meta'
[1.922s] Level 1:colcon.colcon_core.package_identification:_identify(.) by extensions ['ros']
[1.922s] Level 1:colcon.colcon_core.package_identification:_identify(.) by extension 'ros'
[1.940s] Level 1:colcon.colcon_core.package_identification:_identify(.) by extensions ['cmake', 'python']
[1.940s] Level 1:colcon.colcon_core.package_identification:_identify(.) by extension 'cmake'
[1.940s] Level 1:colcon.colcon_core.package_identification:_identify(.) by extension 'python'
[1.940s] Level 1:colcon.colcon_core.package_identification:_identify(.) by extensions ['python_setup_py']
[1.940s] Level 1:colcon.colcon_core.package_identification:_identify(.) by extension 'python_setup_py'
[1.940s] Level 1:colcon.colcon_core.package_identification:_identify(build) by extensions ['ignore', 'ignore_ament_install']
[1.940s] Level 1:colcon.colcon_core.package_identification:_identify(build) by extension 'ignore'
[1.940s] Level 1:colcon.colcon_core.package_identification:_identify(build) ignored
[1.941s] Level 1:colcon.colcon_core.package_identification:_identify(install) by extensions ['ignore', 'ignore_ament_install']
[1.941s] Level 1:colcon.colcon_core.package_identification:_identify(install) by extension 'ignore'
[1.941s] Level 1:colcon.colcon_core.package_identification:_identify(install) ignored
[1.941s] Level 1:colcon.colcon_core.package_identification:_identify(log) by extensions ['ignore', 'ignore_ament_install']
[1.941s] Level 1:colcon.colcon_core.package_identification:_identify(log) by extension 'ignore'
[1.941s] Level 1:colcon.colcon_core.package_identification:_identify(log) ignored
[1.941s] Level 1:colcon.colcon_core.package_identification:_identify(src) by extensions ['ignore', 'ignore_ament_install']
[1.941s] Level 1:colcon.colcon_core.package_identification:_identify(src) by extension 'ignore'
[1.941s] Level 1:colcon.colcon_core.package_identification:_identify(src) by extension 'ignore_ament_install'
[1.942s] Level 1:colcon.colcon_core.package_identification:_identify(src) by extensions ['colcon_pkg']
[1.942s] Level 1:colcon.colcon_core.package_identification:_identify(src) by extension 'colcon_pkg'
[1.942s] Level 1:colcon.colcon_core.package_identification:_identify(src) by extensions ['colcon_meta']
[1.942s] Level 1:colcon.colcon_core.package_identification:_identify(src) by extension 'colcon_meta'
[1.942s] Level 1:colcon.colcon_core.package_identification:_identify(src) by extensions ['ros']
[1.942s] Level 1:colcon.colcon_core.package_identification:_identify(src) by extension 'ros'
[1.942s] Level 1:colcon.colcon_core.package_identification:_identify(src) by extensions ['cmake', 'python']
[1.942s] Level 1:colcon.colcon_core.package_identification:_identify(src) by extension 'cmake'
[1.942s] Level 1:colcon.colcon_core.package_identification:_identify(src) by extension 'python'
[1.942s] Level 1:colcon.colcon_core.package_identification:_identify(src) by extensions ['python_setup_py']
[1.942s] Level 1:colcon.colcon_core.package_identification:_identify(src) by extension 'python_setup_py'
[1.942s] Level 1:colcon.colcon_core.package_identification:_identify(src/action_tutorials_cpp) by extensions ['ignore', 'ignore_ament_install']
[1.943s] Level 1:colcon.colcon_core.package_identification:_identify(src/action_tutorials_cpp) by extension 'ignore'
[1.943s] Level 1:colcon.colcon_core.package_identification:_identify(src/action_tutorials_cpp) by extension 'ignore_ament_install'
[1.943s] Level 1:colcon.colcon_core.package_identification:_identify(src/action_tutorials_cpp) by extensions ['colcon_pkg']
[1.943s] Level 1:colcon.colcon_core.package_identification:_identify(src/action_tutorials_cpp) by extension 'colcon_pkg'
[1.943s] Level 1:colcon.colcon_core.package_identification:_identify(src/action_tutorials_cpp) by extensions ['colcon_meta']
[1.943s] Level 1:colcon.colcon_core.package_identification:_identify(src/action_tutorials_cpp) by extension 'colcon_meta'
[1.943s] Level 1:colcon.colcon_core.package_identification:_identify(src/action_tutorials_cpp) by extensions ['ros']
[1.943s] Level 1:colcon.colcon_core.package_identification:_identify(src/action_tutorials_cpp) by extension 'ros'
[1.947s] DEBUG:colcon.colcon_core.package_identification:Package 'src/action_tutorials_cpp' with type 'ros.ament_cmake' and name 'action_tutorials_cpp'
[1.947s] Level 1:colcon.colcon_core.package_identification:_identify(src/action_tutorials_interfaces) by extensions ['ignore', 'ignore_ament_install']
[1.947s] Level 1:colcon.colcon_core.package_identification:_identify(src/action_tutorials_interfaces) by extension 'ignore'
[1.948s] Level 1:colcon.colcon_core.package_identification:_identify(src/action_tutorials_interfaces) by extension 'ignore_ament_install'
[1.948s] Level 1:colcon.colcon_core.package_identification:_identify(src/action_tutorials_interfaces) by extensions ['colcon_pkg']
[1.948s] Level 1:colcon.colcon_core.package_identification:_identify(src/action_tutorials_interfaces) by extension 'colcon_pkg'
[1.948s] Level 1:colcon.colcon_core.package_identification:_identify(src/action_tutorials_interfaces) by extensions ['colcon_meta']
[1.948s] Level 1:colcon.colcon_core.package_identification:_identify(src/action_tutorials_interfaces) by extension 'colcon_meta'
[1.948s] Level 1:colcon.colcon_core.package_identification:_identify(src/action_tutorials_interfaces) by extensions ['ros']
[1.948s] Level 1:colcon.colcon_core.package_identification:_identify(src/action_tutorials_interfaces) by extension 'ros'
[1.949s] DEBUG:colcon.colcon_core.package_identification:Package 'src/action_tutorials_interfaces' with type 'ros.ament_cmake' and name 'action_tutorials_interfaces'
[1.949s] Level 1:colcon.colcon_core.package_identification:_identify(src/cpp_parameter_event_handler) by extensions ['ignore', 'ignore_ament_install']
[1.949s] Level 1:colcon.colcon_core.package_identification:_identify(src/cpp_parameter_event_handler) by extension 'ignore'
[1.949s] Level 1:colcon.colcon_core.package_identification:_identify(src/cpp_parameter_event_handler) by extension 'ignore_ament_install'
[1.949s] Level 1:colcon.colcon_core.package_identification:_identify(src/cpp_parameter_event_handler) by extensions ['colcon_pkg']
[1.949s] Level 1:colcon.colcon_core.package_identification:_identify(src/cpp_parameter_event_handler) by extension 'colcon_pkg'
[1.949s] Level 1:colcon.colcon_core.package_identification:_identify(src/cpp_parameter_event_handler) by extensions ['colcon_meta']
[1.949s] Level 1:colcon.colcon_core.package_identification:_identify(src/cpp_parameter_event_handler) by extension 'colcon_meta'
[1.949s] Level 1:colcon.colcon_core.package_identification:_identify(src/cpp_parameter_event_handler) by extensions ['ros']
[1.949s] Level 1:colcon.colcon_core.package_identification:_identify(src/cpp_parameter_event_handler) by extension 'ros'
[1.951s] DEBUG:colcon.colcon_core.package_identification:Package 'src/cpp_parameter_event_handler' with type 'ros.ament_cmake' and name 'cpp_parameter_event_handler'
[1.951s] Level 1:colcon.colcon_core.package_identification:_identify(src/cpp_parameters) by extensions ['ignore', 'ignore_ament_install']
[1.951s] Level 1:colcon.colcon_core.package_identification:_identify(src/cpp_parameters) by extension 'ignore'
[1.951s] Level 1:colcon.colcon_core.package_identification:_identify(src/cpp_parameters) by extension 'ignore_ament_install'
[1.951s] Level 1:colcon.colcon_core.package_identification:_identify(src/cpp_parameters) by extensions ['colcon_pkg']
[1.951s] Level 1:colcon.colcon_core.package_identification:_identify(src/cpp_parameters) by extension 'colcon_pkg'
[1.951s] Level 1:colcon.colcon_core.package_identification:_identify(src/cpp_parameters) by extensions ['colcon_meta']
[1.951s] Level 1:colcon.colcon_core.package_identification:_identify(src/cpp_parameters) by extension 'colcon_meta'
[1.951s] Level 1:colcon.colcon_core.package_identification:_identify(src/cpp_parameters) by extensions ['ros']
[1.951s] Level 1:colcon.colcon_core.package_identification:_identify(src/cpp_parameters) by extension 'ros'
[1.952s] DEBUG:colcon.colcon_core.package_identification:Package 'src/cpp_parameters' with type 'ros.ament_cmake' and name 'cpp_parameters'
[1.952s] Level 1:colcon.colcon_core.package_identification:_identify(src/cpp_pubsub) by extensions ['ignore', 'ignore_ament_install']
[1.952s] Level 1:colcon.colcon_core.package_identification:_identify(src/cpp_pubsub) by extension 'ignore'
[1.952s] Level 1:colcon.colcon_core.package_identification:_identify(src/cpp_pubsub) by extension 'ignore_ament_install'
[1.953s] Level 1:colcon.colcon_core.package_identification:_identify(src/cpp_pubsub) by extensions ['colcon_pkg']
[1.953s] Level 1:colcon.colcon_core.package_identification:_identify(src/cpp_pubsub) by extension 'colcon_pkg'
[1.953s] Level 1:colcon.colcon_core.package_identification:_identify(src/cpp_pubsub) by extensions ['colcon_meta']
[1.953s] Level 1:colcon.colcon_core.package_identification:_identify(src/cpp_pubsub) by extension 'colcon_meta'
[1.953s] Level 1:colcon.colcon_core.package_identification:_identify(src/cpp_pubsub) by extensions ['ros']
[1.953s] Level 1:colcon.colcon_core.package_identification:_identify(src/cpp_pubsub) by extension 'ros'
[1.954s] DEBUG:colcon.colcon_core.package_identification:Package 'src/cpp_pubsub' with type 'ros.ament_cmake' and name 'cpp_pubsub'
[1.954s] Level 1:colcon.colcon_core.package_identification:_identify(src/cpp_srvcli) by extensions ['ignore', 'ignore_ament_install']
[1.954s] Level 1:colcon.colcon_core.package_identification:_identify(src/cpp_srvcli) by extension 'ignore'
[1.954s] Level 1:colcon.colcon_core.package_identification:_identify(src/cpp_srvcli) by extension 'ignore_ament_install'
[1.954s] Level 1:colcon.colcon_core.package_identification:_identify(src/cpp_srvcli) by extensions ['colcon_pkg']
[1.954s] Level 1:colcon.colcon_core.package_identification:_identify(src/cpp_srvcli) by extension 'colcon_pkg'
[1.954s] Level 1:colcon.colcon_core.package_identification:_identify(src/cpp_srvcli) by extensions ['colcon_meta']
[1.954s] Level 1:colcon.colcon_core.package_identification:_identify(src/cpp_srvcli) by extension 'colcon_meta'
[1.954s] Level 1:colcon.colcon_core.package_identification:_identify(src/cpp_srvcli) by extensions ['ros']
[1.954s] Level 1:colcon.colcon_core.package_identification:_identify(src/cpp_srvcli) by extension 'ros'
[1.956s] DEBUG:colcon.colcon_core.package_identification:Package 'src/cpp_srvcli' with type 'ros.ament_cmake' and name 'cpp_srvcli'
[1.956s] Level 1:colcon.colcon_core.package_identification:_identify(src/more_interfaces) by extensions ['ignore', 'ignore_ament_install']
[1.957s] Level 1:colcon.colcon_core.package_identification:_identify(src/more_interfaces) by extension 'ignore'
[1.957s] Level 1:colcon.colcon_core.package_identification:_identify(src/more_interfaces) by extension 'ignore_ament_install'
[1.957s] Level 1:colcon.colcon_core.package_identification:_identify(src/more_interfaces) by extensions ['colcon_pkg']
[1.957s] Level 1:colcon.colcon_core.package_identification:_identify(src/more_interfaces) by extension 'colcon_pkg'
[1.957s] Level 1:colcon.colcon_core.package_identification:_identify(src/more_interfaces) by extensions ['colcon_meta']
[1.957s] Level 1:colcon.colcon_core.package_identification:_identify(src/more_interfaces) by extension 'colcon_meta'
[1.957s] Level 1:colcon.colcon_core.package_identification:_identify(src/more_interfaces) by extensions ['ros']
[1.957s] Level 1:colcon.colcon_core.package_identification:_identify(src/more_interfaces) by extension 'ros'
[1.958s] DEBUG:colcon.colcon_core.package_identification:Package 'src/more_interfaces' with type 'ros.ament_cmake' and name 'more_interfaces'
[1.958s] Level 1:colcon.colcon_core.package_identification:_identify(src/my_package) by extensions ['ignore', 'ignore_ament_install']
[1.958s] Level 1:colcon.colcon_core.package_identification:_identify(src/my_package) by extension 'ignore'
[1.958s] Level 1:colcon.colcon_core.package_identification:_identify(src/my_package) by extension 'ignore_ament_install'
[1.958s] Level 1:colcon.colcon_core.package_identification:_identify(src/my_package) by extensions ['colcon_pkg']
[1.958s] Level 1:colcon.colcon_core.package_identification:_identify(src/my_package) by extension 'colcon_pkg'
[1.958s] Level 1:colcon.colcon_core.package_identification:_identify(src/my_package) by extensions ['colcon_meta']
[1.958s] Level 1:colcon.colcon_core.package_identification:_identify(src/my_package) by extension 'colcon_meta'
[1.958s] Level 1:colcon.colcon_core.package_identification:_identify(src/my_package) by extensions ['ros']
[1.958s] Level 1:colcon.colcon_core.package_identification:_identify(src/my_package) by extension 'ros'
[1.959s] DEBUG:colcon.colcon_core.package_identification:Package 'src/my_package' with type 'ros.ament_cmake' and name 'my_package'
[1.959s] Level 1:colcon.colcon_core.package_identification:_identify(src/polygon_base) by extensions ['ignore', 'ignore_ament_install']
[1.959s] Level 1:colcon.colcon_core.package_identification:_identify(src/polygon_base) by extension 'ignore'
[1.959s] Level 1:colcon.colcon_core.package_identification:_identify(src/polygon_base) by extension 'ignore_ament_install'
[1.960s] Level 1:colcon.colcon_core.package_identification:_identify(src/polygon_base) by extensions ['colcon_pkg']
[1.960s] Level 1:colcon.colcon_core.package_identification:_identify(src/polygon_base) by extension 'colcon_pkg'
[1.960s] Level 1:colcon.colcon_core.package_identification:_identify(src/polygon_base) by extensions ['colcon_meta']
[1.960s] Level 1:colcon.colcon_core.package_identification:_identify(src/polygon_base) by extension 'colcon_meta'
[1.960s] Level 1:colcon.colcon_core.package_identification:_identify(src/polygon_base) by extensions ['ros']
[1.960s] Level 1:colcon.colcon_core.package_identification:_identify(src/polygon_base) by extension 'ros'
[1.961s] DEBUG:colcon.colcon_core.package_identification:Package 'src/polygon_base' with type 'ros.ament_cmake' and name 'polygon_base'
[1.961s] Level 1:colcon.colcon_core.package_identification:_identify(src/polygon_plugins) by extensions ['ignore', 'ignore_ament_install']
[1.961s] Level 1:colcon.colcon_core.package_identification:_identify(src/polygon_plugins) by extension 'ignore'
[1.961s] Level 1:colcon.colcon_core.package_identification:_identify(src/polygon_plugins) by extension 'ignore_ament_install'
[1.961s] Level 1:colcon.colcon_core.package_identification:_identify(src/polygon_plugins) by extensions ['colcon_pkg']
[1.961s] Level 1:colcon.colcon_core.package_identification:_identify(src/polygon_plugins) by extension 'colcon_pkg'
[1.961s] Level 1:colcon.colcon_core.package_identification:_identify(src/polygon_plugins) by extensions ['colcon_meta']
[1.961s] Level 1:colcon.colcon_core.package_identification:_identify(src/polygon_plugins) by extension 'colcon_meta'
[1.961s] Level 1:colcon.colcon_core.package_identification:_identify(src/polygon_plugins) by extensions ['ros']
[1.961s] Level 1:colcon.colcon_core.package_identification:_identify(src/polygon_plugins) by extension 'ros'
[1.962s] DEBUG:colcon.colcon_core.package_identification:Package 'src/polygon_plugins' with type 'ros.ament_cmake' and name 'polygon_plugins'
[1.962s] Level 1:colcon.colcon_core.package_identification:_identify(src/tutorial_interfaces) by extensions ['ignore', 'ignore_ament_install']
[1.962s] Level 1:colcon.colcon_core.package_identification:_identify(src/tutorial_interfaces) by extension 'ignore'
[1.962s] Level 1:colcon.colcon_core.package_identification:_identify(src/tutorial_interfaces) by extension 'ignore_ament_install'
[1.962s] Level 1:colcon.colcon_core.package_identification:_identify(src/tutorial_interfaces) by extensions ['colcon_pkg']
[1.963s] Level 1:colcon.colcon_core.package_identification:_identify(src/tutorial_interfaces) by extension 'colcon_pkg'
[1.963s] Level 1:colcon.colcon_core.package_identification:_identify(src/tutorial_interfaces) by extensions ['colcon_meta']
[1.963s] Level 1:colcon.colcon_core.package_identification:_identify(src/tutorial_interfaces) by extension 'colcon_meta'
[1.963s] Level 1:colcon.colcon_core.package_identification:_identify(src/tutorial_interfaces) by extensions ['ros']
[1.963s] Level 1:colcon.colcon_core.package_identification:_identify(src/tutorial_interfaces) by extension 'ros'
[1.964s] DEBUG:colcon.colcon_core.package_identification:Package 'src/tutorial_interfaces' with type 'ros.ament_cmake' and name 'tutorial_interfaces'
[1.964s] Level 1:colcon.colcon_core.package_discovery:discover_packages(recursive) using defaults
[1.964s] Level 1:colcon.colcon_core.package_discovery:discover_packages(ignore) discover
[1.964s] Level 1:colcon.colcon_core.package_discovery:discover_packages(ignore) using defaults
[1.964s] Level 1:colcon.colcon_core.package_discovery:discover_packages(path) discover
[1.964s] Level 1:colcon.colcon_core.package_discovery:discover_packages(path) using defaults
[2.060s] INFO:colcon.colcon_core.package_selection:Skipping not selected package 'action_tutorials_interfaces' in 'src/action_tutorials_interfaces'
[2.060s] INFO:colcon.colcon_core.package_selection:Skipping not selected package 'cpp_parameters' in 'src/cpp_parameters'
[2.060s] INFO:colcon.colcon_core.package_selection:Skipping not selected package 'more_interfaces' in 'src/more_interfaces'
[2.060s] INFO:colcon.colcon_core.package_selection:Skipping not selected package 'my_package' in 'src/my_package'
[2.060s] INFO:colcon.colcon_core.package_selection:Skipping not selected package 'polygon_base' in 'src/polygon_base'
[2.060s] INFO:colcon.colcon_core.package_selection:Skipping not selected package 'tutorial_interfaces' in 'src/tutorial_interfaces'
[2.060s] INFO:colcon.colcon_core.package_selection:Skipping not selected package 'action_tutorials_cpp' in 'src/action_tutorials_cpp'
[2.060s] INFO:colcon.colcon_core.package_selection:Skipping not selected package 'cpp_pubsub' in 'src/cpp_pubsub'
[2.060s] INFO:colcon.colcon_core.package_selection:Skipping not selected package 'cpp_srvcli' in 'src/cpp_srvcli'
[2.060s] INFO:colcon.colcon_core.package_selection:Skipping not selected package 'polygon_plugins' in 'src/polygon_plugins'
[2.102s] Level 1:colcon.colcon_core.package_discovery:discover_packages(prefix_path) check parameters
[2.103s] Level 1:colcon.colcon_core.package_discovery:discover_packages(prefix_path) discover
[2.150s] DEBUG:colcon.colcon_installed_package_information.package_discovery:Found 11 installed packages in /home/maxim/git/ROS2/ros2_ws/install
[2.174s] DEBUG:colcon.colcon_installed_package_information.package_discovery:Found 393 installed packages in /opt/ros/humble
[2.190s] Level 1:colcon.colcon_core.package_discovery:discover_packages(prefix_path) using defaults
[2.392s] Level 5:colcon.colcon_core.verb:set package 'cpp_parameter_event_handler' build argument 'cmake_args' from command line to 'None'
[2.392s] Level 5:colcon.colcon_core.verb:set package 'cpp_parameter_event_handler' build argument 'cmake_target' from command line to 'None'
[2.393s] Level 5:colcon.colcon_core.verb:set package 'cpp_parameter_event_handler' build argument 'cmake_target_skip_unavailable' from command line to 'False'
[2.393s] Level 5:colcon.colcon_core.verb:set package 'cpp_parameter_event_handler' build argument 'cmake_clean_cache' from command line to 'False'
[2.393s] Level 5:colcon.colcon_core.verb:set package 'cpp_parameter_event_handler' build argument 'cmake_clean_first' from command line to 'False'
[2.393s] Level 5:colcon.colcon_core.verb:set package 'cpp_parameter_event_handler' build argument 'cmake_force_configure' from command line to 'False'
[2.393s] Level 5:colcon.colcon_core.verb:set package 'cpp_parameter_event_handler' build argument 'ament_cmake_args' from command line to 'None'
[2.393s] Level 5:colcon.colcon_core.verb:set package 'cpp_parameter_event_handler' build argument 'catkin_cmake_args' from command line to 'None'
[2.393s] Level 5:colcon.colcon_core.verb:set package 'cpp_parameter_event_handler' build argument 'catkin_skip_building_tests' from command line to 'False'
[2.393s] DEBUG:colcon.colcon_core.verb:Building package 'cpp_parameter_event_handler' with the following arguments: {'ament_cmake_args': None, 'build_base': '/home/maxim/git/ROS2/ros2_ws/build/cpp_parameter_event_handler', 'catkin_cmake_args': None, 'catkin_skip_building_tests': False, 'cmake_args': None, 'cmake_clean_cache': False, 'cmake_clean_first': False, 'cmake_force_configure': False, 'cmake_target': None, 'cmake_target_skip_unavailable': False, 'install_base': '/home/maxim/git/ROS2/ros2_ws/install/cpp_parameter_event_handler', 'merge_install': False, 'path': '/home/maxim/git/ROS2/ros2_ws/src/cpp_parameter_event_handler', 'symlink_install': False, 'test_result_base': None}
[2.412s] INFO:colcon.colcon_core.executor:Executing jobs using 'parallel' executor
[2.434s] DEBUG:colcon.colcon_parallel_executor.executor.parallel:run_until_complete
[2.434s] INFO:colcon.colcon_ros.task.ament_cmake.build:Building ROS package in '/home/maxim/git/ROS2/ros2_ws/src/cpp_parameter_event_handler' with build type 'ament_cmake'
[2.434s] INFO:colcon.colcon_cmake.task.cmake.build:Building CMake package in '/home/maxim/git/ROS2/ros2_ws/src/cpp_parameter_event_handler'
[2.461s] INFO:colcon.colcon_core.plugin_system:Skipping extension 'colcon_core.shell.bat': Not used on non-Windows systems
[2.462s] INFO:colcon.colcon_core.shell:Skip shell extension 'powershell' for command environment: Not usable outside of PowerShell
[2.462s] DEBUG:colcon.colcon_core.shell:Skip shell extension 'dsv' for command environment
[2.547s] DEBUG:colcon.colcon_core.event_handler.log_command:Invoking command in '/home/maxim/git/ROS2/ros2_ws/build/cpp_parameter_event_handler': CMAKE_PREFIX_PATH=${CMAKE_PREFIX_PATH}:/opt/ros/humble /usr/bin/cmake --build /home/maxim/git/ROS2/ros2_ws/build/cpp_parameter_event_handler -- -j12 -l12
[11.351s] DEBUG:colcon.colcon_core.event_handler.log_command:Invoked command in '/home/maxim/git/ROS2/ros2_ws/build/cpp_parameter_event_handler' returned '0': CMAKE_PREFIX_PATH=${CMAKE_PREFIX_PATH}:/opt/ros/humble /usr/bin/cmake --build /home/maxim/git/ROS2/ros2_ws/build/cpp_parameter_event_handler -- -j12 -l12
[11.405s] DEBUG:colcon.colcon_core.event_handler.log_command:Invoking command in '/home/maxim/git/ROS2/ros2_ws/build/cpp_parameter_event_handler': CMAKE_PREFIX_PATH=${CMAKE_PREFIX_PATH}:/opt/ros/humble /usr/bin/cmake --install /home/maxim/git/ROS2/ros2_ws/build/cpp_parameter_event_handler
[11.431s] Level 1:colcon.colcon_core.environment:create_environment_scripts_only(cpp_parameter_event_handler)
[11.431s] DEBUG:colcon.colcon_core.event_handler.log_command:Invoked command in '/home/maxim/git/ROS2/ros2_ws/build/cpp_parameter_event_handler' returned '0': CMAKE_PREFIX_PATH=${CMAKE_PREFIX_PATH}:/opt/ros/humble /usr/bin/cmake --install /home/maxim/git/ROS2/ros2_ws/build/cpp_parameter_event_handler
[11.606s] Level 1:colcon.colcon_core.environment:checking '/home/maxim/git/ROS2/ros2_ws/install/cpp_parameter_event_handler' for CMake module files
[11.606s] Level 1:colcon.colcon_core.environment:checking '/home/maxim/git/ROS2/ros2_ws/install/cpp_parameter_event_handler' for CMake config files
[11.607s] Level 1:colcon.colcon_core.shell:create_environment_hook('cpp_parameter_event_handler', 'cmake_prefix_path')
[11.620s] INFO:colcon.colcon_core.shell:Creating environment hook '/home/maxim/git/ROS2/ros2_ws/install/cpp_parameter_event_handler/share/cpp_parameter_event_handler/hook/cmake_prefix_path.ps1'
[11.621s] INFO:colcon.colcon_core.shell:Creating environment descriptor '/home/maxim/git/ROS2/ros2_ws/install/cpp_parameter_event_handler/share/cpp_parameter_event_handler/hook/cmake_prefix_path.dsv'
[11.622s] INFO:colcon.colcon_core.shell:Creating environment hook '/home/maxim/git/ROS2/ros2_ws/install/cpp_parameter_event_handler/share/cpp_parameter_event_handler/hook/cmake_prefix_path.sh'
[11.623s] Level 1:colcon.colcon_core.environment:checking '/home/maxim/git/ROS2/ros2_ws/install/cpp_parameter_event_handler/lib'
[11.623s] Level 1:colcon.colcon_core.environment:checking '/home/maxim/git/ROS2/ros2_ws/install/cpp_parameter_event_handler/bin'
[11.623s] Level 1:colcon.colcon_core.environment:checking '/home/maxim/git/ROS2/ros2_ws/install/cpp_parameter_event_handler/lib/pkgconfig/cpp_parameter_event_handler.pc'
[11.623s] Level 1:colcon.colcon_core.environment:checking '/home/maxim/git/ROS2/ros2_ws/install/cpp_parameter_event_handler/lib/python3.10/site-packages'
[11.624s] Level 1:colcon.colcon_core.environment:checking '/home/maxim/git/ROS2/ros2_ws/install/cpp_parameter_event_handler/bin'
[11.637s] INFO:colcon.colcon_core.shell:Creating package script '/home/maxim/git/ROS2/ros2_ws/install/cpp_parameter_event_handler/share/cpp_parameter_event_handler/package.ps1'
[11.637s] INFO:colcon.colcon_core.shell:Creating package descriptor '/home/maxim/git/ROS2/ros2_ws/install/cpp_parameter_event_handler/share/cpp_parameter_event_handler/package.dsv'
[11.638s] INFO:colcon.colcon_core.shell:Creating package script '/home/maxim/git/ROS2/ros2_ws/install/cpp_parameter_event_handler/share/cpp_parameter_event_handler/package.sh'
[11.639s] INFO:colcon.colcon_core.shell:Creating package script '/home/maxim/git/ROS2/ros2_ws/install/cpp_parameter_event_handler/share/cpp_parameter_event_handler/package.bash'
[11.640s] INFO:colcon.colcon_core.shell:Creating package script '/home/maxim/git/ROS2/ros2_ws/install/cpp_parameter_event_handler/share/cpp_parameter_event_handler/package.zsh'
[11.642s] Level 1:colcon.colcon_core.environment:create_file_with_runtime_dependencies(/home/maxim/git/ROS2/ros2_ws/install/cpp_parameter_event_handler/share/colcon-core/packages/cpp_parameter_event_handler)
[11.700s] Level 1:colcon.colcon_core.environment:create_environment_scripts_only(cpp_parameter_event_handler)
[11.714s] Level 1:colcon.colcon_core.environment:checking '/home/maxim/git/ROS2/ros2_ws/install/cpp_parameter_event_handler' for CMake module files
[11.714s] Level 1:colcon.colcon_core.environment:checking '/home/maxim/git/ROS2/ros2_ws/install/cpp_parameter_event_handler' for CMake config files
[11.715s] Level 1:colcon.colcon_core.shell:create_environment_hook('cpp_parameter_event_handler', 'cmake_prefix_path')
[11.728s] INFO:colcon.colcon_core.shell:Creating environment hook '/home/maxim/git/ROS2/ros2_ws/install/cpp_parameter_event_handler/share/cpp_parameter_event_handler/hook/cmake_prefix_path.ps1'
[11.728s] INFO:colcon.colcon_core.shell:Creating environment descriptor '/home/maxim/git/ROS2/ros2_ws/install/cpp_parameter_event_handler/share/cpp_parameter_event_handler/hook/cmake_prefix_path.dsv'
[11.728s] INFO:colcon.colcon_core.shell:Creating environment hook '/home/maxim/git/ROS2/ros2_ws/install/cpp_parameter_event_handler/share/cpp_parameter_event_handler/hook/cmake_prefix_path.sh'
[11.729s] Level 1:colcon.colcon_core.environment:checking '/home/maxim/git/ROS2/ros2_ws/install/cpp_parameter_event_handler/lib'
[11.729s] Level 1:colcon.colcon_core.environment:checking '/home/maxim/git/ROS2/ros2_ws/install/cpp_parameter_event_handler/bin'
[11.729s] Level 1:colcon.colcon_core.environment:checking '/home/maxim/git/ROS2/ros2_ws/install/cpp_parameter_event_handler/lib/pkgconfig/cpp_parameter_event_handler.pc'
[11.729s] Level 1:colcon.colcon_core.environment:checking '/home/maxim/git/ROS2/ros2_ws/install/cpp_parameter_event_handler/lib/python3.10/site-packages'
[11.729s] Level 1:colcon.colcon_core.environment:checking '/home/maxim/git/ROS2/ros2_ws/install/cpp_parameter_event_handler/bin'
[11.742s] INFO:colcon.colcon_core.shell:Creating package script '/home/maxim/git/ROS2/ros2_ws/install/cpp_parameter_event_handler/share/cpp_parameter_event_handler/package.ps1'
[11.742s] INFO:colcon.colcon_core.shell:Creating package descriptor '/home/maxim/git/ROS2/ros2_ws/install/cpp_parameter_event_handler/share/cpp_parameter_event_handler/package.dsv'
[11.743s] INFO:colcon.colcon_core.shell:Creating package script '/home/maxim/git/ROS2/ros2_ws/install/cpp_parameter_event_handler/share/cpp_parameter_event_handler/package.sh'
[11.743s] INFO:colcon.colcon_core.shell:Creating package script '/home/maxim/git/ROS2/ros2_ws/install/cpp_parameter_event_handler/share/cpp_parameter_event_handler/package.bash'
[11.743s] INFO:colcon.colcon_core.shell:Creating package script '/home/maxim/git/ROS2/ros2_ws/install/cpp_parameter_event_handler/share/cpp_parameter_event_handler/package.zsh'
[11.744s] Level 1:colcon.colcon_core.environment:create_file_with_runtime_dependencies(/home/maxim/git/ROS2/ros2_ws/install/cpp_parameter_event_handler/share/colcon-core/packages/cpp_parameter_event_handler)
[11.744s] DEBUG:colcon.colcon_parallel_executor.executor.parallel:closing loop
[11.744s] DEBUG:colcon.colcon_parallel_executor.executor.parallel:loop closed
[11.744s] DEBUG:colcon.colcon_parallel_executor.executor.parallel:run_until_complete finished with '0'
[11.744s] DEBUG:colcon.colcon_core.event_reactor:joining thread
[11.783s] INFO:colcon.colcon_core.plugin_system:Skipping extension 'colcon_notification.desktop_notification.terminal_notifier': Not used on non-Darwin systems
[11.783s] INFO:colcon.colcon_core.plugin_system:Skipping extension 'colcon_notification.desktop_notification.win32': Not used on non-Windows systems
[11.783s] INFO:colcon.colcon_notification.desktop_notification:Sending desktop notification using 'notify2'
[11.837s] DEBUG:colcon.colcon_core.event_reactor:joined thread
[11.853s] INFO:colcon.colcon_core.shell:Creating prefix script '/home/maxim/git/ROS2/ros2_ws/install/local_setup.ps1'
[11.855s] INFO:colcon.colcon_core.shell:Creating prefix util module '/home/maxim/git/ROS2/ros2_ws/install/_local_setup_util_ps1.py'
[11.856s] INFO:colcon.colcon_core.shell:Creating prefix chain script '/home/maxim/git/ROS2/ros2_ws/install/setup.ps1'
[11.872s] INFO:colcon.colcon_core.shell:Creating prefix script '/home/maxim/git/ROS2/ros2_ws/install/local_setup.sh'
[11.873s] INFO:colcon.colcon_core.shell:Creating prefix util module '/home/maxim/git/ROS2/ros2_ws/install/_local_setup_util_sh.py'
[11.874s] INFO:colcon.colcon_core.shell:Creating prefix chain script '/home/maxim/git/ROS2/ros2_ws/install/setup.sh'
[11.888s] INFO:colcon.colcon_core.shell:Creating prefix script '/home/maxim/git/ROS2/ros2_ws/install/local_setup.bash'
[11.889s] INFO:colcon.colcon_core.shell:Creating prefix chain script '/home/maxim/git/ROS2/ros2_ws/install/setup.bash'
[11.903s] INFO:colcon.colcon_core.shell:Creating prefix script '/home/maxim/git/ROS2/ros2_ws/install/local_setup.zsh'
[11.903s] INFO:colcon.colcon_core.shell:Creating prefix chain script '/home/maxim/git/ROS2/ros2_ws/install/setup.zsh'
