[0.071s] Invoking command in '/home/maxim/git/ROS2/ros2_ws/build/more_interfaces': CMAKE_PREFIX_PATH=${CMAKE_PREFIX_PATH}:/opt/ros/humble /usr/bin/cmake --build /home/maxim/git/ROS2/ros2_ws/build/more_interfaces -- -j12 -l12
[0.161s] [  9%] Built target more_interfaces__rosidl_generator_c
[0.170s] [  9%] Built target ament_cmake_python_copy_more_interfaces
[0.171s] [ 12%] Built target more_interfaces__cpp
[0.190s] [ 27%] Built target more_interfaces__rosidl_typesupport_fastrtps_c
[0.190s] [ 30%] Built target more_interfaces__rosidl_typesupport_introspection_c
[0.192s] [ 39%] Built target more_interfaces__rosidl_typesupport_c
[0.200s] [ 48%] Built target more_interfaces__rosidl_typesupport_fastrtps_cpp
[0.201s] [ 57%] Built target more_interfaces__rosidl_typesupport_cpp
[0.201s] [ 66%] Built target more_interfaces__rosidl_typesupport_introspection_cpp
[0.215s] [35m[1mConsolidate compiler generated dependencies of target publish_address_book[0m
[0.227s] [ 66%] Built target more_interfaces
[0.240s] [ 69%] [32mBuilding CXX object CMakeFiles/publish_address_book.dir/src/publish_address_book.cpp.o[0m
[0.254s] [ 72%] Built target more_interfaces__py
[0.282s] [ 78%] Built target more_interfaces__rosidl_generator_py
[0.309s] [ 93%] Built target more_interfaces__rosidl_typesupport_introspection_c__pyext
[0.309s] [ 93%] Built target more_interfaces__rosidl_typesupport_c__pyext
[0.309s] [ 96%] Built target more_interfaces__rosidl_typesupport_fastrtps_c__pyext
[0.412s] running egg_info
[0.413s] writing more_interfaces.egg-info/PKG-INFO
[0.413s] writing dependency_links to more_interfaces.egg-info/dependency_links.txt
[0.413s] writing top-level names to more_interfaces.egg-info/top_level.txt
[0.416s] reading manifest file 'more_interfaces.egg-info/SOURCES.txt'
[0.417s] writing manifest file 'more_interfaces.egg-info/SOURCES.txt'
[0.453s] [ 96%] Built target ament_cmake_python_build_more_interfaces_egg
[3.832s] [100%] [32m[1mLinking CXX executable publish_address_book[0m
[4.083s] [100%] Built target publish_address_book
[4.114s] Invoked command in '/home/maxim/git/ROS2/ros2_ws/build/more_interfaces' returned '0': CMAKE_PREFIX_PATH=${CMAKE_PREFIX_PATH}:/opt/ros/humble /usr/bin/cmake --build /home/maxim/git/ROS2/ros2_ws/build/more_interfaces -- -j12 -l12
[4.262s] Invoking command in '/home/maxim/git/ROS2/ros2_ws/build/more_interfaces': CMAKE_PREFIX_PATH=${CMAKE_PREFIX_PATH}:/opt/ros/humble /usr/bin/cmake --install /home/maxim/git/ROS2/ros2_ws/build/more_interfaces
[4.282s] -- Install configuration: ""
[4.283s] -- Installing: /home/maxim/git/ROS2/ros2_ws/install/more_interfaces/lib/more_interfaces/publish_address_book
[4.287s] -- Set runtime path of "/home/maxim/git/ROS2/ros2_ws/install/more_interfaces/lib/more_interfaces/publish_address_book" to ""
[4.288s] -- Installing: /home/maxim/git/ROS2/ros2_ws/install/more_interfaces/share/ament_index/resource_index/rosidl_interfaces/more_interfaces
[4.288s] -- Installing: /home/maxim/git/ROS2/ros2_ws/install/more_interfaces/include/more_interfaces/more_interfaces
[4.288s] -- Installing: /home/maxim/git/ROS2/ros2_ws/install/more_interfaces/include/more_interfaces/more_interfaces/msg
[4.289s] -- Installing: /home/maxim/git/ROS2/ros2_ws/install/more_interfaces/include/more_interfaces/more_interfaces/msg/rosidl_generator_c__visibility_control.h
[4.289s] -- Installing: /home/maxim/git/ROS2/ros2_ws/install/more_interfaces/include/more_interfaces/more_interfaces/msg/address_book.h
[4.289s] -- Installing: /home/maxim/git/ROS2/ros2_ws/install/more_interfaces/include/more_interfaces/more_interfaces/msg/detail
[4.289s] -- Installing: /home/maxim/git/ROS2/ros2_ws/install/more_interfaces/include/more_interfaces/more_interfaces/msg/detail/address_book__functions.h
[4.289s] -- Installing: /home/maxim/git/ROS2/ros2_ws/install/more_interfaces/include/more_interfaces/more_interfaces/msg/detail/address_book__type_support.h
[4.290s] -- Installing: /home/maxim/git/ROS2/ros2_ws/install/more_interfaces/include/more_interfaces/more_interfaces/msg/detail/address_book__struct.h
[4.290s] -- Installing: /home/maxim/git/ROS2/ros2_ws/install/more_interfaces/include/more_interfaces/more_interfaces/msg/detail/address_book__functions.c
[4.292s] -- Installing: /home/maxim/git/ROS2/ros2_ws/install/more_interfaces/share/more_interfaces/environment/library_path.sh
[4.292s] -- Installing: /home/maxim/git/ROS2/ros2_ws/install/more_interfaces/share/more_interfaces/environment/library_path.dsv
[4.292s] -- Installing: /home/maxim/git/ROS2/ros2_ws/install/more_interfaces/lib/libmore_interfaces__rosidl_generator_c.so
[4.293s] -- Set runtime path of "/home/maxim/git/ROS2/ros2_ws/install/more_interfaces/lib/libmore_interfaces__rosidl_generator_c.so" to ""
[4.293s] -- Up-to-date: /home/maxim/git/ROS2/ros2_ws/install/more_interfaces/include/more_interfaces/more_interfaces
[4.293s] -- Up-to-date: /home/maxim/git/ROS2/ros2_ws/install/more_interfaces/include/more_interfaces/more_interfaces/msg
[4.294s] -- Installing: /home/maxim/git/ROS2/ros2_ws/install/more_interfaces/include/more_interfaces/more_interfaces/msg/rosidl_typesupport_fastrtps_c__visibility_control.h
[4.294s] -- Up-to-date: /home/maxim/git/ROS2/ros2_ws/install/more_interfaces/include/more_interfaces/more_interfaces/msg/detail
[4.294s] -- Installing: /home/maxim/git/ROS2/ros2_ws/install/more_interfaces/include/more_interfaces/more_interfaces/msg/detail/address_book__rosidl_typesupport_fastrtps_c.h
[4.294s] -- Installing: /home/maxim/git/ROS2/ros2_ws/install/more_interfaces/lib/libmore_interfaces__rosidl_typesupport_fastrtps_c.so
[4.295s] -- Set runtime path of "/home/maxim/git/ROS2/ros2_ws/install/more_interfaces/lib/libmore_interfaces__rosidl_typesupport_fastrtps_c.so" to ""
[4.295s] -- Up-to-date: /home/maxim/git/ROS2/ros2_ws/install/more_interfaces/include/more_interfaces/more_interfaces
[4.295s] -- Up-to-date: /home/maxim/git/ROS2/ros2_ws/install/more_interfaces/include/more_interfaces/more_interfaces/msg
[4.296s] -- Installing: /home/maxim/git/ROS2/ros2_ws/install/more_interfaces/include/more_interfaces/more_interfaces/msg/address_book.hpp
[4.296s] -- Up-to-date: /home/maxim/git/ROS2/ros2_ws/install/more_interfaces/include/more_interfaces/more_interfaces/msg/detail
[4.296s] -- Installing: /home/maxim/git/ROS2/ros2_ws/install/more_interfaces/include/more_interfaces/more_interfaces/msg/detail/address_book__struct.hpp
[4.296s] -- Installing: /home/maxim/git/ROS2/ros2_ws/install/more_interfaces/include/more_interfaces/more_interfaces/msg/detail/address_book__builder.hpp
[4.296s] -- Installing: /home/maxim/git/ROS2/ros2_ws/install/more_interfaces/include/more_interfaces/more_interfaces/msg/detail/address_book__traits.hpp
[4.297s] -- Up-to-date: /home/maxim/git/ROS2/ros2_ws/install/more_interfaces/include/more_interfaces/more_interfaces
[4.297s] -- Up-to-date: /home/maxim/git/ROS2/ros2_ws/install/more_interfaces/include/more_interfaces/more_interfaces/msg
[4.297s] -- Up-to-date: /home/maxim/git/ROS2/ros2_ws/install/more_interfaces/include/more_interfaces/more_interfaces/msg/detail
[4.297s] -- Installing: /home/maxim/git/ROS2/ros2_ws/install/more_interfaces/include/more_interfaces/more_interfaces/msg/detail/dds_fastrtps
[4.297s] -- Installing: /home/maxim/git/ROS2/ros2_ws/install/more_interfaces/include/more_interfaces/more_interfaces/msg/detail/address_book__rosidl_typesupport_fastrtps_cpp.hpp
[4.298s] -- Installing: /home/maxim/git/ROS2/ros2_ws/install/more_interfaces/include/more_interfaces/more_interfaces/msg/rosidl_typesupport_fastrtps_cpp__visibility_control.h
[4.298s] -- Installing: /home/maxim/git/ROS2/ros2_ws/install/more_interfaces/lib/libmore_interfaces__rosidl_typesupport_fastrtps_cpp.so
[4.299s] -- Set runtime path of "/home/maxim/git/ROS2/ros2_ws/install/more_interfaces/lib/libmore_interfaces__rosidl_typesupport_fastrtps_cpp.so" to ""
[4.299s] -- Up-to-date: /home/maxim/git/ROS2/ros2_ws/install/more_interfaces/include/more_interfaces/more_interfaces
[4.299s] -- Up-to-date: /home/maxim/git/ROS2/ros2_ws/install/more_interfaces/include/more_interfaces/more_interfaces/msg
[4.299s] -- Up-to-date: /home/maxim/git/ROS2/ros2_ws/install/more_interfaces/include/more_interfaces/more_interfaces/msg/detail
[4.299s] -- Installing: /home/maxim/git/ROS2/ros2_ws/install/more_interfaces/include/more_interfaces/more_interfaces/msg/detail/address_book__type_support.c
[4.299s] -- Installing: /home/maxim/git/ROS2/ros2_ws/install/more_interfaces/include/more_interfaces/more_interfaces/msg/detail/address_book__rosidl_typesupport_introspection_c.h
[4.300s] -- Installing: /home/maxim/git/ROS2/ros2_ws/install/more_interfaces/include/more_interfaces/more_interfaces/msg/rosidl_typesupport_introspection_c__visibility_control.h
[4.300s] -- Installing: /home/maxim/git/ROS2/ros2_ws/install/more_interfaces/lib/libmore_interfaces__rosidl_typesupport_introspection_c.so
[4.301s] -- Set runtime path of "/home/maxim/git/ROS2/ros2_ws/install/more_interfaces/lib/libmore_interfaces__rosidl_typesupport_introspection_c.so" to ""
[4.301s] -- Installing: /home/maxim/git/ROS2/ros2_ws/install/more_interfaces/lib/libmore_interfaces__rosidl_typesupport_c.so
[4.302s] -- Set runtime path of "/home/maxim/git/ROS2/ros2_ws/install/more_interfaces/lib/libmore_interfaces__rosidl_typesupport_c.so" to ""
[4.302s] -- Up-to-date: /home/maxim/git/ROS2/ros2_ws/install/more_interfaces/include/more_interfaces/more_interfaces
[4.302s] -- Up-to-date: /home/maxim/git/ROS2/ros2_ws/install/more_interfaces/include/more_interfaces/more_interfaces/msg
[4.302s] -- Up-to-date: /home/maxim/git/ROS2/ros2_ws/install/more_interfaces/include/more_interfaces/more_interfaces/msg/detail
[4.302s] -- Installing: /home/maxim/git/ROS2/ros2_ws/install/more_interfaces/include/more_interfaces/more_interfaces/msg/detail/address_book__type_support.cpp
[4.303s] -- Installing: /home/maxim/git/ROS2/ros2_ws/install/more_interfaces/include/more_interfaces/more_interfaces/msg/detail/address_book__rosidl_typesupport_introspection_cpp.hpp
[4.303s] -- Installing: /home/maxim/git/ROS2/ros2_ws/install/more_interfaces/lib/libmore_interfaces__rosidl_typesupport_introspection_cpp.so
[4.304s] -- Set runtime path of "/home/maxim/git/ROS2/ros2_ws/install/more_interfaces/lib/libmore_interfaces__rosidl_typesupport_introspection_cpp.so" to ""
[4.304s] -- Installing: /home/maxim/git/ROS2/ros2_ws/install/more_interfaces/lib/libmore_interfaces__rosidl_typesupport_cpp.so
[4.304s] -- Set runtime path of "/home/maxim/git/ROS2/ros2_ws/install/more_interfaces/lib/libmore_interfaces__rosidl_typesupport_cpp.so" to ""
[4.304s] -- Installing: /home/maxim/git/ROS2/ros2_ws/install/more_interfaces/share/more_interfaces/environment/pythonpath.sh
[4.305s] -- Installing: /home/maxim/git/ROS2/ros2_ws/install/more_interfaces/share/more_interfaces/environment/pythonpath.dsv
[4.305s] -- Installing: /home/maxim/git/ROS2/ros2_ws/install/more_interfaces/local/lib/python3.10/dist-packages/more_interfaces-0.0.0-py3.10.egg-info
[4.305s] -- Installing: /home/maxim/git/ROS2/ros2_ws/install/more_interfaces/local/lib/python3.10/dist-packages/more_interfaces-0.0.0-py3.10.egg-info/top_level.txt
[4.305s] -- Installing: /home/maxim/git/ROS2/ros2_ws/install/more_interfaces/local/lib/python3.10/dist-packages/more_interfaces-0.0.0-py3.10.egg-info/SOURCES.txt
[4.306s] -- Installing: /home/maxim/git/ROS2/ros2_ws/install/more_interfaces/local/lib/python3.10/dist-packages/more_interfaces-0.0.0-py3.10.egg-info/PKG-INFO
[4.306s] -- Installing: /home/maxim/git/ROS2/ros2_ws/install/more_interfaces/local/lib/python3.10/dist-packages/more_interfaces-0.0.0-py3.10.egg-info/dependency_links.txt
[4.306s] -- Installing: /home/maxim/git/ROS2/ros2_ws/install/more_interfaces/local/lib/python3.10/dist-packages/more_interfaces
[4.306s] -- Installing: /home/maxim/git/ROS2/ros2_ws/install/more_interfaces/local/lib/python3.10/dist-packages/more_interfaces/more_interfaces_s__rosidl_typesupport_introspection_c.cpython-310-x86_64-linux-gnu.so
[4.307s] -- Installing: /home/maxim/git/ROS2/ros2_ws/install/more_interfaces/local/lib/python3.10/dist-packages/more_interfaces/libmore_interfaces__rosidl_generator_py.so
[4.307s] -- Installing: /home/maxim/git/ROS2/ros2_ws/install/more_interfaces/local/lib/python3.10/dist-packages/more_interfaces/_more_interfaces_s.ep.rosidl_typesupport_introspection_c.c
[4.308s] -- Installing: /home/maxim/git/ROS2/ros2_ws/install/more_interfaces/local/lib/python3.10/dist-packages/more_interfaces/__init__.py
[4.308s] -- Installing: /home/maxim/git/ROS2/ros2_ws/install/more_interfaces/local/lib/python3.10/dist-packages/more_interfaces/more_interfaces_s__rosidl_typesupport_fastrtps_c.cpython-310-x86_64-linux-gnu.so
[4.308s] -- Installing: /home/maxim/git/ROS2/ros2_ws/install/more_interfaces/local/lib/python3.10/dist-packages/more_interfaces/more_interfaces_s__rosidl_typesupport_c.cpython-310-x86_64-linux-gnu.so
[4.308s] -- Installing: /home/maxim/git/ROS2/ros2_ws/install/more_interfaces/local/lib/python3.10/dist-packages/more_interfaces/_more_interfaces_s.ep.rosidl_typesupport_fastrtps_c.c
[4.309s] -- Installing: /home/maxim/git/ROS2/ros2_ws/install/more_interfaces/local/lib/python3.10/dist-packages/more_interfaces/_more_interfaces_s.ep.rosidl_typesupport_c.c
[4.309s] -- Installing: /home/maxim/git/ROS2/ros2_ws/install/more_interfaces/local/lib/python3.10/dist-packages/more_interfaces/msg
[4.309s] -- Installing: /home/maxim/git/ROS2/ros2_ws/install/more_interfaces/local/lib/python3.10/dist-packages/more_interfaces/msg/_address_book.py
[4.309s] -- Installing: /home/maxim/git/ROS2/ros2_ws/install/more_interfaces/local/lib/python3.10/dist-packages/more_interfaces/msg/__init__.py
[4.309s] -- Installing: /home/maxim/git/ROS2/ros2_ws/install/more_interfaces/local/lib/python3.10/dist-packages/more_interfaces/msg/_address_book_s.c
[4.374s] Listing '/home/maxim/git/ROS2/ros2_ws/install/more_interfaces/local/lib/python3.10/dist-packages/more_interfaces'...
[4.374s] Compiling '/home/maxim/git/ROS2/ros2_ws/install/more_interfaces/local/lib/python3.10/dist-packages/more_interfaces/__init__.py'...
[4.374s] Listing '/home/maxim/git/ROS2/ros2_ws/install/more_interfaces/local/lib/python3.10/dist-packages/more_interfaces/msg'...
[4.374s] Compiling '/home/maxim/git/ROS2/ros2_ws/install/more_interfaces/local/lib/python3.10/dist-packages/more_interfaces/msg/__init__.py'...
[4.374s] Compiling '/home/maxim/git/ROS2/ros2_ws/install/more_interfaces/local/lib/python3.10/dist-packages/more_interfaces/msg/_address_book.py'...
[4.378s] -- Installing: /home/maxim/git/ROS2/ros2_ws/install/more_interfaces/local/lib/python3.10/dist-packages/more_interfaces/more_interfaces_s__rosidl_typesupport_fastrtps_c.cpython-310-x86_64-linux-gnu.so
[4.379s] -- Set runtime path of "/home/maxim/git/ROS2/ros2_ws/install/more_interfaces/local/lib/python3.10/dist-packages/more_interfaces/more_interfaces_s__rosidl_typesupport_fastrtps_c.cpython-310-x86_64-linux-gnu.so" to ""
[4.379s] -- Installing: /home/maxim/git/ROS2/ros2_ws/install/more_interfaces/local/lib/python3.10/dist-packages/more_interfaces/more_interfaces_s__rosidl_typesupport_introspection_c.cpython-310-x86_64-linux-gnu.so
[4.379s] -- Set runtime path of "/home/maxim/git/ROS2/ros2_ws/install/more_interfaces/local/lib/python3.10/dist-packages/more_interfaces/more_interfaces_s__rosidl_typesupport_introspection_c.cpython-310-x86_64-linux-gnu.so" to ""
[4.380s] -- Installing: /home/maxim/git/ROS2/ros2_ws/install/more_interfaces/local/lib/python3.10/dist-packages/more_interfaces/more_interfaces_s__rosidl_typesupport_c.cpython-310-x86_64-linux-gnu.so
[4.380s] -- Set runtime path of "/home/maxim/git/ROS2/ros2_ws/install/more_interfaces/local/lib/python3.10/dist-packages/more_interfaces/more_interfaces_s__rosidl_typesupport_c.cpython-310-x86_64-linux-gnu.so" to ""
[4.380s] -- Installing: /home/maxim/git/ROS2/ros2_ws/install/more_interfaces/lib/libmore_interfaces__rosidl_generator_py.so
[4.380s] -- Set runtime path of "/home/maxim/git/ROS2/ros2_ws/install/more_interfaces/lib/libmore_interfaces__rosidl_generator_py.so" to ""
[4.381s] -- Installing: /home/maxim/git/ROS2/ros2_ws/install/more_interfaces/share/more_interfaces/msg/AddressBook.idl
[4.381s] -- Installing: /home/maxim/git/ROS2/ros2_ws/install/more_interfaces/share/more_interfaces/msg/AddressBook.msg
[4.381s] -- Installing: /home/maxim/git/ROS2/ros2_ws/install/more_interfaces/share/ament_index/resource_index/package_run_dependencies/more_interfaces
[4.381s] -- Installing: /home/maxim/git/ROS2/ros2_ws/install/more_interfaces/share/ament_index/resource_index/parent_prefix_path/more_interfaces
[4.383s] -- Installing: /home/maxim/git/ROS2/ros2_ws/install/more_interfaces/share/more_interfaces/environment/ament_prefix_path.sh
[4.383s] -- Installing: /home/maxim/git/ROS2/ros2_ws/install/more_interfaces/share/more_interfaces/environment/ament_prefix_path.dsv
[4.383s] -- Installing: /home/maxim/git/ROS2/ros2_ws/install/more_interfaces/share/more_interfaces/environment/path.sh
[4.384s] -- Installing: /home/maxim/git/ROS2/ros2_ws/install/more_interfaces/share/more_interfaces/environment/path.dsv
[4.384s] -- Installing: /home/maxim/git/ROS2/ros2_ws/install/more_interfaces/share/more_interfaces/local_setup.bash
[4.384s] -- Installing: /home/maxim/git/ROS2/ros2_ws/install/more_interfaces/share/more_interfaces/local_setup.sh
[4.384s] -- Installing: /home/maxim/git/ROS2/ros2_ws/install/more_interfaces/share/more_interfaces/local_setup.zsh
[4.385s] -- Installing: /home/maxim/git/ROS2/ros2_ws/install/more_interfaces/share/more_interfaces/local_setup.dsv
[4.385s] -- Installing: /home/maxim/git/ROS2/ros2_ws/install/more_interfaces/share/more_interfaces/package.dsv
[4.385s] -- Installing: /home/maxim/git/ROS2/ros2_ws/install/more_interfaces/share/ament_index/resource_index/packages/more_interfaces
[4.386s] -- Installing: /home/maxim/git/ROS2/ros2_ws/install/more_interfaces/share/more_interfaces/cmake/export_more_interfaces__rosidl_generator_cExport.cmake
[4.386s] -- Installing: /home/maxim/git/ROS2/ros2_ws/install/more_interfaces/share/more_interfaces/cmake/export_more_interfaces__rosidl_generator_cExport-noconfig.cmake
[4.386s] -- Installing: /home/maxim/git/ROS2/ros2_ws/install/more_interfaces/share/more_interfaces/cmake/export_more_interfaces__rosidl_typesupport_fastrtps_cExport.cmake
[4.386s] -- Installing: /home/maxim/git/ROS2/ros2_ws/install/more_interfaces/share/more_interfaces/cmake/export_more_interfaces__rosidl_typesupport_fastrtps_cExport-noconfig.cmake
[4.387s] -- Installing: /home/maxim/git/ROS2/ros2_ws/install/more_interfaces/share/more_interfaces/cmake/export_more_interfaces__rosidl_generator_cppExport.cmake
[4.387s] -- Installing: /home/maxim/git/ROS2/ros2_ws/install/more_interfaces/share/more_interfaces/cmake/export_more_interfaces__rosidl_typesupport_fastrtps_cppExport.cmake
[4.387s] -- Installing: /home/maxim/git/ROS2/ros2_ws/install/more_interfaces/share/more_interfaces/cmake/export_more_interfaces__rosidl_typesupport_fastrtps_cppExport-noconfig.cmake
[4.387s] -- Installing: /home/maxim/git/ROS2/ros2_ws/install/more_interfaces/share/more_interfaces/cmake/more_interfaces__rosidl_typesupport_introspection_cExport.cmake
[4.388s] -- Installing: /home/maxim/git/ROS2/ros2_ws/install/more_interfaces/share/more_interfaces/cmake/more_interfaces__rosidl_typesupport_introspection_cExport-noconfig.cmake
[4.388s] -- Installing: /home/maxim/git/ROS2/ros2_ws/install/more_interfaces/share/more_interfaces/cmake/more_interfaces__rosidl_typesupport_cExport.cmake
[4.388s] -- Installing: /home/maxim/git/ROS2/ros2_ws/install/more_interfaces/share/more_interfaces/cmake/more_interfaces__rosidl_typesupport_cExport-noconfig.cmake
[4.388s] -- Installing: /home/maxim/git/ROS2/ros2_ws/install/more_interfaces/share/more_interfaces/cmake/more_interfaces__rosidl_typesupport_introspection_cppExport.cmake
[4.389s] -- Installing: /home/maxim/git/ROS2/ros2_ws/install/more_interfaces/share/more_interfaces/cmake/more_interfaces__rosidl_typesupport_introspection_cppExport-noconfig.cmake
[4.389s] -- Installing: /home/maxim/git/ROS2/ros2_ws/install/more_interfaces/share/more_interfaces/cmake/more_interfaces__rosidl_typesupport_cppExport.cmake
[4.389s] -- Installing: /home/maxim/git/ROS2/ros2_ws/install/more_interfaces/share/more_interfaces/cmake/more_interfaces__rosidl_typesupport_cppExport-noconfig.cmake
[4.389s] -- Installing: /home/maxim/git/ROS2/ros2_ws/install/more_interfaces/share/more_interfaces/cmake/export_more_interfaces__rosidl_generator_pyExport.cmake
[4.390s] -- Installing: /home/maxim/git/ROS2/ros2_ws/install/more_interfaces/share/more_interfaces/cmake/export_more_interfaces__rosidl_generator_pyExport-noconfig.cmake
[4.390s] -- Installing: /home/maxim/git/ROS2/ros2_ws/install/more_interfaces/share/more_interfaces/cmake/rosidl_cmake-extras.cmake
[4.390s] -- Installing: /home/maxim/git/ROS2/ros2_ws/install/more_interfaces/share/more_interfaces/cmake/ament_cmake_export_include_directories-extras.cmake
[4.391s] -- Installing: /home/maxim/git/ROS2/ros2_ws/install/more_interfaces/share/more_interfaces/cmake/ament_cmake_export_libraries-extras.cmake
[4.391s] -- Installing: /home/maxim/git/ROS2/ros2_ws/install/more_interfaces/share/more_interfaces/cmake/ament_cmake_export_targets-extras.cmake
[4.391s] -- Installing: /home/maxim/git/ROS2/ros2_ws/install/more_interfaces/share/more_interfaces/cmake/rosidl_cmake_export_typesupport_targets-extras.cmake
[4.392s] -- Installing: /home/maxim/git/ROS2/ros2_ws/install/more_interfaces/share/more_interfaces/cmake/ament_cmake_export_dependencies-extras.cmake
[4.392s] -- Installing: /home/maxim/git/ROS2/ros2_ws/install/more_interfaces/share/more_interfaces/cmake/rosidl_cmake_export_typesupport_libraries-extras.cmake
[4.392s] -- Installing: /home/maxim/git/ROS2/ros2_ws/install/more_interfaces/share/more_interfaces/cmake/more_interfacesConfig.cmake
[4.392s] -- Installing: /home/maxim/git/ROS2/ros2_ws/install/more_interfaces/share/more_interfaces/cmake/more_interfacesConfig-version.cmake
[4.393s] -- Installing: /home/maxim/git/ROS2/ros2_ws/install/more_interfaces/share/more_interfaces/package.xml
[4.396s] Invoked command in '/home/maxim/git/ROS2/ros2_ws/build/more_interfaces' returned '0': CMAKE_PREFIX_PATH=${CMAKE_PREFIX_PATH}:/opt/ros/humble /usr/bin/cmake --install /home/maxim/git/ROS2/ros2_ws/build/more_interfaces
