[0.094s] Invoking command in '/home/maxim/git/ROS2/ros2_ws/build/matrix_determinant_service': AMENT_PREFIX_PATH=/home/maxim/git/ROS2/ros2_ws/install/matrix_interface:${AMENT_PREFIX_PATH} CMAKE_PREFIX_PATH=/home/maxim/git/ROS2/ros2_ws/install/matrix_interface:/home/maxim/ros2_ws/install/cpp_pubsub:/home/maxim/ros2_ws/install/tutorial_interfaces:/home/maxim/ros2_ws/install/my_package:/home/maxim/ros2_ws/install/more_interfaces:/home/maxim/ros2_ws/install/matrix_determinant_service:/home/maxim/ros2_ws/install/br2_basics:/home/maxim/ros2_ws/install/matrix_interface:/home/maxim/ros2_ws/install/cpp_parameters:/opt/ros/humble LD_LIBRARY_PATH=/home/maxim/git/ROS2/ros2_ws/install/matrix_interface/lib:${LD_LIBRARY_PATH} PYTHONPATH=/home/maxim/git/ROS2/ros2_ws/install/matrix_interface/local/lib/python3.10/dist-packages:${PYTHONPATH} /usr/bin/cmake /home/maxim/git/ROS2/ros2_ws/src/matrix_determinant_service -DCMAKE_INSTALL_PREFIX=/home/maxim/git/ROS2/ros2_ws/install/matrix_determinant_service
[0.190s] -- The C compiler identification is GNU 11.4.0
[0.279s] -- The CXX compiler identification is GNU 11.4.0
[0.288s] -- Detecting C compiler ABI info
[0.386s] -- Detecting C compiler ABI info - done
[0.405s] -- Check for working C compiler: /usr/bin/cc - skipped
[0.405s] -- Detecting C compile features
[0.406s] -- Detecting C compile features - done
[0.413s] -- Detecting CXX compiler ABI info
[0.521s] -- Detecting CXX compiler ABI info - done
[0.536s] -- Check for working CXX compiler: /usr/bin/c++ - skipped
[0.537s] -- Detecting CXX compile features
[0.538s] -- Detecting CXX compile features - done
[0.544s] -- Found ament_cmake: 1.3.5 (/opt/ros/humble/share/ament_cmake/cmake)
[0.866s] -- Found Python3: /usr/bin/python3.10 (found version "3.10.12") found components: Interpreter 
[1.041s] -- Found rclcpp: 16.0.6 (/opt/ros/humble/share/rclcpp/cmake)
[1.109s] -- Found rosidl_generator_c: 3.1.5 (/opt/ros/humble/share/rosidl_generator_c/cmake)
[1.116s] -- Found rosidl_adapter: 3.1.5 (/opt/ros/humble/share/rosidl_adapter/cmake)
[1.128s] -- Found rosidl_generator_cpp: 3.1.5 (/opt/ros/humble/share/rosidl_generator_cpp/cmake)
[1.148s] -- Using all available rosidl_typesupport_c: rosidl_typesupport_fastrtps_c;rosidl_typesupport_introspection_c
[1.178s] -- Using all available rosidl_typesupport_cpp: rosidl_typesupport_fastrtps_cpp;rosidl_typesupport_introspection_cpp
[1.299s] -- Found rmw_implementation_cmake: 6.1.1 (/opt/ros/humble/share/rmw_implementation_cmake/cmake)
[1.304s] -- Found rmw_fastrtps_cpp: 6.2.4 (/opt/ros/humble/share/rmw_fastrtps_cpp/cmake)
[1.480s] -- Found OpenSSL: /usr/lib/x86_64-linux-gnu/libcrypto.so (found version "3.0.2")  
[1.526s] -- Found FastRTPS: /opt/ros/humble/include  
[1.595s] -- Using RMW implementation 'rmw_fastrtps_cpp' as default
[1.613s] -- Looking for pthread.h
[1.717s] -- Looking for pthread.h - found
[1.717s] -- Performing Test CMAKE_HAVE_LIBC_PTHREAD
[1.813s] -- Performing Test CMAKE_HAVE_LIBC_PTHREAD - Success
[1.816s] -- Found Threads: TRUE  
[2.063s] -- Found matrix_interface: 0.0.0 (/home/maxim/git/ROS2/ros2_ws/install/matrix_interface/share/matrix_interface/cmake)
[2.089s] -- Found ament_lint_auto: 0.12.8 (/opt/ros/humble/share/ament_lint_auto/cmake)
[2.215s] -- Added test 'cppcheck' to perform static code analysis on C / C++ code
[2.215s] -- Configured cppcheck include dirs: 
[2.215s] -- Configured cppcheck exclude dirs and/or files: 
[2.216s] -- Added test 'lint_cmake' to check CMake code style
[2.218s] -- Added test 'uncrustify' to check C / C++ code style
[2.218s] -- Configured uncrustify additional arguments: 
[2.218s] -- Added test 'xmllint' to check XML markup files
[2.220s] -- Configuring done
[2.238s] -- Generating done
[2.240s] -- Build files have been written to: /home/maxim/git/ROS2/ros2_ws/build/matrix_determinant_service
[2.249s] Invoked command in '/home/maxim/git/ROS2/ros2_ws/build/matrix_determinant_service' returned '0': AMENT_PREFIX_PATH=/home/maxim/git/ROS2/ros2_ws/install/matrix_interface:${AMENT_PREFIX_PATH} CMAKE_PREFIX_PATH=/home/maxim/git/ROS2/ros2_ws/install/matrix_interface:/home/maxim/ros2_ws/install/cpp_pubsub:/home/maxim/ros2_ws/install/tutorial_interfaces:/home/maxim/ros2_ws/install/my_package:/home/maxim/ros2_ws/install/more_interfaces:/home/maxim/ros2_ws/install/matrix_determinant_service:/home/maxim/ros2_ws/install/br2_basics:/home/maxim/ros2_ws/install/matrix_interface:/home/maxim/ros2_ws/install/cpp_parameters:/opt/ros/humble LD_LIBRARY_PATH=/home/maxim/git/ROS2/ros2_ws/install/matrix_interface/lib:${LD_LIBRARY_PATH} PYTHONPATH=/home/maxim/git/ROS2/ros2_ws/install/matrix_interface/local/lib/python3.10/dist-packages:${PYTHONPATH} /usr/bin/cmake /home/maxim/git/ROS2/ros2_ws/src/matrix_determinant_service -DCMAKE_INSTALL_PREFIX=/home/maxim/git/ROS2/ros2_ws/install/matrix_determinant_service
[2.252s] Invoking command in '/home/maxim/git/ROS2/ros2_ws/build/matrix_determinant_service': AMENT_PREFIX_PATH=/home/maxim/git/ROS2/ros2_ws/install/matrix_interface:${AMENT_PREFIX_PATH} CMAKE_PREFIX_PATH=/home/maxim/git/ROS2/ros2_ws/install/matrix_interface:/home/maxim/ros2_ws/install/cpp_pubsub:/home/maxim/ros2_ws/install/tutorial_interfaces:/home/maxim/ros2_ws/install/my_package:/home/maxim/ros2_ws/install/more_interfaces:/home/maxim/ros2_ws/install/matrix_determinant_service:/home/maxim/ros2_ws/install/br2_basics:/home/maxim/ros2_ws/install/matrix_interface:/home/maxim/ros2_ws/install/cpp_parameters:/opt/ros/humble LD_LIBRARY_PATH=/home/maxim/git/ROS2/ros2_ws/install/matrix_interface/lib:${LD_LIBRARY_PATH} PYTHONPATH=/home/maxim/git/ROS2/ros2_ws/install/matrix_interface/local/lib/python3.10/dist-packages:${PYTHONPATH} /usr/bin/cmake --build /home/maxim/git/ROS2/ros2_ws/build/matrix_determinant_service -- -j12 -l12
[2.326s] [ 16%] [32mBuilding CXX object CMakeFiles/matrix_resolver_subscriber.dir/src/matrix_resolver_subscriber.cpp.o[0m
[2.329s] [ 33%] [32mBuilding CXX object CMakeFiles/matrix_resolver_client.dir/src/matrix_resolver_client.cpp.o[0m
[2.331s] [ 50%] [32mBuilding CXX object CMakeFiles/matrix_resolver_server.dir/src/matrix_resolver_server.cpp.o[0m
[6.055s] [ 66%] [32m[1mLinking CXX executable matrix_resolver_client[0m
[6.237s] [ 66%] Built target matrix_resolver_client
[6.977s] [ 83%] [32m[1mLinking CXX executable matrix_resolver_server[0m
[7.177s] [ 83%] Built target matrix_resolver_server
[9.653s] [100%] [32m[1mLinking CXX executable matrix_resolver_subscriber[0m
[10.032s] [100%] Built target matrix_resolver_subscriber
[10.051s] Invoked command in '/home/maxim/git/ROS2/ros2_ws/build/matrix_determinant_service' returned '0': AMENT_PREFIX_PATH=/home/maxim/git/ROS2/ros2_ws/install/matrix_interface:${AMENT_PREFIX_PATH} CMAKE_PREFIX_PATH=/home/maxim/git/ROS2/ros2_ws/install/matrix_interface:/home/maxim/ros2_ws/install/cpp_pubsub:/home/maxim/ros2_ws/install/tutorial_interfaces:/home/maxim/ros2_ws/install/my_package:/home/maxim/ros2_ws/install/more_interfaces:/home/maxim/ros2_ws/install/matrix_determinant_service:/home/maxim/ros2_ws/install/br2_basics:/home/maxim/ros2_ws/install/matrix_interface:/home/maxim/ros2_ws/install/cpp_parameters:/opt/ros/humble LD_LIBRARY_PATH=/home/maxim/git/ROS2/ros2_ws/install/matrix_interface/lib:${LD_LIBRARY_PATH} PYTHONPATH=/home/maxim/git/ROS2/ros2_ws/install/matrix_interface/local/lib/python3.10/dist-packages:${PYTHONPATH} /usr/bin/cmake --build /home/maxim/git/ROS2/ros2_ws/build/matrix_determinant_service -- -j12 -l12
[10.100s] Invoking command in '/home/maxim/git/ROS2/ros2_ws/build/matrix_determinant_service': AMENT_PREFIX_PATH=/home/maxim/git/ROS2/ros2_ws/install/matrix_interface:${AMENT_PREFIX_PATH} CMAKE_PREFIX_PATH=/home/maxim/git/ROS2/ros2_ws/install/matrix_interface:/home/maxim/ros2_ws/install/cpp_pubsub:/home/maxim/ros2_ws/install/tutorial_interfaces:/home/maxim/ros2_ws/install/my_package:/home/maxim/ros2_ws/install/more_interfaces:/home/maxim/ros2_ws/install/matrix_determinant_service:/home/maxim/ros2_ws/install/br2_basics:/home/maxim/ros2_ws/install/matrix_interface:/home/maxim/ros2_ws/install/cpp_parameters:/opt/ros/humble LD_LIBRARY_PATH=/home/maxim/git/ROS2/ros2_ws/install/matrix_interface/lib:${LD_LIBRARY_PATH} PYTHONPATH=/home/maxim/git/ROS2/ros2_ws/install/matrix_interface/local/lib/python3.10/dist-packages:${PYTHONPATH} /usr/bin/cmake --install /home/maxim/git/ROS2/ros2_ws/build/matrix_determinant_service
[10.107s] -- Install configuration: ""
[10.107s] -- Installing: /home/maxim/git/ROS2/ros2_ws/install/matrix_determinant_service/lib/matrix_determinant_service/matrix_resolver_server
[10.108s] -- Set runtime path of "/home/maxim/git/ROS2/ros2_ws/install/matrix_determinant_service/lib/matrix_determinant_service/matrix_resolver_server" to ""
[10.108s] -- Installing: /home/maxim/git/ROS2/ros2_ws/install/matrix_determinant_service/lib/matrix_determinant_service/matrix_resolver_client
[10.108s] -- Set runtime path of "/home/maxim/git/ROS2/ros2_ws/install/matrix_determinant_service/lib/matrix_determinant_service/matrix_resolver_client" to ""
[10.109s] -- Installing: /home/maxim/git/ROS2/ros2_ws/install/matrix_determinant_service/lib/matrix_determinant_service/matrix_resolver_subscriber
[10.111s] -- Set runtime path of "/home/maxim/git/ROS2/ros2_ws/install/matrix_determinant_service/lib/matrix_determinant_service/matrix_resolver_subscriber" to ""
[10.112s] -- Installing: /home/maxim/git/ROS2/ros2_ws/install/matrix_determinant_service/share/ament_index/resource_index/package_run_dependencies/matrix_determinant_service
[10.112s] -- Installing: /home/maxim/git/ROS2/ros2_ws/install/matrix_determinant_service/share/ament_index/resource_index/parent_prefix_path/matrix_determinant_service
[10.112s] -- Installing: /home/maxim/git/ROS2/ros2_ws/install/matrix_determinant_service/share/matrix_determinant_service/environment/ament_prefix_path.sh
[10.112s] -- Installing: /home/maxim/git/ROS2/ros2_ws/install/matrix_determinant_service/share/matrix_determinant_service/environment/ament_prefix_path.dsv
[10.112s] -- Installing: /home/maxim/git/ROS2/ros2_ws/install/matrix_determinant_service/share/matrix_determinant_service/environment/path.sh
[10.112s] -- Installing: /home/maxim/git/ROS2/ros2_ws/install/matrix_determinant_service/share/matrix_determinant_service/environment/path.dsv
[10.112s] -- Installing: /home/maxim/git/ROS2/ros2_ws/install/matrix_determinant_service/share/matrix_determinant_service/local_setup.bash
[10.112s] -- Installing: /home/maxim/git/ROS2/ros2_ws/install/matrix_determinant_service/share/matrix_determinant_service/local_setup.sh
[10.112s] -- Installing: /home/maxim/git/ROS2/ros2_ws/install/matrix_determinant_service/share/matrix_determinant_service/local_setup.zsh
[10.112s] -- Installing: /home/maxim/git/ROS2/ros2_ws/install/matrix_determinant_service/share/matrix_determinant_service/local_setup.dsv
[10.112s] -- Installing: /home/maxim/git/ROS2/ros2_ws/install/matrix_determinant_service/share/matrix_determinant_service/package.dsv
[10.112s] -- Installing: /home/maxim/git/ROS2/ros2_ws/install/matrix_determinant_service/share/ament_index/resource_index/packages/matrix_determinant_service
[10.113s] -- Installing: /home/maxim/git/ROS2/ros2_ws/install/matrix_determinant_service/share/matrix_determinant_service/cmake/matrix_determinant_serviceConfig.cmake
[10.113s] -- Installing: /home/maxim/git/ROS2/ros2_ws/install/matrix_determinant_service/share/matrix_determinant_service/cmake/matrix_determinant_serviceConfig-version.cmake
[10.113s] -- Installing: /home/maxim/git/ROS2/ros2_ws/install/matrix_determinant_service/share/matrix_determinant_service/package.xml
[10.115s] Invoked command in '/home/maxim/git/ROS2/ros2_ws/build/matrix_determinant_service' returned '0': AMENT_PREFIX_PATH=/home/maxim/git/ROS2/ros2_ws/install/matrix_interface:${AMENT_PREFIX_PATH} CMAKE_PREFIX_PATH=/home/maxim/git/ROS2/ros2_ws/install/matrix_interface:/home/maxim/ros2_ws/install/cpp_pubsub:/home/maxim/ros2_ws/install/tutorial_interfaces:/home/maxim/ros2_ws/install/my_package:/home/maxim/ros2_ws/install/more_interfaces:/home/maxim/ros2_ws/install/matrix_determinant_service:/home/maxim/ros2_ws/install/br2_basics:/home/maxim/ros2_ws/install/matrix_interface:/home/maxim/ros2_ws/install/cpp_parameters:/opt/ros/humble LD_LIBRARY_PATH=/home/maxim/git/ROS2/ros2_ws/install/matrix_interface/lib:${LD_LIBRARY_PATH} PYTHONPATH=/home/maxim/git/ROS2/ros2_ws/install/matrix_interface/local/lib/python3.10/dist-packages:${PYTHONPATH} /usr/bin/cmake --install /home/maxim/git/ROS2/ros2_ws/build/matrix_determinant_service
