[0.107s] Invoking command in '/home/maxim/git/ROS2/ros2_ws/build/action_tutorials_cpp': CMAKE_PREFIX_PATH=/home/maxim/git/ROS2/ros2_ws/install/action_tutorials_interfaces:/home/maxim/git/ROS2/ros2_ws/install/cpp_srvcli:/home/maxim/git/ROS2/ros2_ws/install/cpp_pubsub:/home/maxim/git/ROS2/ros2_ws/install/tutorial_interfaces:/home/maxim/git/ROS2/ros2_ws/install/polygon_plugins:/home/maxim/git/ROS2/ros2_ws/install/polygon_base:/home/maxim/git/ROS2/ros2_ws/install/my_package:/home/maxim/git/ROS2/ros2_ws/install/more_interfaces:/home/maxim/git/ROS2/ros2_ws/install/cpp_parameters:/home/maxim/git/ROS2/ros2_ws/install/action_tutorials_cpp:/opt/ros/humble LD_LIBRARY_PATH=/home/maxim/git/ROS2/ros2_ws/install/action_tutorials_interfaces/lib:/home/maxim/git/ROS2/ros2_ws/install/tutorial_interfaces/lib:/home/maxim/git/ROS2/ros2_ws/install/polygon_plugins/lib:/home/maxim/git/ROS2/ros2_ws/install/more_interfaces/lib:/home/maxim/git/ROS2/ros2_ws/install/action_tutorials_cpp/lib:/usr/lib/x86_64-linux-gnu/gazebo-11/plugins:/opt/ros/humble/opt/rviz_ogre_vendor/lib:/opt/ros/humble/lib/x86_64-linux-gnu:/opt/ros/humble/lib:/usr/share/gazebo/../../lib/x86_64-linux-gnu/gazebo-11/plugins /usr/bin/cmake --build /home/maxim/git/ROS2/ros2_ws/build/action_tutorials_cpp -- -j12 -l12
[0.197s] [35m[1mConsolidate compiler generated dependencies of target action_client[0m
[0.216s] [ 75%] Built target fibonacci_action_client
[0.216s] [ 75%] Built target action_server
[0.216s] [ 75%] Built target fibonacci_action_server
[0.239s] [ 87%] [32mBuilding CXX object CMakeFiles/action_client.dir/src/fibonacci_action_client.cpp.o[0m
[5.708s] [100%] [32m[1mLinking CXX shared library libaction_client.so[0m
[6.058s] [100%] Built target action_client
[6.091s] Invoked command in '/home/maxim/git/ROS2/ros2_ws/build/action_tutorials_cpp' returned '0': CMAKE_PREFIX_PATH=/home/maxim/git/ROS2/ros2_ws/install/action_tutorials_interfaces:/home/maxim/git/ROS2/ros2_ws/install/cpp_srvcli:/home/maxim/git/ROS2/ros2_ws/install/cpp_pubsub:/home/maxim/git/ROS2/ros2_ws/install/tutorial_interfaces:/home/maxim/git/ROS2/ros2_ws/install/polygon_plugins:/home/maxim/git/ROS2/ros2_ws/install/polygon_base:/home/maxim/git/ROS2/ros2_ws/install/my_package:/home/maxim/git/ROS2/ros2_ws/install/more_interfaces:/home/maxim/git/ROS2/ros2_ws/install/cpp_parameters:/home/maxim/git/ROS2/ros2_ws/install/action_tutorials_cpp:/opt/ros/humble LD_LIBRARY_PATH=/home/maxim/git/ROS2/ros2_ws/install/action_tutorials_interfaces/lib:/home/maxim/git/ROS2/ros2_ws/install/tutorial_interfaces/lib:/home/maxim/git/ROS2/ros2_ws/install/polygon_plugins/lib:/home/maxim/git/ROS2/ros2_ws/install/more_interfaces/lib:/home/maxim/git/ROS2/ros2_ws/install/action_tutorials_cpp/lib:/usr/lib/x86_64-linux-gnu/gazebo-11/plugins:/opt/ros/humble/opt/rviz_ogre_vendor/lib:/opt/ros/humble/lib/x86_64-linux-gnu:/opt/ros/humble/lib:/usr/share/gazebo/../../lib/x86_64-linux-gnu/gazebo-11/plugins /usr/bin/cmake --build /home/maxim/git/ROS2/ros2_ws/build/action_tutorials_cpp -- -j12 -l12
[6.210s] Invoking command in '/home/maxim/git/ROS2/ros2_ws/build/action_tutorials_cpp': CMAKE_PREFIX_PATH=/home/maxim/git/ROS2/ros2_ws/install/action_tutorials_interfaces:/home/maxim/git/ROS2/ros2_ws/install/cpp_srvcli:/home/maxim/git/ROS2/ros2_ws/install/cpp_pubsub:/home/maxim/git/ROS2/ros2_ws/install/tutorial_interfaces:/home/maxim/git/ROS2/ros2_ws/install/polygon_plugins:/home/maxim/git/ROS2/ros2_ws/install/polygon_base:/home/maxim/git/ROS2/ros2_ws/install/my_package:/home/maxim/git/ROS2/ros2_ws/install/more_interfaces:/home/maxim/git/ROS2/ros2_ws/install/cpp_parameters:/home/maxim/git/ROS2/ros2_ws/install/action_tutorials_cpp:/opt/ros/humble LD_LIBRARY_PATH=/home/maxim/git/ROS2/ros2_ws/install/action_tutorials_interfaces/lib:/home/maxim/git/ROS2/ros2_ws/install/tutorial_interfaces/lib:/home/maxim/git/ROS2/ros2_ws/install/polygon_plugins/lib:/home/maxim/git/ROS2/ros2_ws/install/more_interfaces/lib:/home/maxim/git/ROS2/ros2_ws/install/action_tutorials_cpp/lib:/usr/lib/x86_64-linux-gnu/gazebo-11/plugins:/opt/ros/humble/opt/rviz_ogre_vendor/lib:/opt/ros/humble/lib/x86_64-linux-gnu:/opt/ros/humble/lib:/usr/share/gazebo/../../lib/x86_64-linux-gnu/gazebo-11/plugins /usr/bin/cmake --install /home/maxim/git/ROS2/ros2_ws/build/action_tutorials_cpp
[6.224s] -- Install configuration: ""
[6.226s] -- Up-to-date: /home/maxim/git/ROS2/ros2_ws/install/action_tutorials_cpp/lib/action_tutorials_cpp/fibonacci_action_server
[6.227s] -- Up-to-date: /home/maxim/git/ROS2/ros2_ws/install/action_tutorials_cpp/lib/libaction_server.so
[6.227s] -- Installing: /home/maxim/git/ROS2/ros2_ws/install/action_tutorials_cpp/lib/action_tutorials_cpp/fibonacci_action_client
[6.229s] -- Set runtime path of "/home/maxim/git/ROS2/ros2_ws/install/action_tutorials_cpp/lib/action_tutorials_cpp/fibonacci_action_client" to ""
[6.229s] -- Installing: /home/maxim/git/ROS2/ros2_ws/install/action_tutorials_cpp/lib/libaction_client.so
[6.234s] -- Set runtime path of "/home/maxim/git/ROS2/ros2_ws/install/action_tutorials_cpp/lib/libaction_client.so" to ""
[6.235s] -- Up-to-date: /home/maxim/git/ROS2/ros2_ws/install/action_tutorials_cpp/share/ament_index/resource_index/package_run_dependencies/action_tutorials_cpp
[6.236s] -- Installing: /home/maxim/git/ROS2/ros2_ws/install/action_tutorials_cpp/share/ament_index/resource_index/parent_prefix_path/action_tutorials_cpp
[6.238s] -- Up-to-date: /home/maxim/git/ROS2/ros2_ws/install/action_tutorials_cpp/share/action_tutorials_cpp/environment/ament_prefix_path.sh
[6.238s] -- Installing: /home/maxim/git/ROS2/ros2_ws/install/action_tutorials_cpp/share/action_tutorials_cpp/environment/ament_prefix_path.dsv
[6.239s] -- Up-to-date: /home/maxim/git/ROS2/ros2_ws/install/action_tutorials_cpp/share/action_tutorials_cpp/environment/path.sh
[6.239s] -- Installing: /home/maxim/git/ROS2/ros2_ws/install/action_tutorials_cpp/share/action_tutorials_cpp/environment/path.dsv
[6.239s] -- Up-to-date: /home/maxim/git/ROS2/ros2_ws/install/action_tutorials_cpp/share/action_tutorials_cpp/local_setup.bash
[6.239s] -- Up-to-date: /home/maxim/git/ROS2/ros2_ws/install/action_tutorials_cpp/share/action_tutorials_cpp/local_setup.sh
[6.239s] -- Up-to-date: /home/maxim/git/ROS2/ros2_ws/install/action_tutorials_cpp/share/action_tutorials_cpp/local_setup.zsh
[6.239s] -- Installing: /home/maxim/git/ROS2/ros2_ws/install/action_tutorials_cpp/share/action_tutorials_cpp/local_setup.dsv
[6.240s] -- Installing: /home/maxim/git/ROS2/ros2_ws/install/action_tutorials_cpp/share/action_tutorials_cpp/package.dsv
[6.240s] -- Up-to-date: /home/maxim/git/ROS2/ros2_ws/install/action_tutorials_cpp/share/ament_index/resource_index/packages/action_tutorials_cpp
[6.240s] -- Installing: /home/maxim/git/ROS2/ros2_ws/install/action_tutorials_cpp/share/ament_index/resource_index/rclcpp_components/action_tutorials_cpp
[6.241s] -- Up-to-date: /home/maxim/git/ROS2/ros2_ws/install/action_tutorials_cpp/share/action_tutorials_cpp/cmake/action_tutorials_cppConfig.cmake
[6.241s] -- Up-to-date: /home/maxim/git/ROS2/ros2_ws/install/action_tutorials_cpp/share/action_tutorials_cpp/cmake/action_tutorials_cppConfig-version.cmake
[6.241s] -- Up-to-date: /home/maxim/git/ROS2/ros2_ws/install/action_tutorials_cpp/share/action_tutorials_cpp/package.xml
[6.245s] Invoked command in '/home/maxim/git/ROS2/ros2_ws/build/action_tutorials_cpp' returned '0': CMAKE_PREFIX_PATH=/home/maxim/git/ROS2/ros2_ws/install/action_tutorials_interfaces:/home/maxim/git/ROS2/ros2_ws/install/cpp_srvcli:/home/maxim/git/ROS2/ros2_ws/install/cpp_pubsub:/home/maxim/git/ROS2/ros2_ws/install/tutorial_interfaces:/home/maxim/git/ROS2/ros2_ws/install/polygon_plugins:/home/maxim/git/ROS2/ros2_ws/install/polygon_base:/home/maxim/git/ROS2/ros2_ws/install/my_package:/home/maxim/git/ROS2/ros2_ws/install/more_interfaces:/home/maxim/git/ROS2/ros2_ws/install/cpp_parameters:/home/maxim/git/ROS2/ros2_ws/install/action_tutorials_cpp:/opt/ros/humble LD_LIBRARY_PATH=/home/maxim/git/ROS2/ros2_ws/install/action_tutorials_interfaces/lib:/home/maxim/git/ROS2/ros2_ws/install/tutorial_interfaces/lib:/home/maxim/git/ROS2/ros2_ws/install/polygon_plugins/lib:/home/maxim/git/ROS2/ros2_ws/install/more_interfaces/lib:/home/maxim/git/ROS2/ros2_ws/install/action_tutorials_cpp/lib:/usr/lib/x86_64-linux-gnu/gazebo-11/plugins:/opt/ros/humble/opt/rviz_ogre_vendor/lib:/opt/ros/humble/lib/x86_64-linux-gnu:/opt/ros/humble/lib:/usr/share/gazebo/../../lib/x86_64-linux-gnu/gazebo-11/plugins /usr/bin/cmake --install /home/maxim/git/ROS2/ros2_ws/build/action_tutorials_cpp
