[35m[1mConsolidate compiler generated dependencies of target client_component[0m
[35m[1mConsolidate compiler generated dependencies of target server[0m
[35m[1mConsolidate compiler generated dependencies of target server_component[0m
[35m[1mConsolidate compiler generated dependencies of target client[0m
[ 50%] [32mBuilding CXX object CMakeFiles/client_component.dir/src/add_two_ints_client.cpp.o[0m
[ 62%] Built target server
[ 62%] Built target client
[ 75%] [32mBuilding CXX object CMakeFiles/server_component.dir/src/add_two_ints_server.cpp.o[0m
[01m[K/home/maxim/git/ROS2/ros2_ws/src/cpp_srvcli/src/add_two_ints_client.cpp:15:62:[m[K [01;31m[Kerror: [m[K‘[01m[KSharedPtr[m[K’ in ‘[01m[Kclass std::shared_ptr<tutorial_interfaces::srv::AddThreeInts>[m[K’ does not name a type
   15 |     std::shared_ptr<tutorial_interfaces::srv::AddThreeInts>::[01;31m[KSharedPtr[m[K client_;
      |                                                              [01;31m[K^~~~~~~~~[m[K
[01m[K/home/maxim/git/ROS2/ros2_ws/src/cpp_srvcli/src/add_two_ints_client.cpp:[m[K In constructor ‘[01m[KMinimalClient::MinimalClient(const rclcpp::NodeOptions&)[m[K’:
[01m[K/home/maxim/git/ROS2/ros2_ws/src/cpp_srvcli/src/add_two_ints_client.cpp:21:9:[m[K [01;31m[Kerror: [m[K‘[01m[Kclient_[m[K’ was not declared in this scope
   21 |         [01;31m[Kclient_[m[K = this->create_client<tutorial_interfaces::srv::AddThreeInts>("add_three_ints");
      |         [01;31m[K^~~~~~~[m[K
[01m[K/home/maxim/git/ROS2/ros2_ws/src/cpp_srvcli/src/add_two_ints_server.cpp:[m[K In constructor ‘[01m[KMinimalServer::MinimalServer(const rclcpp::NodeOptions&)[m[K’:
[01m[K/home/maxim/git/ROS2/ros2_ws/src/cpp_srvcli/src/add_two_ints_server.cpp:18:9:[m[K [01;31m[Kerror: [m[K‘[01m[Kserver_[m[K’ was not declared in this scope
   18 |         [01;31m[Kserver_[m[K = this->create_service<tutorial_interfaces::srv::AddThreeInts>(
      |         [01;31m[K^~~~~~~[m[K
[01m[K/home/maxim/git/ROS2/ros2_ws/src/cpp_srvcli/src/add_two_ints_client.cpp:[m[K In member function ‘[01m[Kvoid MinimalClient::create_and_send_request()[m[K’:
[01m[K/home/maxim/git/ROS2/ros2_ws/src/cpp_srvcli/src/add_two_ints_client.cpp:33:17:[m[K [01;31m[Kerror: [m[K‘[01m[Kclient_[m[K’ was not declared in this scope
   33 |         while (![01;31m[Kclient_[m[K->wait_for_service(1s))
      |                 [01;31m[K^~~~~~~[m[K
[01m[K/home/maxim/git/ROS2/ros2_ws/src/cpp_srvcli/src/add_two_ints_client.cpp:38:24:[m[K [01;31m[Kerror: [m[Kreturn-statement with a value, in function returning ‘[01m[Kvoid[m[K’ [[01;31m[K]8;;https://gcc.gnu.org/onlinedocs/gcc/Warning-Options.html#index-fpermissive-fpermissive]8;;[m[K]
   38 |                 return [01;31m[K0[m[K;
      |                        [01;31m[K^[m[K
[01m[K/home/maxim/git/ROS2/ros2_ws/src/cpp_srvcli/src/add_two_ints_client.cpp:44:23:[m[K [01;31m[Kerror: [m[K‘[01m[Kclient_[m[K’ was not declared in this scope
   44 |         auto result = [01;31m[Kclient_[m[K->async_send_request(request);
      |                       [01;31m[K^~~~~~~[m[K
gmake[2]: *** [CMakeFiles/client_component.dir/build.make:76: CMakeFiles/client_component.dir/src/add_two_ints_client.cpp.o] Error 1
gmake[1]: *** [CMakeFiles/Makefile2:169: CMakeFiles/client_component.dir/all] Error 2
gmake[1]: *** Waiting for unfinished jobs....
gmake[2]: *** [CMakeFiles/server_component.dir/build.make:76: CMakeFiles/server_component.dir/src/add_two_ints_server.cpp.o] Error 1
gmake[1]: *** [CMakeFiles/Makefile2:143: CMakeFiles/server_component.dir/all] Error 2
gmake: *** [Makefile:146: all] Error 2
