[0.118s] Invoking command in '/home/maxim/git/ROS2/ros2_ws/build/cpp_srvcli': CMAKE_PREFIX_PATH=/home/maxim/git/ROS2/ros2_ws/install/tutorial_interfaces:/home/maxim/git/ROS2/ros2_ws/install/cpp_srvcli:/home/maxim/git/ROS2/ros2_ws/install/cpp_pubsub:/home/maxim/git/ROS2/ros2_ws/install/polygon_plugins:/home/maxim/git/ROS2/ros2_ws/install/polygon_base:/home/maxim/git/ROS2/ros2_ws/install/my_package:/home/maxim/git/ROS2/ros2_ws/install/more_interfaces:/home/maxim/git/ROS2/ros2_ws/install/cpp_parameters:/home/maxim/git/ROS2/ros2_ws/install/cpp_parameter_event_handler:/home/maxim/git/ROS2/ros2_ws/install/action_tutorials_cpp:/home/maxim/git/ROS2/ros2_ws/install/action_tutorials_interfaces:/opt/ros/humble LD_LIBRARY_PATH=/home/maxim/git/ROS2/ros2_ws/install/tutorial_interfaces/lib:/home/maxim/git/ROS2/ros2_ws/install/cpp_pubsub/lib:/home/maxim/git/ROS2/ros2_ws/install/polygon_plugins/lib:/home/maxim/git/ROS2/ros2_ws/install/more_interfaces/lib:/home/maxim/git/ROS2/ros2_ws/install/action_tutorials_cpp/lib:/home/maxim/git/ROS2/ros2_ws/install/action_tutorials_interfaces/lib:/usr/lib/x86_64-linux-gnu/gazebo-11/plugins:/opt/ros/humble/opt/rviz_ogre_vendor/lib:/opt/ros/humble/lib/x86_64-linux-gnu:/opt/ros/humble/lib:/usr/share/gazebo/../../lib/x86_64-linux-gnu/gazebo-11/plugins /usr/bin/cmake --build /home/maxim/git/ROS2/ros2_ws/build/cpp_srvcli -- -j12 -l12
[0.205s] [35m[1mConsolidate compiler generated dependencies of target client_component[0m
[0.205s] [35m[1mConsolidate compiler generated dependencies of target server[0m
[0.205s] [35m[1mConsolidate compiler generated dependencies of target server_component[0m
[0.206s] [35m[1mConsolidate compiler generated dependencies of target client[0m
[0.239s] [ 50%] [32mBuilding CXX object CMakeFiles/client_component.dir/src/add_two_ints_client.cpp.o[0m
[0.239s] [ 62%] Built target server
[0.240s] [ 62%] Built target client
[0.241s] [ 75%] [32mBuilding CXX object CMakeFiles/server_component.dir/src/add_two_ints_server.cpp.o[0m
[3.451s] [01m[K/home/maxim/git/ROS2/ros2_ws/src/cpp_srvcli/src/add_two_ints_client.cpp:15:62:[m[K [01;31m[Kerror: [m[K‘[01m[KSharedPtr[m[K’ in ‘[01m[Kclass std::shared_ptr<tutorial_interfaces::srv::AddThreeInts>[m[K’ does not name a type
[3.451s]    15 |     std::shared_ptr<tutorial_interfaces::srv::AddThreeInts>::[01;31m[KSharedPtr[m[K client_;
[3.451s]       |                                                              [01;31m[K^~~~~~~~~[m[K
[3.461s] [01m[K/home/maxim/git/ROS2/ros2_ws/src/cpp_srvcli/src/add_two_ints_client.cpp:[m[K In constructor ‘[01m[KMinimalClient::MinimalClient(const rclcpp::NodeOptions&)[m[K’:
[3.461s] [01m[K/home/maxim/git/ROS2/ros2_ws/src/cpp_srvcli/src/add_two_ints_client.cpp:21:9:[m[K [01;31m[Kerror: [m[K‘[01m[Kclient_[m[K’ was not declared in this scope
[3.462s]    21 |         [01;31m[Kclient_[m[K = this->create_client<tutorial_interfaces::srv::AddThreeInts>("add_three_ints");
[3.462s]       |         [01;31m[K^~~~~~~[m[K
[3.506s] [01m[K/home/maxim/git/ROS2/ros2_ws/src/cpp_srvcli/src/add_two_ints_server.cpp:[m[K In constructor ‘[01m[KMinimalServer::MinimalServer(const rclcpp::NodeOptions&)[m[K’:
[3.506s] [01m[K/home/maxim/git/ROS2/ros2_ws/src/cpp_srvcli/src/add_two_ints_server.cpp:18:9:[m[K [01;31m[Kerror: [m[K‘[01m[Kserver_[m[K’ was not declared in this scope
[3.506s]    18 |         [01;31m[Kserver_[m[K = this->create_service<tutorial_interfaces::srv::AddThreeInts>(
[3.506s]       |         [01;31m[K^~~~~~~[m[K
[3.551s] [01m[K/home/maxim/git/ROS2/ros2_ws/src/cpp_srvcli/src/add_two_ints_client.cpp:[m[K In member function ‘[01m[Kvoid MinimalClient::create_and_send_request()[m[K’:
[3.552s] [01m[K/home/maxim/git/ROS2/ros2_ws/src/cpp_srvcli/src/add_two_ints_client.cpp:33:17:[m[K [01;31m[Kerror: [m[K‘[01m[Kclient_[m[K’ was not declared in this scope
[3.552s]    33 |         while (![01;31m[Kclient_[m[K->wait_for_service(1s))
[3.552s]       |                 [01;31m[K^~~~~~~[m[K
[3.553s] [01m[K/home/maxim/git/ROS2/ros2_ws/src/cpp_srvcli/src/add_two_ints_client.cpp:38:24:[m[K [01;31m[Kerror: [m[Kreturn-statement with a value, in function returning ‘[01m[Kvoid[m[K’ [[01;31m[K]8;;https://gcc.gnu.org/onlinedocs/gcc/Warning-Options.html#index-fpermissive-fpermissive]8;;[m[K]
[3.553s]    38 |                 return [01;31m[K0[m[K;
[3.553s]       |                        [01;31m[K^[m[K
[3.563s] [01m[K/home/maxim/git/ROS2/ros2_ws/src/cpp_srvcli/src/add_two_ints_client.cpp:44:23:[m[K [01;31m[Kerror: [m[K‘[01m[Kclient_[m[K’ was not declared in this scope
[3.563s]    44 |         auto result = [01;31m[Kclient_[m[K->async_send_request(request);
[3.563s]       |                       [01;31m[K^~~~~~~[m[K
[4.504s] gmake[2]: *** [CMakeFiles/client_component.dir/build.make:76: CMakeFiles/client_component.dir/src/add_two_ints_client.cpp.o] Error 1
[4.505s] gmake[1]: *** [CMakeFiles/Makefile2:169: CMakeFiles/client_component.dir/all] Error 2
[4.505s] gmake[1]: *** Waiting for unfinished jobs....
[4.561s] gmake[2]: *** [CMakeFiles/server_component.dir/build.make:76: CMakeFiles/server_component.dir/src/add_two_ints_server.cpp.o] Error 1
[4.561s] gmake[1]: *** [CMakeFiles/Makefile2:143: CMakeFiles/server_component.dir/all] Error 2
[4.562s] gmake: *** [Makefile:146: all] Error 2
[4.567s] Invoked command in '/home/maxim/git/ROS2/ros2_ws/build/cpp_srvcli' returned '2': CMAKE_PREFIX_PATH=/home/maxim/git/ROS2/ros2_ws/install/tutorial_interfaces:/home/maxim/git/ROS2/ros2_ws/install/cpp_srvcli:/home/maxim/git/ROS2/ros2_ws/install/cpp_pubsub:/home/maxim/git/ROS2/ros2_ws/install/polygon_plugins:/home/maxim/git/ROS2/ros2_ws/install/polygon_base:/home/maxim/git/ROS2/ros2_ws/install/my_package:/home/maxim/git/ROS2/ros2_ws/install/more_interfaces:/home/maxim/git/ROS2/ros2_ws/install/cpp_parameters:/home/maxim/git/ROS2/ros2_ws/install/cpp_parameter_event_handler:/home/maxim/git/ROS2/ros2_ws/install/action_tutorials_cpp:/home/maxim/git/ROS2/ros2_ws/install/action_tutorials_interfaces:/opt/ros/humble LD_LIBRARY_PATH=/home/maxim/git/ROS2/ros2_ws/install/tutorial_interfaces/lib:/home/maxim/git/ROS2/ros2_ws/install/cpp_pubsub/lib:/home/maxim/git/ROS2/ros2_ws/install/polygon_plugins/lib:/home/maxim/git/ROS2/ros2_ws/install/more_interfaces/lib:/home/maxim/git/ROS2/ros2_ws/install/action_tutorials_cpp/lib:/home/maxim/git/ROS2/ros2_ws/install/action_tutorials_interfaces/lib:/usr/lib/x86_64-linux-gnu/gazebo-11/plugins:/opt/ros/humble/opt/rviz_ogre_vendor/lib:/opt/ros/humble/lib/x86_64-linux-gnu:/opt/ros/humble/lib:/usr/share/gazebo/../../lib/x86_64-linux-gnu/gazebo-11/plugins /usr/bin/cmake --build /home/maxim/git/ROS2/ros2_ws/build/cpp_srvcli -- -j12 -l12
