-- Found ament_cmake: 1.3.8 (/opt/ros/humble/share/ament_cmake/cmake)
-- Found rclcpp: 16.0.8 (/opt/ros/humble/share/rclcpp/cmake)
-- Found rosidl_generator_c: 3.1.5 (/opt/ros/humble/share/rosidl_generator_c/cmake)
-- Found rosidl_adapter: 3.1.5 (/opt/ros/humble/share/rosidl_adapter/cmake)
-- Found rosidl_generator_cpp: 3.1.5 (/opt/ros/humble/share/rosidl_generator_cpp/cmake)
-- Using all available rosidl_typesupport_c: rosidl_typesupport_fastrtps_c;rosidl_typesupport_introspection_c
-- Using all available rosidl_typesupport_cpp: rosidl_typesupport_fastrtps_cpp;rosidl_typesupport_introspection_cpp
-- Found rmw_implementation_cmake: 6.1.1 (/opt/ros/humble/share/rmw_implementation_cmake/cmake)
-- Found rmw_cyclonedds_cpp: 1.3.4 (/opt/ros/humble/share/rmw_cyclonedds_cpp/cmake)
-- Using RMW implementation 'rmw_cyclonedds_cpp' as default
-- Found rclcpp_components: 16.0.8 (/opt/ros/humble/share/rclcpp_components/cmake)
-- Found tutorial_interfaces: 0.0.0 (/home/maxim/git/ROS2/ros2_ws/install/tutorial_interfaces/share/tutorial_interfaces/cmake)
-- Configuring done
-- Generating done
-- Build files have been written to: /home/maxim/git/ROS2/ros2_ws/build/cpp_pubsub
[35m[1mConsolidate compiler generated dependencies of target talker_component[0m
[35m[1mConsolidate compiler generated dependencies of target talker[0m
[35m[1mConsolidate compiler generated dependencies of target listener[0m
[35m[1mConsolidate compiler generated dependencies of target listener_component[0m
[ 50%] Built target talker
[ 50%] Built target listener
[ 75%] Built target listener_component
[100%] Built target talker_component
-- Install configuration: ""
-- Up-to-date: /home/maxim/git/ROS2/ros2_ws/install/cpp_pubsub/lib/cpp_pubsub/talker
-- Up-to-date: /home/maxim/git/ROS2/ros2_ws/install/cpp_pubsub/lib/cpp_pubsub/listener
-- Up-to-date: /home/maxim/git/ROS2/ros2_ws/install/cpp_pubsub/lib/libtalker_component.so
-- Up-to-date: /home/maxim/git/ROS2/ros2_ws/install/cpp_pubsub/lib/liblistener_component.so
-- Installing: /home/maxim/git/ROS2/ros2_ws/install/cpp_pubsub/share/cpp_pubsub/launch
-- Installing: /home/maxim/git/ROS2/ros2_ws/install/cpp_pubsub/share/cpp_pubsub/launch/publisher_subscriber_launch.py
-- Up-to-date: /home/maxim/git/ROS2/ros2_ws/install/cpp_pubsub/share/ament_index/resource_index/package_run_dependencies/cpp_pubsub
-- Up-to-date: /home/maxim/git/ROS2/ros2_ws/install/cpp_pubsub/share/ament_index/resource_index/parent_prefix_path/cpp_pubsub
-- Up-to-date: /home/maxim/git/ROS2/ros2_ws/install/cpp_pubsub/share/cpp_pubsub/environment/ament_prefix_path.sh
-- Installing: /home/maxim/git/ROS2/ros2_ws/install/cpp_pubsub/share/cpp_pubsub/environment/ament_prefix_path.dsv
-- Up-to-date: /home/maxim/git/ROS2/ros2_ws/install/cpp_pubsub/share/cpp_pubsub/environment/path.sh
-- Installing: /home/maxim/git/ROS2/ros2_ws/install/cpp_pubsub/share/cpp_pubsub/environment/path.dsv
-- Up-to-date: /home/maxim/git/ROS2/ros2_ws/install/cpp_pubsub/share/cpp_pubsub/local_setup.bash
-- Up-to-date: /home/maxim/git/ROS2/ros2_ws/install/cpp_pubsub/share/cpp_pubsub/local_setup.sh
-- Up-to-date: /home/maxim/git/ROS2/ros2_ws/install/cpp_pubsub/share/cpp_pubsub/local_setup.zsh
-- Installing: /home/maxim/git/ROS2/ros2_ws/install/cpp_pubsub/share/cpp_pubsub/local_setup.dsv
-- Installing: /home/maxim/git/ROS2/ros2_ws/install/cpp_pubsub/share/cpp_pubsub/package.dsv
-- Up-to-date: /home/maxim/git/ROS2/ros2_ws/install/cpp_pubsub/share/ament_index/resource_index/packages/cpp_pubsub
-- Up-to-date: /home/maxim/git/ROS2/ros2_ws/install/cpp_pubsub/share/ament_index/resource_index/rclcpp_components/cpp_pubsub
-- Up-to-date: /home/maxim/git/ROS2/ros2_ws/install/cpp_pubsub/share/cpp_pubsub/cmake/export_talker_componentExport.cmake
-- Up-to-date: /home/maxim/git/ROS2/ros2_ws/install/cpp_pubsub/share/cpp_pubsub/cmake/export_talker_componentExport-noconfig.cmake
-- Up-to-date: /home/maxim/git/ROS2/ros2_ws/install/cpp_pubsub/share/cpp_pubsub/cmake/export_listener_componentExport.cmake
-- Up-to-date: /home/maxim/git/ROS2/ros2_ws/install/cpp_pubsub/share/cpp_pubsub/cmake/export_listener_componentExport-noconfig.cmake
-- Up-to-date: /home/maxim/git/ROS2/ros2_ws/install/cpp_pubsub/share/cpp_pubsub/cmake/ament_cmake_export_targets-extras.cmake
-- Up-to-date: /home/maxim/git/ROS2/ros2_ws/install/cpp_pubsub/share/cpp_pubsub/cmake/cpp_pubsubConfig.cmake
-- Up-to-date: /home/maxim/git/ROS2/ros2_ws/install/cpp_pubsub/share/cpp_pubsub/cmake/cpp_pubsubConfig-version.cmake
-- Up-to-date: /home/maxim/git/ROS2/ros2_ws/install/cpp_pubsub/share/cpp_pubsub/package.xml
