[01m[K/home/maxim/git/ROS2/ros2_ws/src/action_tutorials_cpp/src/fibonacci_action_client.cpp:18:27:[m[K [01;31m[Kerror: [m[K‘[01m[KFibonacci[m[K’ was not declared in this scope; did you mean ‘[01m[Kaction_tutorials_interfaces::action::Fibonacci[m[K’?
   18 |     rclcpp_action::Client<[01;31m[KFibonacci[m[K>::SharedPtr client_ptr_;
      |                           [01;31m[K^~~~~~~~~[m[K
      |                           [32m[Kaction_tutorials_interfaces::action::Fibonacci[m[K
In file included from [01m[K/home/maxim/git/ROS2/ros2_ws/install/action_tutorials_interfaces/include/action_tutorials_interfaces/action_tutorials_interfaces/action/fibonacci.hpp:7[m[K,
                 from [01m[K/home/maxim/git/ROS2/ros2_ws/src/action_tutorials_cpp/src/fibonacci_action_client.cpp:8[m[K:
[01m[K/home/maxim/git/ROS2/ros2_ws/install/action_tutorials_interfaces/include/action_tutorials_interfaces/action_tutorials_interfaces/action/detail/fibonacci__struct.hpp:1041:26:[m[K [01;36m[Knote: [m[K‘[01m[Kaction_tutorials_interfaces::action::Fibonacci[m[K’ declared here
 1041 | typedef struct Fibonacci [01;36m[KFibonacci[m[K;
      |                          [01;36m[K^~~~~~~~~[m[K
[01m[K/home/maxim/git/ROS2/ros2_ws/src/action_tutorials_cpp/src/fibonacci_action_client.cpp:18:36:[m[K [01;31m[Kerror: [m[Ktemplate argument 1 is invalid
   18 |     rclcpp_action::Client<Fibonacci[01;31m[K>[m[K::SharedPtr client_ptr_;
      |                                    [01;31m[K^[m[K
[01m[K/home/maxim/git/ROS2/ros2_ws/src/action_tutorials_cpp/src/fibonacci_action_client.cpp:18:39:[m[K [01;31m[Kerror: [m[Kexpected ‘[01m[K;[m[K’ at end of member declaration
   18 |     rclcpp_action::Client<Fibonacci>::[01;31m[KSharedPtr[m[K client_ptr_;
      |                                       [01;31m[K^~~~~~~~~[m[K
      |                                                [32m[K;[m[K
[01m[K/home/maxim/git/ROS2/ros2_ws/src/action_tutorials_cpp/src/fibonacci_action_client.cpp:18:49:[m[K [01;31m[Kerror: [m[K‘[01m[Kclient_ptr_[m[K’ does not name a type
   18 |     rclcpp_action::Client<Fibonacci>::SharedPtr [01;31m[Kclient_ptr_[m[K;
      |                                                 [01;31m[K^~~~~~~~~~~[m[K
[01m[K/home/maxim/git/ROS2/ros2_ws/src/action_tutorials_cpp/src/fibonacci_action_client.cpp:22:76:[m[K [01;31m[Kerror: [m[Kexpected ‘[01m[K;[m[K’ before ‘[01m[Kexplicit[m[K’
   22 |     using GoalHandlerFibonacci = rclcpp_action::ClientGoalHandle<Fibonacci>
      |                                                                            [01;31m[K^[m[K
      |                                                                            [32m[K;[m[K
   23 | 
   24 |     [32m[Kexplicit[m[K FibonacciActionClient(const rclcpp::NodeOptions &options)
      |     [32m[K~~~~~~~~[m[K                                                                
[01m[K/home/maxim/git/ROS2/ros2_ws/src/action_tutorials_cpp/src/fibonacci_action_client.cpp:75:39:[m[K [01;31m[Kerror: [m[K‘[01m[KGoalHandleFibonacci[m[K’ does not name a type
   75 |     void goal_response_callback(const [01;31m[KGoalHandleFibonacci[m[K::SharedPtr &goal_handle)
      |                                       [01;31m[K^~~~~~~~~~~~~~~~~~~[m[K
[01m[K/home/maxim/git/ROS2/ros2_ws/src/action_tutorials_cpp/src/fibonacci_action_client.cpp:75:70:[m[K [01;31m[Kerror: [m[Kexpected unqualified-id before ‘[01m[K&[m[K’ token
   75 |     void goal_response_callback(const GoalHandleFibonacci::SharedPtr [01;31m[K&[m[Kgoal_handle)
      |                                                                      [01;31m[K^[m[K
[01m[K/home/maxim/git/ROS2/ros2_ws/src/action_tutorials_cpp/src/fibonacci_action_client.cpp:75:69:[m[K [01;31m[Kerror: [m[Kexpected ‘[01m[K)[m[K’ before ‘[01m[K&[m[K’ token
   75 |     void goal_response_callback[34m[K([m[Kconst GoalHandleFibonacci::SharedPtr[01;31m[K [m[K[32m[K&[m[Kgoal_handle)
      |                                [34m[K~[m[K                                    [01;31m[K^[m[K[32m[K~[m[K
      |                                                                     [32m[K)[m[K
[01m[K/home/maxim/git/ROS2/ros2_ws/src/action_tutorials_cpp/src/fibonacci_action_client.cpp:75:70:[m[K [01;31m[Kerror: [m[Kexpected ‘[01m[K;[m[K’ at end of member declaration
   75 |     void goal_response_callback(const GoalHandleFibonacci::SharedPtr [01;31m[K&[m[Kgoal_handle)
      |                                                                      [01;31m[K^[m[K
      |                                                                       [32m[K;[m[K
[01m[K/home/maxim/git/ROS2/ros2_ws/src/action_tutorials_cpp/src/fibonacci_action_client.cpp:75:71:[m[K [01;31m[Kerror: [m[K‘[01m[Kgoal_handle[m[K’ does not name a type
   75 |     void goal_response_callback(const GoalHandleFibonacci::SharedPtr &[01;31m[Kgoal_handle[m[K)
      |                                                                       [01;31m[K^~~~~~~~~~~[m[K
[01m[K/home/maxim/git/ROS2/ros2_ws/src/action_tutorials_cpp/src/fibonacci_action_client.cpp:86:9:[m[K [01;31m[Kerror: [m[K‘[01m[KGoalHandleFibonacci[m[K’ has not been declared
   86 |         [01;31m[KGoalHandleFibonacci[m[K::Sharedptr,
      |         [01;31m[K^~~~~~~~~~~~~~~~~~~[m[K
[01m[K/home/maxim/git/ROS2/ros2_ws/src/action_tutorials_cpp/src/fibonacci_action_client.cpp:99:32:[m[K [01;31m[Kerror: [m[K‘[01m[KGoalHandleFibonacci[m[K’ does not name a type
   99 |     void result_callback(const [01;31m[KGoalHandleFibonacci[m[K::WrappedResult &result)
      |                                [01;31m[K^~~~~~~~~~~~~~~~~~~[m[K
[01m[K/home/maxim/git/ROS2/ros2_ws/src/action_tutorials_cpp/src/fibonacci_action_client.cpp:99:67:[m[K [01;31m[Kerror: [m[Kexpected unqualified-id before ‘[01m[K&[m[K’ token
   99 |     void result_callback(const GoalHandleFibonacci::WrappedResult [01;31m[K&[m[Kresult)
      |                                                                   [01;31m[K^[m[K
[01m[K/home/maxim/git/ROS2/ros2_ws/src/action_tutorials_cpp/src/fibonacci_action_client.cpp:99:66:[m[K [01;31m[Kerror: [m[Kexpected ‘[01m[K)[m[K’ before ‘[01m[K&[m[K’ token
   99 |     void result_callback[34m[K([m[Kconst GoalHandleFibonacci::WrappedResult[01;31m[K [m[K[32m[K&[m[Kresult)
      |                         [34m[K~[m[K                                        [01;31m[K^[m[K[32m[K~[m[K
      |                                                                  [32m[K)[m[K
[01m[K/home/maxim/git/ROS2/ros2_ws/src/action_tutorials_cpp/src/fibonacci_action_client.cpp:99:67:[m[K [01;31m[Kerror: [m[Kexpected ‘[01m[K;[m[K’ at end of member declaration
   99 |     void result_callback(const GoalHandleFibonacci::WrappedResult [01;31m[K&[m[Kresult)
      |                                                                   [01;31m[K^[m[K
      |                                                                    [32m[K;[m[K
[01m[K/home/maxim/git/ROS2/ros2_ws/src/action_tutorials_cpp/src/fibonacci_action_client.cpp:99:68:[m[K [01;31m[Kerror: [m[K‘[01m[Kresult[m[K’ does not name a type
   99 |     void result_callback(const GoalHandleFibonacci::WrappedResult &[01;31m[Kresult[m[K)
      |                                                                    [01;31m[K^~~~~~[m[K
[01m[K/home/maxim/git/ROS2/ros2_ws/src/action_tutorials_cpp/src/fibonacci_action_client.cpp:[m[K In member function ‘[01m[Kvoid action_tutorials_cpp::FibonacciActionClient::send_goal()[m[K’:
[01m[K/home/maxim/git/ROS2/ros2_ws/src/action_tutorials_cpp/src/fibonacci_action_client.cpp:51:19:[m[K [01;31m[Kerror: [m[K‘[01m[Kclass action_tutorials_cpp::FibonacciActionClient[m[K’ has no member named ‘[01m[Kclient_ptr_[m[K’
   51 |         if(!this->[01;31m[Kclient_ptr_[m[K->wait_for_action_server()) {
      |                   [01;31m[K^~~~~~~~~~~[m[K
[01m[K/home/maxim/git/ROS2/ros2_ws/src/action_tutorials_cpp/src/fibonacci_action_client.cpp:67:78:[m[K [01;31m[Kerror: [m[Kno match for ‘[01m[Koperator=[m[K’ (operand types are ‘[01m[Krclcpp_action::Client<action_tutorials_interfaces::action::Fibonacci>::FeedbackCallback[m[K’ {aka ‘[01m[Kstd::function<void(std::shared_ptr<rclcpp_action::ClientGoalHandle<action_tutorials_interfaces::action::Fibonacci> >, std::shared_ptr<const action_tutorials_interfaces::action::Fibonacci_Feedback_<std::allocator<void> > >)>[m[K’} and ‘[01m[Kstd::_Bind_helper<false, void (action_tutorials_cpp::FibonacciActionClient::*)(int, std::shared_ptr<const action_tutorials_interfaces::action::Fibonacci_Feedback_<std::allocator<void> > >), action_tutorials_cpp::FibonacciActionClient*, const std::_Placeholder<1>&, const std::_Placeholder<2>&>::type[m[K’)
   67 |             std::bind(&FibonacciActionClient::feedback_callback, this, _1, _2[01;31m[K)[m[K;
      |                                                                              [01;31m[K^[m[K
In file included from [01m[K/usr/include/c++/11/functional:59[m[K,
                 from [01m[K/home/maxim/git/ROS2/ros2_ws/src/action_tutorials_cpp/src/fibonacci_action_client.cpp:1[m[K:
[01m[K/usr/include/c++/11/bits/std_function.h:530:9:[m[K [01;36m[Knote: [m[Kcandidate: ‘[01m[Ktemplate<class _Functor> std::function<_Res(_ArgTypes ...)>::_Requires<std::function<_Res(_ArgTypes ...)>::_Callable<_Functor>, std::function<_Res(_ArgTypes ...)>&> std::function<_Res(_ArgTypes ...)>::operator=(_Functor&&) [with _Functor = _Functor; _Res = void; _ArgTypes = {std::shared_ptr<rclcpp_action::ClientGoalHandle<action_tutorials_interfaces::action::Fibonacci> >, std::shared_ptr<const action_tutorials_interfaces::action::Fibonacci_Feedback_<std::allocator<void> > >}][m[K’
  530 |         [01;36m[Koperator[m[K=(_Functor&& __f)
      |         [01;36m[K^~~~~~~~[m[K
[01m[K/usr/include/c++/11/bits/std_function.h:530:9:[m[K [01;36m[Knote: [m[K  template argument deduction/substitution failed:
In file included from [01m[K/usr/include/c++/11/bits/move.h:57[m[K,
                 from [01m[K/usr/include/c++/11/bits/stl_function.h:60[m[K,
                 from [01m[K/usr/include/c++/11/functional:49[m[K,
                 from [01m[K/home/maxim/git/ROS2/ros2_ws/src/action_tutorials_cpp/src/fibonacci_action_client.cpp:1[m[K:
/usr/include/c++/11/type_traits: In substitution of ‘[01m[Ktemplate<bool _Cond, class _Tp> using __enable_if_t = typename std::enable_if::type [with bool _Cond = false; _Tp = std::function<void(std::shared_ptr<rclcpp_action::ClientGoalHandle<action_tutorials_interfaces::action::Fibonacci> >, std::shared_ptr<const action_tutorials_interfaces::action::Fibonacci_Feedback_<std::allocator<void> > >)>&][m[K’:
[01m[K/usr/include/c++/11/bits/std_function.h:353:8:[m[K   required by substitution of ‘[01m[Ktemplate<class _Res, class ... _ArgTypes> template<class _Cond, class _Tp> using _Requires = std::__enable_if_t<_Cond::value, _Tp> [with _Cond = std::function<void(std::shared_ptr<rclcpp_action::ClientGoalHandle<action_tutorials_interfaces::action::Fibonacci> >, std::shared_ptr<const action_tutorials_interfaces::action::Fibonacci_Feedback_<std::allocator<void> > >)>::_Callable<std::_Bind<void (action_tutorials_cpp::FibonacciActionClient::*(action_tutorials_cpp::FibonacciActionClient*, std::_Placeholder<1>, std::_Placeholder<2>))(int, std::shared_ptr<const action_tutorials_interfaces::action::Fibonacci_Feedback_<std::allocator<void> > >)>, std::_Bind<void (action_tutorials_cpp::FibonacciActionClient::*(action_tutorials_cpp::FibonacciActionClient*, std::_Placeholder<1>, std::_Placeholder<2>))(int, std::shared_ptr<const action_tutorials_interfaces::action::Fibonacci_Feedback_<std::allocator<void> > >)>, std::__invoke_result<std::_Bind<void (action_tutorials_cpp::FibonacciActionClient::*(action_tutorials_cpp::FibonacciActionClient*, std::_Placeholder<1>, std::_Placeholder<2>))(int, std::shared_ptr<const action_tutorials_interfaces::action::Fibonacci_Feedback_<std::allocator<void> > >)>&, std::shared_ptr<rclcpp_action::ClientGoalHandle<action_tutorials_interfaces::action::Fibonacci> >, std::shared_ptr<const action_tutorials_interfaces::action::Fibonacci_Feedback_<std::allocator<void> > > > >; _Tp = std::function<void(std::shared_ptr<rclcpp_action::ClientGoalHandle<action_tutorials_interfaces::action::Fibonacci> >, std::shared_ptr<const action_tutorials_interfaces::action::Fibonacci_Feedback_<std::allocator<void> > >)>&; _Res = void; _ArgTypes = {std::shared_ptr<rclcpp_action::ClientGoalHandle<action_tutorials_interfaces::action::Fibonacci> >, std::shared_ptr<const action_tutorials_interfaces::action::Fibonacci_Feedback_<std::allocator<void> > >}][m[K’
[01m[K/usr/include/c++/11/bits/std_function.h:530:2:[m[K   required by substitution of ‘[01m[Ktemplate<class _Functor> std::function<void(std::shared_ptr<rclcpp_action::ClientGoalHandle<action_tutorials_interfaces::action::Fibonacci> >, std::shared_ptr<const action_tutorials_interfaces::action::Fibonacci_Feedback_<std::allocator<void> > >)>::_Requires<std::function<void(std::shared_ptr<rclcpp_action::ClientGoalHandle<action_tutorials_interfaces::action::Fibonacci> >, std::shared_ptr<const action_tutorials_interfaces::action::Fibonacci_Feedback_<std::allocator<void> > >)>::_Callable<_Functor, typename std::enable_if<(! std::is_same<typename std::remove_cv<typename std::remove_reference<_Tp>::type>::type, std::function<void(std::shared_ptr<rclcpp_action::ClientGoalHandle<action_tutorials_interfaces::action::Fibonacci> >, std::shared_ptr<const action_tutorials_interfaces::action::Fibonacci_Feedback_<std::allocator<void> > >)> >::value), std::decay<_Tp> >::type::type, std::__invoke_result<typename std::enable_if<(! std::is_same<typename std::remove_cv<typename std::remove_reference<_Tp>::type>::type, std::function<void(std::shared_ptr<rclcpp_action::ClientGoalHandle<action_tutorials_interfaces::action::Fibonacci> >, std::shared_ptr<const action_tutorials_interfaces::action::Fibonacci_Feedback_<std::allocator<void> > >)> >::value), std::decay<_Tp> >::type::type&, std::shared_ptr<rclcpp_action::ClientGoalHandle<action_tutorials_interfaces::action::Fibonacci> >, std::shared_ptr<const action_tutorials_interfaces::action::Fibonacci_Feedback_<std::allocator<void> > > > >, std::function<void(std::shared_ptr<rclcpp_action::ClientGoalHandle<action_tutorials_interfaces::action::Fibonacci> >, std::shared_ptr<const action_tutorials_interfaces::action::Fibonacci_Feedback_<std::allocator<void> > >)>&> std::function<void(std::shared_ptr<rclcpp_action::ClientGoalHandle<action_tutorials_interfaces::action::Fibonacci> >, std::shared_ptr<const action_tutorials_interfaces::action::Fibonacci_Feedback_<std::allocator<void> > >)>::operator=<_Functor>(_Functor&&) [with _Functor = std::_Bind<void (action_tutorials_cpp::FibonacciActionClient::*(action_tutorials_cpp::FibonacciActionClient*, std::_Placeholder<1>, std::_Placeholder<2>))(int, std::shared_ptr<const action_tutorials_interfaces::action::Fibonacci_Feedback_<std::allocator<void> > >)>][m[K’
[01m[K/home/maxim/git/ROS2/ros2_ws/src/action_tutorials_cpp/src/fibonacci_action_client.cpp:67:78:[m[K   required from here
[01m[K/usr/include/c++/11/type_traits:2205:11:[m[K [01;31m[Kerror: [m[Kno type named ‘[01m[Ktype[m[K’ in ‘[01m[Kstruct std::enable_if<false, std::function<void(std::shared_ptr<rclcpp_action::ClientGoalHandle<action_tutorials_interfaces::action::Fibonacci> >, std::shared_ptr<const action_tutorials_interfaces::action::Fibonacci_Feedback_<std::allocator<void> > >)>&>[m[K’
 2205 |     using [01;31m[K__enable_if_t[m[K = typename enable_if<_Cond, _Tp>::type;
      |           [01;31m[K^~~~~~~~~~~~~[m[K
In file included from [01m[K/usr/include/c++/11/functional:59[m[K,
                 from [01m[K/home/maxim/git/ROS2/ros2_ws/src/action_tutorials_cpp/src/fibonacci_action_client.cpp:1[m[K:
[01m[K/usr/include/c++/11/bits/std_function.h:540:9:[m[K [01;36m[Knote: [m[Kcandidate: ‘[01m[Ktemplate<class _Functor> std::function<_Res(_ArgTypes ...)>& std::function<_Res(_ArgTypes ...)>::operator=(std::reference_wrapper<_Functor>) [with _Functor = _Functor; _Res = void; _ArgTypes = {std::shared_ptr<rclcpp_action::ClientGoalHandle<action_tutorials_interfaces::action::Fibonacci> >, std::shared_ptr<const action_tutorials_interfaces::action::Fibonacci_Feedback_<std::allocator<void> > >}][m[K’
  540 |         [01;36m[Koperator[m[K=(reference_wrapper<_Functor> __f) noexcept
      |         [01;36m[K^~~~~~~~[m[K
[01m[K/usr/include/c++/11/bits/std_function.h:540:9:[m[K [01;36m[Knote: [m[K  template argument deduction/substitution failed:
[01m[K/home/maxim/git/ROS2/ros2_ws/src/action_tutorials_cpp/src/fibonacci_action_client.cpp:67:78:[m[K [01;36m[Knote: [m[K  ‘[01m[Kstd::_Bind<void (action_tutorials_cpp::FibonacciActionClient::*(action_tutorials_cpp::FibonacciActionClient*, std::_Placeholder<1>, std::_Placeholder<2>))(int, std::shared_ptr<const action_tutorials_interfaces::action::Fibonacci_Feedback_<std::allocator<void> > >)>[m[K’ is not derived from ‘[01m[Kstd::reference_wrapper<_Tp>[m[K’
   67 |             std::bind(&FibonacciActionClient::feedback_callback, this, _1, _2[01;36m[K)[m[K;
      |                                                                              [01;36m[K^[m[K
In file included from [01m[K/usr/include/c++/11/functional:59[m[K,
                 from [01m[K/home/maxim/git/ROS2/ros2_ws/src/action_tutorials_cpp/src/fibonacci_action_client.cpp:1[m[K:
[01m[K/usr/include/c++/11/bits/std_function.h:469:7:[m[K [01;36m[Knote: [m[Kcandidate: ‘[01m[Kstd::function<_Res(_ArgTypes ...)>& std::function<_Res(_ArgTypes ...)>::operator=(const std::function<_Res(_ArgTypes ...)>&) [with _Res = void; _ArgTypes = {std::shared_ptr<rclcpp_action::ClientGoalHandle<action_tutorials_interfaces::action::Fibonacci> >, std::shared_ptr<const action_tutorials_interfaces::action::Fibonacci_Feedback_<std::allocator<void> > >}][m[K’
  469 |       [01;36m[Koperator[m[K=(const function& __x)
      |       [01;36m[K^~~~~~~~[m[K
[01m[K/usr/include/c++/11/bits/std_function.h:469:33:[m[K [01;36m[Knote: [m[K  no known conversion for argument 1 from ‘[01m[Kstd::_Bind_helper<false, void (action_tutorials_cpp::FibonacciActionClient::*)(int, std::shared_ptr<const action_tutorials_interfaces::action::Fibonacci_Feedback_<std::allocator<void> > >), action_tutorials_cpp::FibonacciActionClient*, const std::_Placeholder<1>&, const std::_Placeholder<2>&>::type[m[K’ to ‘[01m[Kconst std::function<void(std::shared_ptr<rclcpp_action::ClientGoalHandle<action_tutorials_interfaces::action::Fibonacci> >, std::shared_ptr<const action_tutorials_interfaces::action::Fibonacci_Feedback_<std::allocator<void> > >)>&[m[K’
  469 |       operator=([01;36m[Kconst function& __x[m[K)
      |                 [01;36m[K~~~~~~~~~~~~~~~~^~~[m[K
[01m[K/usr/include/c++/11/bits/std_function.h:487:7:[m[K [01;36m[Knote: [m[Kcandidate: ‘[01m[Kstd::function<_Res(_ArgTypes ...)>& std::function<_Res(_ArgTypes ...)>::operator=(std::function<_Res(_ArgTypes ...)>&&) [with _Res = void; _ArgTypes = {std::shared_ptr<rclcpp_action::ClientGoalHandle<action_tutorials_interfaces::action::Fibonacci> >, std::shared_ptr<const action_tutorials_interfaces::action::Fibonacci_Feedback_<std::allocator<void> > >}][m[K’
  487 |       [01;36m[Koperator[m[K=(function&& __x) noexcept
      |       [01;36m[K^~~~~~~~[m[K
[01m[K/usr/include/c++/11/bits/std_function.h:487:28:[m[K [01;36m[Knote: [m[K  no known conversion for argument 1 from ‘[01m[Kstd::_Bind_helper<false, void (action_tutorials_cpp::FibonacciActionClient::*)(int, std::shared_ptr<const action_tutorials_interfaces::action::Fibonacci_Feedback_<std::allocator<void> > >), action_tutorials_cpp::FibonacciActionClient*, const std::_Placeholder<1>&, const std::_Placeholder<2>&>::type[m[K’ to ‘[01m[Kstd::function<void(std::shared_ptr<rclcpp_action::ClientGoalHandle<action_tutorials_interfaces::action::Fibonacci> >, std::shared_ptr<const action_tutorials_interfaces::action::Fibonacci_Feedback_<std::allocator<void> > >)>&&[m[K’
  487 |       operator=([01;36m[Kfunction&& __x[m[K) noexcept
      |                 [01;36m[K~~~~~~~~~~~^~~[m[K
[01m[K/usr/include/c++/11/bits/std_function.h:501:7:[m[K [01;36m[Knote: [m[Kcandidate: ‘[01m[Kstd::function<_Res(_ArgTypes ...)>& std::function<_Res(_ArgTypes ...)>::operator=(std::nullptr_t) [with _Res = void; _ArgTypes = {std::shared_ptr<rclcpp_action::ClientGoalHandle<action_tutorials_interfaces::action::Fibonacci> >, std::shared_ptr<const action_tutorials_interfaces::action::Fibonacci_Feedback_<std::allocator<void> > >}; std::nullptr_t = std::nullptr_t][m[K’
  501 |       [01;36m[Koperator[m[K=(nullptr_t) noexcept
      |       [01;36m[K^~~~~~~~[m[K
[01m[K/usr/include/c++/11/bits/std_function.h:501:17:[m[K [01;36m[Knote: [m[K  no known conversion for argument 1 from ‘[01m[Kstd::_Bind_helper<false, void (action_tutorials_cpp::FibonacciActionClient::*)(int, std::shared_ptr<const action_tutorials_interfaces::action::Fibonacci_Feedback_<std::allocator<void> > >), action_tutorials_cpp::FibonacciActionClient*, const std::_Placeholder<1>&, const std::_Placeholder<2>&>::type[m[K’ to ‘[01m[Kstd::nullptr_t[m[K’
  501 |       operator=([01;36m[Knullptr_t[m[K) noexcept
      |                 [01;36m[K^~~~~~~~~[m[K
[01m[K/home/maxim/git/ROS2/ros2_ws/src/action_tutorials_cpp/src/fibonacci_action_client.cpp:71:15:[m[K [01;31m[Kerror: [m[K‘[01m[Kclass action_tutorials_cpp::FibonacciActionClient[m[K’ has no member named ‘[01m[Kclient_ptr_[m[K’
   71 |         this->[01;31m[Kclient_ptr_[m[K->async_send_goal(goal_msg, send_goal_options);
      |               [01;31m[K^~~~~~~~~~~[m[K
[01m[K/home/maxim/git/ROS2/ros2_ws/src/action_tutorials_cpp/src/fibonacci_action_client.cpp:[m[K In member function ‘[01m[Kvoid action_tutorials_cpp::FibonacciActionClient::feedback_callback(int, std::shared_ptr<const action_tutorials_interfaces::action::Fibonacci_Feedback_<std::allocator<void> > >)[m[K’:
[01m[K/home/maxim/git/ROS2/ros2_ws/src/action_tutorials_cpp/src/fibonacci_action_client.cpp:86:30:[m[K [01;35m[Kwarning: [m[Kunused parameter ‘[01m[KSharedptr[m[K’ [[01;35m[K]8;;https://gcc.gnu.org/onlinedocs/gcc/Warning-Options.html#index-Wunused-parameter-Wunused-parameter]8;;[m[K]
   86 |         [01;35m[KGoalHandleFibonacci::Sharedptr[m[K,
      |         [01;35m[K~~~~~~~~~~~~~~~~~~~~~^~~~~~~~~[m[K
In file included from [01m[K/usr/include/x86_64-linux-gnu/c++/11/bits/c++allocator.h:33[m[K,
                 from [01m[K/usr/include/c++/11/bits/allocator.h:46[m[K,
                 from [01m[K/usr/include/c++/11/unordered_map:40[m[K,
                 from [01m[K/usr/include/c++/11/functional:61[m[K,
                 from [01m[K/home/maxim/git/ROS2/ros2_ws/src/action_tutorials_cpp/src/fibonacci_action_client.cpp:1[m[K:
/usr/include/c++/11/ext/new_allocator.h: In instantiation of ‘[01m[Kvoid __gnu_cxx::new_allocator<_Tp>::construct(_Up*, _Args&& ...) [with _Up = action_tutorials_cpp::FibonacciActionClient; _Args = {const rclcpp::NodeOptions&}; _Tp = action_tutorials_cpp::FibonacciActionClient][m[K’:
[01m[K/usr/include/c++/11/bits/alloc_traits.h:516:17:[m[K   required from ‘[01m[Kstatic void std::allocator_traits<std::allocator<_Tp1> >::construct(std::allocator_traits<std::allocator<_Tp1> >::allocator_type&, _Up*, _Args&& ...) [with _Up = action_tutorials_cpp::FibonacciActionClient; _Args = {const rclcpp::NodeOptions&}; _Tp = action_tutorials_cpp::FibonacciActionClient; std::allocator_traits<std::allocator<_Tp1> >::allocator_type = std::allocator<action_tutorials_cpp::FibonacciActionClient>][m[K’
[01m[K/usr/include/c++/11/bits/shared_ptr_base.h:519:39:[m[K   required from ‘[01m[Kstd::_Sp_counted_ptr_inplace<_Tp, _Alloc, _Lp>::_Sp_counted_ptr_inplace(_Alloc, _Args&& ...) [with _Args = {const rclcpp::NodeOptions&}; _Tp = action_tutorials_cpp::FibonacciActionClient; _Alloc = std::allocator<action_tutorials_cpp::FibonacciActionClient>; __gnu_cxx::_Lock_policy _Lp = __gnu_cxx::_S_atomic][m[K’
[01m[K/usr/include/c++/11/bits/shared_ptr_base.h:650:16:[m[K   required from ‘[01m[Kstd::__shared_count<_Lp>::__shared_count(_Tp*&, std::_Sp_alloc_shared_tag<_Alloc>, _Args&& ...) [with _Tp = action_tutorials_cpp::FibonacciActionClient; _Alloc = std::allocator<action_tutorials_cpp::FibonacciActionClient>; _Args = {const rclcpp::NodeOptions&}; __gnu_cxx::_Lock_policy _Lp = __gnu_cxx::_S_atomic][m[K’
[01m[K/usr/include/c++/11/bits/shared_ptr_base.h:1342:14:[m[K   required from ‘[01m[Kstd::__shared_ptr<_Tp, _Lp>::__shared_ptr(std::_Sp_alloc_shared_tag<_Tp>, _Args&& ...) [with _Alloc = std::allocator<action_tutorials_cpp::FibonacciActionClient>; _Args = {const rclcpp::NodeOptions&}; _Tp = action_tutorials_cpp::FibonacciActionClient; __gnu_cxx::_Lock_policy _Lp = __gnu_cxx::_S_atomic][m[K’
[01m[K/usr/include/c++/11/bits/shared_ptr.h:409:59:[m[K   required from ‘[01m[Kstd::shared_ptr<_Tp>::shared_ptr(std::_Sp_alloc_shared_tag<_Tp>, _Args&& ...) [with _Alloc = std::allocator<action_tutorials_cpp::FibonacciActionClient>; _Args = {const rclcpp::NodeOptions&}; _Tp = action_tutorials_cpp::FibonacciActionClient][m[K’
[01m[K/usr/include/c++/11/bits/shared_ptr.h:862:14:[m[K   required from ‘[01m[Kstd::shared_ptr<_Tp> std::allocate_shared(const _Alloc&, _Args&& ...) [with _Tp = action_tutorials_cpp::FibonacciActionClient; _Alloc = std::allocator<action_tutorials_cpp::FibonacciActionClient>; _Args = {const rclcpp::NodeOptions&}][m[K’
[01m[K/usr/include/c++/11/bits/shared_ptr.h:878:39:[m[K   required from ‘[01m[Kstd::shared_ptr<_Tp> std::make_shared(_Args&& ...) [with _Tp = action_tutorials_cpp::FibonacciActionClient; _Args = {const rclcpp::NodeOptions&}][m[K’
[01m[K/opt/ros/humble/include/rclcpp_components/rclcpp_components/node_factory_template.hpp:45:40:[m[K   required from ‘[01m[Krclcpp_components::NodeInstanceWrapper rclcpp_components::NodeFactoryTemplate<NodeT>::create_node_instance(const rclcpp::NodeOptions&) [with NodeT = action_tutorials_cpp::FibonacciActionClient][m[K’
[01m[K/opt/ros/humble/include/rclcpp_components/rclcpp_components/node_factory_template.hpp:43:3:[m[K   required from here
[01m[K/usr/include/c++/11/ext/new_allocator.h:162:11:[m[K [01;31m[Kerror: [m[Kno matching function for call to ‘[01m[Kaction_tutorials_cpp::FibonacciActionClient::FibonacciActionClient(const rclcpp::NodeOptions&)[m[K’
  162 |         { [01;31m[K::new((void *)__p) _Up(std::forward<_Args>(__args)...)[m[K; }
      |           [01;31m[K^~~~~~~~~~~~~~~~~~~~~~~~~~~~~~~~~~~~~~~~~~~~~~~~~~~~~~[m[K
[01m[K/home/maxim/git/ROS2/ros2_ws/src/action_tutorials_cpp/src/fibonacci_action_client.cpp:16:7:[m[K [01;36m[Knote: [m[Kcandidate: ‘[01m[Kaction_tutorials_cpp::FibonacciActionClient::FibonacciActionClient()[m[K’ (deleted)
   16 | class [01;36m[KFibonacciActionClient[m[K : public rclcpp::Node
      |       [01;36m[K^~~~~~~~~~~~~~~~~~~~~[m[K
[01m[K/home/maxim/git/ROS2/ros2_ws/src/action_tutorials_cpp/src/fibonacci_action_client.cpp:16:7:[m[K [01;36m[Knote: [m[K  candidate expects 0 arguments, 1 provided
[01m[K/home/maxim/git/ROS2/ros2_ws/src/action_tutorials_cpp/src/fibonacci_action_client.cpp:16:7:[m[K [01;36m[Knote: [m[Kcandidate: ‘[01m[Kaction_tutorials_cpp::FibonacciActionClient::FibonacciActionClient(const action_tutorials_cpp::FibonacciActionClient&)[m[K’ (deleted)
[01m[K/home/maxim/git/ROS2/ros2_ws/src/action_tutorials_cpp/src/fibonacci_action_client.cpp:16:7:[m[K [01;36m[Knote: [m[K  no known conversion for argument 1 from ‘[01m[Kconst rclcpp::NodeOptions[m[K’ to ‘[01m[Kconst action_tutorials_cpp::FibonacciActionClient&[m[K’
[01m[K/home/maxim/git/ROS2/ros2_ws/src/action_tutorials_cpp/src/fibonacci_action_client.cpp:16:7:[m[K [01;36m[Knote: [m[Kcandidate: ‘[01m[Kaction_tutorials_cpp::FibonacciActionClient::FibonacciActionClient(action_tutorials_cpp::FibonacciActionClient&&)[m[K’ (deleted)
[01m[K/home/maxim/git/ROS2/ros2_ws/src/action_tutorials_cpp/src/fibonacci_action_client.cpp:16:7:[m[K [01;36m[Knote: [m[K  no known conversion for argument 1 from ‘[01m[Kconst rclcpp::NodeOptions[m[K’ to ‘[01m[Kaction_tutorials_cpp::FibonacciActionClient&&[m[K’
gmake[2]: *** [CMakeFiles/action_client.dir/build.make:76: CMakeFiles/action_client.dir/src/fibonacci_action_client.cpp.o] Error 1
gmake[1]: *** [CMakeFiles/Makefile2:195: CMakeFiles/action_client.dir/all] Error 2
gmake[1]: *** Waiting for unfinished jobs....
gmake: *** [Makefile:146: all] Error 2
