[0.110s] Invoking command in '/home/maxim/git/ROS2/ros2_ws/build/polygon_base': CMAKE_PREFIX_PATH=${CMAKE_PREFIX_PATH}:/opt/ros/humble /usr/bin/cmake /home/maxim/git/ROS2/ros2_ws/src/polygon_base -DCMAKE_INSTALL_PREFIX=/home/maxim/git/ROS2/ros2_ws/install/polygon_base
[0.305s] -- The C compiler identification is GNU 11.4.0
[0.454s] -- The CXX compiler identification is GNU 11.4.0
[0.475s] -- Detecting C compiler ABI info
[0.634s] -- Detecting C compiler ABI info - done
[0.654s] -- Check for working C compiler: /usr/bin/cc - skipped
[0.655s] -- Detecting C compile features
[0.656s] -- Detecting C compile features - done
[0.665s] -- Detecting CXX compiler ABI info
[0.851s] -- Detecting CXX compiler ABI info - done
[0.875s] -- Check for working CXX compiler: /usr/bin/c++ - skipped
[0.876s] -- Detecting CXX compile features
[0.877s] -- Detecting CXX compile features - done
[0.905s] -- Found ament_cmake: 1.3.8 (/opt/ros/humble/share/ament_cmake/cmake)
[1.192s] -- Found Python3: /usr/bin/python3 (found version "3.10.12") found components: Interpreter 
[1.398s] -- Found pluginlib: 5.1.0 (/opt/ros/humble/share/pluginlib/cmake)
[1.626s] -- Configuring done
[1.643s] -- Generating done
[1.645s] -- Build files have been written to: /home/maxim/git/ROS2/ros2_ws/build/polygon_base
[1.658s] Invoked command in '/home/maxim/git/ROS2/ros2_ws/build/polygon_base' returned '0': CMAKE_PREFIX_PATH=${CMAKE_PREFIX_PATH}:/opt/ros/humble /usr/bin/cmake /home/maxim/git/ROS2/ros2_ws/src/polygon_base -DCMAKE_INSTALL_PREFIX=/home/maxim/git/ROS2/ros2_ws/install/polygon_base
[1.663s] Invoking command in '/home/maxim/git/ROS2/ros2_ws/build/polygon_base': CMAKE_PREFIX_PATH=${CMAKE_PREFIX_PATH}:/opt/ros/humble /usr/bin/cmake --build /home/maxim/git/ROS2/ros2_ws/build/polygon_base -- -j12 -l12
[1.773s] [ 50%] [32mBuilding CXX object CMakeFiles/area_node.dir/src/area_node.cpp.o[0m
[5.531s] [100%] [32m[1mLinking CXX executable area_node[0m
[5.927s] [100%] Built target area_node
[5.960s] Invoked command in '/home/maxim/git/ROS2/ros2_ws/build/polygon_base' returned '0': CMAKE_PREFIX_PATH=${CMAKE_PREFIX_PATH}:/opt/ros/humble /usr/bin/cmake --build /home/maxim/git/ROS2/ros2_ws/build/polygon_base -- -j12 -l12
[6.036s] Invoking command in '/home/maxim/git/ROS2/ros2_ws/build/polygon_base': CMAKE_PREFIX_PATH=${CMAKE_PREFIX_PATH}:/opt/ros/humble /usr/bin/cmake --install /home/maxim/git/ROS2/ros2_ws/build/polygon_base
[6.054s] -- Install configuration: ""
[6.054s] -- Installing: /home/maxim/git/ROS2/ros2_ws/install/polygon_base/include
[6.055s] -- Installing: /home/maxim/git/ROS2/ros2_ws/install/polygon_base/include/polygon_base
[6.056s] -- Installing: /home/maxim/git/ROS2/ros2_ws/install/polygon_base/include/polygon_base/regular_polygon.hpp
[6.057s] -- Installing: /home/maxim/git/ROS2/ros2_ws/install/polygon_base/lib/polygon_base/area_node
[6.061s] -- Set runtime path of "/home/maxim/git/ROS2/ros2_ws/install/polygon_base/lib/polygon_base/area_node" to ""
[6.062s] -- Installing: /home/maxim/git/ROS2/ros2_ws/install/polygon_base/share/ament_index/resource_index/package_run_dependencies/polygon_base
[6.062s] -- Installing: /home/maxim/git/ROS2/ros2_ws/install/polygon_base/share/ament_index/resource_index/parent_prefix_path/polygon_base
[6.063s] -- Installing: /home/maxim/git/ROS2/ros2_ws/install/polygon_base/share/polygon_base/environment/ament_prefix_path.sh
[6.064s] -- Installing: /home/maxim/git/ROS2/ros2_ws/install/polygon_base/share/polygon_base/environment/ament_prefix_path.dsv
[6.064s] -- Installing: /home/maxim/git/ROS2/ros2_ws/install/polygon_base/share/polygon_base/environment/path.sh
[6.065s] -- Installing: /home/maxim/git/ROS2/ros2_ws/install/polygon_base/share/polygon_base/environment/path.dsv
[6.065s] -- Installing: /home/maxim/git/ROS2/ros2_ws/install/polygon_base/share/polygon_base/local_setup.bash
[6.065s] -- Installing: /home/maxim/git/ROS2/ros2_ws/install/polygon_base/share/polygon_base/local_setup.sh
[6.066s] -- Installing: /home/maxim/git/ROS2/ros2_ws/install/polygon_base/share/polygon_base/local_setup.zsh
[6.066s] -- Installing: /home/maxim/git/ROS2/ros2_ws/install/polygon_base/share/polygon_base/local_setup.dsv
[6.066s] -- Installing: /home/maxim/git/ROS2/ros2_ws/install/polygon_base/share/polygon_base/package.dsv
[6.068s] -- Installing: /home/maxim/git/ROS2/ros2_ws/install/polygon_base/share/ament_index/resource_index/packages/polygon_base
[6.068s] -- Installing: /home/maxim/git/ROS2/ros2_ws/install/polygon_base/share/polygon_base/cmake/ament_cmake_export_include_directories-extras.cmake
[6.068s] -- Installing: /home/maxim/git/ROS2/ros2_ws/install/polygon_base/share/polygon_base/cmake/polygon_baseConfig.cmake
[6.069s] -- Installing: /home/maxim/git/ROS2/ros2_ws/install/polygon_base/share/polygon_base/cmake/polygon_baseConfig-version.cmake
[6.069s] -- Installing: /home/maxim/git/ROS2/ros2_ws/install/polygon_base/share/polygon_base/package.xml
[6.074s] Invoked command in '/home/maxim/git/ROS2/ros2_ws/build/polygon_base' returned '0': CMAKE_PREFIX_PATH=${CMAKE_PREFIX_PATH}:/opt/ros/humble /usr/bin/cmake --install /home/maxim/git/ROS2/ros2_ws/build/polygon_base
