[0.113s] Invoking command in '/home/maxim/git/ROS2/ros2_ws/build/cpp_parameters': CMAKE_PREFIX_PATH=${CMAKE_PREFIX_PATH}:/opt/ros/humble /usr/bin/cmake --build /home/maxim/git/ROS2/ros2_ws/build/cpp_parameters -- -j12 -l12
[0.220s] -- Found ament_cmake: 1.3.8 (/opt/ros/humble/share/ament_cmake/cmake)
[0.415s] -- Found rclcpp: 16.0.8 (/opt/ros/humble/share/rclcpp/cmake)
[0.481s] -- Found rosidl_generator_c: 3.1.5 (/opt/ros/humble/share/rosidl_generator_c/cmake)
[0.486s] -- Found rosidl_adapter: 3.1.5 (/opt/ros/humble/share/rosidl_adapter/cmake)
[0.497s] -- Found rosidl_generator_cpp: 3.1.5 (/opt/ros/humble/share/rosidl_generator_cpp/cmake)
[0.517s] -- Using all available rosidl_typesupport_c: rosidl_typesupport_fastrtps_c;rosidl_typesupport_introspection_c
[0.544s] -- Using all available rosidl_typesupport_cpp: rosidl_typesupport_fastrtps_cpp;rosidl_typesupport_introspection_cpp
[0.641s] -- Found rmw_implementation_cmake: 6.1.1 (/opt/ros/humble/share/rmw_implementation_cmake/cmake)
[0.644s] -- Found rmw_fastrtps_cpp: 6.2.6 (/opt/ros/humble/share/rmw_fastrtps_cpp/cmake)
[0.884s] -- Using RMW implementation 'rmw_fastrtps_cpp' as default
[1.256s] -- Configuring done
[1.274s] -- Generating done
[1.277s] -- Build files have been written to: /home/maxim/git/ROS2/ros2_ws/build/cpp_parameters
[1.328s] [35m[1mConsolidate compiler generated dependencies of target minimal_param_node[0m
[1.376s] [100%] Built target minimal_param_node
[1.398s] Invoked command in '/home/maxim/git/ROS2/ros2_ws/build/cpp_parameters' returned '0': CMAKE_PREFIX_PATH=${CMAKE_PREFIX_PATH}:/opt/ros/humble /usr/bin/cmake --build /home/maxim/git/ROS2/ros2_ws/build/cpp_parameters -- -j12 -l12
[1.473s] Invoking command in '/home/maxim/git/ROS2/ros2_ws/build/cpp_parameters': CMAKE_PREFIX_PATH=${CMAKE_PREFIX_PATH}:/opt/ros/humble /usr/bin/cmake --install /home/maxim/git/ROS2/ros2_ws/build/cpp_parameters
[1.487s] -- Install configuration: ""
[1.493s] -- Up-to-date: /home/maxim/git/ROS2/ros2_ws/install/cpp_parameters/lib/cpp_parameters/minimal_param_node
[1.493s] -- Installing: /home/maxim/git/ROS2/ros2_ws/install/cpp_parameters/share/cpp_parameters/launch
[1.494s] -- Installing: /home/maxim/git/ROS2/ros2_ws/install/cpp_parameters/share/cpp_parameters/launch/cpp_parameters_launch.py
[1.494s] -- Up-to-date: /home/maxim/git/ROS2/ros2_ws/install/cpp_parameters/share/ament_index/resource_index/package_run_dependencies/cpp_parameters
[1.494s] -- Installing: /home/maxim/git/ROS2/ros2_ws/install/cpp_parameters/share/ament_index/resource_index/parent_prefix_path/cpp_parameters
[1.495s] -- Up-to-date: /home/maxim/git/ROS2/ros2_ws/install/cpp_parameters/share/cpp_parameters/environment/ament_prefix_path.sh
[1.495s] -- Installing: /home/maxim/git/ROS2/ros2_ws/install/cpp_parameters/share/cpp_parameters/environment/ament_prefix_path.dsv
[1.495s] -- Up-to-date: /home/maxim/git/ROS2/ros2_ws/install/cpp_parameters/share/cpp_parameters/environment/path.sh
[1.495s] -- Installing: /home/maxim/git/ROS2/ros2_ws/install/cpp_parameters/share/cpp_parameters/environment/path.dsv
[1.496s] -- Up-to-date: /home/maxim/git/ROS2/ros2_ws/install/cpp_parameters/share/cpp_parameters/local_setup.bash
[1.496s] -- Up-to-date: /home/maxim/git/ROS2/ros2_ws/install/cpp_parameters/share/cpp_parameters/local_setup.sh
[1.496s] -- Up-to-date: /home/maxim/git/ROS2/ros2_ws/install/cpp_parameters/share/cpp_parameters/local_setup.zsh
[1.496s] -- Installing: /home/maxim/git/ROS2/ros2_ws/install/cpp_parameters/share/cpp_parameters/local_setup.dsv
[1.497s] -- Installing: /home/maxim/git/ROS2/ros2_ws/install/cpp_parameters/share/cpp_parameters/package.dsv
[1.497s] -- Up-to-date: /home/maxim/git/ROS2/ros2_ws/install/cpp_parameters/share/ament_index/resource_index/packages/cpp_parameters
[1.498s] -- Up-to-date: /home/maxim/git/ROS2/ros2_ws/install/cpp_parameters/share/cpp_parameters/cmake/cpp_parametersConfig.cmake
[1.498s] -- Up-to-date: /home/maxim/git/ROS2/ros2_ws/install/cpp_parameters/share/cpp_parameters/cmake/cpp_parametersConfig-version.cmake
[1.498s] -- Up-to-date: /home/maxim/git/ROS2/ros2_ws/install/cpp_parameters/share/cpp_parameters/package.xml
[1.503s] Invoked command in '/home/maxim/git/ROS2/ros2_ws/build/cpp_parameters' returned '0': CMAKE_PREFIX_PATH=${CMAKE_PREFIX_PATH}:/opt/ros/humble /usr/bin/cmake --install /home/maxim/git/ROS2/ros2_ws/build/cpp_parameters
