In file included from [01m[K/opt/ros/humble/include/rclcpp/rclcpp/logging.hpp:24[m[K,
                 from [01m[K/opt/ros/humble/include/rclcpp/rclcpp/client.hpp:40[m[K,
                 from [01m[K/opt/ros/humble/include/rclcpp/rclcpp/callback_group.hpp:24[m[K,
                 from [01m[K/opt/ros/humble/include/rclcpp/rclcpp/any_executable.hpp:20[m[K,
                 from [01m[K/opt/ros/humble/include/rclcpp/rclcpp/memory_strategy.hpp:25[m[K,
                 from [01m[K/opt/ros/humble/include/rclcpp/rclcpp/memory_strategies.hpp:18[m[K,
                 from [01m[K/opt/ros/humble/include/rclcpp/rclcpp/executor_options.hpp:20[m[K,
                 from [01m[K/opt/ros/humble/include/rclcpp/rclcpp/executor.hpp:37[m[K,
                 from [01m[K/opt/ros/humble/include/rclcpp/rclcpp/executors/multi_threaded_executor.hpp:25[m[K,
                 from [01m[K/opt/ros/humble/include/rclcpp/rclcpp/executors.hpp:21[m[K,
                 from [01m[K/opt/ros/humble/include/rclcpp/rclcpp/rclcpp.hpp:155[m[K,
                 from [01m[K/home/maxim/git/ROS2/ros2_ws/src/cpp_parameter_event_handler/src/parameter_event_handler.cpp:3[m[K:
[01m[K/home/maxim/git/ROS2/ros2_ws/src/cpp_parameter_event_handler/src/parameter_event_handler.cpp:[m[K In lambda function:
[01m[K/home/maxim/git/ROS2/ros2_ws/src/cpp_parameter_event_handler/src/parameter_event_handler.cpp:39:17:[m[K [01;35m[Kwarning: [m[Kformat ‘[01m[K%lf[m[K’ expects argument of type ‘[01m[Kdouble[m[K’, but argument 7 has type ‘[01m[Kint64_t[m[K’ {aka ‘[01m[Klong int[m[K’} [[01;35m[K]8;;https://gcc.gnu.org/onlinedocs/gcc/Warning-Options.html#index-Wformat=-Wformat=]8;;[m[K]
   39 |                 [01;35m[K"callback2: Received an update to parameter \"%s\" of type %s: \"%.02lf\""[m[K,
      |                 [01;35m[K^~~~~~~~~~~~~~~~~~~~~~~~~~~~~~~~~~~~~~~~~~~~~~~~~~~~~~~~~~~~~~~~~~~~~~~~~~[m[K
......
   42 |                 [32m[Kparam.as_int()[m[K);
      |                 [32m[K~~~~~~~~~~~~~~[m[K
      |                             [32m[K|[m[K
      |                             [32m[Kint64_t {aka long int}[m[K
[01m[K/home/maxim/git/ROS2/ros2_ws/src/cpp_parameter_event_handler/src/parameter_event_handler.cpp:39:87:[m[K [01;36m[Knote: [m[Kformat string is defined here
   39 |                 "callback2: Received an update to parameter \"%s\" of type %s: \"[01;36m[K%.02lf[m[K\"",
      |                                                                                  [01;36m[K~~~~~^[m[K
      |                                                                                       [01;36m[K|[m[K
      |                                                                                       [01;36m[Kdouble[m[K
      |                                                                                  [32m[K%.02ld[m[K
