[0.112s] Invoking command in '/home/maxim/git/ROS2/ros2_ws/build/cpp_parameter_event_handler': CMAKE_PREFIX_PATH=${CMAKE_PREFIX_PATH}:/opt/ros/humble /usr/bin/cmake --build /home/maxim/git/ROS2/ros2_ws/build/cpp_parameter_event_handler -- -j12 -l12
[0.321s] [35m[1mConsolidate compiler generated dependencies of target parameter_event_handler[0m
[0.367s] [ 50%] [32mBuilding CXX object CMakeFiles/parameter_event_handler.dir/src/parameter_event_handler.cpp.o[0m
[3.427s] In file included from [01m[K/opt/ros/humble/include/rclcpp/rclcpp/logging.hpp:24[m[K,
[3.430s]                  from [01m[K/opt/ros/humble/include/rclcpp/rclcpp/client.hpp:40[m[K,
[3.430s]                  from [01m[K/opt/ros/humble/include/rclcpp/rclcpp/callback_group.hpp:24[m[K,
[3.430s]                  from [01m[K/opt/ros/humble/include/rclcpp/rclcpp/any_executable.hpp:20[m[K,
[3.430s]                  from [01m[K/opt/ros/humble/include/rclcpp/rclcpp/memory_strategy.hpp:25[m[K,
[3.430s]                  from [01m[K/opt/ros/humble/include/rclcpp/rclcpp/memory_strategies.hpp:18[m[K,
[3.430s]                  from [01m[K/opt/ros/humble/include/rclcpp/rclcpp/executor_options.hpp:20[m[K,
[3.431s]                  from [01m[K/opt/ros/humble/include/rclcpp/rclcpp/executor.hpp:37[m[K,
[3.431s]                  from [01m[K/opt/ros/humble/include/rclcpp/rclcpp/executors/multi_threaded_executor.hpp:25[m[K,
[3.431s]                  from [01m[K/opt/ros/humble/include/rclcpp/rclcpp/executors.hpp:21[m[K,
[3.431s]                  from [01m[K/opt/ros/humble/include/rclcpp/rclcpp/rclcpp.hpp:155[m[K,
[3.431s]                  from [01m[K/home/maxim/git/ROS2/ros2_ws/src/cpp_parameter_event_handler/src/parameter_event_handler.cpp:3[m[K:
[3.431s] [01m[K/home/maxim/git/ROS2/ros2_ws/src/cpp_parameter_event_handler/src/parameter_event_handler.cpp:[m[K In lambda function:
[3.431s] [01m[K/home/maxim/git/ROS2/ros2_ws/src/cpp_parameter_event_handler/src/parameter_event_handler.cpp:39:17:[m[K [01;35m[Kwarning: [m[Kformat ‘[01m[K%lf[m[K’ expects argument of type ‘[01m[Kdouble[m[K’, but argument 7 has type ‘[01m[Kint64_t[m[K’ {aka ‘[01m[Klong int[m[K’} [[01;35m[K]8;;https://gcc.gnu.org/onlinedocs/gcc/Warning-Options.html#index-Wformat=-Wformat=]8;;[m[K]
[3.432s]    39 |                 [01;35m[K"callback2: Received an update to parameter \"%s\" of type %s: \"%.02lf\""[m[K,
[3.432s]       |                 [01;35m[K^~~~~~~~~~~~~~~~~~~~~~~~~~~~~~~~~~~~~~~~~~~~~~~~~~~~~~~~~~~~~~~~~~~~~~~~~~[m[K
[3.432s] ......
[3.432s]    42 |                 [32m[Kparam.as_int()[m[K);
[3.432s]       |                 [32m[K~~~~~~~~~~~~~~[m[K
[3.432s]       |                             [32m[K|[m[K
[3.433s]       |                             [32m[Kint64_t {aka long int}[m[K
[3.433s] [01m[K/home/maxim/git/ROS2/ros2_ws/src/cpp_parameter_event_handler/src/parameter_event_handler.cpp:39:87:[m[K [01;36m[Knote: [m[Kformat string is defined here
[3.433s]    39 |                 "callback2: Received an update to parameter \"%s\" of type %s: \"[01;36m[K%.02lf[m[K\"",
[3.433s]       |                                                                                  [01;36m[K~~~~~^[m[K
[3.433s]       |                                                                                       [01;36m[K|[m[K
[3.433s]       |                                                                                       [01;36m[Kdouble[m[K
[3.433s]       |                                                                                  [32m[K%.02ld[m[K
[9.046s] [100%] [32m[1mLinking CXX executable parameter_event_handler[0m
[9.535s] [100%] Built target parameter_event_handler
[9.566s] Invoked command in '/home/maxim/git/ROS2/ros2_ws/build/cpp_parameter_event_handler' returned '0': CMAKE_PREFIX_PATH=${CMAKE_PREFIX_PATH}:/opt/ros/humble /usr/bin/cmake --build /home/maxim/git/ROS2/ros2_ws/build/cpp_parameter_event_handler -- -j12 -l12
[9.649s] Invoking command in '/home/maxim/git/ROS2/ros2_ws/build/cpp_parameter_event_handler': CMAKE_PREFIX_PATH=${CMAKE_PREFIX_PATH}:/opt/ros/humble /usr/bin/cmake --install /home/maxim/git/ROS2/ros2_ws/build/cpp_parameter_event_handler
[9.665s] -- Install configuration: ""
[9.666s] -- Installing: /home/maxim/git/ROS2/ros2_ws/install/cpp_parameter_event_handler/lib/cpp_parameter_event_handler/parameter_event_handler
[9.672s] -- Set runtime path of "/home/maxim/git/ROS2/ros2_ws/install/cpp_parameter_event_handler/lib/cpp_parameter_event_handler/parameter_event_handler" to ""
[9.673s] -- Up-to-date: /home/maxim/git/ROS2/ros2_ws/install/cpp_parameter_event_handler/share/ament_index/resource_index/package_run_dependencies/cpp_parameter_event_handler
[9.674s] -- Up-to-date: /home/maxim/git/ROS2/ros2_ws/install/cpp_parameter_event_handler/share/ament_index/resource_index/parent_prefix_path/cpp_parameter_event_handler
[9.675s] -- Up-to-date: /home/maxim/git/ROS2/ros2_ws/install/cpp_parameter_event_handler/share/cpp_parameter_event_handler/environment/ament_prefix_path.sh
[9.675s] -- Up-to-date: /home/maxim/git/ROS2/ros2_ws/install/cpp_parameter_event_handler/share/cpp_parameter_event_handler/environment/ament_prefix_path.dsv
[9.675s] -- Up-to-date: /home/maxim/git/ROS2/ros2_ws/install/cpp_parameter_event_handler/share/cpp_parameter_event_handler/environment/path.sh
[9.676s] -- Up-to-date: /home/maxim/git/ROS2/ros2_ws/install/cpp_parameter_event_handler/share/cpp_parameter_event_handler/environment/path.dsv
[9.676s] -- Up-to-date: /home/maxim/git/ROS2/ros2_ws/install/cpp_parameter_event_handler/share/cpp_parameter_event_handler/local_setup.bash
[9.676s] -- Up-to-date: /home/maxim/git/ROS2/ros2_ws/install/cpp_parameter_event_handler/share/cpp_parameter_event_handler/local_setup.sh
[9.676s] -- Up-to-date: /home/maxim/git/ROS2/ros2_ws/install/cpp_parameter_event_handler/share/cpp_parameter_event_handler/local_setup.zsh
[9.676s] -- Up-to-date: /home/maxim/git/ROS2/ros2_ws/install/cpp_parameter_event_handler/share/cpp_parameter_event_handler/local_setup.dsv
[9.676s] -- Installing: /home/maxim/git/ROS2/ros2_ws/install/cpp_parameter_event_handler/share/cpp_parameter_event_handler/package.dsv
[9.677s] -- Up-to-date: /home/maxim/git/ROS2/ros2_ws/install/cpp_parameter_event_handler/share/ament_index/resource_index/packages/cpp_parameter_event_handler
[9.677s] -- Up-to-date: /home/maxim/git/ROS2/ros2_ws/install/cpp_parameter_event_handler/share/cpp_parameter_event_handler/cmake/cpp_parameter_event_handlerConfig.cmake
[9.677s] -- Up-to-date: /home/maxim/git/ROS2/ros2_ws/install/cpp_parameter_event_handler/share/cpp_parameter_event_handler/cmake/cpp_parameter_event_handlerConfig-version.cmake
[9.677s] -- Up-to-date: /home/maxim/git/ROS2/ros2_ws/install/cpp_parameter_event_handler/share/cpp_parameter_event_handler/package.xml
[9.679s] Invoked command in '/home/maxim/git/ROS2/ros2_ws/build/cpp_parameter_event_handler' returned '0': CMAKE_PREFIX_PATH=${CMAKE_PREFIX_PATH}:/opt/ros/humble /usr/bin/cmake --install /home/maxim/git/ROS2/ros2_ws/build/cpp_parameter_event_handler
