[0.104s] Invoking command in '/home/maxim/git/ROS2/ros2_ws/build/polygon_base': CMAKE_PREFIX_PATH=${CMAKE_PREFIX_PATH}:/opt/ros/humble /usr/bin/cmake --build /home/maxim/git/ROS2/ros2_ws/build/polygon_base -- -j12 -l12
[0.208s] [35m[1mConsolidate compiler generated dependencies of target area_node[0m
[0.247s] [100%] Built target area_node
[0.271s] Invoked command in '/home/maxim/git/ROS2/ros2_ws/build/polygon_base' returned '0': CMAKE_PREFIX_PATH=${CMAKE_PREFIX_PATH}:/opt/ros/humble /usr/bin/cmake --build /home/maxim/git/ROS2/ros2_ws/build/polygon_base -- -j12 -l12
[0.365s] Invoking command in '/home/maxim/git/ROS2/ros2_ws/build/polygon_base': CMAKE_PREFIX_PATH=${CMAKE_PREFIX_PATH}:/opt/ros/humble /usr/bin/cmake --install /home/maxim/git/ROS2/ros2_ws/build/polygon_base
[0.385s] -- Install configuration: ""
[0.386s] -- Up-to-date: /home/maxim/git/ROS2/ros2_ws/install/polygon_base/include
[0.386s] -- Up-to-date: /home/maxim/git/ROS2/ros2_ws/install/polygon_base/include/polygon_base
[0.386s] -- Up-to-date: /home/maxim/git/ROS2/ros2_ws/install/polygon_base/include/polygon_base/regular_polygon.hpp
[0.386s] -- Up-to-date: /home/maxim/git/ROS2/ros2_ws/install/polygon_base/lib/polygon_base/area_node
[0.387s] -- Up-to-date: /home/maxim/git/ROS2/ros2_ws/install/polygon_base/share/ament_index/resource_index/package_run_dependencies/polygon_base
[0.387s] -- Up-to-date: /home/maxim/git/ROS2/ros2_ws/install/polygon_base/share/ament_index/resource_index/parent_prefix_path/polygon_base
[0.387s] -- Up-to-date: /home/maxim/git/ROS2/ros2_ws/install/polygon_base/share/polygon_base/environment/ament_prefix_path.sh
[0.387s] -- Up-to-date: /home/maxim/git/ROS2/ros2_ws/install/polygon_base/share/polygon_base/environment/ament_prefix_path.dsv
[0.387s] -- Up-to-date: /home/maxim/git/ROS2/ros2_ws/install/polygon_base/share/polygon_base/environment/path.sh
[0.388s] -- Up-to-date: /home/maxim/git/ROS2/ros2_ws/install/polygon_base/share/polygon_base/environment/path.dsv
[0.388s] -- Up-to-date: /home/maxim/git/ROS2/ros2_ws/install/polygon_base/share/polygon_base/local_setup.bash
[0.388s] -- Up-to-date: /home/maxim/git/ROS2/ros2_ws/install/polygon_base/share/polygon_base/local_setup.sh
[0.388s] -- Up-to-date: /home/maxim/git/ROS2/ros2_ws/install/polygon_base/share/polygon_base/local_setup.zsh
[0.388s] -- Up-to-date: /home/maxim/git/ROS2/ros2_ws/install/polygon_base/share/polygon_base/local_setup.dsv
[0.388s] -- Installing: /home/maxim/git/ROS2/ros2_ws/install/polygon_base/share/polygon_base/package.dsv
[0.389s] -- Up-to-date: /home/maxim/git/ROS2/ros2_ws/install/polygon_base/share/ament_index/resource_index/packages/polygon_base
[0.389s] -- Up-to-date: /home/maxim/git/ROS2/ros2_ws/install/polygon_base/share/polygon_base/cmake/ament_cmake_export_include_directories-extras.cmake
[0.389s] -- Up-to-date: /home/maxim/git/ROS2/ros2_ws/install/polygon_base/share/polygon_base/cmake/polygon_baseConfig.cmake
[0.389s] -- Up-to-date: /home/maxim/git/ROS2/ros2_ws/install/polygon_base/share/polygon_base/cmake/polygon_baseConfig-version.cmake
[0.389s] -- Up-to-date: /home/maxim/git/ROS2/ros2_ws/install/polygon_base/share/polygon_base/package.xml
[0.395s] Invoked command in '/home/maxim/git/ROS2/ros2_ws/build/polygon_base' returned '0': CMAKE_PREFIX_PATH=${CMAKE_PREFIX_PATH}:/opt/ros/humble /usr/bin/cmake --install /home/maxim/git/ROS2/ros2_ws/build/polygon_base
